#
# A fatal error has been detected by the Java Runtime Environment:
#
#  SIGBUS (0xa) at pc=0x00007fff6e74e929, pid=72919, tid=0x0000000000002e03
#
# JRE version: Java(TM) SE Runtime Environment (8.0_112-b16) (build 1.8.0_112-b16)
# Java VM: Java HotSpot(TM) 64-Bit Server VM (25.112-b16 mixed mode bsd-amd64 compressed oops)
# Problematic frame:
# C  [libsystem_platform.dylib+0x929]  _platform_memmove$VARIANT$Haswell+0x29
#
# Failed to write core dump. Core dumps have been disabled. To enable core dumping, try "ulimit -c unlimited" before starting Java again
#
# If you would like to submit a bug report, please visit:
#   http://bugreport.java.com/bugreport/crash.jsp
#

---------------  T H R E A D  ---------------

Current thread (0x00007fc4aa80e800):  GCTaskThread [stack: 0x0000700006b19000,0x0000700006c19000] [id=11779]

siginfo: si_signo: 10 (SIGBUS), si_code: 2 (BUS_ADRERR), si_addr: 0x0000000778700000

Registers:
RAX=0x00000006c2d52da8, RBX=0x0000000000000035, RCX=0x000000001c0dff88, RDX=0x000000001e45a618
RSP=0x0000700006c18c80, RBP=0x0000700006c18c80, RSI=0x0000000778700000, RDI=0x00000006c50cd438
R8 =0x0000000110ce6e26, R9 =0x00000006c2d52da8, R10=0x00000006e11ad3c0, R11=0xffffffff4c9cd438
R12=0x00007fc4ab04e601, R13=0x00000006c2d52da8, R14=0x00007fc4ab04e680, R15=0x0000000003c8b4c3
RIP=0x00007fff6e74e929, EFLAGS=0x0000000000010206, ERR=0x0000000000000004
  TRAPNO=0x000000000000000e

Top of Stack: (sp=0x0000700006c18c80)
0x0000700006c18c80:   0000700006c18c90 000000011059c000
0x0000700006c18c90:   0000700006c18d00 00000001108c7874
0x0000700006c18ca0:   0000700006c18d00 0000000776385970
0x0000700006c18cb0:   0000000773fce5f8 0000000000001000
0x0000700006c18cc0:   00007fc4aa413f68 0000000000000016
0x0000700006c18cd0:   0000000000000039 0000000773fd2c21
0x0000700006c18ce0:   0000000110ce6e26 0000000773fd2c21
0x0000700006c18cf0:   0000000773fd2c20 00007fc4ab04e718
0x0000700006c18d00:   0000700006c18d20 00000001108c7b93
0x0000700006c18d10:   00007fc4ab04e680 00007fc4ab04e6e0
0x0000700006c18d20:   0000700006c18d80 00000001108c6bb3
0x0000700006c18d30:   00000006c15777ec 00000007c002a748
0x0000700006c18d40:   0000000773fd2c21 00000007c002a748
0x0000700006c18d50:   00007fc4ab04e680 00000006c1577820
0x0000700006c18d60:   000000011176cbbc 00000006c1577800
0x0000700006c18d70:   000000011176cc01 0000000000000240
0x0000700006c18d80:   0000700006c18e40 00000001105575fc
0x0000700006c18d90:   00007fc4aa50cef0 0000000000000400
0x0000700006c18da0:   fffffffeee887568 0000000000000380
0x0000700006c18db0:   0000000111778a96 000000010e162380
0x0000700006c18dc0:   0000000111778a97 000000000360a800
0x0000700006c18dd0:   fffffffeee8933ff 0000000003616a97
0x0000700006c18de0:   000000011176cc00 000000011176cb81
0x0000700006c18df0:   00000006c2d52da8 00000006c1580008
0x0000700006c18e00:   00007fc4aa509c70 00007fc4ab04e680
0x0000700006c18e10:   00007fc4aa509a50 00007fc4aa5100c0
0x0000700006c18e20:   0000000000000000 0000000110a14493
0x0000700006c18e30:   00007fc4ab04e680 0000000000000001
0x0000700006c18e40:   0000700006c18e70 00000001108ca6e7
0x0000700006c18e50:   0000000000000008 00007fc4aa50cef0
0x0000700006c18e60:   00007fc4aa80e800 00007fc4aa5100c0
0x0000700006c18e70:   0000700006c18f50 00000001106767d3 

Instructions: (pc=0x00007fff6e74e929)
0x00007fff6e74e909:   f3 48 89 f8 49 39 d3 72 1b 48 83 fa 60 76 2f 48
0x00007fff6e74e919:   81 fa 00 40 00 00 0f 82 cb 00 00 00 48 89 d1 fc
0x00007fff6e74e929:   f3 a4 5d c3 48 39 fe 74 f9 48 01 d6 48 01 d7 48
0x00007fff6e74e939:   83 fa 60 0f 82 8c 01 00 00 e9 a9 01 00 00 48 83 

Register to memory mapping:

RAX=0x00000006c2d52da8 is an oop
