#
# A fatal error has been detected by the Java Runtime Environment:
#
#  SIGSEGV (0xb) at pc=0x00000001087dfe5b, pid=5081, tid=0x0000000000003803
#
# JRE version: Java(TM) SE Runtime Environment (8.0_112-b16) (build 1.8.0_112-b16)
# Java VM: Java HotSpot(TM) 64-Bit Server VM (25.112-b16 mixed mode bsd-amd64 compressed oops)
# Problematic frame:
# V  [libjvm.dylib+0x2b2e5b]
#
# Failed to write core dump. Core dumps have been disabled. To enable core dumping, try "ulimit -c unlimited" before starting Java again
#
# If you would like to submit a bug report, please visit:
#   http://bugreport.java.com/bugreport/crash.jsp
#

---------------  T H R E A D  ---------------

Current thread (0x00007fa18e82a000):  JavaThread "C2 CompilerThread2" daemon [_thread_in_native, id=14339, stack(0x0000700008860000,0x0000700008960000)]

siginfo: si_signo: 11 (SIGSEGV), si_code: 1 (SEGV_MAPERR), si_addr: 0x0000000000000000

Registers:
RAX=0x0000000000000000, RBX=0x000070000895c780, RCX=0x0000000000000000, RDX=0x0000000000000200
RSP=0x000070000895c750, RBP=0x000070000895c770, RSI=0x0000000000000007, RDI=0x00007fa195f24000
R8 =0x0000000000000001, R9 =0xffffffff00000001, R10=0x0000000108d631b8, R11=0x0000000000000000
R12=0x0000000108e14450, R13=0x000070000895f040, R14=0x0000000000000002, R15=0x0000000000000200
RIP=0x00000001087dfe5b, EFLAGS=0x0000000000010293, ERR=0x0000000000000004
  TRAPNO=0x000000000000000e

Top of Stack: (sp=0x000070000895c750)
0x000070000895c750:   000070000895c998 000070000895c998
0x000070000895c760:   000000000000008f 000070000895c780
0x000070000895c770:   000070000895c7d0 00000001087db9c4
0x000070000895c780:   0000007400000000 0000000000000004
0x000070000895c790:   0000000000000000 00007fa100000001
0x000070000895c7a0:   00007fa19437b880 000070000000000a
0x000070000895c7b0:   00007fa19437b970 000070000895d5a0
0x000070000895c7c0:   000070000895c9d8 000070000895c9d8
0x000070000895c7d0:   000070000895cae0 000000010868e32e
0x000070000895c7e0:   000070000895c810 0000000108595d97
0x000070000895c7f0:   00007fa19326d4d0 00007fa19326d4d0
0x000070000895c800:   0000000000000006 0000000000000029
0x000070000895c810:   000070000895c910 00000001088e1084
0x000070000895c820:   0000000000000200 000000000000a000
0x000070000895c830:   000000000895d6d0 0000000000000000
0x000070000895c840:   0000000000000000 0000000000000000
0x000070000895c850:   00007fa18dfc94f8 0000000000009050
0x000070000895c860:   0000000000009050 000070000895f040
0x000070000895c870:   0000000000000000 00000001064fe000
0x000070000895c880:   000070000895c8b0 00007fff738b416f
0x000070000895c890:   0000000000009050 0000000000000000
0x000070000895c8a0:   00007fff99e58000 0000000000009050
0x000070000895c8b0:   000070000895c8e0 00007fff738b2d7a
0x000070000895c8c0:   0000000000000000 000070000895c950
0x000070000895c8d0:   000000000000000c 0000000000009050
0x000070000895c8e0:   000070000895c900 00007fff738b2cf5
0x000070000895c8f0:   0000000000000000 000070000895c950
0x000070000895c900:   000070000895c940 00000001089b19c4
0x000070000895c910:   0000000000000fff 0000000000009050
0x000070000895c920:   00007fa191aea000 000070000895f040
0x000070000895c930:   0000000000000000 0000000000009050
0x000070000895c940:   000070000895c990 00000001085d1b4f 

Instructions: (pc=0x00000001087dfe5b)
0x00000001087dfe3b:   e9 46 f2 ea ff 44 89 f0 48 8b 4b 20 48 8b 04 c1
0x00000001087dfe4b:   4c 39 e0 74 2d 48 89 43 10 31 c9 44 89 fa eb 0c
0x00000001087dfe5b:   83 3c 88 00 75 bb 83 c2 20 48 ff c1 83 f9 08 72
0x00000001087dfe6b:   ef 48 8b 7b 30 48 85 ff 74 08 44 89 f6 e8 c7 fe 

Register to memory mapping:

RAX=0x0000000000000000 is an unknown value
RBX=0x000070000895c780 is pointing into the stack for thread: 0x00007fa18e82a000
RCX=0x0000000000000000 is an unknown value
RDX=0x0000000000000200 is an unknown value
RSP=0x000070000895c750 is pointing into the stack for thread: 0x00007fa18e82a000
RBP=0x000070000895c770 is pointing into the stack for thread: 0x00007fa18e82a000
RSI=0x0000000000000007 is an unknown value
RDI=0x00007fa195f24000 is an unknown value
R8 =0x0000000000000001 is an unknown value
R9 =0xffffffff00000001 is an unknown value
R10=0x0000000108d631b8: _ZL8tc_mutex+0x18 in /Library/Java/JavaVirtualMachines/jdk1.8.0_112.jdk/Contents/Home/jre/lib/server/libjvm.dylib at 0x000000010852d000
R11=0x0000000000000000 is an unknown value
R12=0x0000000108e14450: _ZN8IndexSet12_empty_blockE+0 in /Library/Java/JavaVirtualMachines/jdk1.8.0_112.jdk/Contents/Home/jre/lib/server/libjvm.dylib at 0x000000010852d000
R13=0x000070000895f040 is pointing into the stack for thread: 0x00007fa18e82a000
R14=0x0000000000000002 is an unknown value
R15=0x0000000000000200 is an unknown value


Stack: [0x0000700008860000,0x0000700008960000],  sp=0x000070000895c750,  free space=1009k
Native frames: (J=compiled Java code, j=interpreted, Vv=VM code, C=native code)
V  [libjvm.dylib+0x2b2e5b]
V  [libjvm.dylib+0x2ae9c4]
V  [libjvm.dylib+0x16132e]
V  [libjvm.dylib+0x1af1fe]
V  [libjvm.dylib+0x1b3399]
V  [libjvm.dylib+0x150a2e]
V  [libjvm.dylib+0x1b6a2c]
V  [libjvm.dylib+0x1b8f73]
V  [libjvm.dylib+0x56b033]
V  [libjvm.dylib+0x56c720]
V  [libjvm.dylib+0x48a7ae]
C  [libsystem_pthread.dylib+0x6109]  _pthread_start+0x94
C  [libsystem_pthread.dylib+0x1b8b]  thread_start+0xf
C  0x0000000000000000


Current CompileTask:
C2:  38646 9975       4       org.mozilla.javascript.gen.jar_file__Users_kansoa__m2_repository_org_lesscss_lesscss_1_7_0_1_1_lesscss_1_7_0_1_1_jar__META_INF_less_rhino_1_7_0_js_1::_c_anonymous_552 (965 bytes)


---------------  P R O C E S S  ---------------

Java Threads: ( => current thread )
  0x00007fa1922d7000 JavaThread "process reaper" daemon [_thread_blocked, id=21763, stack(0x0000700008c6c000,0x0000700008c94000)]
  0x00007fa18e83c800 JavaThread "Service Thread" daemon [_thread_blocked, id=16131, stack(0x0000700008a66000,0x0000700008b66000)]
  0x00007fa192018000 JavaThread "C1 CompilerThread3" daemon [_thread_blocked, id=14851, stack(0x0000700008963000,0x0000700008a63000)]
=>0x00007fa18e82a000 JavaThread "C2 CompilerThread2" daemon [_thread_in_native, id=14339, stack(0x0000700008860000,0x0000700008960000)]
  0x00007fa18e814000 JavaThread "C2 CompilerThread1" daemon [_thread_in_native, id=16387, stack(0x000070000875d000,0x000070000885d000)]
  0x00007fa18e828000 JavaThread "C2 CompilerThread0" daemon [_thread_in_native, id=13571, stack(0x000070000865a000,0x000070000875a000)]
  0x00007fa18e077000 JavaThread "Signal Dispatcher" daemon [_thread_blocked, id=16899, stack(0x0000700008557000,0x0000700008657000)]
  0x00007fa19200e000 JavaThread "Finalizer" daemon [_thread_blocked, id=12035, stack(0x000070000834e000,0x000070000844e000)]
  0x00007fa18e054800 JavaThread "Reference Handler" daemon [_thread_blocked, id=19459, stack(0x000070000824b000,0x000070000834b000)]
  0x00007fa18e00a800 JavaThread "main" [_thread_in_Java, id=4611, stack(0x000070000782d000,0x000070000792d000)]

Other Threads:
  0x00007fa18e054000 VMThread [stack: 0x0000700008148000,0x0000700008248000] [id=19971]
  0x00007fa18e05b800 WatcherThread [stack: 0x0000700008b69000,0x0000700008c69000] [id=15619]

VM state:not at safepoint (normal execution)

VM Mutex/Monitor currently owned by a thread: None

Heap:
 PSYoungGen      total 249344K, used 110564K [0x000000076ab00000, 0x0000000780180000, 0x00000007c0000000)
  eden space 208896K, 37% used [0x000000076ab00000,0x000000076f844b48,0x0000000777700000)
  from space 40448K, 77% used [0x0000000777700000,0x00000007795b4640,0x0000000779e80000)
  to   space 42496K, 0% used [0x000000077d800000,0x000000077d800000,0x0000000780180000)
 ParOldGen       total 239616K, used 41824K [0x00000006c0000000, 0x00000006cea00000, 0x000000076ab00000)
  object space 239616K, 17% used [0x00000006c0000000,0x00000006c28d8120,0x00000006cea00000)
 Metaspace       used 34157K, capacity 35068K, committed 35752K, reserved 1081344K
  class space    used 3483K, capacity 3772K, committed 4096K, reserved 1048576K

Card table byte_map: [0x00000001079c0000,0x00000001081c1000] byte_map_base: 0x00000001043c0000

Marking Bits: (ParMarkBitMap*) 0x0000000108e1dd30
 Begin Bits: [0x0000000118a25000, 0x000000011ca25000)
 End Bits:   [0x000000011ca25000, 0x0000000120a25000)

Polling page: 0x0000000106554000

CodeCache: size=245760Kb used=38010Kb max_used=38434Kb free=207749Kb
 bounds [0x00000001094cf000, 0x000000010badf000, 0x00000001184cf000]
 total_blobs=8061 nmethods=7623 adapters=349
 compilation: enabled

Compilation events (10 events):
Event: 38.546 Thread 0x00007fa18e82a000 nmethod 9967 0x000000010a582d10 code [0x000000010a582e80, 0x000000010a582ff8]
Event: 38.546 Thread 0x00007fa18e82a000 9975       4       org.mozilla.javascript.gen.jar_file__Users_kansoa__m2_repository_org_lesscss_lesscss_1_7_0_1_1_lesscss_1_7_0_1_1_jar__META_INF_less_rhino_1_7_0_js_1::_c_anonymous_552 (965 bytes)
Event: 38.551 Thread 0x00007fa18e828000 nmethod 9884 0x000000010b255850 code [0x000000010b256400, 0x000000010b25e748]
Event: 38.552 Thread 0x00007fa18e828000 9960 %     4       java.util.Arrays::fill @ 10 (28 bytes)
Event: 38.555 Thread 0x00007fa18e828000 nmethod 9960% 0x000000010ae9a4d0 code [0x000000010ae9a620, 0x000000010ae9a838]
Event: 38.555 Thread 0x00007fa18e828000 9961       4       org.mozilla.javascript.gen.jar_file__Users_kansoa__m2_repository_org_lesscss_lesscss_1_7_0_1_1_lesscss_1_7_0_1_1_jar__META_INF_less_rhino_1_7_0_js_1::_c_anonymous_484 (349 bytes)
Event: 38.610 Thread 0x00007fa18e814000 nmethod 9947 0x000000010baba010 code [0x000000010babac20, 0x000000010bac22b0]
Event: 38.611 Thread 0x00007fa18e814000 9983       4       org.mozilla.javascript.NativeArray::js_push (160 bytes)
Event: 38.624 Thread 0x00007fa18e814000 nmethod 9983 0x000000010b9b7fd0 code [0x000000010b9b81e0, 0x000000010b9b8ae8]
Event: 38.624 Thread 0x00007fa18e814000 9984 % !   4       org.mozilla.javascript.gen.jar_file__Users_kansoa__m2_repository_org_lesscss_lesscss_1_7_0_1_1_lesscss_1_7_0_1_1_jar__META_INF_less_rhino_1_7_0_js_1::_c_anonymous_550 @ 200 (703 bytes)

GC Heap History (10 events):
Event: 35.444 GC heap before
{Heap before GC invocations=9 (full 1):
 PSYoungGen      total 190976K, used 186137K [0x000000076ab00000, 0x000000077ab00000, 0x00000007c0000000)
  eden space 155136K, 100% used [0x000000076ab00000,0x0000000774280000,0x0000000774280000)
  from space 35840K, 86% used [0x0000000774280000,0x00000007760c64e8,0x0000000776580000)
  to   space 39424K, 0% used [0x0000000778480000,0x0000000778480000,0x000000077ab00000)
 ParOldGen       total 131072K, used 43099K [0x00000006c0000000, 0x00000006c8000000, 0x000000076ab00000)
  object space 131072K, 32% used [0x00000006c0000000,0x00000006c2a16fe0,0x00000006c8000000)
 Metaspace       used 30520K, capacity 31520K, committed 31744K, reserved 1077248K
  class space    used 3450K, capacity 3751K, committed 3840K, reserved 1048576K
Event: 35.469 GC heap after
Heap after GC invocations=9 (full 1):
 PSYoungGen      total 218624K, used 27148K [0x000000076ab00000, 0x000000077a980000, 0x00000007c0000000)
  eden space 180736K, 0% used [0x000000076ab00000,0x000000076ab00000,0x0000000775b80000)
  from space 37888K, 71% used [0x0000000778480000,0x0000000779f032d8,0x000000077a980000)
  to   space 39936K, 0% used [0x0000000775b80000,0x0000000775b80000,0x0000000778280000)
 ParOldGen       total 131072K, used 43107K [0x00000006c0000000, 0x00000006c8000000, 0x000000076ab00000)
  object space 131072K, 32% used [0x00000006c0000000,0x00000006c2a18fe0,0x00000006c8000000)
 Metaspace       used 30520K, capacity 31520K, committed 31744K, reserved 1077248K
  class space    used 3450K, capacity 3751K, committed 3840K, reserved 1048576K
}
Event: 36.296 GC heap before
{Heap before GC invocations=10 (full 1):
 PSYoungGen      total 218624K, used 146337K [0x000000076ab00000, 0x000000077a980000, 0x00000007c0000000)
  eden space 180736K, 65% used [0x000000076ab00000,0x0000000771f65508,0x0000000775b80000)
  from space 37888K, 71% used [0x0000000778480000,0x0000000779f032d8,0x000000077a980000)
  to   space 39936K, 0% used [0x0000000775b80000,0x0000000775b80000,0x0000000778280000)
 ParOldGen       total 131072K, used 43107K [0x00000006c0000000, 0x00000006c8000000, 0x000000076ab00000)
  object space 131072K, 32% used [0x00000006c0000000,0x00000006c2a18fe0,0x00000006c8000000)
 Metaspace       used 34238K, capacity 35250K, committed 35496K, reserved 1081344K
  class space    used 3676K, capacity 3979K, committed 4096K, reserved 1048576K
Event: 36.315 GC heap after
Heap after GC invocations=10 (full 1):
 PSYoungGen      total 220672K, used 27891K [0x000000076ab00000, 0x000000077c600000, 0x00000007c0000000)
  eden space 180736K, 0% used [0x000000076ab00000,0x000000076ab00000,0x0000000775b80000)
  from space 39936K, 69% used [0x0000000775b80000,0x00000007776bcd30,0x0000000778280000)
  to   space 40448K, 0% used [0x0000000779e80000,0x0000000779e80000,0x000000077c600000)
 ParOldGen       total 131072K, used 43115K [0x00000006c0000000, 0x00000006c8000000, 0x000000076ab00000)
  object space 131072K, 32% used [0x00000006c0000000,0x00000006c2a1afe0,0x00000006c8000000)
 Metaspace       used 34238K, capacity 35250K, committed 35496K, reserved 1081344K
  class space    used 3676K, capacity 3979K, committed 4096K, reserved 1048576K
}
Event: 36.315 GC heap before
{Heap before GC invocations=11 (full 2):
 PSYoungGen      total 220672K, used 27891K [0x000000076ab00000, 0x000000077c600000, 0x00000007c0000000)
  eden space 180736K, 0% used [0x000000076ab00000,0x000000076ab00000,0x0000000775b80000)
  from space 39936K, 69% used [0x0000000775b80000,0x00000007776bcd30,0x0000000778280000)
  to   space 40448K, 0% used [0x0000000779e80000,0x0000000779e80000,0x000000077c600000)
 ParOldGen       total 131072K, used 43115K [0x00000006c0000000, 0x00000006c8000000, 0x000000076ab00000)
  object space 131072K, 32% used [0x00000006c0000000,0x00000006c2a1afe0,0x00000006c8000000)
 Metaspace       used 34238K, capacity 35250K, committed 35496K, reserved 1081344K
  class space    used 3676K, capacity 3979K, committed 4096K, reserved 1048576K
Event: 36.397 GC heap after
Heap after GC invocations=11 (full 2):
 PSYoungGen      total 220672K, used 0K [0x000000076ab00000, 0x000000077c600000, 0x00000007c0000000)
  eden space 180736K, 0% used [0x000000076ab00000,0x000000076ab00000,0x0000000775b80000)
  from space 39936K, 0% used [0x0000000775b80000,0x0000000775b80000,0x0000000778280000)
  to   space 40448K, 0% used [0x0000000779e80000,0x0000000779e80000,0x000000077c600000)
 ParOldGen       total 239616K, used 41824K [0x00000006c0000000, 0x00000006cea00000, 0x000000076ab00000)
  object space 239616K, 17% used [0x00000006c0000000,0x00000006c28d8120,0x00000006cea00000)
 Metaspace       used 32923K, capacity 33852K, committed 35496K, reserved 1081344K
  class space    used 3479K, capacity 3772K, committed 4096K, reserved 1048576K
}
Event: 37.287 GC heap before
{Heap before GC invocations=12 (full 2):
 PSYoungGen      total 220672K, used 180736K [0x000000076ab00000, 0x000000077c600000, 0x00000007c0000000)
  eden space 180736K, 100% used [0x000000076ab00000,0x0000000775b80000,0x0000000775b80000)
  from space 39936K, 0% used [0x0000000775b80000,0x0000000775b80000,0x0000000778280000)
  to   space 40448K, 0% used [0x0000000779e80000,0x0000000779e80000,0x000000077c600000)
 ParOldGen       total 239616K, used 41824K [0x00000006c0000000, 0x00000006cea00000, 0x000000076ab00000)
  object space 239616K, 17% used [0x00000006c0000000,0x00000006c28d8120,0x00000006cea00000)
 Metaspace       used 34078K, capacity 35004K, committed 35496K, reserved 1081344K
  class space    used 3482K, capacity 3772K, committed 4096K, reserved 1048576K
Event: 37.300 GC heap after
Heap after GC invocations=12 (full 2):
 PSYoungGen      total 249344K, used 12305K [0x000000076ab00000, 0x000000077d680000, 0x00000007c0000000)
  eden space 208896K, 0% used [0x000000076ab00000,0x000000076ab00000,0x0000000777700000)
  from space 40448K, 30% used [0x0000000779e80000,0x000000077aa84640,0x000000077c600000)
  to   space 40448K, 0% used [0x0000000777700000,0x0000000777700000,0x0000000779e80000)
 ParOldGen       total 239616K, used 41824K [0x00000006c0000000, 0x00000006cea00000, 0x000000076ab00000)
  object space 239616K, 17% used [0x00000006c0000000,0x00000006c28d8120,0x00000006cea00000)
 Metaspace       used 34078K, capacity 35004K, committed 35496K, reserved 1081344K
  class space    used 3482K, capacity 3772K, committed 4096K, reserved 1048576K
}
Event: 38.363 GC heap before
{Heap before GC invocations=13 (full 2):
 PSYoungGen      total 249344K, used 221201K [0x000000076ab00000, 0x000000077d680000, 0x00000007c0000000)
  eden space 208896K, 100% used [0x000000076ab00000,0x0000000777700000,0x0000000777700000)
  from space 40448K, 30% used [0x0000000779e80000,0x000000077aa84640,0x000000077c600000)
  to   space 40448K, 0% used [0x0000000777700000,0x0000000777700000,0x0000000779e80000)
 ParOldGen       total 239616K, used 41824K [0x00000006c0000000, 0x00000006cea00000, 0x000000076ab00000)
  object space 239616K, 17% used [0x00000006c0000000,0x00000006c28d8120,0x00000006cea00000)
 Metaspace       used 34156K, capacity 35068K, committed 35752K, reserved 1081344K
  class space    used 3483K, capacity 3772K, committed 4096K, reserved 1048576K
Event: 38.381 GC heap after
Heap after GC invocations=13 (full 2):
 PSYoungGen      total 249344K, used 31441K [0x000000076ab00000, 0x0000000780180000, 0x00000007c0000000)
  eden space 208896K, 0% used [0x000000076ab00000,0x000000076ab00000,0x0000000777700000)
  from space 40448K, 77% used [0x0000000777700000,0x00000007795b4640,0x0000000779e80000)
  to   space 42496K, 0% used [0x000000077d800000,0x000000077d800000,0x0000000780180000)
 ParOldGen       total 239616K, used 41824K [0x00000006c0000000, 0x00000006cea00000, 0x000000076ab00000)
  object space 239616K, 17% used [0x00000006c0000000,0x00000006c28d8120,0x00000006cea00000)
 Metaspace       used 34156K, capacity 35068K, committed 35752K, reserved 1081344K
  class space    used 3483K, capacity 3772K, committed 4096K, reserved 1048576K
}

Deoptimization events (10 events):
Event: 38.247 Thread 0x00007fa18e00a800 Uncommon trap: reason=class_check action=maybe_recompile pc=0x000000010a85ef00 method=org.mozilla.javascript.ScriptRuntime.shallowEq(Ljava/lang/Object;Ljava/lang/Object;)Z @ 132
Event: 38.251 Thread 0x00007fa18e00a800 Uncommon trap: reason=class_check action=maybe_recompile pc=0x000000010aea427c method=org.mozilla.javascript.NativeArray.js_concat(Lorg/mozilla/javascript/Context;Lorg/mozilla/javascript/Scriptable;Lorg/mozilla/javascript/Scriptable;[Ljava/lang/Object;)Lo
Event: 38.251 Thread 0x00007fa18e00a800 Uncommon trap: reason=class_check action=maybe_recompile pc=0x000000010aea427c method=org.mozilla.javascript.NativeArray.js_concat(Lorg/mozilla/javascript/Context;Lorg/mozilla/javascript/Scriptable;Lorg/mozilla/javascript/Scriptable;[Ljava/lang/Object;)Lo
Event: 38.251 Thread 0x00007fa18e00a800 Uncommon trap: reason=class_check action=maybe_recompile pc=0x000000010aea427c method=org.mozilla.javascript.NativeArray.js_concat(Lorg/mozilla/javascript/Context;Lorg/mozilla/javascript/Scriptable;Lorg/mozilla/javascript/Scriptable;[Ljava/lang/Object;)Lo
Event: 38.387 Thread 0x00007fa18e00a800 Uncommon trap: reason=bimorphic action=maybe_recompile pc=0x000000010a2cbc60 method=org.mozilla.javascript.ScriptRuntime.cmp_LE(Ljava/lang/Object;Ljava/lang/Object;)Z @ 26
Event: 38.387 Thread 0x00007fa18e00a800 Uncommon trap: reason=bimorphic action=maybe_recompile pc=0x000000010a2cbc60 method=org.mozilla.javascript.ScriptRuntime.cmp_LE(Ljava/lang/Object;Ljava/lang/Object;)Z @ 26
Event: 38.387 Thread 0x00007fa18e00a800 Uncommon trap: reason=bimorphic action=maybe_recompile pc=0x000000010a2cbc60 method=org.mozilla.javascript.ScriptRuntime.cmp_LE(Ljava/lang/Object;Ljava/lang/Object;)Z @ 26
Event: 38.388 Thread 0x00007fa18e00a800 Uncommon trap: reason=bimorphic action=maybe_recompile pc=0x000000010a2cbc60 method=org.mozilla.javascript.ScriptRuntime.cmp_LE(Ljava/lang/Object;Ljava/lang/Object;)Z @ 26
Event: 38.487 Thread 0x00007fa18e00a800 Uncommon trap: reason=unstable_if action=reinterpret pc=0x000000010b564638 method=org.mozilla.javascript.NativeArray.js_push(Lorg/mozilla/javascript/Context;Lorg/mozilla/javascript/Scriptable;[Ljava/lang/Object;)Ljava/lang/Object; @ 16
Event: 38.487 Thread 0x00007fa18e00a800 Uncommon trap: reason=unstable_if action=reinterpret pc=0x000000010b526764 method=org.mozilla.javascript.NativeArray.js_push(Lorg/mozilla/javascript/Context;Lorg/mozilla/javascript/Scriptable;[Ljava/lang/Object;)Ljava/lang/Object; @ 16

Internal exceptions (10 events):
Event: 16.509 Thread 0x00007fa18e00a800 Exception <a 'java/io/FileNotFoundException'> (0x0000000770e92d10) thrown at [/Users/java_re/workspace/8-2-build-macosx-x86_64/jdk8u112/7935/hotspot/src/share/vm/prims/jni.cpp, line 709]
Event: 16.509 Thread 0x00007fa18e00a800 Exception <a 'java/io/FileNotFoundException'> (0x0000000770e948c0) thrown at [/Users/java_re/workspace/8-2-build-macosx-x86_64/jdk8u112/7935/hotspot/src/share/vm/prims/jni.cpp, line 709]
Event: 21.838 Thread 0x00007fa18e00a800 Exception <a 'java/io/FileNotFoundException'> (0x0000000771d15f80) thrown at [/Users/java_re/workspace/8-2-build-macosx-x86_64/jdk8u112/7935/hotspot/src/share/vm/prims/jni.cpp, line 709]
Event: 21.838 Thread 0x00007fa18e00a800 Exception <a 'java/io/FileNotFoundException'> (0x0000000771d17b30) thrown at [/Users/java_re/workspace/8-2-build-macosx-x86_64/jdk8u112/7935/hotspot/src/share/vm/prims/jni.cpp, line 709]
Event: 28.908 Thread 0x00007fa18e00a800 Exception <a 'java/io/FileNotFoundException'> (0x000000076f429ac0) thrown at [/Users/java_re/workspace/8-2-build-macosx-x86_64/jdk8u112/7935/hotspot/src/share/vm/prims/jni.cpp, line 709]
Event: 28.908 Thread 0x00007fa18e00a800 Exception <a 'java/io/FileNotFoundException'> (0x000000076f42b670) thrown at [/Users/java_re/workspace/8-2-build-macosx-x86_64/jdk8u112/7935/hotspot/src/share/vm/prims/jni.cpp, line 709]
Event: 35.317 Thread 0x00007fa18e00a800 Implicit null exception at 0x0000000109e20195 to 0x0000000109e22465
Event: 36.498 Thread 0x00007fa18e00a800 Implicit null exception at 0x000000010a6df85f to 0x000000010a6dfe51
Event: 37.089 Thread 0x00007fa18e00a800 Implicit null exception at 0x000000010a8d3fea to 0x000000010a8d47d9
Event: 38.030 Thread 0x00007fa18e00a800 Implicit null exception at 0x000000010965114f to 0x00000001096514b1

Events (10 events):
Event: 38.538 Thread 0x00007fa18e82a000 flushing nmethod 0x000000010b568690
Event: 38.538 Thread 0x00007fa18e82a000 flushing nmethod 0x000000010b58c690
Event: 38.563 Thread 0x00007fa18e00a800 DEOPT PACKING pc=0x000000010a56a69e sp=0x0000700007928270
Event: 38.563 Thread 0x00007fa18e00a800 DEOPT UNPACKING pc=0x0000000109516633 sp=0x0000700007928040 mode 0
Event: 38.585 Thread 0x00007fa18e00a800 DEOPT PACKING pc=0x000000010a56a69e sp=0x0000700007927a80
Event: 38.585 Thread 0x00007fa18e00a800 DEOPT UNPACKING pc=0x0000000109516633 sp=0x0000700007927850 mode 0
Event: 38.605 Thread 0x00007fa18e00a800 DEOPT PACKING pc=0x000000010a56a69e sp=0x0000700007928270
Event: 38.605 Thread 0x00007fa18e00a800 DEOPT UNPACKING pc=0x0000000109516633 sp=0x0000700007928040 mode 0
Event: 38.620 Thread 0x00007fa18e00a800 DEOPT PACKING pc=0x000000010a56a69e sp=0x00007000079283b0
Event: 38.620 Thread 0x00007fa18e00a800 DEOPT UNPACKING pc=0x0000000109516633 sp=0x0000700007928180 mode 0


Dynamic libraries:
0x000000000c543000 	/System/Library/Frameworks/Cocoa.framework/Versions/A/Cocoa
0x000000000c543000 	/System/Library/Frameworks/Security.framework/Versions/A/Security
0x000000000c543000 	/System/Library/Frameworks/ApplicationServices.framework/Versions/A/ApplicationServices
0x000000000c543000 	/usr/lib/libz.1.dylib
0x000000000c543000 	/usr/lib/libSystem.B.dylib
0x000000000c543000 	/usr/lib/libobjc.A.dylib
0x000000000c543000 	/System/Library/Frameworks/CoreFoundation.framework/Versions/A/CoreFoundation
0x000000000c543000 	/System/Library/Frameworks/Foundation.framework/Versions/C/Foundation
0x000000000c543000 	/System/Library/Frameworks/AppKit.framework/Versions/C/AppKit
0x000000000c543000 	/System/Library/Frameworks/CoreData.framework/Versions/A/CoreData
0x000000000c543000 	/System/Library/PrivateFrameworks/UIFoundation.framework/Versions/A/UIFoundation
0x000000000c543000 	/System/Library/PrivateFrameworks/RemoteViewServices.framework/Versions/A/RemoteViewServices
0x000000000c543000 	/System/Library/PrivateFrameworks/XCTTargetBootstrap.framework/Versions/A/XCTTargetBootstrap
0x000000000c543000 	/System/Library/Frameworks/CoreDisplay.framework/Versions/A/CoreDisplay
0x000000000c543000 	/System/Library/Frameworks/Metal.framework/Versions/A/Metal
0x000000000c543000 	/System/Library/PrivateFrameworks/DesktopServicesPriv.framework/Versions/A/DesktopServicesPriv
0x000000000c543000 	/usr/lib/liblangid.dylib
0x000000000c543000 	/System/Library/PrivateFrameworks/CoreSVG.framework/Versions/A/CoreSVG
0x000000000c543000 	/System/Library/PrivateFrameworks/SkyLight.framework/Versions/A/SkyLight
0x000000000c543000 	/System/Library/Frameworks/CoreGraphics.framework/Versions/A/CoreGraphics
0x000000000c543000 	/System/Library/Frameworks/Accelerate.framework/Versions/A/Accelerate
0x000000000c543000 	/usr/lib/libxml2.2.dylib
0x000000000c543000 	/System/Library/PrivateFrameworks/IconServices.framework/Versions/A/IconServices
0x000000000c543000 	/System/Library/Frameworks/IOSurface.framework/Versions/A/IOSurface
0x000000000c543000 	/usr/lib/libDiagnosticMessagesClient.dylib
0x000000000c543000 	/System/Library/PrivateFrameworks/DFRFoundation.framework/Versions/A/DFRFoundation
0x000000000c543000 	/usr/lib/libicucore.A.dylib
0x000000000c543000 	/System/Library/Frameworks/AudioToolbox.framework/Versions/A/AudioToolbox
0x000000000c543000 	/System/Library/Frameworks/AudioUnit.framework/Versions/A/AudioUnit
0x000000000c543000 	/usr/lib/libauto.dylib
0x000000000c543000 	/System/Library/PrivateFrameworks/DataDetectorsCore.framework/Versions/A/DataDetectorsCore
0x000000000c543000 	/System/Library/Frameworks/Carbon.framework/Versions/A/Frameworks/HIToolbox.framework/Versions/A/HIToolbox
0x000000000c543000 	/System/Library/Frameworks/QuartzCore.framework/Versions/A/QuartzCore
0x000000000c543000 	/System/Library/Frameworks/Carbon.framework/Versions/A/Frameworks/SpeechRecognition.framework/Versions/A/SpeechRecognition
0x000000000c543000 	/System/Library/PrivateFrameworks/CoreUI.framework/Versions/A/CoreUI
0x000000000c543000 	/System/Library/Frameworks/CoreAudio.framework/Versions/A/CoreAudio
0x000000000c543000 	/System/Library/Frameworks/DiskArbitration.framework/Versions/A/DiskArbitration
0x000000000c543000 	/System/Library/PrivateFrameworks/MultitouchSupport.framework/Versions/A/MultitouchSupport
0x000000000c543000 	/usr/lib/libenergytrace.dylib
0x000000000c543000 	/System/Library/Frameworks/IOKit.framework/Versions/A/IOKit
0x000000000c543000 	/System/Library/Frameworks/CoreServices.framework/Versions/A/CoreServices
0x000000000c543000 	/System/Library/PrivateFrameworks/PerformanceAnalysis.framework/Versions/A/PerformanceAnalysis
0x000000000c543000 	/System/Library/Frameworks/OpenGL.framework/Versions/A/OpenGL
0x000000000c543000 	/System/Library/Frameworks/ColorSync.framework/Versions/A/ColorSync
0x000000000c543000 	/System/Library/Frameworks/CoreImage.framework/Versions/A/CoreImage
0x000000000c543000 	/System/Library/Frameworks/CoreText.framework/Versions/A/CoreText
0x000000000c543000 	/System/Library/Frameworks/ImageIO.framework/Versions/A/ImageIO
0x000000000c543000 	/usr/lib/libc++.1.dylib
0x000000000c543000 	/usr/lib/libcompression.dylib
0x000000000c543000 	/usr/lib/libMobileGestalt.dylib
0x000000000c543000 	/System/Library/PrivateFrameworks/TextureIO.framework/Versions/A/TextureIO
0x000000000c543000 	/usr/lib/libate.dylib
0x000000000c543000 	/System/Library/PrivateFrameworks/InternationalSupport.framework/Versions/A/InternationalSupport
0x000000000c543000 	/usr/lib/system/libcache.dylib
0x000000000c543000 	/usr/lib/system/libcommonCrypto.dylib
0x000000000c543000 	/usr/lib/system/libcompiler_rt.dylib
0x000000000c543000 	/usr/lib/system/libcopyfile.dylib
0x000000000c543000 	/usr/lib/system/libcorecrypto.dylib
0x000000000c543000 	/usr/lib/system/libdispatch.dylib
0x000000000c543000 	/usr/lib/system/libdyld.dylib
0x000000000c543000 	/usr/lib/system/libkeymgr.dylib
0x000000000c543000 	/usr/lib/system/liblaunch.dylib
0x000000000c543000 	/usr/lib/system/libmacho.dylib
0x000000000c543000 	/usr/lib/system/libquarantine.dylib
0x000000000c543000 	/usr/lib/system/libremovefile.dylib
0x000000000c543000 	/usr/lib/system/libsystem_asl.dylib
0x000000000c543000 	/usr/lib/system/libsystem_blocks.dylib
0x000000000c543000 	/usr/lib/system/libsystem_c.dylib
0x000000000c543000 	/usr/lib/system/libsystem_configuration.dylib
0x000000000c543000 	/usr/lib/system/libsystem_coreservices.dylib
0x000000000c543000 	/usr/lib/system/libsystem_darwin.dylib
0x000000000c543000 	/usr/lib/system/libsystem_dnssd.dylib
0x000000000c543000 	/usr/lib/system/libsystem_featureflags.dylib
0x000000000c543000 	/usr/lib/system/libsystem_info.dylib
0x000000000c543000 	/usr/lib/system/libsystem_m.dylib
0x000000000c543000 	/usr/lib/system/libsystem_malloc.dylib
0x000000000c543000 	/usr/lib/system/libsystem_networkextension.dylib
0x000000000c543000 	/usr/lib/system/libsystem_notify.dylib
0x000000000c543000 	/usr/lib/system/libsystem_sandbox.dylib
0x000000000c543000 	/usr/lib/system/libsystem_secinit.dylib
0x000000000c543000 	/usr/lib/system/libsystem_kernel.dylib
0x000000000c543000 	/usr/lib/system/libsystem_platform.dylib
0x000000000c543000 	/usr/lib/system/libsystem_pthread.dylib
0x000000000c543000 	/usr/lib/system/libsystem_symptoms.dylib
0x000000000c543000 	/usr/lib/system/libsystem_trace.dylib
0x000000000c543000 	/usr/lib/system/libunwind.dylib
0x000000000c543000 	/usr/lib/system/libxpc.dylib
0x000000000c543000 	/usr/lib/libc++abi.dylib
0x000000000c543000 	/usr/lib/liblzma.5.dylib
0x000000000c543000 	/usr/lib/libfakelink.dylib
0x000000000c543000 	/usr/lib/libarchive.2.dylib
0x000000000c543000 	/System/Library/Frameworks/SystemConfiguration.framework/Versions/A/SystemConfiguration
0x000000000c543000 	/usr/lib/libCRFSuite.dylib
0x000000000c543000 	/System/Library/Frameworks/CFNetwork.framework/Versions/A/CFNetwork
0x000000000c543000 	/usr/lib/libbsm.0.dylib
0x000000000c543000 	/usr/lib/system/libkxld.dylib
0x000000000c543000 	/System/Library/PrivateFrameworks/AppleFSCompression.framework/Versions/A/AppleFSCompression
0x000000000c543000 	/usr/lib/libcoretls.dylib
0x000000000c543000 	/usr/lib/libcoretls_cfhelpers.dylib
0x000000000c543000 	/usr/lib/libpam.2.dylib
0x000000000c543000 	/usr/lib/libsqlite3.dylib
0x000000000c543000 	/usr/lib/libxar.1.dylib
0x000000000c543000 	/usr/lib/libbz2.1.0.dylib
0x000000000c543000 	/usr/lib/libiconv.2.dylib
0x000000000c543000 	/usr/lib/libcharset.1.dylib
0x000000000c543000 	/usr/lib/libnetwork.dylib
0x000000000c543000 	/usr/lib/libpcap.A.dylib
0x000000000c543000 	/usr/lib/libapple_nghttp2.dylib
0x000000000c543000 	/System/Library/Frameworks/CoreServices.framework/Versions/A/Frameworks/FSEvents.framework/Versions/A/FSEvents
0x000000000c543000 	/System/Library/Frameworks/CoreServices.framework/Versions/A/Frameworks/CarbonCore.framework/Versions/A/CarbonCore
0x000000000c543000 	/System/Library/Frameworks/CoreServices.framework/Versions/A/Frameworks/Metadata.framework/Versions/A/Metadata
0x000000000c543000 	/System/Library/Frameworks/CoreServices.framework/Versions/A/Frameworks/OSServices.framework/Versions/A/OSServices
0x000000000c543000 	/System/Library/Frameworks/CoreServices.framework/Versions/A/Frameworks/SearchKit.framework/Versions/A/SearchKit
0x000000000c543000 	/System/Library/Frameworks/CoreServices.framework/Versions/A/Frameworks/AE.framework/Versions/A/AE
0x000000000c543000 	/System/Library/Frameworks/CoreServices.framework/Versions/A/Frameworks/LaunchServices.framework/Versions/A/LaunchServices
0x000000000c543000 	/System/Library/Frameworks/CoreServices.framework/Versions/A/Frameworks/DictionaryServices.framework/Versions/A/DictionaryServices
0x000000000c543000 	/System/Library/Frameworks/CoreServices.framework/Versions/A/Frameworks/SharedFileList.framework/Versions/A/SharedFileList
0x000000000c543000 	/System/Library/Frameworks/NetFS.framework/Versions/A/NetFS
0x000000000c543000 	/System/Library/PrivateFrameworks/NetAuth.framework/Versions/A/NetAuth
0x000000000c543000 	/System/Library/PrivateFrameworks/login.framework/Versions/A/Frameworks/loginsupport.framework/Versions/A/loginsupport
0x000000000c543000 	/System/Library/PrivateFrameworks/TCC.framework/Versions/A/TCC
0x000000000c543000 	/System/Library/PrivateFrameworks/CoreNLP.framework/Versions/A/CoreNLP
0x000000000c543000 	/System/Library/PrivateFrameworks/MetadataUtilities.framework/Versions/A/MetadataUtilities
0x000000000c543000 	/usr/lib/libmecabra.dylib
0x000000000c543000 	/usr/lib/libmecab.dylib
0x000000000c543000 	/usr/lib/libgermantok.dylib
0x000000000c543000 	/usr/lib/libThaiTokenizer.dylib
0x000000000c543000 	/usr/lib/libChineseTokenizer.dylib
0x000000000c543000 	/System/Library/Frameworks/Accelerate.framework/Versions/A/Frameworks/vImage.framework/Versions/A/vImage
0x000000000c543000 	/System/Library/Frameworks/Accelerate.framework/Versions/A/Frameworks/vecLib.framework/Versions/A/vecLib
0x000000000c543000 	/System/Library/Frameworks/Accelerate.framework/Versions/A/Frameworks/vecLib.framework/Versions/A/libvMisc.dylib
0x000000000c543000 	/System/Library/Frameworks/Accelerate.framework/Versions/A/Frameworks/vecLib.framework/Versions/A/libvDSP.dylib
0x000000000c543000 	/System/Library/Frameworks/Accelerate.framework/Versions/A/Frameworks/vecLib.framework/Versions/A/libBLAS.dylib
0x000000000c543000 	/System/Library/Frameworks/Accelerate.framework/Versions/A/Frameworks/vecLib.framework/Versions/A/libLAPACK.dylib
0x000000000c543000 	/System/Library/Frameworks/Accelerate.framework/Versions/A/Frameworks/vecLib.framework/Versions/A/libLinearAlgebra.dylib
0x000000000c543000 	/System/Library/Frameworks/Accelerate.framework/Versions/A/Frameworks/vecLib.framework/Versions/A/libSparseBLAS.dylib
0x000000000c543000 	/System/Library/Frameworks/Accelerate.framework/Versions/A/Frameworks/vecLib.framework/Versions/A/libQuadrature.dylib
0x000000000c543000 	/System/Library/Frameworks/Accelerate.framework/Versions/A/Frameworks/vecLib.framework/Versions/A/libBNNS.dylib
0x000000000c543000 	/System/Library/Frameworks/Accelerate.framework/Versions/A/Frameworks/vecLib.framework/Versions/A/libSparse.dylib
0x000000000c543000 	/System/Library/PrivateFrameworks/LanguageModeling.framework/Versions/A/LanguageModeling
0x000000000c543000 	/System/Library/PrivateFrameworks/CoreEmoji.framework/Versions/A/CoreEmoji
0x000000000c543000 	/System/Library/PrivateFrameworks/LinguisticData.framework/Versions/A/LinguisticData
0x000000000c543000 	/System/Library/PrivateFrameworks/Lexicon.framework/Versions/A/Lexicon
0x000000000c543000 	/usr/lib/libcmph.dylib
0x000000000c543000 	/System/Library/Frameworks/OpenDirectory.framework/Versions/A/Frameworks/CFOpenDirectory.framework/Versions/A/CFOpenDirectory
0x000000000c543000 	/System/Library/Frameworks/OpenDirectory.framework/Versions/A/OpenDirectory
0x000000000c543000 	/System/Library/PrivateFrameworks/APFS.framework/Versions/A/APFS
0x000000000c543000 	/System/Library/Frameworks/SecurityFoundation.framework/Versions/A/SecurityFoundation
0x000000000c543000 	/usr/lib/libutil.dylib
0x000000000c543000 	/System/Library/PrivateFrameworks/CoreServicesStore.framework/Versions/A/CoreServicesStore
0x000000000c543000 	/System/Library/Frameworks/ServiceManagement.framework/Versions/A/ServiceManagement
0x000000000c543000 	/System/Library/PrivateFrameworks/BackgroundTaskManagement.framework/Versions/A/BackgroundTaskManagement
0x000000000c543000 	/usr/lib/libxslt.1.dylib
0x000000000c543000 	/System/Library/PrivateFrameworks/AppleSystemInfo.framework/Versions/A/AppleSystemInfo
0x000000000c543000 	/System/Library/Frameworks/ImageIO.framework/Versions/A/Resources/libJPEG.dylib
0x000000000c543000 	/System/Library/Frameworks/ImageIO.framework/Versions/A/Resources/libTIFF.dylib
0x000000000c543000 	/System/Library/Frameworks/ImageIO.framework/Versions/A/Resources/libPng.dylib
0x000000000c543000 	/System/Library/Frameworks/ImageIO.framework/Versions/A/Resources/libGIF.dylib
0x000000000c543000 	/System/Library/Frameworks/ImageIO.framework/Versions/A/Resources/libJP2.dylib
0x000000000c543000 	/System/Library/Frameworks/ImageIO.framework/Versions/A/Resources/libRadiance.dylib
0x000000000c543000 	/usr/lib/libexpat.1.dylib
0x000000000c543000 	/System/Library/PrivateFrameworks/AppleJPEG.framework/Versions/A/AppleJPEG
0x000000000c543000 	/System/Library/PrivateFrameworks/FontServices.framework/libFontParser.dylib
0x000000000c543000 	/System/Library/PrivateFrameworks/WatchdogClient.framework/Versions/A/WatchdogClient
0x000000000c543000 	/System/Library/PrivateFrameworks/IOAccelerator.framework/Versions/A/IOAccelerator
0x000000000c543000 	/System/Library/Frameworks/MetalPerformanceShaders.framework/Versions/A/MetalPerformanceShaders
0x000000000c543000 	/System/Library/PrivateFrameworks/GPUWrangler.framework/Versions/A/GPUWrangler
0x000000000c543000 	/System/Library/PrivateFrameworks/IOPresentment.framework/Versions/A/IOPresentment
0x000000000c543000 	/System/Library/PrivateFrameworks/DSExternalDisplay.framework/Versions/A/DSExternalDisplay
0x000000000c543000 	/System/Library/Frameworks/OpenGL.framework/Versions/A/Libraries/libCoreFSCache.dylib
0x000000000c543000 	/System/Library/Frameworks/MetalPerformanceShaders.framework/Frameworks/MPSCore.framework/Versions/A/MPSCore
0x000000000c543000 	/System/Library/Frameworks/MetalPerformanceShaders.framework/Frameworks/MPSImage.framework/Versions/A/MPSImage
0x000000000c543000 	/System/Library/Frameworks/MetalPerformanceShaders.framework/Frameworks/MPSNeuralNetwork.framework/Versions/A/MPSNeuralNetwork
0x000000000c543000 	/System/Library/Frameworks/MetalPerformanceShaders.framework/Frameworks/MPSMatrix.framework/Versions/A/MPSMatrix
0x000000000c543000 	/System/Library/Frameworks/MetalPerformanceShaders.framework/Frameworks/MPSRayIntersector.framework/Versions/A/MPSRayIntersector
0x000000000c543000 	/System/Library/Frameworks/MetalPerformanceShaders.framework/Frameworks/MPSNDArray.framework/Versions/A/MPSNDArray
0x000000000c543000 	/System/Library/PrivateFrameworks/MetalTools.framework/Versions/A/MetalTools
0x000000000c543000 	/System/Library/PrivateFrameworks/AggregateDictionary.framework/Versions/A/AggregateDictionary
0x000000000c543000 	/System/Library/PrivateFrameworks/CoreAnalytics.framework/Versions/A/CoreAnalytics
0x000000000c543000 	/System/Library/PrivateFrameworks/AppleSauce.framework/Versions/A/AppleSauce
0x000000000c543000 	/usr/lib/libIOReport.dylib
0x000000000c543000 	/System/Library/Frameworks/CoreVideo.framework/Versions/A/CoreVideo
0x000000000c543000 	/System/Library/PrivateFrameworks/GraphVisualizer.framework/Versions/A/GraphVisualizer
0x000000000c543000 	/System/Library/PrivateFrameworks/FaceCore.framework/Versions/A/FaceCore
0x000000000c543000 	/System/Library/Frameworks/OpenCL.framework/Versions/A/OpenCL
0x000000000c543000 	/usr/lib/libFosl_dynamic.dylib
0x000000000c543000 	/System/Library/PrivateFrameworks/OTSVG.framework/Versions/A/OTSVG
0x000000000c543000 	/System/Library/Frameworks/ApplicationServices.framework/Versions/A/Frameworks/ATS.framework/Versions/A/Resources/libFontRegistry.dylib
0x000000000c543000 	/System/Library/PrivateFrameworks/FontServices.framework/libhvf.dylib
0x000000000c543000 	/System/Library/Frameworks/OpenGL.framework/Versions/A/Libraries/libGFXShared.dylib
0x000000000c543000 	/System/Library/Frameworks/OpenGL.framework/Versions/A/Libraries/libGLU.dylib
0x000000000c543000 	/System/Library/Frameworks/OpenGL.framework/Versions/A/Libraries/libGL.dylib
0x000000000c543000 	/System/Library/Frameworks/OpenGL.framework/Versions/A/Libraries/libGLImage.dylib
0x000000000c543000 	/System/Library/Frameworks/OpenGL.framework/Versions/A/Libraries/libCVMSPluginSupport.dylib
0x000000000c543000 	/System/Library/Frameworks/OpenGL.framework/Versions/A/Libraries/libCoreVMClient.dylib
0x000000000c543000 	/usr/lib/libncurses.5.4.dylib
0x000000000c543000 	/System/Library/Frameworks/ApplicationServices.framework/Versions/A/Frameworks/ATS.framework/Versions/A/ATS
0x000000000c543000 	/System/Library/Frameworks/ApplicationServices.framework/Versions/A/Frameworks/ColorSyncLegacy.framework/Versions/A/ColorSyncLegacy
0x000000000c543000 	/System/Library/Frameworks/ApplicationServices.framework/Versions/A/Frameworks/HIServices.framework/Versions/A/HIServices
0x000000000c543000 	/System/Library/Frameworks/ApplicationServices.framework/Versions/A/Frameworks/LangAnalysis.framework/Versions/A/LangAnalysis
0x000000000c543000 	/System/Library/Frameworks/ApplicationServices.framework/Versions/A/Frameworks/PrintCore.framework/Versions/A/PrintCore
0x000000000c543000 	/System/Library/Frameworks/ApplicationServices.framework/Versions/A/Frameworks/QD.framework/Versions/A/QD
0x000000000c543000 	/System/Library/Frameworks/ApplicationServices.framework/Versions/A/Frameworks/SpeechSynthesis.framework/Versions/A/SpeechSynthesis
0x000000000c543000 	/System/Library/Frameworks/ApplicationServices.framework/Versions/A/Frameworks/ATSUI.framework/Versions/A/ATSUI
0x000000000c543000 	/usr/lib/libcups.2.dylib
0x000000000c543000 	/System/Library/Frameworks/Kerberos.framework/Versions/A/Kerberos
0x000000000c543000 	/System/Library/Frameworks/GSS.framework/Versions/A/GSS
0x000000000c543000 	/usr/lib/libresolv.9.dylib
0x000000000c543000 	/System/Library/PrivateFrameworks/Heimdal.framework/Versions/A/Heimdal
0x000000000c543000 	/System/Library/Frameworks/Kerberos.framework/Versions/A/Libraries/libHeimdalProxy.dylib
0x000000000c543000 	/usr/lib/libheimdal-asn1.dylib
0x000000000c543000 	/System/Library/PrivateFrameworks/CommonAuth.framework/Versions/A/CommonAuth
0x000000000c543000 	/System/Library/PrivateFrameworks/AssertionServices.framework/Versions/A/AssertionServices
0x000000000c543000 	/System/Library/PrivateFrameworks/AudioToolboxCore.framework/Versions/A/AudioToolboxCore
0x000000000c543000 	/System/Library/PrivateFrameworks/caulk.framework/Versions/A/caulk
0x000000000c543000 	/System/Library/PrivateFrameworks/BaseBoard.framework/Versions/A/BaseBoard
0x000000000c543000 	/System/Library/PrivateFrameworks/RunningBoardServices.framework/Versions/A/RunningBoardServices
0x000000000c543000 	/System/Library/PrivateFrameworks/PersistentConnection.framework/Versions/A/PersistentConnection
0x000000000c543000 	/System/Library/PrivateFrameworks/ProtocolBuffer.framework/Versions/A/ProtocolBuffer
0x000000000c543000 	/System/Library/PrivateFrameworks/CommonUtilities.framework/Versions/A/CommonUtilities
0x000000000c543000 	/System/Library/PrivateFrameworks/Bom.framework/Versions/A/Bom
0x000000000c543000 	/usr/lib/libAudioToolboxUtility.dylib
0x000000000c543000 	/System/Library/PrivateFrameworks/Backup.framework/Versions/A/Backup
0x000000000c543000 	/System/Library/PrivateFrameworks/CrashReporterSupport.framework/Versions/A/CrashReporterSupport
0x000000000c543000 	/System/Library/PrivateFrameworks/Sharing.framework/Versions/A/Sharing
0x000000000c543000 	/System/Library/PrivateFrameworks/Apple80211.framework/Versions/A/Apple80211
0x000000000c543000 	/System/Library/PrivateFrameworks/AuthKit.framework/Versions/A/AuthKit
0x000000000c543000 	/System/Library/PrivateFrameworks/CoreUtils.framework/Versions/A/CoreUtils
0x000000000c543000 	/System/Library/Frameworks/CoreWLAN.framework/Versions/A/CoreWLAN
0x000000000c543000 	/System/Library/Frameworks/IOBluetooth.framework/Versions/A/IOBluetooth
0x000000000c543000 	/System/Library/PrivateFrameworks/MobileKeyBag.framework/Versions/A/MobileKeyBag
0x000000000c543000 	/System/Library/PrivateFrameworks/CorePhoneNumbers.framework/Versions/A/CorePhoneNumbers
0x000000000c543000 	/System/Library/PrivateFrameworks/AppleIDAuthSupport.framework/Versions/A/AppleIDAuthSupport
0x000000000c543000 	/System/Library/Frameworks/Network.framework/Versions/A/Network
0x000000000c543000 	/System/Library/PrivateFrameworks/KeychainCircle.framework/Versions/A/KeychainCircle
0x000000000c543000 	/System/Library/Frameworks/CoreBluetooth.framework/Versions/A/CoreBluetooth
0x000000000c543000 	/System/Library/PrivateFrameworks/SpeechRecognitionCore.framework/Versions/A/SpeechRecognitionCore
0x000000010852d000 	/Library/Java/JavaVirtualMachines/jdk1.8.0_112.jdk/Contents/Home/jre/lib/server/libjvm.dylib
0x000000000c543000 	/usr/lib/libstdc++.6.dylib
0x0000000106511000 	/Library/Java/JavaVirtualMachines/jdk1.8.0_112.jdk/Contents/Home/jre/lib/libverify.dylib
0x000000010651f000 	/Library/Java/JavaVirtualMachines/jdk1.8.0_112.jdk/Contents/Home/jre/lib/libjava.dylib
0x000000010659e000 	/Library/Java/JavaVirtualMachines/jdk1.8.0_112.jdk/Contents/Home/jre/lib/libzip.dylib
0x000000000c543000 	/System/Library/Frameworks/JavaVM.framework/Versions/A/Frameworks/JavaRuntimeSupport.framework/Versions/A/JavaRuntimeSupport
0x000000000c543000 	/System/Library/Frameworks/JavaVM.framework/Versions/A/Frameworks/JavaNativeFoundation.framework/Versions/A/JavaNativeFoundation
0x000000000c543000 	/System/Library/Frameworks/JavaVM.framework/Versions/A/JavaVM
0x000000000c543000 	/System/Library/Frameworks/Carbon.framework/Versions/A/Carbon
0x000000000c543000 	/System/Library/PrivateFrameworks/CoreSymbolication.framework/Versions/A/CoreSymbolication
0x000000000c543000 	/System/Library/PrivateFrameworks/JavaLaunching.framework/Versions/A/JavaLaunching
0x000000000c543000 	/System/Library/Frameworks/Carbon.framework/Versions/A/Frameworks/CommonPanels.framework/Versions/A/CommonPanels
0x000000000c543000 	/System/Library/Frameworks/Carbon.framework/Versions/A/Frameworks/Help.framework/Versions/A/Help
0x000000000c543000 	/System/Library/Frameworks/Carbon.framework/Versions/A/Frameworks/ImageCapture.framework/Versions/A/ImageCapture
0x000000000c543000 	/System/Library/Frameworks/Carbon.framework/Versions/A/Frameworks/OpenScripting.framework/Versions/A/OpenScripting
0x000000000c543000 	/System/Library/Frameworks/Carbon.framework/Versions/A/Frameworks/Ink.framework/Versions/A/Ink
0x000000000c543000 	/System/Library/Frameworks/Carbon.framework/Versions/A/Frameworks/Print.framework/Versions/A/Print
0x000000000c543000 	/System/Library/Frameworks/Carbon.framework/Versions/A/Frameworks/SecurityHI.framework/Versions/A/SecurityHI
0x000000000c543000 	/System/Library/PrivateFrameworks/DebugSymbols.framework/Versions/A/DebugSymbols
0x0000000123bf4000 	/Library/Java/JavaVirtualMachines/jdk1.8.0_112.jdk/Contents/Home/jre/lib/libnet.dylib
0x0000000123c0b000 	/Library/Java/JavaVirtualMachines/jdk1.8.0_112.jdk/Contents/Home/jre/lib/libnio.dylib

VM Arguments:
jvm_args: -Dclassworlds.conf=/Users/kansoa/Development/maven/bin/m2.conf -Dmaven.home=/Users/kansoa/Development/maven -Dmaven.multiModuleProjectDirectory=/Users/kansoa/Development/projects/cscf/infofauna_2020/midat_rivieres/jeci-shell-new-user-permissions/jeci 
java_command: org.codehaus.plexus.classworlds.launcher.Launcher -P dev clean install -Dmaven.test.skip=true
java_class_path (initial): /Users/kansoa/Development/maven/boot/plexus-classworlds-2.5.2.jar
Launcher Type: SUN_STANDARD

Environment Variables:
JAVA_HOME=/Library/Java/JavaVirtualMachines/jdk1.8.0_112.jdk/Contents/Home
PATH=/Users/kansoa/Library/Android/sdk/platform-tools:/Users/kansoa/.nvm/versions/node/v8.1.2/bin:/usr/local/bin:/usr/bin:/bin:/usr/sbin:/sbin:/usr/local/munki:/Library/Apple/usr/bin:/Users/kansoa/Development/maven/bin:/Users/kansoa/Development/gradle/bin
SHELL=/bin/zsh

Signal Handlers:
SIGSEGV: [libjvm.dylib+0x5b11a5], sa_mask[0]=11111111011111110111111111111111, sa_flags=SA_ONSTACK|SA_RESTART|SA_SIGINFO
SIGBUS: [libjvm.dylib+0x5b11a5], sa_mask[0]=11111111011111110111111111111111, sa_flags=SA_RESTART|SA_SIGINFO
SIGFPE: [libjvm.dylib+0x487dc0], sa_mask[0]=11111111011111110111111111111111, sa_flags=SA_RESTART|SA_SIGINFO
SIGPIPE: [libjvm.dylib+0x487dc0], sa_mask[0]=11111111011111110111111111111111, sa_flags=SA_RESTART|SA_SIGINFO
SIGXFSZ: [libjvm.dylib+0x487dc0], sa_mask[0]=11111111011111110111111111111111, sa_flags=SA_RESTART|SA_SIGINFO
SIGILL: [libjvm.dylib+0x487dc0], sa_mask[0]=11111111011111110111111111111111, sa_flags=SA_RESTART|SA_SIGINFO
SIGUSR1: SIG_DFL, sa_mask[0]=00000000000000000000000000000000, sa_flags=SA_RESTART
SIGUSR2: [libjvm.dylib+0x4878de], sa_mask[0]=00000000000000000000000000000000, sa_flags=SA_RESTART|SA_SIGINFO
SIGHUP: [libjvm.dylib+0x485eb5], sa_mask[0]=11111111011111110111111111111111, sa_flags=SA_RESTART|SA_SIGINFO
SIGINT: [libjvm.dylib+0x485eb5], sa_mask[0]=11111111011111110111111111111111, sa_flags=SA_RESTART|SA_SIGINFO
SIGTERM: [libjvm.dylib+0x485eb5], sa_mask[0]=11111111011111110111111111111111, sa_flags=SA_RESTART|SA_SIGINFO
SIGQUIT: [libjvm.dylib+0x485eb5], sa_mask[0]=11111111011111110111111111111111, sa_flags=SA_RESTART|SA_SIGINFO


---------------  S Y S T E M  ---------------

OS:Bsduname:Darwin 19.6.0 Darwin Kernel Version 19.6.0: Sun Jul  5 00:43:10 PDT 2020; root:xnu-6153.141.1~9/RELEASE_X86_64 x86_64
rlimit: STACK 8192k, CORE 0k, NPROC 2784, NOFILE 10240, AS infinity
load average:3.35 3.12 3.26

CPU:total 8 (4 cores per cpu, 2 threads per core) family 6 model 94 stepping 3, cmov, cx8, fxsr, mmx, sse, sse2, sse3, ssse3, sse4.1, sse4.2, popcnt, avx, avx2, aes, clmul, erms, rtm, 3dnowpref, lzcnt, ht, tsc, tscinvbit, bmi1, bmi2, adx

Memory: 4k page, physical 16777216k(1112128k free)

/proc/meminfo:


vm_info: Java HotSpot(TM) 64-Bit Server VM (25.112-b16) for bsd-amd64 JRE (1.8.0_112-b16), built on Sep 30 2016 22:41:41 by "java_re" with gcc 4.2.1 (Based on Apple Inc. build 5658) (LLVM build 2336.11.00)

time: Tue Sep 15 17:12:18 2020
elapsed time: 38 seconds (0d 0h 0m 38s)

