#
# A fatal error has been detected by the Java Runtime Environment:
#
#  SIGSEGV (0xb) at pc=0x00000001019a98c1, pid=15390, tid=0x0000000000001e03
#
# JRE version: Java(TM) SE Runtime Environment (8.0_112-b16) (build 1.8.0_112-b16)
# Java VM: Java HotSpot(TM) 64-Bit Server VM (25.112-b16 mixed mode bsd-amd64 compressed oops)
# Problematic frame:
# V  [libjvm.dylib+0x1a98c1]
#
# Failed to write core dump. Core dumps have been disabled. To enable core dumping, try "ulimit -c unlimited" before starting Java again
#
# If you would like to submit a bug report, please visit:
#   http://bugreport.java.com/bugreport/crash.jsp
#

---------------  T H R E A D  ---------------

Current thread (0x00007f91c5808800):  GCTaskThread [stack: 0x0000700008a4b000,0x0000700008b4b000] [id=7683]

siginfo: si_signo: 11 (SIGSEGV), si_code: 1 (SEGV_MAPERR), si_addr: 0x00000001296048e0

Registers:
RAX=0x000000010203daa0, RBX=0x00007f91c45194a0, RCX=0x000000000006e503, RDX=0x0000000000372c01
RSP=0x0000700008b4acb0, RBP=0x0000700008b4acb0, RSI=0x00000006c1b963c8, RDI=0x00000001296048d8
R8 =0x0000000000000037, R9 =0x0000000000000d31, R10=0x0000000010000001, R11=0x0000000000002000
R12=0x000000000000001a, R13=0x00000006c1b79b68, R14=0x00000006c1b963c8, R15=0x00007f91c45194a0
RIP=0x00000001019a98c1, EFLAGS=0x0000000000010206, ERR=0x0000000000000004
  TRAPNO=0x000000000000000e

Top of Stack: (sp=0x0000700008b4acb0)
0x0000700008b4acb0:   0000700008b4ace0 0000000101ac3060
0x0000700008b4acc0:   0000700008b4acf0 00000006c1b79af0
0x0000700008b4acd0:   0000000000000200 00007f91c45194a0
0x0000700008b4ace0:   0000700008b4ad50 0000000101c79fe4
0x0000700008b4acf0:   0000000000000400 00007f91c45194a0
0x0000700008b4ad00:   0000700008b4ad30 0000000101ac308b
0x0000700008b4ad10:   0000000000000000 00007f91c45194a0
0x0000700008b4ad20:   00000007c0034ed0 00000006c1b79af0
0x0000700008b4ad30:   00000006c1b79af0 000000010203daa0
0x0000700008b4ad40:   00007f91c45194a0 00000007c0035de8
0x0000700008b4ad50:   0000700008b4ad80 0000000101c79388
0x0000700008b4ad60:   0000000000000000 00007f91c45194a0
0x0000700008b4ad70:   00007f91c45194a8 000000010203daa0
0x0000700008b4ad80:   0000700008b4ae10 0000000101cbbe80
0x0000700008b4ad90:   0000700008b4adb0 00007f91c45194e0
0x0000700008b4ada0:   00007f91c4519528 00007f91c4519560
0x0000700008b4adb0:   0000700008b4add0 000000010198d852
0x0000700008b4adc0:   00000006c1b79af0 00007f91c45194a0
0x0000700008b4add0:   0000700008b4ae10 0000000101cc3b46
0x0000700008b4ade0:   00000001020d5860 0000000000000001
0x0000700008b4adf0:   0000700008b4ae40 000000010203daa0
0x0000700008b4ae00:   00007f91c45194a0 0000700008b4ae2c
0x0000700008b4ae10:   0000700008b4ae70 0000000101cae68f
0x0000700008b4ae20:   00007f91c4b63870 3fe0a56d01a7625b
0x0000700008b4ae30:   0000000000000000 0000000000000000
0x0000700008b4ae40:   00000006c1aedbd8 00007f91c5808800
0x0000700008b4ae50:   0000000000000000 0000000101e1248e
0x0000700008b4ae60:   00007f91c4b63870 0000000000000001
0x0000700008b4ae70:   0000700008b4af50 0000000101a767d3
0x0000700008b4ae80:   0000700008b4aeb0 00007f91c4604ec0
0x0000700008b4ae90:   00007f91c4604ef0 00007f91c4604f00
0x0000700008b4aea0:   00007f91c46052d8 00000000000003d8 

Instructions: (pc=0x00000001019a98c1)
0x00000001019a98a1:   84 d2 48 89 fe 74 15 48 8d 05 f1 41 69 00 8a 48
0x00000001019a98b1:   08 8b 7e 08 48 d3 e7 48 03 38 eb 04 48 8b 7e 08
0x00000001019a98c1:   8b 47 08 85 c0 7e 09 a8 01 75 4e c1 f8 03 eb 47
0x00000001019a98d1:   85 c0 7f 43 85 c0 79 41 84 d2 0f 94 c1 0f b6 c9 

Register to memory mapping:

RAX=0x000000010203daa0: _ZN8Universe13_narrow_klassE+0 in /Library/Java/JavaVirtualMachines/jdk1.8.0_112.jdk/Contents/Home/jre/lib/server/libjvm.dylib at 0x0000000101800000
RBX=0x00007f91c45194a0 is an unknown value
RCX=0x000000000006e503 is an unknown value
RDX=0x0000000000372c01 is an unknown value
RSP=0x0000700008b4acb0 is an unknown value
RBP=0x0000700008b4acb0 is an unknown value
RSI=0x00000006c1b963c8 is pointing into object: 0x00000006c1b963c0
java.lang.String 
 - klass: 'java/lang/String'
RDI=0x00000001296048d8 is an unknown value
R8 =0x0000000000000037 is an unknown value
R9 =0x0000000000000d31 is an unknown value
R10=0x0000000010000001 is an unknown value
R11=0x0000000000002000 is an unknown value
R12=0x000000000000001a is an unknown value
R13=0x00000006c1b79b68 is pointing into object: 0x00000006c1b79af0
[Ljava.util.concurrent.ConcurrentHashMap$Node; 
 - klass: 'java/util/concurrent/ConcurrentHashMap$Node'[]
 - length: 1024
R14=0x00000006c1b963c8 is pointing into object: 0x00000006c1b963c0
java.lang.String 
 - klass: 'java/lang/String'
R15=0x00007f91c45194a0 is an unknown value


Stack: [0x0000700008a4b000,0x0000700008b4b000],  sp=0x0000700008b4acb0,  free space=1023k
Native frames: (J=compiled Java code, j=interpreted, Vv=VM code, C=native code)
V  [libjvm.dylib+0x1a98c1]
V  [libjvm.dylib+0x2c3060]
V  [libjvm.dylib+0x479fe4]
V  [libjvm.dylib+0x479388]
V  [libjvm.dylib+0x4bbe80]
V  [libjvm.dylib+0x4ae68f]
V  [libjvm.dylib+0x2767d3]
V  [libjvm.dylib+0x48a7ae]
C  [libsystem_pthread.dylib+0x6109]  _pthread_start+0x94
C  [libsystem_pthread.dylib+0x1b8b]  thread_start+0xf


---------------  P R O C E S S  ---------------

Java Threads: ( => current thread )
  0x00007f91cc8e4800 JavaThread "process reaper" daemon [_thread_blocked, id=21763, stack(0x0000700009c84000,0x0000700009cac000)]
  0x00007f91c4808800 JavaThread "Service Thread" daemon [_thread_blocked, id=15875, stack(0x0000700009a7e000,0x0000700009b7e000)]
  0x00007f91c5818000 JavaThread "C1 CompilerThread3" daemon [_thread_blocked, id=16899, stack(0x000070000997b000,0x0000700009a7b000)]
  0x00007f91c5817800 JavaThread "C2 CompilerThread2" daemon [_thread_blocked, id=17155, stack(0x0000700009878000,0x0000700009978000)]
  0x00007f91c580d800 JavaThread "C2 CompilerThread1" daemon [_thread_blocked, id=17667, stack(0x0000700009775000,0x0000700009875000)]
  0x00007f91c5076000 JavaThread "C2 CompilerThread0" daemon [_thread_blocked, id=17923, stack(0x0000700009672000,0x0000700009772000)]
  0x00007f91c5060000 JavaThread "Signal Dispatcher" daemon [_thread_blocked, id=18435, stack(0x000070000956f000,0x000070000966f000)]
  0x00007f91c6818000 JavaThread "Finalizer" daemon [_thread_blocked, id=12291, stack(0x0000700009366000,0x0000700009466000)]
  0x00007f91c6815800 JavaThread "Reference Handler" daemon [_thread_blocked, id=19971, stack(0x0000700009263000,0x0000700009363000)]
  0x00007f91c6809000 JavaThread "main" [_thread_blocked, id=4099, stack(0x0000700008845000,0x0000700008945000)]

Other Threads:
  0x00007f91c504f000 VMThread [stack: 0x0000700009160000,0x0000700009260000] [id=12035]
  0x00007f91c5067800 WatcherThread [stack: 0x0000700009b81000,0x0000700009c81000] [id=16643]

=>0x00007f91c5808800 (exited) GCTaskThread [stack: 0x0000700008a4b000,0x0000700008b4b000] [id=7683]

VM state:at safepoint (normal execution)

VM Mutex/Monitor currently owned by a thread:  ([mutex/lock_event])
[0x00007f91c4507fc0] Threads_lock - owner thread: 0x00007f91c504f000
[0x00007f91c45084c0] Heap_lock - owner thread: 0x00007f91c6809000

Heap:
 PSYoungGen      total 235520K, used 18005K [0x000000076ab00000, 0x000000077c100000, 0x00000007c0000000)
  eden space 217088K, 0% used [0x000000076ab00000,0x000000076ab00000,0x0000000777f00000)
  from space 18432K, 97% used [0x0000000777f00000,0x0000000779095438,0x0000000779100000)
  to   space 33792K, 0% used [0x000000077a000000,0x000000077a000000,0x000000077c100000)
 ParOldGen       total 235520K, used 38587K [0x00000006c0000000, 0x00000006ce600000, 0x000000076ab00000)
  object space 235520K, 16% used [0x00000006c0000000,0x00000006c25aee50,0x00000006ce600000)
 Metaspace       used 36308K, capacity 37246K, committed 37504K, reserved 1083392K
  class space    used 3803K, capacity 4113K, committed 4224K, reserved 1048576K

Card table byte_map: [0x0000000102b62000,0x0000000103363000] byte_map_base: 0x00000000ff562000

Marking Bits: (ParMarkBitMap*) 0x00000001020f0d30
 Begin Bits: [0x0000000117b50000, 0x000000011bb50000)
 End Bits:   [0x000000011bb50000, 0x000000011fb50000)

Polling page: 0x0000000100796000

CodeCache: size=245760Kb used=39185Kb max_used=40901Kb free=206574Kb
 bounds [0x0000000108b50000, 0x000000010b410000, 0x0000000117b50000]
 total_blobs=8452 nmethods=8006 adapters=358
 compilation: enabled

Compilation events (10 events):
Event: 66.129 Thread 0x00007f91c5818000 10592   !   3       java.io.Writer::write (79 bytes)
Event: 66.130 Thread 0x00007f91c5818000 nmethod 10592 0x000000010aafe650 code [0x000000010aafe7e0, 0x000000010aafee58]
Event: 66.130 Thread 0x00007f91c5818000 10593       1       org.apache.maven.execution.MavenSession::getRepositorySession (5 bytes)
Event: 66.130 Thread 0x00007f91c5818000 nmethod 10593 0x000000010ac80950 code [0x000000010ac80aa0, 0x000000010ac80bb0]
Event: 66.139 Thread 0x00007f91c5818000 10594       3       java.util.Calendar::setFieldsComputed (117 bytes)
Event: 66.139 Thread 0x00007f91c5818000 nmethod 10594 0x000000010aafdc90 code [0x000000010aafde40, 0x000000010aafe310]
Event: 66.141 Thread 0x00007f91c5818000 10595   !   3       java.io.Writer::write (52 bytes)
Event: 66.141 Thread 0x00007f91c5818000 nmethod 10595 0x0000000109225c50 code [0x0000000109225de0, 0x00000001092262c8]
Event: 66.141 Thread 0x00007f91c5818000 10596       3       org.slf4j.impl.SimpleLogger::info (9 bytes)
Event: 66.142 Thread 0x00007f91c5818000 nmethod 10596 0x000000010ac80590 code [0x000000010ac80700, 0x000000010ac808a8]

GC Heap History (10 events):
Event: 51.597 GC heap after
Heap after GC invocations=15 (full 2):
 PSYoungGen      total 170496K, used 9361K [0x000000076ab00000, 0x0000000779300000, 0x00000007c0000000)
  eden space 136192K, 0% used [0x000000076ab00000,0x000000076ab00000,0x0000000773000000)
  from space 34304K, 27% used [0x0000000773000000,0x0000000773924640,0x0000000775180000)
  to   space 34304K, 0% used [0x0000000777180000,0x0000000777180000,0x0000000779300000)
 ParOldGen       total 235520K, used 38555K [0x00000006c0000000, 0x00000006ce600000, 0x000000076ab00000)
  object space 235520K, 16% used [0x00000006c0000000,0x00000006c25a6e50,0x00000006ce600000)
 Metaspace       used 33993K, capacity 34936K, committed 35496K, reserved 1081344K
  class space    used 3480K, capacity 3772K, committed 4096K, reserved 1048576K
}
Event: 52.412 GC heap before
{Heap before GC invocations=16 (full 2):
 PSYoungGen      total 170496K, used 145553K [0x000000076ab00000, 0x0000000779300000, 0x00000007c0000000)
  eden space 136192K, 100% used [0x000000076ab00000,0x0000000773000000,0x0000000773000000)
  from space 34304K, 27% used [0x0000000773000000,0x0000000773924640,0x0000000775180000)
  to   space 34304K, 0% used [0x0000000777180000,0x0000000777180000,0x0000000779300000)
 ParOldGen       total 235520K, used 38555K [0x00000006c0000000, 0x00000006ce600000, 0x000000076ab00000)
  object space 235520K, 16% used [0x00000006c0000000,0x00000006c25a6e50,0x00000006ce600000)
 Metaspace       used 34105K, capacity 35000K, committed 35496K, reserved 1081344K
  class space    used 3483K, capacity 3772K, committed 4096K, reserved 1048576K
Event: 52.428 GC heap after
Heap after GC invocations=16 (full 2):
 PSYoungGen      total 204288K, used 19377K [0x000000076ab00000, 0x0000000779580000, 0x00000007c0000000)
  eden space 169984K, 0% used [0x000000076ab00000,0x000000076ab00000,0x0000000775100000)
  from space 34304K, 56% used [0x0000000777180000,0x000000077846c640,0x0000000779300000)
  to   space 33280K, 0% used [0x0000000775100000,0x0000000775100000,0x0000000777180000)
 ParOldGen       total 235520K, used 38563K [0x00000006c0000000, 0x00000006ce600000, 0x000000076ab00000)
  object space 235520K, 16% used [0x00000006c0000000,0x00000006c25a8e50,0x00000006ce600000)
 Metaspace       used 34105K, capacity 35000K, committed 35496K, reserved 1081344K
  class space    used 3483K, capacity 3772K, committed 4096K, reserved 1048576K
}
Event: 53.151 GC heap before
{Heap before GC invocations=17 (full 2):
 PSYoungGen      total 204288K, used 189361K [0x000000076ab00000, 0x0000000779580000, 0x00000007c0000000)
  eden space 169984K, 100% used [0x000000076ab00000,0x0000000775100000,0x0000000775100000)
  from space 34304K, 56% used [0x0000000777180000,0x000000077846c640,0x0000000779300000)
  to   space 33280K, 0% used [0x0000000775100000,0x0000000775100000,0x0000000777180000)
 ParOldGen       total 235520K, used 38563K [0x00000006c0000000, 0x00000006ce600000, 0x000000076ab00000)
  object space 235520K, 16% used [0x00000006c0000000,0x00000006c25a8e50,0x00000006ce600000)
 Metaspace       used 34132K, capacity 35128K, committed 35752K, reserved 1081344K
  class space    used 3484K, capacity 3772K, committed 4096K, reserved 1048576K
Event: 53.165 GC heap after
Heap after GC invocations=17 (full 2):
 PSYoungGen      total 203264K, used 31377K [0x000000076ab00000, 0x000000077c980000, 0x00000007c0000000)
  eden space 169984K, 0% used [0x000000076ab00000,0x000000076ab00000,0x0000000775100000)
  from space 33280K, 94% used [0x0000000775100000,0x0000000776fa4640,0x0000000777180000)
  to   space 36352K, 0% used [0x000000077a600000,0x000000077a600000,0x000000077c980000)
 ParOldGen       total 235520K, used 38571K [0x00000006c0000000, 0x00000006ce600000, 0x000000076ab00000)
  object space 235520K, 16% used [0x00000006c0000000,0x00000006c25aae50,0x00000006ce600000)
 Metaspace       used 34132K, capacity 35128K, committed 35752K, reserved 1081344K
  class space    used 3484K, capacity 3772K, committed 4096K, reserved 1048576K
}
Event: 55.841 GC heap before
{Heap before GC invocations=18 (full 2):
 PSYoungGen      total 203264K, used 201361K [0x000000076ab00000, 0x000000077c980000, 0x00000007c0000000)
  eden space 169984K, 100% used [0x000000076ab00000,0x0000000775100000,0x0000000775100000)
  from space 33280K, 94% used [0x0000000775100000,0x0000000776fa4640,0x0000000777180000)
  to   space 36352K, 0% used [0x000000077a600000,0x000000077a600000,0x000000077c980000)
 ParOldGen       total 235520K, used 38571K [0x00000006c0000000, 0x00000006ce600000, 0x000000076ab00000)
  object space 235520K, 16% used [0x00000006c0000000,0x00000006c25aae50,0x00000006ce600000)
 Metaspace       used 34163K, capacity 35128K, committed 35752K, reserved 1081344K
  class space    used 3486K, capacity 3772K, committed 4096K, reserved 1048576K
Event: 55.858 GC heap after
Heap after GC invocations=18 (full 2):
 PSYoungGen      total 246784K, used 20069K [0x000000076ab00000, 0x000000077c300000, 0x00000007c0000000)
  eden space 217088K, 0% used [0x000000076ab00000,0x000000076ab00000,0x0000000777f00000)
  from space 29696K, 67% used [0x000000077a600000,0x000000077b999648,0x000000077c300000)
  to   space 34816K, 0% used [0x0000000777f00000,0x0000000777f00000,0x000000077a100000)
 ParOldGen       total 235520K, used 38579K [0x00000006c0000000, 0x00000006ce600000, 0x000000076ab00000)
  object space 235520K, 16% used [0x00000006c0000000,0x00000006c25ace50,0x00000006ce600000)
 Metaspace       used 34163K, capacity 35128K, committed 35752K, reserved 1081344K
  class space    used 3486K, capacity 3772K, committed 4096K, reserved 1048576K
}
Event: 66.142 GC heap before
{Heap before GC invocations=19 (full 2):
 PSYoungGen      total 246784K, used 84586K [0x000000076ab00000, 0x000000077c300000, 0x00000007c0000000)
  eden space 217088K, 29% used [0x000000076ab00000,0x000000076ea01430,0x0000000777f00000)
  from space 29696K, 67% used [0x000000077a600000,0x000000077b999648,0x000000077c300000)
  to   space 34816K, 0% used [0x0000000777f00000,0x0000000777f00000,0x000000077a100000)
 ParOldGen       total 235520K, used 38579K [0x00000006c0000000, 0x00000006ce600000, 0x000000076ab00000)
  object space 235520K, 16% used [0x00000006c0000000,0x00000006c25ace50,0x00000006ce600000)
 Metaspace       used 36308K, capacity 37246K, committed 37504K, reserved 1083392K
  class space    used 3803K, capacity 4113K, committed 4224K, reserved 1048576K
Event: 66.154 GC heap after
Heap after GC invocations=19 (full 2):
 PSYoungGen      total 235520K, used 18005K [0x000000076ab00000, 0x000000077c100000, 0x00000007c0000000)
  eden space 217088K, 0% used [0x000000076ab00000,0x000000076ab00000,0x0000000777f00000)
  from space 18432K, 97% used [0x0000000777f00000,0x0000000779095438,0x0000000779100000)
  to   space 33792K, 0% used [0x000000077a000000,0x000000077a000000,0x000000077c100000)
 ParOldGen       total 235520K, used 38587K [0x00000006c0000000, 0x00000006ce600000, 0x000000076ab00000)
  object space 235520K, 16% used [0x00000006c0000000,0x00000006c25aee50,0x00000006ce600000)
 Metaspace       used 36308K, capacity 37246K, committed 37504K, reserved 1083392K
  class space    used 3803K, capacity 4113K, committed 4224K, reserved 1048576K
}
Event: 66.154 GC heap before
{Heap before GC invocations=20 (full 3):
 PSYoungGen      total 235520K, used 18005K [0x000000076ab00000, 0x000000077c100000, 0x00000007c0000000)
  eden space 217088K, 0% used [0x000000076ab00000,0x000000076ab00000,0x0000000777f00000)
  from space 18432K, 97% used [0x0000000777f00000,0x0000000779095438,0x0000000779100000)
  to   space 33792K, 0% used [0x000000077a000000,0x000000077a000000,0x000000077c100000)
 ParOldGen       total 235520K, used 38587K [0x00000006c0000000, 0x00000006ce600000, 0x000000076ab00000)
  object space 235520K, 16% used [0x00000006c0000000,0x00000006c25aee50,0x00000006ce600000)
 Metaspace       used 36308K, capacity 37246K, committed 37504K, reserved 1083392K
  class space    used 3803K, capacity 4113K, committed 4224K, reserved 1048576K

Deoptimization events (10 events):
Event: 61.013 Thread 0x00007f91c6809000 Uncommon trap: reason=unstable_if action=reinterpret pc=0x000000010a96a674 method=org.codehaus.plexus.util.SelectorUtils.matchAntPathPattern([Ljava/lang/String;[Ljava/lang/String;Z)Z @ 27
Event: 61.769 Thread 0x00007f91c6809000 Uncommon trap: reason=unstable_if action=reinterpret pc=0x000000010ac9209c method=sun.util.calendar.BaseCalendar.getCalendarDateFromFixedDate(Lsun/util/calendar/CalendarDate;J)V @ 74
Event: 65.922 Thread 0x00007f91c6809000 Uncommon trap: reason=bimorphic action=maybe_recompile pc=0x0000000108ea9448 method=java.util.Hashtable.get(Ljava/lang/Object;)Ljava/lang/Object; @ 6
Event: 65.922 Thread 0x00007f91c6809000 Uncommon trap: reason=bimorphic action=maybe_recompile pc=0x0000000108ea9448 method=java.util.Hashtable.get(Ljava/lang/Object;)Ljava/lang/Object; @ 6
Event: 65.922 Thread 0x00007f91c6809000 Uncommon trap: reason=bimorphic action=maybe_recompile pc=0x0000000108ea9448 method=java.util.Hashtable.get(Ljava/lang/Object;)Ljava/lang/Object; @ 6
Event: 65.922 Thread 0x00007f91c6809000 Uncommon trap: reason=bimorphic action=maybe_recompile pc=0x0000000108ea9448 method=java.util.Hashtable.get(Ljava/lang/Object;)Ljava/lang/Object; @ 6
Event: 66.142 Thread 0x00007f91c6809000 Uncommon trap: reason=class_check action=maybe_recompile pc=0x0000000108e01d80 method=java.lang.AbstractStringBuilder.append(Ljava/lang/CharSequence;)Ljava/lang/AbstractStringBuilder; @ 37
Event: 66.142 Thread 0x00007f91c6809000 Uncommon trap: reason=class_check action=maybe_recompile pc=0x0000000108e01d80 method=java.lang.AbstractStringBuilder.append(Ljava/lang/CharSequence;)Ljava/lang/AbstractStringBuilder; @ 37
Event: 66.142 Thread 0x00007f91c6809000 Uncommon trap: reason=class_check action=maybe_recompile pc=0x0000000108e01d80 method=java.lang.AbstractStringBuilder.append(Ljava/lang/CharSequence;)Ljava/lang/AbstractStringBuilder; @ 37
Event: 66.142 Thread 0x00007f91c6809000 Uncommon trap: reason=class_check action=maybe_recompile pc=0x0000000108e01d80 method=java.lang.AbstractStringBuilder.append(Ljava/lang/CharSequence;)Ljava/lang/AbstractStringBuilder; @ 37

Internal exceptions (10 events):
Event: 66.130 Thread 0x00007f91c6809000 Implicit null exception at 0x000000010abf95fb to 0x000000010abfa9f0
Event: 66.130 Thread 0x00007f91c6809000 Exception <a 'java/lang/NullPointerException'> (0x000000076e78b0a0) thrown at [/Users/java_re/workspace/8-2-build-macosx-x86_64/jdk8u112/7935/hotspot/src/share/vm/runtime/sharedRuntime.cpp, line 605]
Event: 66.130 Thread 0x00007f91c6809000 Implicit null exception at 0x000000010abf95fb to 0x000000010abfa9f0
Event: 66.130 Thread 0x00007f91c6809000 Exception <a 'java/lang/NullPointerException'> (0x000000076e78b4a0) thrown at [/Users/java_re/workspace/8-2-build-macosx-x86_64/jdk8u112/7935/hotspot/src/share/vm/runtime/sharedRuntime.cpp, line 605]
Event: 66.130 Thread 0x00007f91c6809000 Implicit null exception at 0x000000010abf95fb to 0x000000010abfa9f0
Event: 66.130 Thread 0x00007f91c6809000 Exception <a 'java/lang/NullPointerException'> (0x000000076e78bf78) thrown at [/Users/java_re/workspace/8-2-build-macosx-x86_64/jdk8u112/7935/hotspot/src/share/vm/runtime/sharedRuntime.cpp, line 605]
Event: 66.130 Thread 0x00007f91c6809000 Implicit null exception at 0x000000010abf95fb to 0x000000010abfa9f0
Event: 66.130 Thread 0x00007f91c6809000 Exception <a 'java/lang/NullPointerException'> (0x000000076e78c378) thrown at [/Users/java_re/workspace/8-2-build-macosx-x86_64/jdk8u112/7935/hotspot/src/share/vm/runtime/sharedRuntime.cpp, line 605]
Event: 66.130 Thread 0x00007f91c6809000 Implicit null exception at 0x000000010abf95fb to 0x000000010abfa9f0
Event: 66.130 Thread 0x00007f91c6809000 Exception <a 'java/lang/NullPointerException'> (0x000000076e78c778) thrown at [/Users/java_re/workspace/8-2-build-macosx-x86_64/jdk8u112/7935/hotspot/src/share/vm/runtime/sharedRuntime.cpp, line 605]

Events (10 events):
Event: 66.142 Thread 0x00007f91c6809000 Uncommon trap: trap_request=0xffffffde fr.pc=0x0000000108e01d80
Event: 66.142 Thread 0x00007f91c6809000 DEOPT PACKING pc=0x0000000108e01d80 sp=0x00007000089433f0
Event: 66.142 Thread 0x00007f91c6809000 DEOPT UNPACKING pc=0x0000000108b55229 sp=0x00007000089433d0 mode 2
Event: 66.142 Thread 0x00007f91c6809000 Uncommon trap: trap_request=0xffffffde fr.pc=0x0000000108e01d80
Event: 66.142 Thread 0x00007f91c6809000 DEOPT PACKING pc=0x0000000108e01d80 sp=0x00007000089433f0
Event: 66.142 Thread 0x00007f91c6809000 DEOPT UNPACKING pc=0x0000000108b55229 sp=0x00007000089433d0 mode 2
Event: 66.142 Thread 0x00007f91c6809000 Uncommon trap: trap_request=0xffffffde fr.pc=0x0000000108e01d80
Event: 66.142 Thread 0x00007f91c6809000 DEOPT PACKING pc=0x0000000108e01d80 sp=0x00007000089433f0
Event: 66.142 Thread 0x00007f91c6809000 DEOPT UNPACKING pc=0x0000000108b55229 sp=0x00007000089433d0 mode 2
Event: 66.142 Executing VM operation: ParallelGCSystemGC


Dynamic libraries:
0x000000000739f000 	/System/Library/Frameworks/Cocoa.framework/Versions/A/Cocoa
0x000000000739f000 	/System/Library/Frameworks/Security.framework/Versions/A/Security
0x000000000739f000 	/System/Library/Frameworks/ApplicationServices.framework/Versions/A/ApplicationServices
0x000000000739f000 	/usr/lib/libz.1.dylib
0x000000000739f000 	/usr/lib/libSystem.B.dylib
0x000000000739f000 	/usr/lib/libobjc.A.dylib
0x000000000739f000 	/System/Library/Frameworks/CoreFoundation.framework/Versions/A/CoreFoundation
0x000000000739f000 	/System/Library/Frameworks/Foundation.framework/Versions/C/Foundation
0x000000000739f000 	/System/Library/Frameworks/AppKit.framework/Versions/C/AppKit
0x000000000739f000 	/System/Library/Frameworks/CoreData.framework/Versions/A/CoreData
0x000000000739f000 	/System/Library/PrivateFrameworks/UIFoundation.framework/Versions/A/UIFoundation
0x000000000739f000 	/System/Library/PrivateFrameworks/RemoteViewServices.framework/Versions/A/RemoteViewServices
0x000000000739f000 	/System/Library/PrivateFrameworks/XCTTargetBootstrap.framework/Versions/A/XCTTargetBootstrap
0x000000000739f000 	/System/Library/Frameworks/CoreDisplay.framework/Versions/A/CoreDisplay
0x000000000739f000 	/System/Library/Frameworks/Metal.framework/Versions/A/Metal
0x000000000739f000 	/System/Library/PrivateFrameworks/DesktopServicesPriv.framework/Versions/A/DesktopServicesPriv
0x000000000739f000 	/usr/lib/liblangid.dylib
0x000000000739f000 	/System/Library/PrivateFrameworks/CoreSVG.framework/Versions/A/CoreSVG
0x000000000739f000 	/System/Library/PrivateFrameworks/SkyLight.framework/Versions/A/SkyLight
0x000000000739f000 	/System/Library/Frameworks/CoreGraphics.framework/Versions/A/CoreGraphics
0x000000000739f000 	/System/Library/Frameworks/Accelerate.framework/Versions/A/Accelerate
0x000000000739f000 	/usr/lib/libxml2.2.dylib
0x000000000739f000 	/System/Library/PrivateFrameworks/IconServices.framework/Versions/A/IconServices
0x000000000739f000 	/System/Library/Frameworks/IOSurface.framework/Versions/A/IOSurface
0x000000000739f000 	/usr/lib/libDiagnosticMessagesClient.dylib
0x000000000739f000 	/System/Library/PrivateFrameworks/DFRFoundation.framework/Versions/A/DFRFoundation
0x000000000739f000 	/usr/lib/libicucore.A.dylib
0x000000000739f000 	/System/Library/Frameworks/AudioToolbox.framework/Versions/A/AudioToolbox
0x000000000739f000 	/System/Library/Frameworks/AudioUnit.framework/Versions/A/AudioUnit
0x000000000739f000 	/usr/lib/libauto.dylib
0x000000000739f000 	/System/Library/PrivateFrameworks/DataDetectorsCore.framework/Versions/A/DataDetectorsCore
0x000000000739f000 	/System/Library/Frameworks/Carbon.framework/Versions/A/Frameworks/HIToolbox.framework/Versions/A/HIToolbox
0x000000000739f000 	/System/Library/Frameworks/QuartzCore.framework/Versions/A/QuartzCore
0x000000000739f000 	/System/Library/Frameworks/Carbon.framework/Versions/A/Frameworks/SpeechRecognition.framework/Versions/A/SpeechRecognition
0x000000000739f000 	/System/Library/PrivateFrameworks/CoreUI.framework/Versions/A/CoreUI
0x000000000739f000 	/System/Library/Frameworks/CoreAudio.framework/Versions/A/CoreAudio
0x000000000739f000 	/System/Library/Frameworks/DiskArbitration.framework/Versions/A/DiskArbitration
0x000000000739f000 	/System/Library/PrivateFrameworks/MultitouchSupport.framework/Versions/A/MultitouchSupport
0x000000000739f000 	/usr/lib/libenergytrace.dylib
0x000000000739f000 	/System/Library/Frameworks/IOKit.framework/Versions/A/IOKit
0x000000000739f000 	/System/Library/Frameworks/CoreServices.framework/Versions/A/CoreServices
0x000000000739f000 	/System/Library/PrivateFrameworks/PerformanceAnalysis.framework/Versions/A/PerformanceAnalysis
0x000000000739f000 	/System/Library/Frameworks/OpenGL.framework/Versions/A/OpenGL
0x000000000739f000 	/System/Library/Frameworks/ColorSync.framework/Versions/A/ColorSync
0x000000000739f000 	/System/Library/Frameworks/CoreImage.framework/Versions/A/CoreImage
0x000000000739f000 	/System/Library/Frameworks/CoreText.framework/Versions/A/CoreText
0x000000000739f000 	/System/Library/Frameworks/ImageIO.framework/Versions/A/ImageIO
0x000000000739f000 	/usr/lib/libc++.1.dylib
0x000000000739f000 	/usr/lib/libcompression.dylib
0x000000000739f000 	/usr/lib/libMobileGestalt.dylib
0x000000000739f000 	/System/Library/PrivateFrameworks/TextureIO.framework/Versions/A/TextureIO
0x000000000739f000 	/usr/lib/libate.dylib
0x000000000739f000 	/System/Library/PrivateFrameworks/InternationalSupport.framework/Versions/A/InternationalSupport
0x000000000739f000 	/usr/lib/system/libcache.dylib
0x000000000739f000 	/usr/lib/system/libcommonCrypto.dylib
0x000000000739f000 	/usr/lib/system/libcompiler_rt.dylib
0x000000000739f000 	/usr/lib/system/libcopyfile.dylib
0x000000000739f000 	/usr/lib/system/libcorecrypto.dylib
0x000000000739f000 	/usr/lib/system/libdispatch.dylib
0x000000000739f000 	/usr/lib/system/libdyld.dylib
0x000000000739f000 	/usr/lib/system/libkeymgr.dylib
0x000000000739f000 	/usr/lib/system/liblaunch.dylib
0x000000000739f000 	/usr/lib/system/libmacho.dylib
0x000000000739f000 	/usr/lib/system/libquarantine.dylib
0x000000000739f000 	/usr/lib/system/libremovefile.dylib
0x000000000739f000 	/usr/lib/system/libsystem_asl.dylib
0x000000000739f000 	/usr/lib/system/libsystem_blocks.dylib
0x000000000739f000 	/usr/lib/system/libsystem_c.dylib
0x000000000739f000 	/usr/lib/system/libsystem_configuration.dylib
0x000000000739f000 	/usr/lib/system/libsystem_coreservices.dylib
0x000000000739f000 	/usr/lib/system/libsystem_darwin.dylib
0x000000000739f000 	/usr/lib/system/libsystem_dnssd.dylib
0x000000000739f000 	/usr/lib/system/libsystem_featureflags.dylib
0x000000000739f000 	/usr/lib/system/libsystem_info.dylib
0x000000000739f000 	/usr/lib/system/libsystem_m.dylib
0x000000000739f000 	/usr/lib/system/libsystem_malloc.dylib
0x000000000739f000 	/usr/lib/system/libsystem_networkextension.dylib
0x000000000739f000 	/usr/lib/system/libsystem_notify.dylib
0x000000000739f000 	/usr/lib/system/libsystem_sandbox.dylib
0x000000000739f000 	/usr/lib/system/libsystem_secinit.dylib
0x000000000739f000 	/usr/lib/system/libsystem_kernel.dylib
0x000000000739f000 	/usr/lib/system/libsystem_platform.dylib
0x000000000739f000 	/usr/lib/system/libsystem_pthread.dylib
0x000000000739f000 	/usr/lib/system/libsystem_symptoms.dylib
0x000000000739f000 	/usr/lib/system/libsystem_trace.dylib
0x000000000739f000 	/usr/lib/system/libunwind.dylib
0x000000000739f000 	/usr/lib/system/libxpc.dylib
0x000000000739f000 	/usr/lib/libc++abi.dylib
0x000000000739f000 	/usr/lib/liblzma.5.dylib
0x000000000739f000 	/usr/lib/libfakelink.dylib
0x000000000739f000 	/usr/lib/libarchive.2.dylib
0x000000000739f000 	/System/Library/Frameworks/SystemConfiguration.framework/Versions/A/SystemConfiguration
0x000000000739f000 	/usr/lib/libCRFSuite.dylib
0x000000000739f000 	/System/Library/Frameworks/CFNetwork.framework/Versions/A/CFNetwork
0x000000000739f000 	/usr/lib/libbsm.0.dylib
0x000000000739f000 	/usr/lib/system/libkxld.dylib
0x000000000739f000 	/System/Library/PrivateFrameworks/AppleFSCompression.framework/Versions/A/AppleFSCompression
0x000000000739f000 	/usr/lib/libcoretls.dylib
0x000000000739f000 	/usr/lib/libcoretls_cfhelpers.dylib
0x000000000739f000 	/usr/lib/libpam.2.dylib
0x000000000739f000 	/usr/lib/libsqlite3.dylib
0x000000000739f000 	/usr/lib/libxar.1.dylib
0x000000000739f000 	/usr/lib/libbz2.1.0.dylib
0x000000000739f000 	/usr/lib/libiconv.2.dylib
0x000000000739f000 	/usr/lib/libcharset.1.dylib
0x000000000739f000 	/usr/lib/libnetwork.dylib
0x000000000739f000 	/usr/lib/libpcap.A.dylib
0x000000000739f000 	/usr/lib/libapple_nghttp2.dylib
0x000000000739f000 	/System/Library/Frameworks/CoreServices.framework/Versions/A/Frameworks/FSEvents.framework/Versions/A/FSEvents
0x000000000739f000 	/System/Library/Frameworks/CoreServices.framework/Versions/A/Frameworks/CarbonCore.framework/Versions/A/CarbonCore
0x000000000739f000 	/System/Library/Frameworks/CoreServices.framework/Versions/A/Frameworks/Metadata.framework/Versions/A/Metadata
0x000000000739f000 	/System/Library/Frameworks/CoreServices.framework/Versions/A/Frameworks/OSServices.framework/Versions/A/OSServices
0x000000000739f000 	/System/Library/Frameworks/CoreServices.framework/Versions/A/Frameworks/SearchKit.framework/Versions/A/SearchKit
0x000000000739f000 	/System/Library/Frameworks/CoreServices.framework/Versions/A/Frameworks/AE.framework/Versions/A/AE
0x000000000739f000 	/System/Library/Frameworks/CoreServices.framework/Versions/A/Frameworks/LaunchServices.framework/Versions/A/LaunchServices
0x000000000739f000 	/System/Library/Frameworks/CoreServices.framework/Versions/A/Frameworks/DictionaryServices.framework/Versions/A/DictionaryServices
0x000000000739f000 	/System/Library/Frameworks/CoreServices.framework/Versions/A/Frameworks/SharedFileList.framework/Versions/A/SharedFileList
0x000000000739f000 	/System/Library/Frameworks/NetFS.framework/Versions/A/NetFS
0x000000000739f000 	/System/Library/PrivateFrameworks/NetAuth.framework/Versions/A/NetAuth
0x000000000739f000 	/System/Library/PrivateFrameworks/login.framework/Versions/A/Frameworks/loginsupport.framework/Versions/A/loginsupport
0x000000000739f000 	/System/Library/PrivateFrameworks/TCC.framework/Versions/A/TCC
0x000000000739f000 	/System/Library/PrivateFrameworks/CoreNLP.framework/Versions/A/CoreNLP
0x000000000739f000 	/System/Library/PrivateFrameworks/MetadataUtilities.framework/Versions/A/MetadataUtilities
0x000000000739f000 	/usr/lib/libmecabra.dylib
0x000000000739f000 	/usr/lib/libmecab.dylib
0x000000000739f000 	/usr/lib/libgermantok.dylib
0x000000000739f000 	/usr/lib/libThaiTokenizer.dylib
0x000000000739f000 	/usr/lib/libChineseTokenizer.dylib
0x000000000739f000 	/System/Library/Frameworks/Accelerate.framework/Versions/A/Frameworks/vImage.framework/Versions/A/vImage
0x000000000739f000 	/System/Library/Frameworks/Accelerate.framework/Versions/A/Frameworks/vecLib.framework/Versions/A/vecLib
0x000000000739f000 	/System/Library/Frameworks/Accelerate.framework/Versions/A/Frameworks/vecLib.framework/Versions/A/libvMisc.dylib
0x000000000739f000 	/System/Library/Frameworks/Accelerate.framework/Versions/A/Frameworks/vecLib.framework/Versions/A/libvDSP.dylib
0x000000000739f000 	/System/Library/Frameworks/Accelerate.framework/Versions/A/Frameworks/vecLib.framework/Versions/A/libBLAS.dylib
0x000000000739f000 	/System/Library/Frameworks/Accelerate.framework/Versions/A/Frameworks/vecLib.framework/Versions/A/libLAPACK.dylib
0x000000000739f000 	/System/Library/Frameworks/Accelerate.framework/Versions/A/Frameworks/vecLib.framework/Versions/A/libLinearAlgebra.dylib
0x000000000739f000 	/System/Library/Frameworks/Accelerate.framework/Versions/A/Frameworks/vecLib.framework/Versions/A/libSparseBLAS.dylib
0x000000000739f000 	/System/Library/Frameworks/Accelerate.framework/Versions/A/Frameworks/vecLib.framework/Versions/A/libQuadrature.dylib
0x000000000739f000 	/System/Library/Frameworks/Accelerate.framework/Versions/A/Frameworks/vecLib.framework/Versions/A/libBNNS.dylib
0x000000000739f000 	/System/Library/Frameworks/Accelerate.framework/Versions/A/Frameworks/vecLib.framework/Versions/A/libSparse.dylib
0x000000000739f000 	/System/Library/PrivateFrameworks/LanguageModeling.framework/Versions/A/LanguageModeling
0x000000000739f000 	/System/Library/PrivateFrameworks/CoreEmoji.framework/Versions/A/CoreEmoji
0x000000000739f000 	/System/Library/PrivateFrameworks/LinguisticData.framework/Versions/A/LinguisticData
0x000000000739f000 	/System/Library/PrivateFrameworks/Lexicon.framework/Versions/A/Lexicon
0x000000000739f000 	/usr/lib/libcmph.dylib
0x000000000739f000 	/System/Library/Frameworks/OpenDirectory.framework/Versions/A/Frameworks/CFOpenDirectory.framework/Versions/A/CFOpenDirectory
0x000000000739f000 	/System/Library/Frameworks/OpenDirectory.framework/Versions/A/OpenDirectory
0x000000000739f000 	/System/Library/PrivateFrameworks/APFS.framework/Versions/A/APFS
0x000000000739f000 	/System/Library/Frameworks/SecurityFoundation.framework/Versions/A/SecurityFoundation
0x000000000739f000 	/usr/lib/libutil.dylib
0x000000000739f000 	/System/Library/PrivateFrameworks/CoreServicesStore.framework/Versions/A/CoreServicesStore
0x000000000739f000 	/System/Library/Frameworks/ServiceManagement.framework/Versions/A/ServiceManagement
0x000000000739f000 	/System/Library/PrivateFrameworks/BackgroundTaskManagement.framework/Versions/A/BackgroundTaskManagement
0x000000000739f000 	/usr/lib/libxslt.1.dylib
0x000000000739f000 	/System/Library/PrivateFrameworks/AppleSystemInfo.framework/Versions/A/AppleSystemInfo
0x000000000739f000 	/System/Library/Frameworks/ImageIO.framework/Versions/A/Resources/libJPEG.dylib
0x000000000739f000 	/System/Library/Frameworks/ImageIO.framework/Versions/A/Resources/libTIFF.dylib
0x000000000739f000 	/System/Library/Frameworks/ImageIO.framework/Versions/A/Resources/libPng.dylib
0x000000000739f000 	/System/Library/Frameworks/ImageIO.framework/Versions/A/Resources/libGIF.dylib
0x000000000739f000 	/System/Library/Frameworks/ImageIO.framework/Versions/A/Resources/libJP2.dylib
0x000000000739f000 	/System/Library/Frameworks/ImageIO.framework/Versions/A/Resources/libRadiance.dylib
0x000000000739f000 	/usr/lib/libexpat.1.dylib
0x000000000739f000 	/System/Library/PrivateFrameworks/AppleJPEG.framework/Versions/A/AppleJPEG
0x000000000739f000 	/System/Library/PrivateFrameworks/FontServices.framework/libFontParser.dylib
0x000000000739f000 	/System/Library/PrivateFrameworks/WatchdogClient.framework/Versions/A/WatchdogClient
0x000000000739f000 	/System/Library/PrivateFrameworks/IOAccelerator.framework/Versions/A/IOAccelerator
0x000000000739f000 	/System/Library/Frameworks/MetalPerformanceShaders.framework/Versions/A/MetalPerformanceShaders
0x000000000739f000 	/System/Library/PrivateFrameworks/GPUWrangler.framework/Versions/A/GPUWrangler
0x000000000739f000 	/System/Library/PrivateFrameworks/IOPresentment.framework/Versions/A/IOPresentment
0x000000000739f000 	/System/Library/PrivateFrameworks/DSExternalDisplay.framework/Versions/A/DSExternalDisplay
0x000000000739f000 	/System/Library/Frameworks/OpenGL.framework/Versions/A/Libraries/libCoreFSCache.dylib
0x000000000739f000 	/System/Library/Frameworks/MetalPerformanceShaders.framework/Frameworks/MPSCore.framework/Versions/A/MPSCore
0x000000000739f000 	/System/Library/Frameworks/MetalPerformanceShaders.framework/Frameworks/MPSImage.framework/Versions/A/MPSImage
0x000000000739f000 	/System/Library/Frameworks/MetalPerformanceShaders.framework/Frameworks/MPSNeuralNetwork.framework/Versions/A/MPSNeuralNetwork
0x000000000739f000 	/System/Library/Frameworks/MetalPerformanceShaders.framework/Frameworks/MPSMatrix.framework/Versions/A/MPSMatrix
0x000000000739f000 	/System/Library/Frameworks/MetalPerformanceShaders.framework/Frameworks/MPSRayIntersector.framework/Versions/A/MPSRayIntersector
0x000000000739f000 	/System/Library/Frameworks/MetalPerformanceShaders.framework/Frameworks/MPSNDArray.framework/Versions/A/MPSNDArray
0x000000000739f000 	/System/Library/PrivateFrameworks/MetalTools.framework/Versions/A/MetalTools
0x000000000739f000 	/System/Library/PrivateFrameworks/AggregateDictionary.framework/Versions/A/AggregateDictionary
0x000000000739f000 	/System/Library/PrivateFrameworks/CoreAnalytics.framework/Versions/A/CoreAnalytics
0x000000000739f000 	/System/Library/PrivateFrameworks/AppleSauce.framework/Versions/A/AppleSauce
0x000000000739f000 	/usr/lib/libIOReport.dylib
0x000000000739f000 	/System/Library/Frameworks/CoreVideo.framework/Versions/A/CoreVideo
0x000000000739f000 	/System/Library/PrivateFrameworks/GraphVisualizer.framework/Versions/A/GraphVisualizer
0x000000000739f000 	/System/Library/PrivateFrameworks/FaceCore.framework/Versions/A/FaceCore
0x000000000739f000 	/System/Library/Frameworks/OpenCL.framework/Versions/A/OpenCL
0x000000000739f000 	/usr/lib/libFosl_dynamic.dylib
0x000000000739f000 	/System/Library/PrivateFrameworks/OTSVG.framework/Versions/A/OTSVG
0x000000000739f000 	/System/Library/Frameworks/ApplicationServices.framework/Versions/A/Frameworks/ATS.framework/Versions/A/Resources/libFontRegistry.dylib
0x000000000739f000 	/System/Library/PrivateFrameworks/FontServices.framework/libhvf.dylib
0x000000000739f000 	/System/Library/Frameworks/OpenGL.framework/Versions/A/Libraries/libGFXShared.dylib
0x000000000739f000 	/System/Library/Frameworks/OpenGL.framework/Versions/A/Libraries/libGLU.dylib
0x000000000739f000 	/System/Library/Frameworks/OpenGL.framework/Versions/A/Libraries/libGL.dylib
0x000000000739f000 	/System/Library/Frameworks/OpenGL.framework/Versions/A/Libraries/libGLImage.dylib
0x000000000739f000 	/System/Library/Frameworks/OpenGL.framework/Versions/A/Libraries/libCVMSPluginSupport.dylib
0x000000000739f000 	/System/Library/Frameworks/OpenGL.framework/Versions/A/Libraries/libCoreVMClient.dylib
0x000000000739f000 	/usr/lib/libncurses.5.4.dylib
0x000000000739f000 	/System/Library/Frameworks/ApplicationServices.framework/Versions/A/Frameworks/ATS.framework/Versions/A/ATS
0x000000000739f000 	/System/Library/Frameworks/ApplicationServices.framework/Versions/A/Frameworks/ColorSyncLegacy.framework/Versions/A/ColorSyncLegacy
0x000000000739f000 	/System/Library/Frameworks/ApplicationServices.framework/Versions/A/Frameworks/HIServices.framework/Versions/A/HIServices
0x000000000739f000 	/System/Library/Frameworks/ApplicationServices.framework/Versions/A/Frameworks/LangAnalysis.framework/Versions/A/LangAnalysis
0x000000000739f000 	/System/Library/Frameworks/ApplicationServices.framework/Versions/A/Frameworks/PrintCore.framework/Versions/A/PrintCore
0x000000000739f000 	/System/Library/Frameworks/ApplicationServices.framework/Versions/A/Frameworks/QD.framework/Versions/A/QD
0x000000000739f000 	/System/Library/Frameworks/ApplicationServices.framework/Versions/A/Frameworks/SpeechSynthesis.framework/Versions/A/SpeechSynthesis
0x000000000739f000 	/System/Library/Frameworks/ApplicationServices.framework/Versions/A/Frameworks/ATSUI.framework/Versions/A/ATSUI
0x000000000739f000 	/usr/lib/libcups.2.dylib
0x000000000739f000 	/System/Library/Frameworks/Kerberos.framework/Versions/A/Kerberos
0x000000000739f000 	/System/Library/Frameworks/GSS.framework/Versions/A/GSS
0x000000000739f000 	/usr/lib/libresolv.9.dylib
0x000000000739f000 	/System/Library/PrivateFrameworks/Heimdal.framework/Versions/A/Heimdal
0x000000000739f000 	/System/Library/Frameworks/Kerberos.framework/Versions/A/Libraries/libHeimdalProxy.dylib
0x000000000739f000 	/usr/lib/libheimdal-asn1.dylib
0x000000000739f000 	/System/Library/PrivateFrameworks/CommonAuth.framework/Versions/A/CommonAuth
0x000000000739f000 	/System/Library/PrivateFrameworks/AssertionServices.framework/Versions/A/AssertionServices
0x000000000739f000 	/System/Library/PrivateFrameworks/AudioToolboxCore.framework/Versions/A/AudioToolboxCore
0x000000000739f000 	/System/Library/PrivateFrameworks/caulk.framework/Versions/A/caulk
0x000000000739f000 	/System/Library/PrivateFrameworks/BaseBoard.framework/Versions/A/BaseBoard
0x000000000739f000 	/System/Library/PrivateFrameworks/RunningBoardServices.framework/Versions/A/RunningBoardServices
0x000000000739f000 	/System/Library/PrivateFrameworks/PersistentConnection.framework/Versions/A/PersistentConnection
0x000000000739f000 	/System/Library/PrivateFrameworks/ProtocolBuffer.framework/Versions/A/ProtocolBuffer
0x000000000739f000 	/System/Library/PrivateFrameworks/CommonUtilities.framework/Versions/A/CommonUtilities
0x000000000739f000 	/System/Library/PrivateFrameworks/Bom.framework/Versions/A/Bom
0x000000000739f000 	/usr/lib/libAudioToolboxUtility.dylib
0x000000000739f000 	/System/Library/PrivateFrameworks/Backup.framework/Versions/A/Backup
0x000000000739f000 	/System/Library/PrivateFrameworks/CrashReporterSupport.framework/Versions/A/CrashReporterSupport
0x000000000739f000 	/System/Library/PrivateFrameworks/Sharing.framework/Versions/A/Sharing
0x000000000739f000 	/System/Library/PrivateFrameworks/Apple80211.framework/Versions/A/Apple80211
0x000000000739f000 	/System/Library/PrivateFrameworks/AuthKit.framework/Versions/A/AuthKit
0x000000000739f000 	/System/Library/PrivateFrameworks/CoreUtils.framework/Versions/A/CoreUtils
0x000000000739f000 	/System/Library/Frameworks/CoreWLAN.framework/Versions/A/CoreWLAN
0x000000000739f000 	/System/Library/Frameworks/IOBluetooth.framework/Versions/A/IOBluetooth
0x000000000739f000 	/System/Library/PrivateFrameworks/MobileKeyBag.framework/Versions/A/MobileKeyBag
0x000000000739f000 	/System/Library/PrivateFrameworks/CorePhoneNumbers.framework/Versions/A/CorePhoneNumbers
0x000000000739f000 	/System/Library/PrivateFrameworks/AppleIDAuthSupport.framework/Versions/A/AppleIDAuthSupport
0x000000000739f000 	/System/Library/Frameworks/Network.framework/Versions/A/Network
0x000000000739f000 	/System/Library/PrivateFrameworks/KeychainCircle.framework/Versions/A/KeychainCircle
0x000000000739f000 	/System/Library/Frameworks/CoreBluetooth.framework/Versions/A/CoreBluetooth
0x000000000739f000 	/System/Library/PrivateFrameworks/SpeechRecognitionCore.framework/Versions/A/SpeechRecognitionCore
0x0000000101800000 	/Library/Java/JavaVirtualMachines/jdk1.8.0_112.jdk/Contents/Home/jre/lib/server/libjvm.dylib
0x000000000739f000 	/usr/lib/libstdc++.6.dylib
0x0000000100753000 	/Library/Java/JavaVirtualMachines/jdk1.8.0_112.jdk/Contents/Home/jre/lib/libverify.dylib
0x0000000100761000 	/Library/Java/JavaVirtualMachines/jdk1.8.0_112.jdk/Contents/Home/jre/lib/libjava.dylib
0x00000001007e0000 	/Library/Java/JavaVirtualMachines/jdk1.8.0_112.jdk/Contents/Home/jre/lib/libzip.dylib
0x000000000739f000 	/System/Library/Frameworks/JavaVM.framework/Versions/A/Frameworks/JavaRuntimeSupport.framework/Versions/A/JavaRuntimeSupport
0x000000000739f000 	/System/Library/Frameworks/JavaVM.framework/Versions/A/Frameworks/JavaNativeFoundation.framework/Versions/A/JavaNativeFoundation
0x000000000739f000 	/System/Library/Frameworks/JavaVM.framework/Versions/A/JavaVM
0x000000000739f000 	/System/Library/Frameworks/Carbon.framework/Versions/A/Carbon
0x000000000739f000 	/System/Library/PrivateFrameworks/CoreSymbolication.framework/Versions/A/CoreSymbolication
0x000000000739f000 	/System/Library/PrivateFrameworks/JavaLaunching.framework/Versions/A/JavaLaunching
0x000000000739f000 	/System/Library/Frameworks/Carbon.framework/Versions/A/Frameworks/CommonPanels.framework/Versions/A/CommonPanels
0x000000000739f000 	/System/Library/Frameworks/Carbon.framework/Versions/A/Frameworks/Help.framework/Versions/A/Help
0x000000000739f000 	/System/Library/Frameworks/Carbon.framework/Versions/A/Frameworks/ImageCapture.framework/Versions/A/ImageCapture
0x000000000739f000 	/System/Library/Frameworks/Carbon.framework/Versions/A/Frameworks/OpenScripting.framework/Versions/A/OpenScripting
0x000000000739f000 	/System/Library/Frameworks/Carbon.framework/Versions/A/Frameworks/Ink.framework/Versions/A/Ink
0x000000000739f000 	/System/Library/Frameworks/Carbon.framework/Versions/A/Frameworks/Print.framework/Versions/A/Print
0x000000000739f000 	/System/Library/Frameworks/Carbon.framework/Versions/A/Frameworks/SecurityHI.framework/Versions/A/SecurityHI
0x000000000739f000 	/System/Library/PrivateFrameworks/DebugSymbols.framework/Versions/A/DebugSymbols
0x0000000106d31000 	/Library/Java/JavaVirtualMachines/jdk1.8.0_112.jdk/Contents/Home/jre/lib/libnet.dylib
0x0000000106d48000 	/Library/Java/JavaVirtualMachines/jdk1.8.0_112.jdk/Contents/Home/jre/lib/libnio.dylib

VM Arguments:
jvm_args: -Dclassworlds.conf=/Users/kansoa/Development/maven/bin/m2.conf -Dmaven.home=/Users/kansoa/Development/maven -Dmaven.multiModuleProjectDirectory=/Users/kansoa/Development/projects/cscf/infofauna_2020/midat_rivieres/jeci-shell-new-user-permissions/jeci 
java_command: org.codehaus.plexus.classworlds.launcher.Launcher -P dev clean install -Dmaven.test.skip=true
java_class_path (initial): /Users/kansoa/Development/maven/boot/plexus-classworlds-2.5.2.jar
Launcher Type: SUN_STANDARD

Environment Variables:
JAVA_HOME=/Library/Java/JavaVirtualMachines/jdk1.8.0_112.jdk/Contents/Home
PATH=/Users/kansoa/Library/Android/sdk/platform-tools:/Users/kansoa/.nvm/versions/node/v8.1.2/bin:/usr/local/bin:/usr/bin:/bin:/usr/sbin:/sbin:/usr/local/munki:/Library/Apple/usr/bin:/Users/kansoa/Development/maven/bin:/Users/kansoa/Development/gradle/bin
SHELL=/bin/zsh

Signal Handlers:
SIGSEGV: [libjvm.dylib+0x5b11a5], sa_mask[0]=11111111011111110111111111111111, sa_flags=SA_ONSTACK|SA_RESTART|SA_SIGINFO
SIGBUS: [libjvm.dylib+0x5b11a5], sa_mask[0]=11111111011111110111111111111111, sa_flags=SA_RESTART|SA_SIGINFO
SIGFPE: [libjvm.dylib+0x487dc0], sa_mask[0]=11111111011111110111111111111111, sa_flags=SA_RESTART|SA_SIGINFO
SIGPIPE: [libjvm.dylib+0x487dc0], sa_mask[0]=11111111011111110111111111111111, sa_flags=SA_RESTART|SA_SIGINFO
SIGXFSZ: [libjvm.dylib+0x487dc0], sa_mask[0]=11111111011111110111111111111111, sa_flags=SA_RESTART|SA_SIGINFO
SIGILL: [libjvm.dylib+0x487dc0], sa_mask[0]=11111111011111110111111111111111, sa_flags=SA_RESTART|SA_SIGINFO
SIGUSR1: SIG_DFL, sa_mask[0]=00000000000000000000000000000000, sa_flags=SA_RESTART
SIGUSR2: [libjvm.dylib+0x4878de], sa_mask[0]=00000000000000000000000000000000, sa_flags=SA_RESTART|SA_SIGINFO
SIGHUP: [libjvm.dylib+0x485eb5], sa_mask[0]=11111111011111110111111111111111, sa_flags=SA_RESTART|SA_SIGINFO
SIGINT: [libjvm.dylib+0x485eb5], sa_mask[0]=11111111011111110111111111111111, sa_flags=SA_RESTART|SA_SIGINFO
SIGTERM: [libjvm.dylib+0x485eb5], sa_mask[0]=11111111011111110111111111111111, sa_flags=SA_RESTART|SA_SIGINFO
SIGQUIT: [libjvm.dylib+0x485eb5], sa_mask[0]=11111111011111110111111111111111, sa_flags=SA_RESTART|SA_SIGINFO


---------------  S Y S T E M  ---------------

OS:Bsduname:Darwin 19.6.0 Darwin Kernel Version 19.6.0: Sun Jul  5 00:43:10 PDT 2020; root:xnu-6153.141.1~9/RELEASE_X86_64 x86_64
rlimit: STACK 8192k, CORE 0k, NPROC 2784, NOFILE 10240, AS infinity
load average:5.35 4.05 3.64

CPU:total 8 (4 cores per cpu, 2 threads per core) family 6 model 94 stepping 3, cmov, cx8, fxsr, mmx, sse, sse2, sse3, ssse3, sse4.1, sse4.2, popcnt, avx, avx2, aes, clmul, erms, rtm, 3dnowpref, lzcnt, ht, tsc, tscinvbit, bmi1, bmi2, adx

Memory: 4k page, physical 16777216k(72408k free)

/proc/meminfo:


vm_info: Java HotSpot(TM) 64-Bit Server VM (25.112-b16) for bsd-amd64 JRE (1.8.0_112-b16), built on Sep 30 2016 22:41:41 by "java_re" with gcc 4.2.1 (Based on Apple Inc. build 5658) (LLVM build 2336.11.00)

time: Tue Aug 25 13:20:29 2020
elapsed time: 66 seconds (0d 0h 1m 6s)

