#
# A fatal error has been detected by the Java Runtime Environment:
#
#  SIGSEGV (0xb) at pc=0x000000010c9dc22c, pid=13053, tid=0x0000000000004803
#
# JRE version: Java(TM) SE Runtime Environment (8.0_112-b16) (build 1.8.0_112-b16)
# Java VM: Java HotSpot(TM) 64-Bit Server VM (25.112-b16 mixed mode bsd-amd64 compressed oops)
# Problematic frame:
# V  [libjvm.dylib+0x3dc22c]  PhaseIdealLoop::build_loop_late(VectorSet&, Node_List&, Node_Stack&)+0x96
#
# Failed to write core dump. Core dumps have been disabled. To enable core dumping, try "ulimit -c unlimited" before starting Java again
#
# If you would like to submit a bug report, please visit:
#   http://bugreport.java.com/bugreport/crash.jsp
#

---------------  T H R E A D  ---------------

Current thread (0x00007fb8e105d800):  JavaThread "C2 CompilerThread0" daemon [_thread_in_native, id=18435, stack(0x00007000101bb000,0x00007000102bb000)]

siginfo: si_signo: 11 (SIGSEGV), si_code: 1 (SEGV_MAPERR), si_addr: 0x0000000000000028

Registers:
RAX=0x0000000000000002, RBX=0x00007000102b3e60, RCX=0x00007fb8e719cbd8, RDX=0x00000000000000c7
RSP=0x00007000102b3b40, RBP=0x00007000102b3b90, RSI=0x0000000000040000, RDI=0x00007fb8e1988410
R8 =0x0000000000000000, R9 =0x0000000000000003, R10=0x0000000000000003, R11=0x0000000000011000
R12=0x0000000000000002, R13=0x0000000000000000, R14=0x00007000102b5ea8, R15=0x00007fb8e719cb18
RIP=0x000000010c9dc22c, EFLAGS=0x0000000000010283, ERR=0x0000000000000004
  TRAPNO=0x000000000000000e

Top of Stack: (sp=0x00007000102b3b40)
0x00007000102b3b40:   00007000102b6880 00007000102b3e40
0x00007000102b3b50:   00007000102b6860 00007000102b3e20
0x00007000102b3b60:   0000020100002f26 00007000102b5ea8
0x00007000102b3b70:   0000000000000001 00007000102ba040
0x00007000102b3b80:   00007fb8de419290 0000000000000001
0x00007000102b3b90:   00007000102b3ed0 000000010c9e2492
0x00007000102b3ba0:   00007000102b3bb0 000000010cb73eaf
0x00007000102b3bb0:   0000700000000000 00007fb8e0113f90
0x00007000102b3bc0:   00000001102b3c30 0000000080005853
0x00007000102b3bd0:   00007fb8e784e8f0 00007fb8e4603548
0x00007000102b3be0:   00007fb8e784e8f0 00007fb8e784e8f0
0x00007000102b3bf0:   00007fb8e64e4cb0 000000000000000c
0x00007000102b3c00:   000000010cee6e00 000000010cee6e24
0x00007000102b3c10:   00007000102b3c50 000000010c768943
0x00007000102b3c20:   00007000102b3c60 000000010c75a5cb
0x00007000102b3c30:   000000010ceb9fc0 00007fb8e63c3e38
0x00007000102b3c40:   000000010cc12bae 00007000102ba040
0x00007000102b3c50:   000000010cf06700 00007fb8e72e7228
0x00007000102b3c60:   00007000102b3d10 000000010c75d145
0x00007000102b3c70:   00007000102b3cd0 00007fb8e72e7228
0x00007000102b3c80:   00007fb8e637dd48 0000000000021000
0x00007000102b3c90:   00000000102b3ce0 0000000000000000
0x00007000102b3ca0:   0000000000000000 0000000000000000
0x00007000102b3cb0:   00007000102b3cd0 0000000000020010
0x00007000102b3cc0:   0000000000020010 00007000102ba040
0x00007000102b3cd0:   0000000000000000 000000010b467000
0x00007000102b3ce0:   00007000102b3d10 00007fff6e71016f
0x00007000102b3cf0:   0000000000020010 0000000000000000
0x00007000102b3d00:   00007fff94cb4000 0000000000020010
0x00007000102b3d10:   00007000102b3d40 00007fff6e70ed7a
0x00007000102b3d20:   0000000000000000 00007000102b3db0
0x00007000102b3d30:   000000000000000c 0000000000020010 

Instructions: (pc=0x000000010c9dc22c)
0x000000010c9dc20c:   4c 89 ee e8 c6 cb c8 ff 41 ff c4 44 3b 65 d4 0f
0x000000010c9dc21c:   83 ca 00 00 00 44 89 e0 49 8b 4f 10 4c 8b 2c c1
0x000000010c9dc22c:   41 8b 45 28 41 39 46 28 76 0b 49 8b 4e 30 48 83
0x000000010c9dc23c:   3c c1 00 75 07 49 83 7d 10 00 75 c0 49 8b 4d 08 

Register to memory mapping:

RAX=0x0000000000000002 is an unknown value
RBX=0x00007000102b3e60 is pointing into the stack for thread: 0x00007fb8e105d800
RCX=0x00007fb8e719cbd8 is an unknown value
RDX=0x00000000000000c7 is an unknown value
RSP=0x00007000102b3b40 is pointing into the stack for thread: 0x00007fb8e105d800
RBP=0x00007000102b3b90 is pointing into the stack for thread: 0x00007fb8e105d800
RSI=0x0000000000040000 is an unknown value
RDI=0x00007fb8e1988410 is an unknown value
R8 =0x0000000000000000 is an unknown value
R9 =0x0000000000000003 is an unknown value
R10=0x0000000000000003 is an unknown value
R11=0x0000000000011000 is an unknown value
R12=0x0000000000000002 is an unknown value
R13=0x0000000000000000 is an unknown value
R14=0x00007000102b5ea8 is pointing into the stack for thread: 0x00007fb8e105d800
R15=0x00007fb8e719cb18 is an unknown value


Stack: [0x00007000101bb000,0x00007000102bb000],  sp=0x00007000102b3b40,  free space=994k
Native frames: (J=compiled Java code, j=interpreted, Vv=VM code, C=native code)
V  [libjvm.dylib+0x3dc22c]  PhaseIdealLoop::build_loop_late(VectorSet&, Node_List&, Node_Stack&)+0x96
V  [libjvm.dylib+0x3e2492]  PhaseIdealLoop::build_and_optimize(bool, bool)+0x646
V  [libjvm.dylib+0x1b014b]  Compile::Optimize()+0x55f
V  [libjvm.dylib+0x1b32f8]  Compile::Compile(ciEnv*, C2Compiler*, ciMethod*, int, bool, bool, bool)+0x8ec
V  [libjvm.dylib+0x150a2e]  C2Compiler::compile_method(ciEnv*, ciMethod*, int)+0xb2
V  [libjvm.dylib+0x1b6a2c]  CompileBroker::invoke_compiler_on_method(CompileTask*)+0x5b2
V  [libjvm.dylib+0x1b8f73]  CompileBroker::compiler_thread_loop()+0x291
V  [libjvm.dylib+0x56b033]  JavaThread::thread_main_inner()+0x9b
V  [libjvm.dylib+0x56c720]  JavaThread::run()+0x1c2
V  [libjvm.dylib+0x48a7ae]  java_start(Thread*)+0xf6
C  [libsystem_pthread.dylib+0x6109]  _pthread_start+0x94
C  [libsystem_pthread.dylib+0x1b8b]  thread_start+0xf
C  0x0000000000000000


Current CompileTask:
C2:   5023 4060   !   4       org.apache.maven.model.Model::clone (502 bytes)


---------------  P R O C E S S  ---------------

Java Threads: ( => current thread )
  0x00007fb8defbf800 JavaThread "pool-1-thread-1" [_thread_in_vm, id=42783, stack(0x00007000108fb000,0x00007000109fb000)]
  0x00007fb8e6269800 JavaThread "process reaper" daemon [_thread_blocked, id=22531, stack(0x00007000108d0000,0x00007000108f8000)]
  0x00007fb8df8d0800 JavaThread "Attach Listener" daemon [_thread_blocked, id=22275, stack(0x00007000107cd000,0x00007000108cd000)]
  0x00007fb8e1067000 JavaThread "Service Thread" daemon [_thread_blocked, id=16899, stack(0x00007000105c7000,0x00007000106c7000)]
  0x00007fb8e1824000 JavaThread "C1 CompilerThread3" daemon [_thread_blocked, id=17155, stack(0x00007000104c4000,0x00007000105c4000)]
  0x00007fb8e1823000 JavaThread "C2 CompilerThread2" daemon [_thread_in_native, id=17411, stack(0x00007000103c1000,0x00007000104c1000)]
  0x00007fb8e105e000 JavaThread "C2 CompilerThread1" daemon [_thread_in_native, id=17923, stack(0x00007000102be000,0x00007000103be000)]
=>0x00007fb8e105d800 JavaThread "C2 CompilerThread0" daemon [_thread_in_native, id=18435, stack(0x00007000101bb000,0x00007000102bb000)]
  0x00007fb8e1053800 JavaThread "Monitor Ctrl-Break" daemon [_thread_in_native, id=15875, stack(0x00007000100b8000,0x00007000101b8000)]
  0x00007fb8df035000 JavaThread "Signal Dispatcher" daemon [_thread_blocked, id=18947, stack(0x000070000ffb5000,0x00007000100b5000)]
  0x00007fb8e101e000 JavaThread "Finalizer" daemon [_thread_blocked, id=12547, stack(0x000070000fdac000,0x000070000feac000)]
  0x00007fb8de810800 JavaThread "Reference Handler" daemon [_thread_blocked, id=20227, stack(0x000070000fca9000,0x000070000fda9000)]
  0x00007fb8df00e800 JavaThread "main" [_thread_blocked, id=3843, stack(0x000070000f28b000,0x000070000f38b000)]

Other Threads:
  0x00007fb8e1822000 VMThread [stack: 0x000070000fba6000,0x000070000fca6000] [id=12035]
  0x00007fb8e1071800 WatcherThread [stack: 0x00007000106ca000,0x00007000107ca000] [id=21763]

VM state:not at safepoint (normal execution)

VM Mutex/Monitor currently owned by a thread: None

Heap:
 PSYoungGen      total 76288K, used 34791K [0x000000076ab00000, 0x0000000774800000, 0x00000007c0000000)
  eden space 65536K, 53% used [0x000000076ab00000,0x000000076ccf9d08,0x000000076eb00000)
  from space 10752K, 0% used [0x000000076eb00000,0x000000076eb00000,0x000000076f580000)
  to   space 14848K, 0% used [0x0000000773980000,0x0000000773980000,0x0000000774800000)
 ParOldGen       total 117760K, used 13979K [0x00000006c0000000, 0x00000006c7300000, 0x000000076ab00000)
  object space 117760K, 11% used [0x00000006c0000000,0x00000006c0da6e58,0x00000006c7300000)
 Metaspace       used 23315K, capacity 24104K, committed 24368K, reserved 1071104K
  class space    used 2780K, capacity 2994K, committed 3120K, reserved 1048576K

Card table byte_map: [0x000000010d962000,0x000000010e163000] byte_map_base: 0x000000010a362000

Marking Bits: (ParMarkBitMap*) 0x000000010cef0d30
 Begin Bits: [0x000000010e6b9000, 0x00000001126b9000)
 End Bits:   [0x00000001126b9000, 0x00000001166b9000)

Polling page: 0x000000010b4bd000

CodeCache: size=245760Kb used=14512Kb max_used=14512Kb free=231247Kb
 bounds [0x000000011ade6000, 0x000000011bc26000, 0x0000000129de6000]
 total_blobs=4475 nmethods=4086 adapters=302
 compilation: enabled

Compilation events (10 events):
Event: 4.983 Thread 0x00007fb8e1824000 4106       1       com.sun.tools.javac.code.Symbol$PackageSymbol::getQualifiedName (5 bytes)
Event: 4.983 Thread 0x00007fb8e1824000 nmethod 4106 0x000000011bc18950 code [0x000000011bc18aa0, 0x000000011bc18bb0]
Event: 4.983 Thread 0x00007fb8e1824000 4107       3       com.sun.tools.javac.util.ArrayUtils::ensureCapacity (30 bytes)
Event: 4.984 Thread 0x00007fb8e1824000 nmethod 4107 0x000000011bc18c10 code [0x000000011bc18da0, 0x000000011bc19148]
Event: 4.984 Thread 0x00007fb8e1824000 4110       3       com.sun.tools.javac.util.Convert::chars2utf (159 bytes)
Event: 4.984 Thread 0x00007fb8e1824000 nmethod 4110 0x000000011bc192d0 code [0x000000011bc19460, 0x000000011bc19850]
Event: 4.985 Thread 0x00007fb8e1824000 4108       3       com.sun.tools.javac.util.List::nil (4 bytes)
Event: 4.985 Thread 0x00007fb8e1824000 nmethod 4108 0x000000011bc19c10 code [0x000000011bc19d60, 0x000000011bc19e90]
Event: 4.985 Thread 0x00007fb8e1824000 4109       3       com.sun.tools.javac.code.AnnoConstruct::<init> (5 bytes)
Event: 4.985 Thread 0x00007fb8e1824000 nmethod 4109 0x000000011bc19f10 code [0x000000011bc1a080, 0x000000011bc1a230]

GC Heap History (10 events):
Event: 1.677 GC heap before
{Heap before GC invocations=2 (full 0):
 PSYoungGen      total 76288K, used 73949K [0x000000076ab00000, 0x0000000770000000, 0x00000007c0000000)
  eden space 65536K, 100% used [0x000000076ab00000,0x000000076eb00000,0x000000076eb00000)
  from space 10752K, 78% used [0x000000076eb00000,0x000000076f337598,0x000000076f580000)
  to   space 10752K, 0% used [0x000000076f580000,0x000000076f580000,0x0000000770000000)
 ParOldGen       total 175104K, used 16K [0x00000006c0000000, 0x00000006cab00000, 0x000000076ab00000)
  object space 175104K, 0% used [0x00000006c0000000,0x00000006c0004000,0x00000006cab00000)
 Metaspace       used 16159K, capacity 16374K, committed 16640K, reserved 1064960K
  class space    used 1936K, capacity 2006K, committed 2048K, reserved 1048576K
Event: 1.688 GC heap after
Heap after GC invocations=2 (full 0):
 PSYoungGen      total 76288K, used 9536K [0x000000076ab00000, 0x0000000770000000, 0x00000007c0000000)
  eden space 65536K, 0% used [0x000000076ab00000,0x000000076ab00000,0x000000076eb00000)
  from space 10752K, 88% used [0x000000076f580000,0x000000076fed0120,0x0000000770000000)
  to   space 10752K, 0% used [0x000000076eb00000,0x000000076eb00000,0x000000076f580000)
 ParOldGen       total 175104K, used 24K [0x00000006c0000000, 0x00000006cab00000, 0x000000076ab00000)
  object space 175104K, 0% used [0x00000006c0000000,0x00000006c0006000,0x00000006cab00000)
 Metaspace       used 16159K, capacity 16374K, committed 16640K, reserved 1064960K
  class space    used 1936K, capacity 2006K, committed 2048K, reserved 1048576K
}
Event: 2.712 GC heap before
{Heap before GC invocations=3 (full 0):
 PSYoungGen      total 76288K, used 75072K [0x000000076ab00000, 0x0000000770000000, 0x00000007c0000000)
  eden space 65536K, 100% used [0x000000076ab00000,0x000000076eb00000,0x000000076eb00000)
  from space 10752K, 88% used [0x000000076f580000,0x000000076fed0120,0x0000000770000000)
  to   space 10752K, 0% used [0x000000076eb00000,0x000000076eb00000,0x000000076f580000)
 ParOldGen       total 175104K, used 24K [0x00000006c0000000, 0x00000006cab00000, 0x000000076ab00000)
  object space 175104K, 0% used [0x00000006c0000000,0x00000006c0006000,0x00000006cab00000)
 Metaspace       used 18722K, capacity 19170K, committed 19584K, reserved 1067008K
  class space    used 2218K, capacity 2358K, committed 2432K, reserved 1048576K
Event: 2.721 GC heap after
Heap after GC invocations=3 (full 0):
 PSYoungGen      total 76288K, used 10274K [0x000000076ab00000, 0x0000000770000000, 0x00000007c0000000)
  eden space 65536K, 0% used [0x000000076ab00000,0x000000076ab00000,0x000000076eb00000)
  from space 10752K, 95% used [0x000000076eb00000,0x000000076f508998,0x000000076f580000)
  to   space 10752K, 0% used [0x000000076f580000,0x000000076f580000,0x0000000770000000)
 ParOldGen       total 175104K, used 32K [0x00000006c0000000, 0x00000006cab00000, 0x000000076ab00000)
  object space 175104K, 0% used [0x00000006c0000000,0x00000006c0008000,0x00000006cab00000)
 Metaspace       used 18722K, capacity 19170K, committed 19584K, reserved 1067008K
  class space    used 2218K, capacity 2358K, committed 2432K, reserved 1048576K
}
Event: 3.778 GC heap before
{Heap before GC invocations=4 (full 0):
 PSYoungGen      total 76288K, used 75810K [0x000000076ab00000, 0x0000000770000000, 0x00000007c0000000)
  eden space 65536K, 100% used [0x000000076ab00000,0x000000076eb00000,0x000000076eb00000)
  from space 10752K, 95% used [0x000000076eb00000,0x000000076f508998,0x000000076f580000)
  to   space 10752K, 0% used [0x000000076f580000,0x000000076f580000,0x0000000770000000)
 ParOldGen       total 175104K, used 32K [0x00000006c0000000, 0x00000006cab00000, 0x000000076ab00000)
  object space 175104K, 0% used [0x00000006c0000000,0x00000006c0008000,0x00000006cab00000)
 Metaspace       used 19392K, capacity 19866K, committed 20096K, reserved 1067008K
  class space    used 2250K, capacity 2398K, committed 2432K, reserved 1048576K
Event: 3.788 GC heap after
Heap after GC invocations=4 (full 0):
 PSYoungGen      total 76288K, used 10736K [0x000000076ab00000, 0x0000000770000000, 0x00000007c0000000)
  eden space 65536K, 0% used [0x000000076ab00000,0x000000076ab00000,0x000000076eb00000)
  from space 10752K, 99% used [0x000000076f580000,0x000000076fffc010,0x0000000770000000)
  to   space 10752K, 0% used [0x000000076eb00000,0x000000076eb00000,0x000000076f580000)
 ParOldGen       total 175104K, used 847K [0x00000006c0000000, 0x00000006cab00000, 0x000000076ab00000)
  object space 175104K, 0% used [0x00000006c0000000,0x00000006c00d3ec0,0x00000006cab00000)
 Metaspace       used 19392K, capacity 19866K, committed 20096K, reserved 1067008K
  class space    used 2250K, capacity 2398K, committed 2432K, reserved 1048576K
}
Event: 4.358 GC heap before
{Heap before GC invocations=5 (full 0):
 PSYoungGen      total 76288K, used 65269K [0x000000076ab00000, 0x0000000770000000, 0x00000007c0000000)
  eden space 65536K, 83% used [0x000000076ab00000,0x000000076e041728,0x000000076eb00000)
  from space 10752K, 99% used [0x000000076f580000,0x000000076fffc010,0x0000000770000000)
  to   space 10752K, 0% used [0x000000076eb00000,0x000000076eb00000,0x000000076f580000)
 ParOldGen       total 175104K, used 847K [0x00000006c0000000, 0x00000006cab00000, 0x000000076ab00000)
  object space 175104K, 0% used [0x00000006c0000000,0x00000006c00d3ec0,0x00000006cab00000)
 Metaspace       used 20652K, capacity 21198K, committed 21296K, reserved 1069056K
  class space    used 2399K, capacity 2585K, committed 2608K, reserved 1048576K
Event: 4.370 GC heap after
Heap after GC invocations=5 (full 0):
 PSYoungGen      total 76288K, used 10720K [0x000000076ab00000, 0x0000000774800000, 0x00000007c0000000)
  eden space 65536K, 0% used [0x000000076ab00000,0x000000076ab00000,0x000000076eb00000)
  from space 10752K, 99% used [0x000000076eb00000,0x000000076f578020,0x000000076f580000)
  to   space 14848K, 0% used [0x0000000773980000,0x0000000773980000,0x0000000774800000)
 ParOldGen       total 175104K, used 4005K [0x00000006c0000000, 0x00000006cab00000, 0x000000076ab00000)
  object space 175104K, 2% used [0x00000006c0000000,0x00000006c03e97f0,0x00000006cab00000)
 Metaspace       used 20652K, capacity 21198K, committed 21296K, reserved 1069056K
  class space    used 2399K, capacity 2585K, committed 2608K, reserved 1048576K
}
Event: 4.370 GC heap before
{Heap before GC invocations=6 (full 1):
 PSYoungGen      total 76288K, used 10720K [0x000000076ab00000, 0x0000000774800000, 0x00000007c0000000)
  eden space 65536K, 0% used [0x000000076ab00000,0x000000076ab00000,0x000000076eb00000)
  from space 10752K, 99% used [0x000000076eb00000,0x000000076f578020,0x000000076f580000)
  to   space 14848K, 0% used [0x0000000773980000,0x0000000773980000,0x0000000774800000)
 ParOldGen       total 175104K, used 4005K [0x00000006c0000000, 0x00000006cab00000, 0x000000076ab00000)
  object space 175104K, 2% used [0x00000006c0000000,0x00000006c03e97f0,0x00000006cab00000)
 Metaspace       used 20652K, capacity 21198K, committed 21296K, reserved 1069056K
  class space    used 2399K, capacity 2585K, committed 2608K, reserved 1048576K
Event: 4.426 GC heap after
Heap after GC invocations=6 (full 1):
 PSYoungGen      total 76288K, used 0K [0x000000076ab00000, 0x0000000774800000, 0x00000007c0000000)
  eden space 65536K, 0% used [0x000000076ab00000,0x000000076ab00000,0x000000076eb00000)
  from space 10752K, 0% used [0x000000076eb00000,0x000000076eb00000,0x000000076f580000)
  to   space 14848K, 0% used [0x0000000773980000,0x0000000773980000,0x0000000774800000)
 ParOldGen       total 117760K, used 13979K [0x00000006c0000000, 0x00000006c7300000, 0x000000076ab00000)
  object space 117760K, 11% used [0x00000006c0000000,0x00000006c0da6e58,0x00000006c7300000)
 Metaspace       used 20652K, capacity 21198K, committed 21296K, reserved 1069056K
  class space    used 2399K, capacity 2585K, committed 2608K, reserved 1048576K
}

Deoptimization events (10 events):
Event: 3.170 Thread 0x00007fb8df00e800 Uncommon trap: reason=unstable_if action=reinterpret pc=0x000000011b10ee28 method=java.util.HashMap.hash(Ljava/lang/Object;)I @ 1
Event: 3.170 Thread 0x00007fb8df00e800 Uncommon trap: reason=unstable_if action=reinterpret pc=0x000000011b16bde4 method=java.util.HashMap.getNode(ILjava/lang/Object;)Ljava/util/HashMap$Node; @ 53
Event: 3.555 Thread 0x00007fb8df00e800 Uncommon trap: reason=unstable_if action=reinterpret pc=0x000000011b08da74 method=java.io.UnixFileSystem.normalize(Ljava/lang/String;)Ljava/lang/String; @ 34
Event: 4.033 Thread 0x00007fb8df00e800 Uncommon trap: reason=class_check action=maybe_recompile pc=0x000000011b47f500 method=sun.nio.cs.StreamEncoder.writeBytes()V @ 120
Event: 4.035 Thread 0x00007fb8df00e800 Uncommon trap: reason=unstable_if action=reinterpret pc=0x000000011b164f28 method=java.util.concurrent.ConcurrentHashMap.putVal(Ljava/lang/Object;Ljava/lang/Object;Z)Ljava/lang/Object; @ 206
Event: 4.049 Thread 0x00007fb8df00e800 Uncommon trap: reason=class_check action=maybe_recompile pc=0x000000011b47f500 method=sun.nio.cs.StreamEncoder.writeBytes()V @ 120
Event: 4.849 Thread 0x00007fb8df00e800 Uncommon trap: reason=class_check action=maybe_recompile pc=0x000000011aee85a0 method=org.eclipse.aether.graph.Dependency.<init>(Lorg/eclipse/aether/artifact/Artifact;Ljava/lang/String;Ljava/util/Set;Ljava/lang/Boolean;)V @ 11
Event: 4.854 Thread 0x00007fb8df00e800 Uncommon trap: reason=class_check action=maybe_recompile pc=0x000000011aee85a0 method=org.eclipse.aether.graph.Dependency.<init>(Lorg/eclipse/aether/artifact/Artifact;Ljava/lang/String;Ljava/util/Set;Ljava/lang/Boolean;)V @ 11
Event: 4.902 Thread 0x00007fb8df00e800 Uncommon trap: reason=unstable_if action=reinterpret pc=0x000000011bbeca20 method=java.io.UnixFileSystem.getBooleanAttributes(Ljava/io/File;)I @ 25
Event: 4.955 Thread 0x00007fb8defbf800 Uncommon trap: reason=null_check action=make_not_entrant pc=0x000000011b964c94 method=java.lang.StringCoding.encode(Ljava/lang/String;[CII)[B @ 6

Internal exceptions (10 events):
Event: 1.182 Thread 0x00007fb8df00e800 Exception <a 'java/lang/NullPointerException'> (0x000000076ce98a78) thrown at [/Users/java_re/workspace/8-2-build-macosx-x86_64/jdk8u112/7935/hotspot/src/share/vm/interpreter/linkResolver.cpp, line 1178]
Event: 1.249 Thread 0x00007fb8df00e800 Implicit null exception at 0x000000011b1072b5 to 0x000000011b10766d
Event: 1.249 Thread 0x00007fb8df00e800 Implicit null exception at 0x000000011aff82f6 to 0x000000011aff86b9
Event: 1.466 Thread 0x00007fb8df00e800 Implicit null exception at 0x000000011b449d44 to 0x000000011b44a6a9
Event: 2.064 Thread 0x00007fb8df00e800 Exception <a 'java/lang/NoSuchFieldError': method resolution failed> (0x000000076c673198) thrown at [/Users/java_re/workspace/8-2-build-macosx-x86_64/jdk8u112/7935/hotspot/src/share/vm/prims/methodHandles.cpp, line 1146]
Event: 2.065 Thread 0x00007fb8df00e800 Exception <a 'java/lang/NoSuchFieldError': method resolution failed> (0x000000076c6810f8) thrown at [/Users/java_re/workspace/8-2-build-macosx-x86_64/jdk8u112/7935/hotspot/src/share/vm/prims/methodHandles.cpp, line 1146]
Event: 3.170 Thread 0x00007fb8df00e800 Implicit null exception at 0x000000011b16dbb5 to 0x000000011b16ddc5
Event: 3.170 Thread 0x00007fb8df00e800 Implicit null exception at 0x000000011b10edaf to 0x000000011b10ee19
Event: 4.895 Thread 0x00007fb8df00e800 Exception <a 'java/lang/ClassNotFoundException': com/sun/tools/javac/api/JavacTool> (0x000000076c263668) thrown at [/Users/java_re/workspace/8-2-build-macosx-x86_64/jdk8u112/7935/hotspot/src/share/vm/classfile/systemDictionary.cpp, line 210]
Event: 4.955 Thread 0x00007fb8defbf800 Implicit null exception at 0x000000011b9646d6 to 0x000000011b964c7d

Events (10 events):
Event: 5.010 loading class com/sun/tools/javac/comp/Resolve$MethodReferenceLookupHelper
Event: 5.011 loading class com/sun/tools/javac/comp/Resolve$MethodReferenceLookupHelper done
Event: 5.011 loading class com/sun/tools/javac/comp/Resolve$ArrayConstructorReferenceLookupHelper
Event: 5.011 loading class com/sun/tools/javac/comp/Resolve$ArrayConstructorReferenceLookupHelper done
Event: 5.011 loading class com/sun/tools/javac/comp/Resolve$ConstructorReferenceLookupHelper
Event: 5.011 loading class com/sun/tools/javac/comp/Resolve$ConstructorReferenceLookupHelper done
Event: 5.012 loading class com/sun/tools/javac/comp/Resolve$2
Event: 5.012 loading class com/sun/tools/javac/comp/Resolve$2 done
Event: 5.012 loading class com/sun/tools/javac/comp/Resolve$3
Event: 5.012 loading class com/sun/tools/javac/comp/Resolve$3 done


Dynamic libraries:
0x000000000739f000 	/System/Library/Frameworks/Cocoa.framework/Versions/A/Cocoa
0x000000000739f000 	/System/Library/Frameworks/Security.framework/Versions/A/Security
0x000000000739f000 	/System/Library/Frameworks/ApplicationServices.framework/Versions/A/ApplicationServices
0x000000000739f000 	/usr/lib/libz.1.dylib
0x000000000739f000 	/usr/lib/libSystem.B.dylib
0x000000000739f000 	/usr/lib/libobjc.A.dylib
0x000000000739f000 	/System/Library/Frameworks/CoreFoundation.framework/Versions/A/CoreFoundation
0x000000000739f000 	/System/Library/Frameworks/Foundation.framework/Versions/C/Foundation
0x000000000739f000 	/System/Library/Frameworks/AppKit.framework/Versions/C/AppKit
0x000000000739f000 	/System/Library/Frameworks/CoreData.framework/Versions/A/CoreData
0x000000000739f000 	/System/Library/PrivateFrameworks/UIFoundation.framework/Versions/A/UIFoundation
0x000000000739f000 	/System/Library/PrivateFrameworks/RemoteViewServices.framework/Versions/A/RemoteViewServices
0x000000000739f000 	/System/Library/PrivateFrameworks/XCTTargetBootstrap.framework/Versions/A/XCTTargetBootstrap
0x000000000739f000 	/System/Library/Frameworks/CoreDisplay.framework/Versions/A/CoreDisplay
0x000000000739f000 	/System/Library/Frameworks/Metal.framework/Versions/A/Metal
0x000000000739f000 	/System/Library/PrivateFrameworks/DesktopServicesPriv.framework/Versions/A/DesktopServicesPriv
0x000000000739f000 	/usr/lib/liblangid.dylib
0x000000000739f000 	/System/Library/PrivateFrameworks/CoreSVG.framework/Versions/A/CoreSVG
0x000000000739f000 	/System/Library/PrivateFrameworks/SkyLight.framework/Versions/A/SkyLight
0x000000000739f000 	/System/Library/Frameworks/CoreGraphics.framework/Versions/A/CoreGraphics
0x000000000739f000 	/System/Library/Frameworks/Accelerate.framework/Versions/A/Accelerate
0x000000000739f000 	/usr/lib/libxml2.2.dylib
0x000000000739f000 	/System/Library/PrivateFrameworks/IconServices.framework/Versions/A/IconServices
0x000000000739f000 	/System/Library/Frameworks/IOSurface.framework/Versions/A/IOSurface
0x000000000739f000 	/usr/lib/libDiagnosticMessagesClient.dylib
0x000000000739f000 	/System/Library/PrivateFrameworks/DFRFoundation.framework/Versions/A/DFRFoundation
0x000000000739f000 	/usr/lib/libicucore.A.dylib
0x000000000739f000 	/System/Library/Frameworks/AudioToolbox.framework/Versions/A/AudioToolbox
0x000000000739f000 	/System/Library/Frameworks/AudioUnit.framework/Versions/A/AudioUnit
0x000000000739f000 	/usr/lib/libauto.dylib
0x000000000739f000 	/System/Library/PrivateFrameworks/DataDetectorsCore.framework/Versions/A/DataDetectorsCore
0x000000000739f000 	/System/Library/Frameworks/Carbon.framework/Versions/A/Frameworks/HIToolbox.framework/Versions/A/HIToolbox
0x000000000739f000 	/System/Library/Frameworks/QuartzCore.framework/Versions/A/QuartzCore
0x000000000739f000 	/System/Library/Frameworks/Carbon.framework/Versions/A/Frameworks/SpeechRecognition.framework/Versions/A/SpeechRecognition
0x000000000739f000 	/System/Library/PrivateFrameworks/CoreUI.framework/Versions/A/CoreUI
0x000000000739f000 	/System/Library/Frameworks/CoreAudio.framework/Versions/A/CoreAudio
0x000000000739f000 	/System/Library/Frameworks/DiskArbitration.framework/Versions/A/DiskArbitration
0x000000000739f000 	/System/Library/PrivateFrameworks/MultitouchSupport.framework/Versions/A/MultitouchSupport
0x000000000739f000 	/usr/lib/libenergytrace.dylib
0x000000000739f000 	/System/Library/Frameworks/IOKit.framework/Versions/A/IOKit
0x000000000739f000 	/System/Library/Frameworks/CoreServices.framework/Versions/A/CoreServices
0x000000000739f000 	/System/Library/PrivateFrameworks/PerformanceAnalysis.framework/Versions/A/PerformanceAnalysis
0x000000000739f000 	/System/Library/Frameworks/OpenGL.framework/Versions/A/OpenGL
0x000000000739f000 	/System/Library/Frameworks/ColorSync.framework/Versions/A/ColorSync
0x000000000739f000 	/System/Library/Frameworks/CoreImage.framework/Versions/A/CoreImage
0x000000000739f000 	/System/Library/Frameworks/CoreText.framework/Versions/A/CoreText
0x000000000739f000 	/System/Library/Frameworks/ImageIO.framework/Versions/A/ImageIO
0x000000000739f000 	/usr/lib/libc++.1.dylib
0x000000000739f000 	/usr/lib/libcompression.dylib
0x000000000739f000 	/usr/lib/libMobileGestalt.dylib
0x000000000739f000 	/System/Library/PrivateFrameworks/TextureIO.framework/Versions/A/TextureIO
0x000000000739f000 	/usr/lib/libate.dylib
0x000000000739f000 	/System/Library/PrivateFrameworks/InternationalSupport.framework/Versions/A/InternationalSupport
0x000000000739f000 	/usr/lib/system/libcache.dylib
0x000000000739f000 	/usr/lib/system/libcommonCrypto.dylib
0x000000000739f000 	/usr/lib/system/libcompiler_rt.dylib
0x000000000739f000 	/usr/lib/system/libcopyfile.dylib
0x000000000739f000 	/usr/lib/system/libcorecrypto.dylib
0x000000000739f000 	/usr/lib/system/libdispatch.dylib
0x000000000739f000 	/usr/lib/system/libdyld.dylib
0x000000000739f000 	/usr/lib/system/libkeymgr.dylib
0x000000000739f000 	/usr/lib/system/liblaunch.dylib
0x000000000739f000 	/usr/lib/system/libmacho.dylib
0x000000000739f000 	/usr/lib/system/libquarantine.dylib
0x000000000739f000 	/usr/lib/system/libremovefile.dylib
0x000000000739f000 	/usr/lib/system/libsystem_asl.dylib
0x000000000739f000 	/usr/lib/system/libsystem_blocks.dylib
0x000000000739f000 	/usr/lib/system/libsystem_c.dylib
0x000000000739f000 	/usr/lib/system/libsystem_configuration.dylib
0x000000000739f000 	/usr/lib/system/libsystem_coreservices.dylib
0x000000000739f000 	/usr/lib/system/libsystem_darwin.dylib
0x000000000739f000 	/usr/lib/system/libsystem_dnssd.dylib
0x000000000739f000 	/usr/lib/system/libsystem_featureflags.dylib
0x000000000739f000 	/usr/lib/system/libsystem_info.dylib
0x000000000739f000 	/usr/lib/system/libsystem_m.dylib
0x000000000739f000 	/usr/lib/system/libsystem_malloc.dylib
0x000000000739f000 	/usr/lib/system/libsystem_networkextension.dylib
0x000000000739f000 	/usr/lib/system/libsystem_notify.dylib
0x000000000739f000 	/usr/lib/system/libsystem_sandbox.dylib
0x000000000739f000 	/usr/lib/system/libsystem_secinit.dylib
0x000000000739f000 	/usr/lib/system/libsystem_kernel.dylib
0x000000000739f000 	/usr/lib/system/libsystem_platform.dylib
0x000000000739f000 	/usr/lib/system/libsystem_pthread.dylib
0x000000000739f000 	/usr/lib/system/libsystem_symptoms.dylib
0x000000000739f000 	/usr/lib/system/libsystem_trace.dylib
0x000000000739f000 	/usr/lib/system/libunwind.dylib
0x000000000739f000 	/usr/lib/system/libxpc.dylib
0x000000000739f000 	/usr/lib/libc++abi.dylib
0x000000000739f000 	/usr/lib/liblzma.5.dylib
0x000000000739f000 	/usr/lib/libfakelink.dylib
0x000000000739f000 	/usr/lib/libarchive.2.dylib
0x000000000739f000 	/System/Library/Frameworks/SystemConfiguration.framework/Versions/A/SystemConfiguration
0x000000000739f000 	/usr/lib/libCRFSuite.dylib
0x000000000739f000 	/System/Library/Frameworks/CFNetwork.framework/Versions/A/CFNetwork
0x000000000739f000 	/usr/lib/libbsm.0.dylib
0x000000000739f000 	/usr/lib/system/libkxld.dylib
0x000000000739f000 	/System/Library/PrivateFrameworks/AppleFSCompression.framework/Versions/A/AppleFSCompression
0x000000000739f000 	/usr/lib/libcoretls.dylib
0x000000000739f000 	/usr/lib/libcoretls_cfhelpers.dylib
0x000000000739f000 	/usr/lib/libpam.2.dylib
0x000000000739f000 	/usr/lib/libsqlite3.dylib
0x000000000739f000 	/usr/lib/libxar.1.dylib
0x000000000739f000 	/usr/lib/libbz2.1.0.dylib
0x000000000739f000 	/usr/lib/libiconv.2.dylib
0x000000000739f000 	/usr/lib/libcharset.1.dylib
0x000000000739f000 	/usr/lib/libnetwork.dylib
0x000000000739f000 	/usr/lib/libpcap.A.dylib
0x000000000739f000 	/usr/lib/libapple_nghttp2.dylib
0x000000000739f000 	/System/Library/Frameworks/CoreServices.framework/Versions/A/Frameworks/FSEvents.framework/Versions/A/FSEvents
0x000000000739f000 	/System/Library/Frameworks/CoreServices.framework/Versions/A/Frameworks/CarbonCore.framework/Versions/A/CarbonCore
0x000000000739f000 	/System/Library/Frameworks/CoreServices.framework/Versions/A/Frameworks/Metadata.framework/Versions/A/Metadata
0x000000000739f000 	/System/Library/Frameworks/CoreServices.framework/Versions/A/Frameworks/OSServices.framework/Versions/A/OSServices
0x000000000739f000 	/System/Library/Frameworks/CoreServices.framework/Versions/A/Frameworks/SearchKit.framework/Versions/A/SearchKit
0x000000000739f000 	/System/Library/Frameworks/CoreServices.framework/Versions/A/Frameworks/AE.framework/Versions/A/AE
0x000000000739f000 	/System/Library/Frameworks/CoreServices.framework/Versions/A/Frameworks/LaunchServices.framework/Versions/A/LaunchServices
0x000000000739f000 	/System/Library/Frameworks/CoreServices.framework/Versions/A/Frameworks/DictionaryServices.framework/Versions/A/DictionaryServices
0x000000000739f000 	/System/Library/Frameworks/CoreServices.framework/Versions/A/Frameworks/SharedFileList.framework/Versions/A/SharedFileList
0x000000000739f000 	/System/Library/Frameworks/NetFS.framework/Versions/A/NetFS
0x000000000739f000 	/System/Library/PrivateFrameworks/NetAuth.framework/Versions/A/NetAuth
0x000000000739f000 	/System/Library/PrivateFrameworks/login.framework/Versions/A/Frameworks/loginsupport.framework/Versions/A/loginsupport
0x000000000739f000 	/System/Library/PrivateFrameworks/TCC.framework/Versions/A/TCC
0x000000000739f000 	/System/Library/PrivateFrameworks/CoreNLP.framework/Versions/A/CoreNLP
0x000000000739f000 	/System/Library/PrivateFrameworks/MetadataUtilities.framework/Versions/A/MetadataUtilities
0x000000000739f000 	/usr/lib/libmecabra.dylib
0x000000000739f000 	/usr/lib/libmecab.dylib
0x000000000739f000 	/usr/lib/libgermantok.dylib
0x000000000739f000 	/usr/lib/libThaiTokenizer.dylib
0x000000000739f000 	/usr/lib/libChineseTokenizer.dylib
0x000000000739f000 	/System/Library/Frameworks/Accelerate.framework/Versions/A/Frameworks/vImage.framework/Versions/A/vImage
0x000000000739f000 	/System/Library/Frameworks/Accelerate.framework/Versions/A/Frameworks/vecLib.framework/Versions/A/vecLib
0x000000000739f000 	/System/Library/Frameworks/Accelerate.framework/Versions/A/Frameworks/vecLib.framework/Versions/A/libvMisc.dylib
0x000000000739f000 	/System/Library/Frameworks/Accelerate.framework/Versions/A/Frameworks/vecLib.framework/Versions/A/libvDSP.dylib
0x000000000739f000 	/System/Library/Frameworks/Accelerate.framework/Versions/A/Frameworks/vecLib.framework/Versions/A/libBLAS.dylib
0x000000000739f000 	/System/Library/Frameworks/Accelerate.framework/Versions/A/Frameworks/vecLib.framework/Versions/A/libLAPACK.dylib
0x000000000739f000 	/System/Library/Frameworks/Accelerate.framework/Versions/A/Frameworks/vecLib.framework/Versions/A/libLinearAlgebra.dylib
0x000000000739f000 	/System/Library/Frameworks/Accelerate.framework/Versions/A/Frameworks/vecLib.framework/Versions/A/libSparseBLAS.dylib
0x000000000739f000 	/System/Library/Frameworks/Accelerate.framework/Versions/A/Frameworks/vecLib.framework/Versions/A/libQuadrature.dylib
0x000000000739f000 	/System/Library/Frameworks/Accelerate.framework/Versions/A/Frameworks/vecLib.framework/Versions/A/libBNNS.dylib
0x000000000739f000 	/System/Library/Frameworks/Accelerate.framework/Versions/A/Frameworks/vecLib.framework/Versions/A/libSparse.dylib
0x000000000739f000 	/System/Library/PrivateFrameworks/LanguageModeling.framework/Versions/A/LanguageModeling
0x000000000739f000 	/System/Library/PrivateFrameworks/CoreEmoji.framework/Versions/A/CoreEmoji
0x000000000739f000 	/System/Library/PrivateFrameworks/LinguisticData.framework/Versions/A/LinguisticData
0x000000000739f000 	/System/Library/PrivateFrameworks/Lexicon.framework/Versions/A/Lexicon
0x000000000739f000 	/usr/lib/libcmph.dylib
0x000000000739f000 	/System/Library/Frameworks/OpenDirectory.framework/Versions/A/Frameworks/CFOpenDirectory.framework/Versions/A/CFOpenDirectory
0x000000000739f000 	/System/Library/Frameworks/OpenDirectory.framework/Versions/A/OpenDirectory
0x000000000739f000 	/System/Library/PrivateFrameworks/APFS.framework/Versions/A/APFS
0x000000000739f000 	/System/Library/Frameworks/SecurityFoundation.framework/Versions/A/SecurityFoundation
0x000000000739f000 	/usr/lib/libutil.dylib
0x000000000739f000 	/System/Library/PrivateFrameworks/CoreServicesStore.framework/Versions/A/CoreServicesStore
0x000000000739f000 	/System/Library/Frameworks/ServiceManagement.framework/Versions/A/ServiceManagement
0x000000000739f000 	/System/Library/PrivateFrameworks/BackgroundTaskManagement.framework/Versions/A/BackgroundTaskManagement
0x000000000739f000 	/usr/lib/libxslt.1.dylib
0x000000000739f000 	/System/Library/PrivateFrameworks/AppleSystemInfo.framework/Versions/A/AppleSystemInfo
0x000000000739f000 	/System/Library/Frameworks/ImageIO.framework/Versions/A/Resources/libJPEG.dylib
0x000000000739f000 	/System/Library/Frameworks/ImageIO.framework/Versions/A/Resources/libTIFF.dylib
0x000000000739f000 	/System/Library/Frameworks/ImageIO.framework/Versions/A/Resources/libPng.dylib
0x000000000739f000 	/System/Library/Frameworks/ImageIO.framework/Versions/A/Resources/libGIF.dylib
0x000000000739f000 	/System/Library/Frameworks/ImageIO.framework/Versions/A/Resources/libJP2.dylib
0x000000000739f000 	/System/Library/Frameworks/ImageIO.framework/Versions/A/Resources/libRadiance.dylib
0x000000000739f000 	/usr/lib/libexpat.1.dylib
0x000000000739f000 	/System/Library/PrivateFrameworks/AppleJPEG.framework/Versions/A/AppleJPEG
0x000000000739f000 	/System/Library/PrivateFrameworks/FontServices.framework/libFontParser.dylib
0x000000000739f000 	/System/Library/PrivateFrameworks/WatchdogClient.framework/Versions/A/WatchdogClient
0x000000000739f000 	/System/Library/PrivateFrameworks/IOAccelerator.framework/Versions/A/IOAccelerator
0x000000000739f000 	/System/Library/Frameworks/MetalPerformanceShaders.framework/Versions/A/MetalPerformanceShaders
0x000000000739f000 	/System/Library/PrivateFrameworks/GPUWrangler.framework/Versions/A/GPUWrangler
0x000000000739f000 	/System/Library/PrivateFrameworks/IOPresentment.framework/Versions/A/IOPresentment
0x000000000739f000 	/System/Library/PrivateFrameworks/DSExternalDisplay.framework/Versions/A/DSExternalDisplay
0x000000000739f000 	/System/Library/Frameworks/OpenGL.framework/Versions/A/Libraries/libCoreFSCache.dylib
0x000000000739f000 	/System/Library/Frameworks/MetalPerformanceShaders.framework/Frameworks/MPSCore.framework/Versions/A/MPSCore
0x000000000739f000 	/System/Library/Frameworks/MetalPerformanceShaders.framework/Frameworks/MPSImage.framework/Versions/A/MPSImage
0x000000000739f000 	/System/Library/Frameworks/MetalPerformanceShaders.framework/Frameworks/MPSNeuralNetwork.framework/Versions/A/MPSNeuralNetwork
0x000000000739f000 	/System/Library/Frameworks/MetalPerformanceShaders.framework/Frameworks/MPSMatrix.framework/Versions/A/MPSMatrix
0x000000000739f000 	/System/Library/Frameworks/MetalPerformanceShaders.framework/Frameworks/MPSRayIntersector.framework/Versions/A/MPSRayIntersector
0x000000000739f000 	/System/Library/Frameworks/MetalPerformanceShaders.framework/Frameworks/MPSNDArray.framework/Versions/A/MPSNDArray
0x000000000739f000 	/System/Library/PrivateFrameworks/MetalTools.framework/Versions/A/MetalTools
0x000000000739f000 	/System/Library/PrivateFrameworks/AggregateDictionary.framework/Versions/A/AggregateDictionary
0x000000000739f000 	/System/Library/PrivateFrameworks/CoreAnalytics.framework/Versions/A/CoreAnalytics
0x000000000739f000 	/System/Library/PrivateFrameworks/AppleSauce.framework/Versions/A/AppleSauce
0x000000000739f000 	/usr/lib/libIOReport.dylib
0x000000000739f000 	/System/Library/Frameworks/CoreVideo.framework/Versions/A/CoreVideo
0x000000000739f000 	/System/Library/PrivateFrameworks/GraphVisualizer.framework/Versions/A/GraphVisualizer
0x000000000739f000 	/System/Library/PrivateFrameworks/FaceCore.framework/Versions/A/FaceCore
0x000000000739f000 	/System/Library/Frameworks/OpenCL.framework/Versions/A/OpenCL
0x000000000739f000 	/usr/lib/libFosl_dynamic.dylib
0x000000000739f000 	/System/Library/PrivateFrameworks/OTSVG.framework/Versions/A/OTSVG
0x000000000739f000 	/System/Library/Frameworks/ApplicationServices.framework/Versions/A/Frameworks/ATS.framework/Versions/A/Resources/libFontRegistry.dylib
0x000000000739f000 	/System/Library/PrivateFrameworks/FontServices.framework/libhvf.dylib
0x000000000739f000 	/System/Library/Frameworks/OpenGL.framework/Versions/A/Libraries/libGFXShared.dylib
0x000000000739f000 	/System/Library/Frameworks/OpenGL.framework/Versions/A/Libraries/libGLU.dylib
0x000000000739f000 	/System/Library/Frameworks/OpenGL.framework/Versions/A/Libraries/libGL.dylib
0x000000000739f000 	/System/Library/Frameworks/OpenGL.framework/Versions/A/Libraries/libGLImage.dylib
0x000000000739f000 	/System/Library/Frameworks/OpenGL.framework/Versions/A/Libraries/libCVMSPluginSupport.dylib
0x000000000739f000 	/System/Library/Frameworks/OpenGL.framework/Versions/A/Libraries/libCoreVMClient.dylib
0x000000000739f000 	/usr/lib/libncurses.5.4.dylib
0x000000000739f000 	/System/Library/Frameworks/ApplicationServices.framework/Versions/A/Frameworks/ATS.framework/Versions/A/ATS
0x000000000739f000 	/System/Library/Frameworks/ApplicationServices.framework/Versions/A/Frameworks/ColorSyncLegacy.framework/Versions/A/ColorSyncLegacy
0x000000000739f000 	/System/Library/Frameworks/ApplicationServices.framework/Versions/A/Frameworks/HIServices.framework/Versions/A/HIServices
0x000000000739f000 	/System/Library/Frameworks/ApplicationServices.framework/Versions/A/Frameworks/LangAnalysis.framework/Versions/A/LangAnalysis
0x000000000739f000 	/System/Library/Frameworks/ApplicationServices.framework/Versions/A/Frameworks/PrintCore.framework/Versions/A/PrintCore
0x000000000739f000 	/System/Library/Frameworks/ApplicationServices.framework/Versions/A/Frameworks/QD.framework/Versions/A/QD
0x000000000739f000 	/System/Library/Frameworks/ApplicationServices.framework/Versions/A/Frameworks/SpeechSynthesis.framework/Versions/A/SpeechSynthesis
0x000000000739f000 	/System/Library/Frameworks/ApplicationServices.framework/Versions/A/Frameworks/ATSUI.framework/Versions/A/ATSUI
0x000000000739f000 	/usr/lib/libcups.2.dylib
0x000000000739f000 	/System/Library/Frameworks/Kerberos.framework/Versions/A/Kerberos
0x000000000739f000 	/System/Library/Frameworks/GSS.framework/Versions/A/GSS
0x000000000739f000 	/usr/lib/libresolv.9.dylib
0x000000000739f000 	/System/Library/PrivateFrameworks/Heimdal.framework/Versions/A/Heimdal
0x000000000739f000 	/System/Library/Frameworks/Kerberos.framework/Versions/A/Libraries/libHeimdalProxy.dylib
0x000000000739f000 	/usr/lib/libheimdal-asn1.dylib
0x000000000739f000 	/System/Library/PrivateFrameworks/CommonAuth.framework/Versions/A/CommonAuth
0x000000000739f000 	/System/Library/PrivateFrameworks/AssertionServices.framework/Versions/A/AssertionServices
0x000000000739f000 	/System/Library/PrivateFrameworks/AudioToolboxCore.framework/Versions/A/AudioToolboxCore
0x000000000739f000 	/System/Library/PrivateFrameworks/caulk.framework/Versions/A/caulk
0x000000000739f000 	/System/Library/PrivateFrameworks/BaseBoard.framework/Versions/A/BaseBoard
0x000000000739f000 	/System/Library/PrivateFrameworks/RunningBoardServices.framework/Versions/A/RunningBoardServices
0x000000000739f000 	/System/Library/PrivateFrameworks/PersistentConnection.framework/Versions/A/PersistentConnection
0x000000000739f000 	/System/Library/PrivateFrameworks/ProtocolBuffer.framework/Versions/A/ProtocolBuffer
0x000000000739f000 	/System/Library/PrivateFrameworks/CommonUtilities.framework/Versions/A/CommonUtilities
0x000000000739f000 	/System/Library/PrivateFrameworks/Bom.framework/Versions/A/Bom
0x000000000739f000 	/usr/lib/libAudioToolboxUtility.dylib
0x000000000739f000 	/System/Library/PrivateFrameworks/Backup.framework/Versions/A/Backup
0x000000000739f000 	/System/Library/PrivateFrameworks/CrashReporterSupport.framework/Versions/A/CrashReporterSupport
0x000000000739f000 	/System/Library/PrivateFrameworks/Sharing.framework/Versions/A/Sharing
0x000000000739f000 	/System/Library/PrivateFrameworks/Apple80211.framework/Versions/A/Apple80211
0x000000000739f000 	/System/Library/PrivateFrameworks/AuthKit.framework/Versions/A/AuthKit
0x000000000739f000 	/System/Library/PrivateFrameworks/CoreUtils.framework/Versions/A/CoreUtils
0x000000000739f000 	/System/Library/Frameworks/CoreWLAN.framework/Versions/A/CoreWLAN
0x000000000739f000 	/System/Library/Frameworks/IOBluetooth.framework/Versions/A/IOBluetooth
0x000000000739f000 	/System/Library/PrivateFrameworks/MobileKeyBag.framework/Versions/A/MobileKeyBag
0x000000000739f000 	/System/Library/PrivateFrameworks/CorePhoneNumbers.framework/Versions/A/CorePhoneNumbers
0x000000000739f000 	/System/Library/PrivateFrameworks/AppleIDAuthSupport.framework/Versions/A/AppleIDAuthSupport
0x000000000739f000 	/System/Library/Frameworks/Network.framework/Versions/A/Network
0x000000000739f000 	/System/Library/PrivateFrameworks/KeychainCircle.framework/Versions/A/KeychainCircle
0x000000000739f000 	/System/Library/Frameworks/CoreBluetooth.framework/Versions/A/CoreBluetooth
0x000000000739f000 	/System/Library/PrivateFrameworks/SpeechRecognitionCore.framework/Versions/A/SpeechRecognitionCore
0x000000010c600000 	/Library/Java/JavaVirtualMachines/jdk1.8.0_112.jdk/Contents/Home/jre/lib/server/libjvm.dylib
0x000000000739f000 	/usr/lib/libstdc++.6.dylib
0x000000010b47a000 	/Library/Java/JavaVirtualMachines/jdk1.8.0_112.jdk/Contents/Home/jre/lib/libverify.dylib
0x000000010b488000 	/Library/Java/JavaVirtualMachines/jdk1.8.0_112.jdk/Contents/Home/jre/lib/libjava.dylib
0x000000010b4be000 	/Library/Java/JavaVirtualMachines/jdk1.8.0_112.jdk/Contents/Home/jre/lib/libinstrument.dylib
0x000000010b52a000 	/Library/Java/JavaVirtualMachines/jdk1.8.0_112.jdk/Contents/Home/jre/lib/libzip.dylib
0x000000000739f000 	/System/Library/Frameworks/JavaVM.framework/Versions/A/Frameworks/JavaRuntimeSupport.framework/Versions/A/JavaRuntimeSupport
0x000000000739f000 	/System/Library/Frameworks/JavaVM.framework/Versions/A/Frameworks/JavaNativeFoundation.framework/Versions/A/JavaNativeFoundation
0x000000000739f000 	/System/Library/Frameworks/JavaVM.framework/Versions/A/JavaVM
0x000000000739f000 	/System/Library/Frameworks/Carbon.framework/Versions/A/Carbon
0x000000000739f000 	/System/Library/PrivateFrameworks/CoreSymbolication.framework/Versions/A/CoreSymbolication
0x000000000739f000 	/System/Library/PrivateFrameworks/JavaLaunching.framework/Versions/A/JavaLaunching
0x000000000739f000 	/System/Library/Frameworks/Carbon.framework/Versions/A/Frameworks/CommonPanels.framework/Versions/A/CommonPanels
0x000000000739f000 	/System/Library/Frameworks/Carbon.framework/Versions/A/Frameworks/Help.framework/Versions/A/Help
0x000000000739f000 	/System/Library/Frameworks/Carbon.framework/Versions/A/Frameworks/ImageCapture.framework/Versions/A/ImageCapture
0x000000000739f000 	/System/Library/Frameworks/Carbon.framework/Versions/A/Frameworks/OpenScripting.framework/Versions/A/OpenScripting
0x000000000739f000 	/System/Library/Frameworks/Carbon.framework/Versions/A/Frameworks/Ink.framework/Versions/A/Ink
0x000000000739f000 	/System/Library/Frameworks/Carbon.framework/Versions/A/Frameworks/Print.framework/Versions/A/Print
0x000000000739f000 	/System/Library/Frameworks/Carbon.framework/Versions/A/Frameworks/SecurityHI.framework/Versions/A/SecurityHI
0x000000000739f000 	/System/Library/PrivateFrameworks/DebugSymbols.framework/Versions/A/DebugSymbols
0x000000010b599000 	/Library/Java/JavaVirtualMachines/jdk1.8.0_112.jdk/Contents/Home/jre/lib/libnet.dylib
0x000000011949b000 	/Library/Java/JavaVirtualMachines/jdk1.8.0_112.jdk/Contents/Home/jre/lib/libnio.dylib
0x00000001194ab000 	/private/var/folders/tf/6k52487972xbhvx_2b5p20xs9rt8m8/T/libjansi-1.17.1-669342057591463822.jnilib

VM Arguments:
jvm_args: -Dmaven.multiModuleProjectDirectory=/Users/kansoa/Development/projects/cscf/infofauna_2020/midat_rivieres/jeci-shell-new-user-permissions/jeci -Dmaven.home=/Applications/IntelliJ IDEA.app/Contents/plugins/maven/lib/maven3 -Dclassworlds.conf=/Applications/IntelliJ IDEA.app/Contents/plugins/maven/lib/maven3/bin/m2.conf -Dmaven.ext.class.path=/Applications/IntelliJ IDEA.app/Contents/plugins/maven/lib/maven-event-listener.jar -javaagent:/Applications/IntelliJ IDEA.app/Contents/lib/idea_rt.jar=65414:/Applications/IntelliJ IDEA.app/Contents/bin -Dfile.encoding=UTF-8 
java_command: org.codehaus.classworlds.Launcher -Didea.version=2020.2 -DskipTests=true package -P dev
java_class_path (initial): /Applications/IntelliJ IDEA.app/Contents/plugins/maven/lib/maven3/boot/plexus-classworlds.license:/Applications/IntelliJ IDEA.app/Contents/plugins/maven/lib/maven3/boot/plexus-classworlds-2.6.0.jar:/Applications/IntelliJ IDEA.app/Contents/lib/idea_rt.jar
Launcher Type: SUN_STANDARD

Environment Variables:
PATH=/usr/bin:/bin:/usr/sbin:/sbin
SHELL=/bin/zsh

Signal Handlers:
SIGSEGV: [libjvm.dylib+0x5b11a5], sa_mask[0]=11111111011111110111111111111111, sa_flags=SA_ONSTACK|SA_RESTART|SA_SIGINFO
SIGBUS: [libjvm.dylib+0x5b11a5], sa_mask[0]=11111111011111110111111111111111, sa_flags=SA_RESTART|SA_SIGINFO
SIGFPE: [libjvm.dylib+0x487dc0], sa_mask[0]=11111111011111110111111111111111, sa_flags=SA_RESTART|SA_SIGINFO
SIGPIPE: [libjvm.dylib+0x487dc0], sa_mask[0]=11111111011111110111111111111111, sa_flags=SA_RESTART|SA_SIGINFO
SIGXFSZ: [libjvm.dylib+0x487dc0], sa_mask[0]=11111111011111110111111111111111, sa_flags=SA_RESTART|SA_SIGINFO
SIGILL: [libjvm.dylib+0x487dc0], sa_mask[0]=11111111011111110111111111111111, sa_flags=SA_RESTART|SA_SIGINFO
SIGUSR1: SIG_DFL, sa_mask[0]=00000000000000000000000000000000, sa_flags=none
SIGUSR2: [libjvm.dylib+0x4878de], sa_mask[0]=00100000000000000000000000000000, sa_flags=SA_RESTART|SA_SIGINFO
SIGHUP: [libjvm.dylib+0x485eb5], sa_mask[0]=11111111011111110111111111111111, sa_flags=SA_RESTART|SA_SIGINFO
SIGINT: [libjvm.dylib+0x485eb5], sa_mask[0]=11111111011111110111111111111111, sa_flags=SA_RESTART|SA_SIGINFO
SIGTERM: [libjvm.dylib+0x485eb5], sa_mask[0]=11111111011111110111111111111111, sa_flags=SA_RESTART|SA_SIGINFO
SIGQUIT: [libjvm.dylib+0x485eb5], sa_mask[0]=11111111011111110111111111111111, sa_flags=SA_RESTART|SA_SIGINFO


---------------  S Y S T E M  ---------------

OS:Bsduname:Darwin 19.6.0 Darwin Kernel Version 19.6.0: Sun Jul  5 00:43:10 PDT 2020; root:xnu-6153.141.1~9/RELEASE_X86_64 x86_64
rlimit: STACK 8192k, CORE 0k, NPROC 2784, NOFILE 10240, AS infinity
load average:2.53 3.11 3.02

CPU:total 8 (4 cores per cpu, 2 threads per core) family 6 model 94 stepping 3, cmov, cx8, fxsr, mmx, sse, sse2, sse3, ssse3, sse4.1, sse4.2, popcnt, avx, avx2, aes, clmul, erms, rtm, 3dnowpref, lzcnt, ht, tsc, tscinvbit, bmi1, bmi2, adx

Memory: 4k page, physical 16777216k(1472356k free)

/proc/meminfo:


vm_info: Java HotSpot(TM) 64-Bit Server VM (25.112-b16) for bsd-amd64 JRE (1.8.0_112-b16), built on Sep 30 2016 22:41:41 by "java_re" with gcc 4.2.1 (Based on Apple Inc. build 5658) (LLVM build 2336.11.00)

time: Tue Aug 25 13:09:27 2020
elapsed time: 5 seconds (0d 0h 0m 5s)

