#
# A fatal error has been detected by the Java Runtime Environment:
#
#  SIGSEGV (0xb) at pc=0x000000010b0c304e, pid=47052, tid=0x0000000000002d03
#
# JRE version: Java(TM) SE Runtime Environment (8.0_112-b16) (build 1.8.0_112-b16)
# Java VM: Java HotSpot(TM) 64-Bit Server VM (25.112-b16 mixed mode bsd-amd64 compressed oops)
# Problematic frame:
# V  [libjvm.dylib+0x2c304e]  void PSParallelCompact::mark_and_push<unsigned int>(ParCompactionManager*, unsigned int*)+0x58
#
# Failed to write core dump. Core dumps have been disabled. To enable core dumping, try "ulimit -c unlimited" before starting Java again
#
# If you would like to submit a bug report, please visit:
#   http://bugreport.java.com/bugreport/crash.jsp
#

---------------  T H R E A D  ---------------

Current thread (0x00007fe84b00c800):  GCTaskThread [stack: 0x000070000b233000,0x000070000b333000] [id=11523]

siginfo: si_signo: 11 (SIGSEGV), si_code: 0 (unknown), si_addr: 0x0000000000000000

Registers:
RAX=0x000000011fc78000, RBX=0x00007fe847c13480, RCX=0x03ffffffe5000020, RDX=0x1fffffff28000100
RSP=0x000070000b332c60, RBP=0x000070000b332c80, RSI=0x00000006c19e2dd8, RDI=0x00007fe847c13480
R8 =0x0000000000000007, R9 =0x000000000000df2b, R10=0x0000000000000001, R11=0x0000020000000000
R12=0x0000000000000070, R13=0x00000006c19e2dd8, R14=0x0000000000000800, R15=0x00007fe847c13480
RIP=0x000000010b0c304e, EFLAGS=0x0000000000010202, ERR=0x0000000000000000
  TRAPNO=0x000000000000000d

Top of Stack: (sp=0x000070000b332c60)
0x000070000b332c60:   000070000b332c90 00000006c19e2c08
0x000070000b332c70:   0000000000000080 00007fe847c13480
0x000070000b332c80:   000070000b332cf0 000000010b279fe4
0x000070000b332c90:   0000000000000080 00007fe847c13480
0x000070000b332ca0:   000070000b332cd0 000000010b0c308b
0x000070000b332cb0:   000070000b332ce0 00007fe847c13480
0x000070000b332cc0:   00000007c001c0f0 00000006c19e2c08
0x000070000b332cd0:   00000006c19e2c08 000000010b412411
0x000070000b332ce0:   00007fe847c13480 00000007c001c6f0
0x000070000b332cf0:   000070000b332d20 000000010b279388
0x000070000b332d00:   0000000000000000 00007fe847c13480
0x000070000b332d10:   00007fe847c13488 000000010b63daa0
0x000070000b332d20:   000070000b332db0 000000010b2bbe80
0x000070000b332d30:   00007fe849908128 00007fe847c134c0
0x000070000b332d40:   00007fe847c13508 00007fe847c13540
0x000070000b332d50:   0000000000000000 0000000000000000
0x000070000b332d60:   00000006c19e2c08 00007fe8510ae800
0x000070000b332d70:   000070000b332d01 00007fe84b00c801
0x000070000b332d80:   00007fe84b00c800 00007fe847c13480
0x000070000b332d90:   0000000000000000 000000010b412411
0x000070000b332da0:   00007fe84980c420 0000000000000001
0x000070000b332db0:   000070000b332e70 000000010b2ae1ca
0x000070000b332dc0:   000070000b332e20 000000010b6d0050
0x000070000b332dd0:   00007fe849807200 000070000b332e20
0x000070000b332de0:   0000000000000000 000000010b6d00f0
0x000070000b332df0:   000070000b332e00 000070000b332e20
0x000070000b332e00:   000000010b6d0110 000000010b263400
0x000070000b332e10:   000070000b332e20 00007fe849807301
0x000070000b332e20:   000000010b6d5830 000000010b076200
0x000070000b332e30:   00007fe847c13480 00007fe849907560
0x000070000b332e40:   00007fe849907590 00007fe8499075a0
0x000070000b332e50:   00007fe849907978 00000000000003d8 

Instructions: (pc=0x000000010b0c304e)
0x000000010b0c302e:   10 48 c1 ea 03 48 8d 0d fe f1 55 00 8a 09 48 d3
0x000000010b0c303e:   ea 48 89 d1 48 83 e1 c0 48 c1 e9 03 48 8b 40 30
0x000000010b0c304e:   48 8b 04 08 48 0f a3 d0 72 5d 4c 89 f7 e8 34 68
0x000000010b0c305e:   ee ff 4c 63 f8 48 8d 3d c6 dc 62 00 4c 89 f6 4c 

Register to memory mapping:

RAX=0x000000011fc78000 is an unknown value
RBX=0x00007fe847c13480 is an unknown value
RCX=0x03ffffffe5000020 is an unknown value
RDX=0x1fffffff28000100 is an unknown value
RSP=0x000070000b332c60 is an unknown value
RBP=0x000070000b332c80 is an unknown value
RSI=0x00000006c19e2dd8 is pointing into object: 0x00000006c19e2c08
[Ljava.util.HashMap$Node; 
 - klass: 'java/util/HashMap$Node'[]
 - length: 128
RDI=0x00007fe847c13480 is an unknown value
R8 =0x0000000000000007 is an unknown value
R9 =0x000000000000df2b is an unknown value
R10=0x0000000000000001 is an unknown value
R11=0x0000020000000000 is an unknown value
R12=0x0000000000000070 is an unknown value
R13=0x00000006c19e2dd8 is pointing into object: 0x00000006c19e2c08
[Ljava.util.HashMap$Node; 
 - klass: 'java/util/HashMap$Node'[]
 - length: 128
R14=0x0000000000000800 is an unknown value
R15=0x00007fe847c13480 is an unknown value


Stack: [0x000070000b233000,0x000070000b333000],  sp=0x000070000b332c60,  free space=1023k
Native frames: (J=compiled Java code, j=interpreted, Vv=VM code, C=native code)
V  [libjvm.dylib+0x2c304e]  void PSParallelCompact::mark_and_push<unsigned int>(ParCompactionManager*, unsigned int*)+0x58
V  [libjvm.dylib+0x479fe4]  void ObjArrayKlass::objarray_follow_contents<unsigned int>(ParCompactionManager*, oopDesc*, int)+0x66
V  [libjvm.dylib+0x479388]  ObjArrayKlass::oop_follow_contents(ParCompactionManager*, oopDesc*)+0x70
V  [libjvm.dylib+0x4bbe80]  ParCompactionManager::follow_marking_stacks()+0xb4
V  [libjvm.dylib+0x4ae1ca]  ThreadRootsMarkingTask::do_it(GCTaskManager*, unsigned int)+0x11e
V  [libjvm.dylib+0x2767d3]  GCTaskThread::run()+0x1a1
V  [libjvm.dylib+0x48a7ae]  java_start(Thread*)+0xf6
C  [libsystem_pthread.dylib+0x6109]  _pthread_start+0x94
C  [libsystem_pthread.dylib+0x1b8b]  thread_start+0xf


---------------  P R O C E S S  ---------------

Java Threads: ( => current thread )
  0x00007fe84a448800 JavaThread "AWT-Shutdown" [_thread_blocked, id=38435, stack(0x000070000c314000,0x000070000c414000)]
  0x00007fe84f31e800 JavaThread "AWT-AppKit" daemon [_thread_in_native, id=775, stack(0x00007ffee5721000,0x00007ffee5f21000)]
  0x00007fe8510ae800 JavaThread "process reaper" daemon [_thread_blocked, id=22531, stack(0x000070000c266000,0x000070000c28e000)]
  0x00007fe84b89e800 JavaThread "Attach Listener" daemon [_thread_blocked, id=22275, stack(0x000070000c163000,0x000070000c263000)]
  0x00007fe84a809000 JavaThread "Service Thread" daemon [_thread_blocked, id=15875, stack(0x000070000bf5d000,0x000070000c05d000)]
  0x00007fe848819000 JavaThread "C1 CompilerThread3" daemon [_thread_blocked, id=16643, stack(0x000070000be5a000,0x000070000bf5a000)]
  0x00007fe848818800 JavaThread "C2 CompilerThread2" daemon [_thread_in_native, id=17155, stack(0x000070000bd57000,0x000070000be57000)]
  0x00007fe848817000 JavaThread "C2 CompilerThread1" daemon [_thread_in_native, id=17667, stack(0x000070000bc54000,0x000070000bd54000)]
  0x00007fe848816800 JavaThread "C2 CompilerThread0" daemon [_thread_blocked, id=15363, stack(0x000070000bb51000,0x000070000bc51000)]
  0x00007fe849021000 JavaThread "Monitor Ctrl-Break" daemon [_thread_in_native, id=15107, stack(0x000070000ba4e000,0x000070000bb4e000)]
  0x00007fe848808800 JavaThread "Signal Dispatcher" daemon [_thread_blocked, id=14851, stack(0x000070000b94b000,0x000070000ba4b000)]
  0x00007fe848016000 JavaThread "Finalizer" daemon [_thread_blocked, id=19971, stack(0x000070000b742000,0x000070000b842000)]
  0x00007fe848013000 JavaThread "Reference Handler" daemon [_thread_blocked, id=12547, stack(0x000070000b63f000,0x000070000b73f000)]
  0x00007fe84880a000 JavaThread "main" [_thread_blocked, id=3331, stack(0x000070000ac21000,0x000070000ad21000)]

Other Threads:
  0x00007fe848010800 VMThread [stack: 0x000070000b53c000,0x000070000b63c000] [id=12291]
  0x00007fe84880b000 WatcherThread [stack: 0x000070000c060000,0x000070000c160000] [id=21763]

=>0x00007fe84b00c800 (exited) GCTaskThread [stack: 0x000070000b233000,0x000070000b333000] [id=11523]

VM state:at safepoint (normal execution)

VM Mutex/Monitor currently owned by a thread:  ([mutex/lock_event])
[0x00007fe847c10340] Threads_lock - owner thread: 0x00007fe848010800
[0x00007fe847c10840] Heap_lock - owner thread: 0x00007fe84880a000

Heap:
 PSYoungGen      total 191488K, used 33724K [0x000000076ab00000, 0x0000000779800000, 0x00000007c0000000)
  eden space 150016K, 0% used [0x000000076ab00000,0x000000076ab00000,0x0000000773d80000)
  from space 41472K, 81% used [0x0000000776980000,0x0000000778a6f300,0x0000000779200000)
  to   space 45056K, 0% used [0x0000000773d80000,0x0000000773d80000,0x0000000776980000)
 ParOldGen       total 115712K, used 38934K [0x00000006c0000000, 0x00000006c7100000, 0x000000076ab00000)
  object space 115712K, 33% used [0x00000006c0000000,0x00000006c2605bc8,0x00000006c7100000)
 Metaspace       used 34379K, capacity 35290K, committed 35496K, reserved 1081344K
  class space    used 3953K, capacity 4253K, committed 4352K, reserved 1048576K

Card table byte_map: [0x000000010c162000,0x000000010c963000] byte_map_base: 0x0000000108b62000

Marking Bits: (ParMarkBitMap*) 0x000000010b6f0d30
 Begin Bits: [0x000000011fc78000, 0x0000000123c78000)
 End Bits:   [0x0000000123c78000, 0x0000000127c78000)

Polling page: 0x0000000109d51000

CodeCache: size=245760Kb used=27360Kb max_used=27550Kb free=218399Kb
 bounds [0x0000000110c78000, 0x00000001127a8000, 0x000000011fc78000]
 total_blobs=7132 nmethods=6670 adapters=374
 compilation: enabled

Compilation events (10 events):
Event: 50.261 Thread 0x00007fe848819000 8239       3       sun.util.resources.TimeZoneNamesBundle::handleGetObject (48 bytes)
Event: 50.261 Thread 0x00007fe848819000 nmethod 8239 0x0000000110ec3590 code [0x0000000110ec3780, 0x0000000110ec4098]
Event: 50.261 Thread 0x00007fe848819000 8240       3       java.util.ResourceBundle::getStringArray (12 bytes)
Event: 50.261 Thread 0x00007fe848819000 nmethod 8240 0x0000000110ec3090 code [0x0000000110ec3200, 0x0000000110ec34e8]
Event: 50.593 Thread 0x00007fe848816800 nmethod 8176 0x0000000111db06d0 code [0x0000000111db0d40, 0x0000000111db6ea0]
Event: 50.593 Thread 0x00007fe848816800 8234   !   4       sun.misc.URLClassPath$JarLoader::getResource (85 bytes)
Event: 50.648 Thread 0x00007fe848816800 nmethod 8234 0x0000000111f14610 code [0x0000000111f149c0, 0x0000000111f16810]
Event: 50.710 Thread 0x00007fe848816800 8241  s    4       sun.misc.URLClassPath::getNextLoader (88 bytes)
Event: 50.714 Thread 0x00007fe848819000 8243       3       java.util.HashMap::put (13 bytes)
Event: 50.714 Thread 0x00007fe848819000 nmethod 8243 0x0000000111db0010 code [0x0000000111db01a0, 0x0000000111db0558]

GC Heap History (10 events):
Event: 22.359 GC heap after
Heap after GC invocations=9 (full 1):
 PSYoungGen      total 130560K, used 22013K [0x000000076ab00000, 0x0000000774f00000, 0x00000007c0000000)
  eden space 108544K, 0% used [0x000000076ab00000,0x000000076ab00000,0x0000000771500000)
  from space 22016K, 99% used [0x0000000773080000,0x00000007745ff5a0,0x0000000774600000)
  to   space 28160K, 0% used [0x0000000771500000,0x0000000771500000,0x0000000773080000)
 ParOldGen       total 115712K, used 26467K [0x00000006c0000000, 0x00000006c7100000, 0x000000076ab00000)
  object space 115712K, 22% used [0x00000006c0000000,0x00000006c19d8eb0,0x00000006c7100000)
 Metaspace       used 31279K, capacity 31948K, committed 32256K, reserved 1077248K
  class space    used 3562K, capacity 3755K, committed 3840K, reserved 1048576K
}
Event: 28.545 GC heap before
{Heap before GC invocations=10 (full 1):
 PSYoungGen      total 130560K, used 130557K [0x000000076ab00000, 0x0000000774f00000, 0x00000007c0000000)
  eden space 108544K, 100% used [0x000000076ab00000,0x0000000771500000,0x0000000771500000)
  from space 22016K, 99% used [0x0000000773080000,0x00000007745ff5a0,0x0000000774600000)
  to   space 28160K, 0% used [0x0000000771500000,0x0000000771500000,0x0000000773080000)
 ParOldGen       total 115712K, used 26467K [0x00000006c0000000, 0x00000006c7100000, 0x000000076ab00000)
  object space 115712K, 22% used [0x00000006c0000000,0x00000006c19d8eb0,0x00000006c7100000)
 Metaspace       used 31724K, capacity 32458K, committed 32768K, reserved 1079296K
  class space    used 3585K, capacity 3791K, committed 3840K, reserved 1048576K
Event: 28.568 GC heap after
Heap after GC invocations=10 (full 1):
 PSYoungGen      total 136704K, used 28138K [0x000000076ab00000, 0x0000000776f80000, 0x00000007c0000000)
  eden space 108544K, 0% used [0x000000076ab00000,0x000000076ab00000,0x0000000771500000)
  from space 28160K, 99% used [0x0000000771500000,0x000000077307a968,0x0000000773080000)
  to   space 34304K, 0% used [0x0000000774e00000,0x0000000774e00000,0x0000000776f80000)
 ParOldGen       total 115712K, used 31490K [0x00000006c0000000, 0x00000006c7100000, 0x000000076ab00000)
  object space 115712K, 27% used [0x00000006c0000000,0x00000006c1ec0a20,0x00000006c7100000)
 Metaspace       used 31724K, capacity 32458K, committed 32768K, reserved 1079296K
  class space    used 3585K, capacity 3791K, committed 3840K, reserved 1048576K
}
Event: 33.846 GC heap before
{Heap before GC invocations=11 (full 1):
 PSYoungGen      total 136704K, used 136337K [0x000000076ab00000, 0x0000000776f80000, 0x00000007c0000000)
  eden space 108544K, 99% used [0x000000076ab00000,0x00000007714a9d48,0x0000000771500000)
  from space 28160K, 99% used [0x0000000771500000,0x000000077307a968,0x0000000773080000)
  to   space 34304K, 0% used [0x0000000774e00000,0x0000000774e00000,0x0000000776f80000)
 ParOldGen       total 115712K, used 31490K [0x00000006c0000000, 0x00000006c7100000, 0x000000076ab00000)
  object space 115712K, 27% used [0x00000006c0000000,0x00000006c1ec0a20,0x00000006c7100000)
 Metaspace       used 32773K, capacity 33538K, committed 33664K, reserved 1079296K
  class space    used 3724K, capacity 3947K, committed 3968K, reserved 1048576K
Event: 33.874 GC heap after
Heap after GC invocations=11 (full 1):
 PSYoungGen      total 162816K, used 31039K [0x000000076ab00000, 0x0000000777700000, 0x00000007c0000000)
  eden space 128512K, 0% used [0x000000076ab00000,0x000000076ab00000,0x0000000772880000)
  from space 34304K, 90% used [0x0000000774e00000,0x0000000776c4fc98,0x0000000776f80000)
  to   space 38400K, 0% used [0x0000000772880000,0x0000000772880000,0x0000000774e00000)
 ParOldGen       total 115712K, used 38918K [0x00000006c0000000, 0x00000006c7100000, 0x000000076ab00000)
  object space 115712K, 33% used [0x00000006c0000000,0x00000006c2601bc8,0x00000006c7100000)
 Metaspace       used 32773K, capacity 33538K, committed 33664K, reserved 1079296K
  class space    used 3724K, capacity 3947K, committed 3968K, reserved 1048576K
}
Event: 42.338 GC heap before
{Heap before GC invocations=12 (full 1):
 PSYoungGen      total 162816K, used 159551K [0x000000076ab00000, 0x0000000777700000, 0x00000007c0000000)
  eden space 128512K, 100% used [0x000000076ab00000,0x0000000772880000,0x0000000772880000)
  from space 34304K, 90% used [0x0000000774e00000,0x0000000776c4fc98,0x0000000776f80000)
  to   space 38400K, 0% used [0x0000000772880000,0x0000000772880000,0x0000000774e00000)
 ParOldGen       total 115712K, used 38918K [0x00000006c0000000, 0x00000006c7100000, 0x000000076ab00000)
  object space 115712K, 33% used [0x00000006c0000000,0x00000006c2601bc8,0x00000006c7100000)
 Metaspace       used 32881K, capacity 33698K, committed 34048K, reserved 1079296K
  class space    used 3727K, capacity 3979K, committed 4096K, reserved 1048576K
Event: 42.357 GC heap after
Heap after GC invocations=12 (full 1):
 PSYoungGen      total 166912K, used 32277K [0x000000076ab00000, 0x0000000779200000, 0x00000007c0000000)
  eden space 128512K, 0% used [0x000000076ab00000,0x000000076ab00000,0x0000000772880000)
  from space 38400K, 84% used [0x0000000772880000,0x0000000774805768,0x0000000774e00000)
  to   space 41472K, 0% used [0x0000000776980000,0x0000000776980000,0x0000000779200000)
 ParOldGen       total 115712K, used 38926K [0x00000006c0000000, 0x00000006c7100000, 0x000000076ab00000)
  object space 115712K, 33% used [0x00000006c0000000,0x00000006c2603bc8,0x00000006c7100000)
 Metaspace       used 32881K, capacity 33698K, committed 34048K, reserved 1079296K
  class space    used 3727K, capacity 3979K, committed 4096K, reserved 1048576K
}
Event: 50.715 GC heap before
{Heap before GC invocations=13 (full 1):
 PSYoungGen      total 166912K, used 131137K [0x000000076ab00000, 0x0000000779200000, 0x00000007c0000000)
  eden space 128512K, 76% used [0x000000076ab00000,0x0000000770b8afc0,0x0000000772880000)
  from space 38400K, 84% used [0x0000000772880000,0x0000000774805768,0x0000000774e00000)
  to   space 41472K, 0% used [0x0000000776980000,0x0000000776980000,0x0000000779200000)
 ParOldGen       total 115712K, used 38926K [0x00000006c0000000, 0x00000006c7100000, 0x000000076ab00000)
  object space 115712K, 33% used [0x00000006c0000000,0x00000006c2603bc8,0x00000006c7100000)
 Metaspace       used 34379K, capacity 35290K, committed 35496K, reserved 1081344K
  class space    used 3953K, capacity 4253K, committed 4352K, reserved 1048576K
Event: 50.745 GC heap after
Heap after GC invocations=13 (full 1):
 PSYoungGen      total 191488K, used 33724K [0x000000076ab00000, 0x0000000779800000, 0x00000007c0000000)
  eden space 150016K, 0% used [0x000000076ab00000,0x000000076ab00000,0x0000000773d80000)
  from space 41472K, 81% used [0x0000000776980000,0x0000000778a6f300,0x0000000779200000)
  to   space 45056K, 0% used [0x0000000773d80000,0x0000000773d80000,0x0000000776980000)
 ParOldGen       total 115712K, used 38934K [0x00000006c0000000, 0x00000006c7100000, 0x000000076ab00000)
  object space 115712K, 33% used [0x00000006c0000000,0x00000006c2605bc8,0x00000006c7100000)
 Metaspace       used 34379K, capacity 35290K, committed 35496K, reserved 1081344K
  class space    used 3953K, capacity 4253K, committed 4352K, reserved 1048576K
}
Event: 50.745 GC heap before
{Heap before GC invocations=14 (full 2):
 PSYoungGen      total 191488K, used 33724K [0x000000076ab00000, 0x0000000779800000, 0x00000007c0000000)
  eden space 150016K, 0% used [0x000000076ab00000,0x000000076ab00000,0x0000000773d80000)
  from space 41472K, 81% used [0x0000000776980000,0x0000000778a6f300,0x0000000779200000)
  to   space 45056K, 0% used [0x0000000773d80000,0x0000000773d80000,0x0000000776980000)
 ParOldGen       total 115712K, used 38934K [0x00000006c0000000, 0x00000006c7100000, 0x000000076ab00000)
  object space 115712K, 33% used [0x00000006c0000000,0x00000006c2605bc8,0x00000006c7100000)
 Metaspace       used 34379K, capacity 35290K, committed 35496K, reserved 1081344K
  class space    used 3953K, capacity 4253K, committed 4352K, reserved 1048576K

Deoptimization events (10 events):
Event: 40.763 Thread 0x00007fe84880a000 Uncommon trap: reason=class_check action=maybe_recompile pc=0x0000000112284dec method=com.sun.tools.javac.code.Types$SignatureGenerator.assembleSig(Lcom/sun/tools/javac/code/Type;)V @ 210
Event: 42.124 Thread 0x00007fe84880a000 Uncommon trap: reason=unstable_if action=reinterpret pc=0x00000001111466b4 method=com.sun.tools.javac.util.IntHashTable.rehash()V @ 88
Event: 42.125 Thread 0x00007fe84880a000 Uncommon trap: reason=unstable_if action=reinterpret pc=0x000000011161e8cc method=com.sun.tools.javac.util.Position$LineMapImpl.getLineNumber(I)I @ 66
Event: 42.418 Thread 0x00007fe84880a000 Uncommon trap: reason=unstable_if action=reinterpret pc=0x00000001116ebdd8 method=java.io.BufferedReader.readLine(Z)Ljava/lang/String; @ 192
Event: 45.743 Thread 0x00007fe84880a000 Uncommon trap: reason=class_check action=maybe_recompile pc=0x00000001123140fc method=com.sun.tools.javac.comp.Infer.checkCompatibleUpperBounds(Lcom/sun/tools/javac/code/Type$UndetVar;Lcom/sun/tools/javac/comp/Infer$InferenceContext;)V @ 30
Event: 46.007 Thread 0x00007fe84880a000 Uncommon trap: reason=class_check action=maybe_recompile pc=0x0000000112008524 method=com.sun.tools.javac.jvm.Pool.makePoolValue(Ljava/lang/Object;)Ljava/lang/Object; @ 58
Event: 50.002 Thread 0x00007fe84880a000 Uncommon trap: reason=unstable_if action=reinterpret pc=0x0000000112066110 method=com.sun.tools.javac.util.Position$LineMapImpl.getLineNumber(I)I @ 66
Event: 50.251 Thread 0x00007fe84880a000 Uncommon trap: reason=unstable_if action=reinterpret pc=0x0000000111544cf0 method=org.codehaus.plexus.classworlds.realm.Entry.matches(Ljava/lang/String;)Z @ 20
Event: 50.259 Thread 0x00007fe84880a000 Uncommon trap: reason=null_check action=make_not_entrant pc=0x00000001122bbc64 method=sun.util.locale.provider.LocaleProviderAdapter.getAdapter(Ljava/lang/Class;Ljava/util/Locale;)Lsun/util/locale/provider/LocaleProviderAdapter; @ 9
Event: 50.705 Thread 0x00007fe84880a000 Uncommon trap: reason=unstable_if action=reinterpret pc=0x0000000110fbc354 method=java.util.HashMap.hash(Ljava/lang/Object;)I @ 1

Internal exceptions (10 events):
Event: 38.556 Thread 0x00007fe84880a000 Exception <a 'java/io/FileNotFoundException'> (0x0000000770722f20) thrown at [/Users/java_re/workspace/8-2-build-macosx-x86_64/jdk8u112/7935/hotspot/src/share/vm/prims/jni.cpp, line 709]
Event: 38.556 Thread 0x00007fe84880a000 Exception <a 'java/io/FileNotFoundException'> (0x0000000770724ad0) thrown at [/Users/java_re/workspace/8-2-build-macosx-x86_64/jdk8u112/7935/hotspot/src/share/vm/prims/jni.cpp, line 709]
Event: 42.443 Thread 0x00007fe84880a000 Exception <a 'java/io/FileNotFoundException'> (0x000000076b76cc10) thrown at [/Users/java_re/workspace/8-2-build-macosx-x86_64/jdk8u112/7935/hotspot/src/share/vm/prims/jni.cpp, line 709]
Event: 42.443 Thread 0x00007fe84880a000 Exception <a 'java/io/FileNotFoundException'> (0x000000076b76e7c0) thrown at [/Users/java_re/workspace/8-2-build-macosx-x86_64/jdk8u112/7935/hotspot/src/share/vm/prims/jni.cpp, line 709]
Event: 46.489 Thread 0x00007fe84880a000 Exception <a 'java/io/FileNotFoundException'> (0x000000076e944a48) thrown at [/Users/java_re/workspace/8-2-build-macosx-x86_64/jdk8u112/7935/hotspot/src/share/vm/prims/jni.cpp, line 709]
Event: 46.489 Thread 0x00007fe84880a000 Exception <a 'java/io/FileNotFoundException'> (0x000000076e9465f8) thrown at [/Users/java_re/workspace/8-2-build-macosx-x86_64/jdk8u112/7935/hotspot/src/share/vm/prims/jni.cpp, line 709]
Event: 50.259 Thread 0x00007fe84880a000 Implicit null exception at 0x00000001122bba1b to 0x00000001122bbc55
Event: 50.692 Thread 0x00007fe84880a000 Exception <a 'java/io/FileNotFoundException'> (0x00000007707727e8) thrown at [/Users/java_re/workspace/8-2-build-macosx-x86_64/jdk8u112/7935/hotspot/src/share/vm/prims/jni.cpp, line 709]
Event: 50.692 Thread 0x00007fe84880a000 Exception <a 'java/io/FileNotFoundException'> (0x00000007707736f0) thrown at [/Users/java_re/workspace/8-2-build-macosx-x86_64/jdk8u112/7935/hotspot/src/share/vm/prims/jni.cpp, line 709]
Event: 50.705 Thread 0x00007fe84880a000 Implicit null exception at 0x0000000110fbbe7b to 0x0000000110fbc339

Events (10 events):
Event: 50.713 loading class sun/font/EAttribute done
Event: 50.713 loading class java/awt/font/TextAttribute
Event: 50.713 loading class java/awt/font/TextAttribute done
Event: 50.714 loading class java/sql/Timestamp
Event: 50.714 loading class java/sql/Timestamp done
Event: 50.714 loading class java/sql/Time
Event: 50.714 loading class java/sql/Time done
Event: 50.715 loading class javax/xml/datatype/Duration
Event: 50.715 loading class javax/xml/datatype/Duration done
Event: 50.715 Executing VM operation: CollectForMetadataAllocation


Dynamic libraries:
0x000000000739f000 	/System/Library/Frameworks/Cocoa.framework/Versions/A/Cocoa
0x000000000739f000 	/System/Library/Frameworks/Security.framework/Versions/A/Security
0x000000000739f000 	/System/Library/Frameworks/ApplicationServices.framework/Versions/A/ApplicationServices
0x000000000739f000 	/usr/lib/libz.1.dylib
0x000000000739f000 	/usr/lib/libSystem.B.dylib
0x000000000739f000 	/usr/lib/libobjc.A.dylib
0x000000000739f000 	/System/Library/Frameworks/CoreFoundation.framework/Versions/A/CoreFoundation
0x000000000739f000 	/System/Library/Frameworks/Foundation.framework/Versions/C/Foundation
0x000000000739f000 	/System/Library/Frameworks/AppKit.framework/Versions/C/AppKit
0x000000000739f000 	/System/Library/Frameworks/CoreData.framework/Versions/A/CoreData
0x000000000739f000 	/System/Library/PrivateFrameworks/UIFoundation.framework/Versions/A/UIFoundation
0x000000000739f000 	/System/Library/PrivateFrameworks/RemoteViewServices.framework/Versions/A/RemoteViewServices
0x000000000739f000 	/System/Library/PrivateFrameworks/XCTTargetBootstrap.framework/Versions/A/XCTTargetBootstrap
0x000000000739f000 	/System/Library/Frameworks/CoreDisplay.framework/Versions/A/CoreDisplay
0x000000000739f000 	/System/Library/Frameworks/Metal.framework/Versions/A/Metal
0x000000000739f000 	/System/Library/PrivateFrameworks/DesktopServicesPriv.framework/Versions/A/DesktopServicesPriv
0x000000000739f000 	/usr/lib/liblangid.dylib
0x000000000739f000 	/System/Library/PrivateFrameworks/CoreSVG.framework/Versions/A/CoreSVG
0x000000000739f000 	/System/Library/PrivateFrameworks/SkyLight.framework/Versions/A/SkyLight
0x000000000739f000 	/System/Library/Frameworks/CoreGraphics.framework/Versions/A/CoreGraphics
0x000000000739f000 	/System/Library/Frameworks/Accelerate.framework/Versions/A/Accelerate
0x000000000739f000 	/usr/lib/libxml2.2.dylib
0x000000000739f000 	/System/Library/PrivateFrameworks/IconServices.framework/Versions/A/IconServices
0x000000000739f000 	/System/Library/Frameworks/IOSurface.framework/Versions/A/IOSurface
0x000000000739f000 	/usr/lib/libDiagnosticMessagesClient.dylib
0x000000000739f000 	/System/Library/PrivateFrameworks/DFRFoundation.framework/Versions/A/DFRFoundation
0x000000000739f000 	/usr/lib/libicucore.A.dylib
0x000000000739f000 	/System/Library/Frameworks/AudioToolbox.framework/Versions/A/AudioToolbox
0x000000000739f000 	/System/Library/Frameworks/AudioUnit.framework/Versions/A/AudioUnit
0x000000000739f000 	/usr/lib/libauto.dylib
0x000000000739f000 	/System/Library/PrivateFrameworks/DataDetectorsCore.framework/Versions/A/DataDetectorsCore
0x000000000739f000 	/System/Library/Frameworks/Carbon.framework/Versions/A/Frameworks/HIToolbox.framework/Versions/A/HIToolbox
0x000000000739f000 	/System/Library/Frameworks/QuartzCore.framework/Versions/A/QuartzCore
0x000000000739f000 	/System/Library/Frameworks/Carbon.framework/Versions/A/Frameworks/SpeechRecognition.framework/Versions/A/SpeechRecognition
0x000000000739f000 	/System/Library/PrivateFrameworks/CoreUI.framework/Versions/A/CoreUI
0x000000000739f000 	/System/Library/Frameworks/CoreAudio.framework/Versions/A/CoreAudio
0x000000000739f000 	/System/Library/Frameworks/DiskArbitration.framework/Versions/A/DiskArbitration
0x000000000739f000 	/System/Library/PrivateFrameworks/MultitouchSupport.framework/Versions/A/MultitouchSupport
0x000000000739f000 	/usr/lib/libenergytrace.dylib
0x000000000739f000 	/System/Library/Frameworks/IOKit.framework/Versions/A/IOKit
0x000000000739f000 	/System/Library/Frameworks/CoreServices.framework/Versions/A/CoreServices
0x000000000739f000 	/System/Library/PrivateFrameworks/PerformanceAnalysis.framework/Versions/A/PerformanceAnalysis
0x000000000739f000 	/System/Library/Frameworks/OpenGL.framework/Versions/A/OpenGL
0x000000000739f000 	/System/Library/Frameworks/ColorSync.framework/Versions/A/ColorSync
0x000000000739f000 	/System/Library/Frameworks/CoreImage.framework/Versions/A/CoreImage
0x000000000739f000 	/System/Library/Frameworks/CoreText.framework/Versions/A/CoreText
0x000000000739f000 	/System/Library/Frameworks/ImageIO.framework/Versions/A/ImageIO
0x000000000739f000 	/usr/lib/libc++.1.dylib
0x000000000739f000 	/usr/lib/libcompression.dylib
0x000000000739f000 	/usr/lib/libMobileGestalt.dylib
0x000000000739f000 	/System/Library/PrivateFrameworks/TextureIO.framework/Versions/A/TextureIO
0x000000000739f000 	/usr/lib/libate.dylib
0x000000000739f000 	/System/Library/PrivateFrameworks/InternationalSupport.framework/Versions/A/InternationalSupport
0x000000000739f000 	/usr/lib/system/libcache.dylib
0x000000000739f000 	/usr/lib/system/libcommonCrypto.dylib
0x000000000739f000 	/usr/lib/system/libcompiler_rt.dylib
0x000000000739f000 	/usr/lib/system/libcopyfile.dylib
0x000000000739f000 	/usr/lib/system/libcorecrypto.dylib
0x000000000739f000 	/usr/lib/system/libdispatch.dylib
0x000000000739f000 	/usr/lib/system/libdyld.dylib
0x000000000739f000 	/usr/lib/system/libkeymgr.dylib
0x000000000739f000 	/usr/lib/system/liblaunch.dylib
0x000000000739f000 	/usr/lib/system/libmacho.dylib
0x000000000739f000 	/usr/lib/system/libquarantine.dylib
0x000000000739f000 	/usr/lib/system/libremovefile.dylib
0x000000000739f000 	/usr/lib/system/libsystem_asl.dylib
0x000000000739f000 	/usr/lib/system/libsystem_blocks.dylib
0x000000000739f000 	/usr/lib/system/libsystem_c.dylib
0x000000000739f000 	/usr/lib/system/libsystem_configuration.dylib
0x000000000739f000 	/usr/lib/system/libsystem_coreservices.dylib
0x000000000739f000 	/usr/lib/system/libsystem_darwin.dylib
0x000000000739f000 	/usr/lib/system/libsystem_dnssd.dylib
0x000000000739f000 	/usr/lib/system/libsystem_featureflags.dylib
0x000000000739f000 	/usr/lib/system/libsystem_info.dylib
0x000000000739f000 	/usr/lib/system/libsystem_m.dylib
0x000000000739f000 	/usr/lib/system/libsystem_malloc.dylib
0x000000000739f000 	/usr/lib/system/libsystem_networkextension.dylib
0x000000000739f000 	/usr/lib/system/libsystem_notify.dylib
0x000000000739f000 	/usr/lib/system/libsystem_sandbox.dylib
0x000000000739f000 	/usr/lib/system/libsystem_secinit.dylib
0x000000000739f000 	/usr/lib/system/libsystem_kernel.dylib
0x000000000739f000 	/usr/lib/system/libsystem_platform.dylib
0x000000000739f000 	/usr/lib/system/libsystem_pthread.dylib
0x000000000739f000 	/usr/lib/system/libsystem_symptoms.dylib
0x000000000739f000 	/usr/lib/system/libsystem_trace.dylib
0x000000000739f000 	/usr/lib/system/libunwind.dylib
0x000000000739f000 	/usr/lib/system/libxpc.dylib
0x000000000739f000 	/usr/lib/libc++abi.dylib
0x000000000739f000 	/usr/lib/liblzma.5.dylib
0x000000000739f000 	/usr/lib/libfakelink.dylib
0x000000000739f000 	/usr/lib/libarchive.2.dylib
0x000000000739f000 	/System/Library/Frameworks/SystemConfiguration.framework/Versions/A/SystemConfiguration
0x000000000739f000 	/usr/lib/libCRFSuite.dylib
0x000000000739f000 	/System/Library/Frameworks/CFNetwork.framework/Versions/A/CFNetwork
0x000000000739f000 	/usr/lib/libbsm.0.dylib
0x000000000739f000 	/usr/lib/system/libkxld.dylib
0x000000000739f000 	/System/Library/PrivateFrameworks/AppleFSCompression.framework/Versions/A/AppleFSCompression
0x000000000739f000 	/usr/lib/libcoretls.dylib
0x000000000739f000 	/usr/lib/libcoretls_cfhelpers.dylib
0x000000000739f000 	/usr/lib/libpam.2.dylib
0x000000000739f000 	/usr/lib/libsqlite3.dylib
0x000000000739f000 	/usr/lib/libxar.1.dylib
0x000000000739f000 	/usr/lib/libbz2.1.0.dylib
0x000000000739f000 	/usr/lib/libiconv.2.dylib
0x000000000739f000 	/usr/lib/libcharset.1.dylib
0x000000000739f000 	/usr/lib/libnetwork.dylib
0x000000000739f000 	/usr/lib/libpcap.A.dylib
0x000000000739f000 	/usr/lib/libapple_nghttp2.dylib
0x000000000739f000 	/System/Library/Frameworks/CoreServices.framework/Versions/A/Frameworks/FSEvents.framework/Versions/A/FSEvents
0x000000000739f000 	/System/Library/Frameworks/CoreServices.framework/Versions/A/Frameworks/CarbonCore.framework/Versions/A/CarbonCore
0x000000000739f000 	/System/Library/Frameworks/CoreServices.framework/Versions/A/Frameworks/Metadata.framework/Versions/A/Metadata
0x000000000739f000 	/System/Library/Frameworks/CoreServices.framework/Versions/A/Frameworks/OSServices.framework/Versions/A/OSServices
0x000000000739f000 	/System/Library/Frameworks/CoreServices.framework/Versions/A/Frameworks/SearchKit.framework/Versions/A/SearchKit
0x000000000739f000 	/System/Library/Frameworks/CoreServices.framework/Versions/A/Frameworks/AE.framework/Versions/A/AE
0x000000000739f000 	/System/Library/Frameworks/CoreServices.framework/Versions/A/Frameworks/LaunchServices.framework/Versions/A/LaunchServices
0x000000000739f000 	/System/Library/Frameworks/CoreServices.framework/Versions/A/Frameworks/DictionaryServices.framework/Versions/A/DictionaryServices
0x000000000739f000 	/System/Library/Frameworks/CoreServices.framework/Versions/A/Frameworks/SharedFileList.framework/Versions/A/SharedFileList
0x000000000739f000 	/System/Library/Frameworks/NetFS.framework/Versions/A/NetFS
0x000000000739f000 	/System/Library/PrivateFrameworks/NetAuth.framework/Versions/A/NetAuth
0x000000000739f000 	/System/Library/PrivateFrameworks/login.framework/Versions/A/Frameworks/loginsupport.framework/Versions/A/loginsupport
0x000000000739f000 	/System/Library/PrivateFrameworks/TCC.framework/Versions/A/TCC
0x000000000739f000 	/System/Library/PrivateFrameworks/CoreNLP.framework/Versions/A/CoreNLP
0x000000000739f000 	/System/Library/PrivateFrameworks/MetadataUtilities.framework/Versions/A/MetadataUtilities
0x000000000739f000 	/usr/lib/libmecabra.dylib
0x000000000739f000 	/usr/lib/libmecab.dylib
0x000000000739f000 	/usr/lib/libgermantok.dylib
0x000000000739f000 	/usr/lib/libThaiTokenizer.dylib
0x000000000739f000 	/usr/lib/libChineseTokenizer.dylib
0x000000000739f000 	/System/Library/Frameworks/Accelerate.framework/Versions/A/Frameworks/vImage.framework/Versions/A/vImage
0x000000000739f000 	/System/Library/Frameworks/Accelerate.framework/Versions/A/Frameworks/vecLib.framework/Versions/A/vecLib
0x000000000739f000 	/System/Library/Frameworks/Accelerate.framework/Versions/A/Frameworks/vecLib.framework/Versions/A/libvMisc.dylib
0x000000000739f000 	/System/Library/Frameworks/Accelerate.framework/Versions/A/Frameworks/vecLib.framework/Versions/A/libvDSP.dylib
0x000000000739f000 	/System/Library/Frameworks/Accelerate.framework/Versions/A/Frameworks/vecLib.framework/Versions/A/libBLAS.dylib
0x000000000739f000 	/System/Library/Frameworks/Accelerate.framework/Versions/A/Frameworks/vecLib.framework/Versions/A/libLAPACK.dylib
0x000000000739f000 	/System/Library/Frameworks/Accelerate.framework/Versions/A/Frameworks/vecLib.framework/Versions/A/libLinearAlgebra.dylib
0x000000000739f000 	/System/Library/Frameworks/Accelerate.framework/Versions/A/Frameworks/vecLib.framework/Versions/A/libSparseBLAS.dylib
0x000000000739f000 	/System/Library/Frameworks/Accelerate.framework/Versions/A/Frameworks/vecLib.framework/Versions/A/libQuadrature.dylib
0x000000000739f000 	/System/Library/Frameworks/Accelerate.framework/Versions/A/Frameworks/vecLib.framework/Versions/A/libBNNS.dylib
0x000000000739f000 	/System/Library/Frameworks/Accelerate.framework/Versions/A/Frameworks/vecLib.framework/Versions/A/libSparse.dylib
0x000000000739f000 	/System/Library/PrivateFrameworks/LanguageModeling.framework/Versions/A/LanguageModeling
0x000000000739f000 	/System/Library/PrivateFrameworks/CoreEmoji.framework/Versions/A/CoreEmoji
0x000000000739f000 	/System/Library/PrivateFrameworks/LinguisticData.framework/Versions/A/LinguisticData
0x000000000739f000 	/System/Library/PrivateFrameworks/Lexicon.framework/Versions/A/Lexicon
0x000000000739f000 	/usr/lib/libcmph.dylib
0x000000000739f000 	/System/Library/Frameworks/OpenDirectory.framework/Versions/A/Frameworks/CFOpenDirectory.framework/Versions/A/CFOpenDirectory
0x000000000739f000 	/System/Library/Frameworks/OpenDirectory.framework/Versions/A/OpenDirectory
0x000000000739f000 	/System/Library/PrivateFrameworks/APFS.framework/Versions/A/APFS
0x000000000739f000 	/System/Library/Frameworks/SecurityFoundation.framework/Versions/A/SecurityFoundation
0x000000000739f000 	/usr/lib/libutil.dylib
0x000000000739f000 	/System/Library/PrivateFrameworks/CoreServicesStore.framework/Versions/A/CoreServicesStore
0x000000000739f000 	/System/Library/Frameworks/ServiceManagement.framework/Versions/A/ServiceManagement
0x000000000739f000 	/System/Library/PrivateFrameworks/BackgroundTaskManagement.framework/Versions/A/BackgroundTaskManagement
0x000000000739f000 	/usr/lib/libxslt.1.dylib
0x000000000739f000 	/System/Library/PrivateFrameworks/AppleSystemInfo.framework/Versions/A/AppleSystemInfo
0x000000000739f000 	/System/Library/Frameworks/ImageIO.framework/Versions/A/Resources/libJPEG.dylib
0x000000000739f000 	/System/Library/Frameworks/ImageIO.framework/Versions/A/Resources/libTIFF.dylib
0x000000000739f000 	/System/Library/Frameworks/ImageIO.framework/Versions/A/Resources/libPng.dylib
0x000000000739f000 	/System/Library/Frameworks/ImageIO.framework/Versions/A/Resources/libGIF.dylib
0x000000000739f000 	/System/Library/Frameworks/ImageIO.framework/Versions/A/Resources/libJP2.dylib
0x000000000739f000 	/System/Library/Frameworks/ImageIO.framework/Versions/A/Resources/libRadiance.dylib
0x000000000739f000 	/usr/lib/libexpat.1.dylib
0x000000000739f000 	/System/Library/PrivateFrameworks/AppleJPEG.framework/Versions/A/AppleJPEG
0x000000000739f000 	/System/Library/PrivateFrameworks/FontServices.framework/libFontParser.dylib
0x000000000739f000 	/System/Library/PrivateFrameworks/WatchdogClient.framework/Versions/A/WatchdogClient
0x000000000739f000 	/System/Library/PrivateFrameworks/IOAccelerator.framework/Versions/A/IOAccelerator
0x000000000739f000 	/System/Library/Frameworks/MetalPerformanceShaders.framework/Versions/A/MetalPerformanceShaders
0x000000000739f000 	/System/Library/PrivateFrameworks/GPUWrangler.framework/Versions/A/GPUWrangler
0x000000000739f000 	/System/Library/PrivateFrameworks/IOPresentment.framework/Versions/A/IOPresentment
0x000000000739f000 	/System/Library/PrivateFrameworks/DSExternalDisplay.framework/Versions/A/DSExternalDisplay
0x000000000739f000 	/System/Library/Frameworks/OpenGL.framework/Versions/A/Libraries/libCoreFSCache.dylib
0x000000000739f000 	/System/Library/Frameworks/MetalPerformanceShaders.framework/Frameworks/MPSCore.framework/Versions/A/MPSCore
0x000000000739f000 	/System/Library/Frameworks/MetalPerformanceShaders.framework/Frameworks/MPSImage.framework/Versions/A/MPSImage
0x000000000739f000 	/System/Library/Frameworks/MetalPerformanceShaders.framework/Frameworks/MPSNeuralNetwork.framework/Versions/A/MPSNeuralNetwork
0x000000000739f000 	/System/Library/Frameworks/MetalPerformanceShaders.framework/Frameworks/MPSMatrix.framework/Versions/A/MPSMatrix
0x000000000739f000 	/System/Library/Frameworks/MetalPerformanceShaders.framework/Frameworks/MPSRayIntersector.framework/Versions/A/MPSRayIntersector
0x000000000739f000 	/System/Library/Frameworks/MetalPerformanceShaders.framework/Frameworks/MPSNDArray.framework/Versions/A/MPSNDArray
0x000000000739f000 	/System/Library/PrivateFrameworks/MetalTools.framework/Versions/A/MetalTools
0x000000000739f000 	/System/Library/PrivateFrameworks/AggregateDictionary.framework/Versions/A/AggregateDictionary
0x000000000739f000 	/System/Library/PrivateFrameworks/CoreAnalytics.framework/Versions/A/CoreAnalytics
0x000000000739f000 	/System/Library/PrivateFrameworks/AppleSauce.framework/Versions/A/AppleSauce
0x000000000739f000 	/usr/lib/libIOReport.dylib
0x000000000739f000 	/System/Library/Frameworks/CoreVideo.framework/Versions/A/CoreVideo
0x000000000739f000 	/System/Library/PrivateFrameworks/GraphVisualizer.framework/Versions/A/GraphVisualizer
0x000000000739f000 	/System/Library/PrivateFrameworks/FaceCore.framework/Versions/A/FaceCore
0x000000000739f000 	/System/Library/Frameworks/OpenCL.framework/Versions/A/OpenCL
0x000000000739f000 	/usr/lib/libFosl_dynamic.dylib
0x000000000739f000 	/System/Library/PrivateFrameworks/OTSVG.framework/Versions/A/OTSVG
0x000000000739f000 	/System/Library/Frameworks/ApplicationServices.framework/Versions/A/Frameworks/ATS.framework/Versions/A/Resources/libFontRegistry.dylib
0x000000000739f000 	/System/Library/PrivateFrameworks/FontServices.framework/libhvf.dylib
0x000000000739f000 	/System/Library/Frameworks/OpenGL.framework/Versions/A/Libraries/libGFXShared.dylib
0x000000000739f000 	/System/Library/Frameworks/OpenGL.framework/Versions/A/Libraries/libGLU.dylib
0x000000000739f000 	/System/Library/Frameworks/OpenGL.framework/Versions/A/Libraries/libGL.dylib
0x000000000739f000 	/System/Library/Frameworks/OpenGL.framework/Versions/A/Libraries/libGLImage.dylib
0x000000000739f000 	/System/Library/Frameworks/OpenGL.framework/Versions/A/Libraries/libCVMSPluginSupport.dylib
0x000000000739f000 	/System/Library/Frameworks/OpenGL.framework/Versions/A/Libraries/libCoreVMClient.dylib
0x000000000739f000 	/usr/lib/libncurses.5.4.dylib
0x000000000739f000 	/System/Library/Frameworks/ApplicationServices.framework/Versions/A/Frameworks/ATS.framework/Versions/A/ATS
0x000000000739f000 	/System/Library/Frameworks/ApplicationServices.framework/Versions/A/Frameworks/ColorSyncLegacy.framework/Versions/A/ColorSyncLegacy
0x000000000739f000 	/System/Library/Frameworks/ApplicationServices.framework/Versions/A/Frameworks/HIServices.framework/Versions/A/HIServices
0x000000000739f000 	/System/Library/Frameworks/ApplicationServices.framework/Versions/A/Frameworks/LangAnalysis.framework/Versions/A/LangAnalysis
0x000000000739f000 	/System/Library/Frameworks/ApplicationServices.framework/Versions/A/Frameworks/PrintCore.framework/Versions/A/PrintCore
0x000000000739f000 	/System/Library/Frameworks/ApplicationServices.framework/Versions/A/Frameworks/QD.framework/Versions/A/QD
0x000000000739f000 	/System/Library/Frameworks/ApplicationServices.framework/Versions/A/Frameworks/SpeechSynthesis.framework/Versions/A/SpeechSynthesis
0x000000000739f000 	/System/Library/Frameworks/ApplicationServices.framework/Versions/A/Frameworks/ATSUI.framework/Versions/A/ATSUI
0x000000000739f000 	/usr/lib/libcups.2.dylib
0x000000000739f000 	/System/Library/Frameworks/Kerberos.framework/Versions/A/Kerberos
0x000000000739f000 	/System/Library/Frameworks/GSS.framework/Versions/A/GSS
0x000000000739f000 	/usr/lib/libresolv.9.dylib
0x000000000739f000 	/System/Library/PrivateFrameworks/Heimdal.framework/Versions/A/Heimdal
0x000000000739f000 	/System/Library/Frameworks/Kerberos.framework/Versions/A/Libraries/libHeimdalProxy.dylib
0x000000000739f000 	/usr/lib/libheimdal-asn1.dylib
0x000000000739f000 	/System/Library/PrivateFrameworks/CommonAuth.framework/Versions/A/CommonAuth
0x000000000739f000 	/System/Library/PrivateFrameworks/AssertionServices.framework/Versions/A/AssertionServices
0x000000000739f000 	/System/Library/PrivateFrameworks/AudioToolboxCore.framework/Versions/A/AudioToolboxCore
0x000000000739f000 	/System/Library/PrivateFrameworks/caulk.framework/Versions/A/caulk
0x000000000739f000 	/System/Library/PrivateFrameworks/BaseBoard.framework/Versions/A/BaseBoard
0x000000000739f000 	/System/Library/PrivateFrameworks/RunningBoardServices.framework/Versions/A/RunningBoardServices
0x000000000739f000 	/System/Library/PrivateFrameworks/PersistentConnection.framework/Versions/A/PersistentConnection
0x000000000739f000 	/System/Library/PrivateFrameworks/ProtocolBuffer.framework/Versions/A/ProtocolBuffer
0x000000000739f000 	/System/Library/PrivateFrameworks/CommonUtilities.framework/Versions/A/CommonUtilities
0x000000000739f000 	/System/Library/PrivateFrameworks/Bom.framework/Versions/A/Bom
0x000000000739f000 	/usr/lib/libAudioToolboxUtility.dylib
0x000000000739f000 	/System/Library/PrivateFrameworks/Backup.framework/Versions/A/Backup
0x000000000739f000 	/System/Library/PrivateFrameworks/CrashReporterSupport.framework/Versions/A/CrashReporterSupport
0x000000000739f000 	/System/Library/PrivateFrameworks/Sharing.framework/Versions/A/Sharing
0x000000000739f000 	/System/Library/PrivateFrameworks/Apple80211.framework/Versions/A/Apple80211
0x000000000739f000 	/System/Library/PrivateFrameworks/AuthKit.framework/Versions/A/AuthKit
0x000000000739f000 	/System/Library/PrivateFrameworks/CoreUtils.framework/Versions/A/CoreUtils
0x000000000739f000 	/System/Library/Frameworks/CoreWLAN.framework/Versions/A/CoreWLAN
0x000000000739f000 	/System/Library/Frameworks/IOBluetooth.framework/Versions/A/IOBluetooth
0x000000000739f000 	/System/Library/PrivateFrameworks/MobileKeyBag.framework/Versions/A/MobileKeyBag
0x000000000739f000 	/System/Library/PrivateFrameworks/CorePhoneNumbers.framework/Versions/A/CorePhoneNumbers
0x000000000739f000 	/System/Library/PrivateFrameworks/AppleIDAuthSupport.framework/Versions/A/AppleIDAuthSupport
0x000000000739f000 	/System/Library/Frameworks/Network.framework/Versions/A/Network
0x000000000739f000 	/System/Library/PrivateFrameworks/KeychainCircle.framework/Versions/A/KeychainCircle
0x000000000739f000 	/System/Library/Frameworks/CoreBluetooth.framework/Versions/A/CoreBluetooth
0x000000000739f000 	/System/Library/PrivateFrameworks/SpeechRecognitionCore.framework/Versions/A/SpeechRecognitionCore
0x000000010ae00000 	/Library/Java/JavaVirtualMachines/jdk1.8.0_112.jdk/Contents/Home/jre/lib/server/libjvm.dylib
0x000000000739f000 	/usr/lib/libstdc++.6.dylib
0x0000000109d0e000 	/Library/Java/JavaVirtualMachines/jdk1.8.0_112.jdk/Contents/Home/jre/lib/libverify.dylib
0x0000000109d1c000 	/Library/Java/JavaVirtualMachines/jdk1.8.0_112.jdk/Contents/Home/jre/lib/libjava.dylib
0x0000000109d52000 	/Library/Java/JavaVirtualMachines/jdk1.8.0_112.jdk/Contents/Home/jre/lib/libinstrument.dylib
0x0000000109dbe000 	/Library/Java/JavaVirtualMachines/jdk1.8.0_112.jdk/Contents/Home/jre/lib/libzip.dylib
0x000000000739f000 	/System/Library/Frameworks/JavaVM.framework/Versions/A/Frameworks/JavaRuntimeSupport.framework/Versions/A/JavaRuntimeSupport
0x000000000739f000 	/System/Library/Frameworks/JavaVM.framework/Versions/A/Frameworks/JavaNativeFoundation.framework/Versions/A/JavaNativeFoundation
0x000000000739f000 	/System/Library/Frameworks/JavaVM.framework/Versions/A/JavaVM
0x000000000739f000 	/System/Library/Frameworks/Carbon.framework/Versions/A/Carbon
0x000000000739f000 	/System/Library/PrivateFrameworks/CoreSymbolication.framework/Versions/A/CoreSymbolication
0x000000000739f000 	/System/Library/PrivateFrameworks/JavaLaunching.framework/Versions/A/JavaLaunching
0x000000000739f000 	/System/Library/Frameworks/Carbon.framework/Versions/A/Frameworks/CommonPanels.framework/Versions/A/CommonPanels
0x000000000739f000 	/System/Library/Frameworks/Carbon.framework/Versions/A/Frameworks/Help.framework/Versions/A/Help
0x000000000739f000 	/System/Library/Frameworks/Carbon.framework/Versions/A/Frameworks/ImageCapture.framework/Versions/A/ImageCapture
0x000000000739f000 	/System/Library/Frameworks/Carbon.framework/Versions/A/Frameworks/OpenScripting.framework/Versions/A/OpenScripting
0x000000000739f000 	/System/Library/Frameworks/Carbon.framework/Versions/A/Frameworks/Ink.framework/Versions/A/Ink
0x000000000739f000 	/System/Library/Frameworks/Carbon.framework/Versions/A/Frameworks/Print.framework/Versions/A/Print
0x000000000739f000 	/System/Library/Frameworks/Carbon.framework/Versions/A/Frameworks/SecurityHI.framework/Versions/A/SecurityHI
0x000000000739f000 	/System/Library/PrivateFrameworks/DebugSymbols.framework/Versions/A/DebugSymbols
0x0000000109ddd000 	/Library/Java/JavaVirtualMachines/jdk1.8.0_112.jdk/Contents/Home/jre/lib/libnet.dylib
0x000000010fd2f000 	/Library/Java/JavaVirtualMachines/jdk1.8.0_112.jdk/Contents/Home/jre/lib/libnio.dylib
0x000000010fd3f000 	/private/var/folders/tf/6k52487972xbhvx_2b5p20xs9rt8m8/T/libjansi-1.17.1-2665999341518173257.jnilib
0x00000001107c4000 	/Library/Java/JavaVirtualMachines/jdk1.8.0_112.jdk/Contents/Home/jre/lib/libsunec.dylib
0x000000000739f000 	/usr/lib/libusrtcp.dylib
0x0000000128478000 	/Library/Java/JavaVirtualMachines/jdk1.8.0_112.jdk/Contents/Home/jre/lib/libawt.dylib
0x00000001289db000 	/Library/Java/JavaVirtualMachines/jdk1.8.0_112.jdk/Contents/Home/jre/lib/libmlib_image.dylib
0x0000000128aa7000 	/Library/Java/JavaVirtualMachines/jdk1.8.0_112.jdk/Contents/Home/jre/lib/libawt_lwawt.dylib
0x0000000110b01000 	/Library/Java/JavaVirtualMachines/jdk1.8.0_112.jdk/Contents/Home/jre/lib/libosxapp.dylib
0x000000000739f000 	/System/Library/Frameworks/ExceptionHandling.framework/Versions/A/ExceptionHandling
0x000000000739f000 	/System/Library/PrivateFrameworks/CoreServicesInternal.framework/Versions/A/CoreServicesInternal
0x000000000739f000 	/System/Library/Frameworks/FileProvider.framework/Versions/A/FileProvider
0x000000000739f000 	/System/Library/Frameworks/Accounts.framework/Versions/A/Accounts
0x000000000739f000 	/System/Library/PrivateFrameworks/GenerationalStorage.framework/Versions/A/GenerationalStorage
0x000000000739f000 	/System/Library/PrivateFrameworks/SymptomDiagnosticReporter.framework/Versions/A/SymptomDiagnosticReporter
0x000000000739f000 	/System/Library/PrivateFrameworks/AppContainer.framework/Versions/A/AppContainer
0x000000000739f000 	/usr/lib/libsandbox.1.dylib
0x000000000739f000 	/System/Library/PrivateFrameworks/UserManagement.framework/Versions/A/UserManagement
0x000000000739f000 	/System/Library/PrivateFrameworks/ChunkingLibrary.framework/Versions/A/ChunkingLibrary
0x000000000739f000 	/System/Library/PrivateFrameworks/AppSandbox.framework/Versions/A/AppSandbox
0x000000000739f000 	/System/Library/PrivateFrameworks/SecCodeWrapper.framework/Versions/A/SecCodeWrapper
0x000000000739f000 	/usr/lib/libMatch.1.dylib
0x000000000739f000 	/System/Library/CoreServices/RawCamera.bundle/Contents/MacOS/RawCamera
0x000000000739f000 	/System/Library/PrivateFrameworks/MobileAsset.framework/Versions/A/MobileAsset
0x000000000739f000 	/System/Library/PrivateFrameworks/StreamingZip.framework/Versions/A/StreamingZip
0x000000000739f000 	/System/Library/Frameworks/MediaToolbox.framework/Versions/A/MediaToolbox
0x000000000739f000 	/System/Library/PrivateFrameworks/CoreAVCHD.framework/Versions/A/CoreAVCHD
0x000000000739f000 	/System/Library/Frameworks/MediaAccessibility.framework/Versions/A/MediaAccessibility
0x000000000739f000 	/System/Library/PrivateFrameworks/Mangrove.framework/Versions/A/Mangrove
0x000000000739f000 	/System/Library/Frameworks/CoreMedia.framework/Versions/A/CoreMedia
0x000000000739f000 	/System/Library/PrivateFrameworks/MediaExperience.framework/Versions/A/MediaExperience
0x000000000739f000 	/System/Library/Frameworks/VideoToolbox.framework/Versions/A/VideoToolbox
0x000000000739f000 	/System/Library/PrivateFrameworks/CoreAUC.framework/Versions/A/CoreAUC
0x000000000739f000 	/usr/lib/libspindump.dylib
0x000000000739f000 	/System/Library/PrivateFrameworks/AudioResourceArbitration.framework/Versions/A/AudioResourceArbitration
0x000000000739f000 	/System/Library/PrivateFrameworks/AppleVA.framework/Versions/A/AppleVA
0x000000000739f000 	/System/Library/Frameworks/Accelerate.framework/Versions/A/Frameworks/vImage.framework/Versions/A/Libraries/libCGInterfaces.dylib
0x00000001285a7000 	/usr/lib/libobjc-trampolines.dylib
0x000000000739f000 	/System/Library/PrivateFrameworks/FontServices.framework/libTrueTypeScaler.dylib
0x000000000739f000 	/System/Library/Extensions/AppleIntelSKLGraphicsMTLDriver.bundle/Contents/MacOS/AppleIntelSKLGraphicsMTLDriver
0x000000000739f000 	/System/Library/Extensions/AMDMTLBronzeDriver.bundle/Contents/MacOS/AMDMTLBronzeDriver
0x000000000739f000 	/System/Library/PrivateFrameworks/IOAccelMemoryInfo.framework/Versions/A/IOAccelMemoryInfo
0x000000000739f000 	/System/Library/PrivateFrameworks/GPUCompiler.framework/Versions/3902/Libraries/libmetal_timestamp.dylib
0x000000000739f000 	/System/Library/PrivateFrameworks/FamilyControls.framework/Versions/A/FamilyControls
0x000000000739f000 	/System/Library/PrivateFrameworks/CommerceKit.framework/Versions/A/Frameworks/CommerceCore.framework/Versions/A/CommerceCore
0x000000000739f000 	/System/Library/PrivateFrameworks/SystemAdministration.framework/Versions/A/SystemAdministration
0x000000000739f000 	/System/Library/PrivateFrameworks/DiskManagement.framework/Versions/A/DiskManagement
0x000000000739f000 	/System/Library/Frameworks/DirectoryService.framework/Versions/A/DirectoryService
0x000000000739f000 	/System/Library/PrivateFrameworks/DiskImages.framework/Versions/A/DiskImages
0x000000000739f000 	/System/Library/PrivateFrameworks/LoginUIKit.framework/Versions/A/Frameworks/LoginUICore.framework/Versions/A/LoginUICore
0x000000000739f000 	/usr/lib/libCoreStorage.dylib
0x000000000739f000 	/usr/lib/libcsfde.dylib
0x000000000739f000 	/usr/lib/libodfde.dylib
0x000000000739f000 	/System/Library/PrivateFrameworks/MediaKit.framework/Versions/A/MediaKit
0x000000000739f000 	/System/Library/Frameworks/DiscRecording.framework/Versions/A/DiscRecording
0x000000000739f000 	/System/Library/PrivateFrameworks/EFILogin.framework/Versions/A/EFILogin
0x000000000739f000 	/System/Library/PrivateFrameworks/ProtectedCloudStorage.framework/Versions/A/ProtectedCloudStorage
0x000000000739f000 	/usr/lib/libcurl.4.dylib
0x000000000739f000 	/usr/lib/libcrypto.44.dylib
0x000000000739f000 	/usr/lib/libssl.46.dylib
0x000000000739f000 	/System/Library/Frameworks/LDAP.framework/Versions/A/LDAP
0x000000000739f000 	/System/Library/PrivateFrameworks/TrustEvaluationAgent.framework/Versions/A/TrustEvaluationAgent
0x000000000739f000 	/usr/lib/libsasl2.2.dylib
0x000000000739f000 	/System/Library/PrivateFrameworks/CoreDaemon.framework/Versions/B/CoreDaemon
0x000000000739f000 	/System/Library/PrivateFrameworks/AppleSRP.framework/Versions/A/AppleSRP
0x000000000739f000 	/System/Library/PrivateFrameworks/ViewBridge.framework/Versions/A/ViewBridge
0x000000000739f000 	/System/Library/PrivateFrameworks/login.framework/Versions/A/login

VM Arguments:
jvm_args: -Dmaven.multiModuleProjectDirectory=/Users/kansoa/Development/projects/cscf/infofauna_2020/midat_rivieres/jeci-shell-new-user-permissions/midat -Dmaven.home=/Applications/IntelliJ IDEA.app/Contents/plugins/maven/lib/maven3 -Dclassworlds.conf=/Applications/IntelliJ IDEA.app/Contents/plugins/maven/lib/maven3/bin/m2.conf -Dmaven.ext.class.path=/Applications/IntelliJ IDEA.app/Contents/plugins/maven/lib/maven-event-listener.jar -javaagent:/Applications/IntelliJ IDEA.app/Contents/lib/idea_rt.jar=63281:/Applications/IntelliJ IDEA.app/Contents/bin -Dfile.encoding=UTF-8 
java_command: org.codehaus.classworlds.Launcher -Didea.version=2020.2 -DskipTests=true clean validate compile test package -P dev
java_class_path (initial): /Applications/IntelliJ IDEA.app/Contents/plugins/maven/lib/maven3/boot/plexus-classworlds.license:/Applications/IntelliJ IDEA.app/Contents/plugins/maven/lib/maven3/boot/plexus-classworlds-2.6.0.jar:/Applications/IntelliJ IDEA.app/Contents/lib/idea_rt.jar
Launcher Type: SUN_STANDARD

Environment Variables:
JAVA_HOME=/Library/Java/JavaVirtualMachines/jdk1.8.0_112.jdk/Contents/Home
PATH=/Users/kansoa/Library/Android/sdk/platform-tools:/Users/kansoa/.nvm/versions/node/v8.1.2/bin:/usr/local/bin:/usr/bin:/bin:/usr/sbin:/sbin:/usr/local/munki:/Library/Apple/usr/bin:/Users/kansoa/Development/maven/bin:/Users/kansoa/Development/gradle/bin
SHELL=/bin/zsh

Signal Handlers:
SIGSEGV: [libjvm.dylib+0x5b11a5], sa_mask[0]=11111111011111110111111111111111, sa_flags=SA_ONSTACK|SA_RESTART|SA_SIGINFO
SIGBUS: [libjvm.dylib+0x5b11a5], sa_mask[0]=11111111011111110111111111111111, sa_flags=SA_RESTART|SA_SIGINFO
SIGFPE: [libjvm.dylib+0x487dc0], sa_mask[0]=11111111011111110111111111111111, sa_flags=SA_RESTART|SA_SIGINFO
SIGPIPE: [libjvm.dylib+0x487dc0], sa_mask[0]=11111111011111110111111111111111, sa_flags=SA_RESTART|SA_SIGINFO
SIGXFSZ: [libjvm.dylib+0x487dc0], sa_mask[0]=11111111011111110111111111111111, sa_flags=SA_RESTART|SA_SIGINFO
SIGILL: [libjvm.dylib+0x487dc0], sa_mask[0]=11111111011111110111111111111111, sa_flags=SA_RESTART|SA_SIGINFO
SIGUSR1: SIG_DFL, sa_mask[0]=00000000000000000000000000000000, sa_flags=none
SIGUSR2: [libjvm.dylib+0x4878de], sa_mask[0]=00100000000000000000000000000000, sa_flags=SA_RESTART|SA_SIGINFO
SIGHUP: [libjvm.dylib+0x485eb5], sa_mask[0]=11111111011111110111111111111111, sa_flags=SA_RESTART|SA_SIGINFO
SIGINT: [libjvm.dylib+0x485eb5], sa_mask[0]=11111111011111110111111111111111, sa_flags=SA_RESTART|SA_SIGINFO
SIGTERM: [libjvm.dylib+0x485eb5], sa_mask[0]=11111111011111110111111111111111, sa_flags=SA_RESTART|SA_SIGINFO
SIGQUIT: [libjvm.dylib+0x485eb5], sa_mask[0]=11111111011111110111111111111111, sa_flags=SA_RESTART|SA_SIGINFO


---------------  S Y S T E M  ---------------

OS:Bsduname:Darwin 19.6.0 Darwin Kernel Version 19.6.0: Sun Jul  5 00:43:10 PDT 2020; root:xnu-6153.141.1~9/RELEASE_X86_64 x86_64
rlimit: STACK 8192k, CORE 0k, NPROC 2784, NOFILE 10240, AS infinity
load average:3.14 2.51 2.20

CPU:total 8 (4 cores per cpu, 2 threads per core) family 6 model 94 stepping 3, cmov, cx8, fxsr, mmx, sse, sse2, sse3, ssse3, sse4.1, sse4.2, popcnt, avx, avx2, aes, clmul, erms, rtm, 3dnowpref, lzcnt, ht, tsc, tscinvbit, bmi1, bmi2, adx

Memory: 4k page, physical 16777216k(525080k free)

/proc/meminfo:


vm_info: Java HotSpot(TM) 64-Bit Server VM (25.112-b16) for bsd-amd64 JRE (1.8.0_112-b16), built on Sep 30 2016 22:41:41 by "java_re" with gcc 4.2.1 (Based on Apple Inc. build 5658) (LLVM build 2336.11.00)

time: Thu Aug 27 08:55:33 2020
elapsed time: 50 seconds (0d 0h 0m 50s)

