#
# A fatal error has been detected by the Java Runtime Environment:
#
#  SIGSEGV (0xb) at pc=0x000000010ceb2d82, pid=52975, tid=0x0000000000003703
#
# JRE version: Java(TM) SE Runtime Environment (8.0_112-b16) (build 1.8.0_112-b16)
# Java VM: Java HotSpot(TM) 64-Bit Server VM (25.112-b16 mixed mode bsd-amd64 compressed oops)
# Problematic frame:
# V  [libjvm.dylib+0x2b2d82]  IndexSet::free_block(unsigned int)+0x3e
#
# Failed to write core dump. Core dumps have been disabled. To enable core dumping, try "ulimit -c unlimited" before starting Java again
#
# If you would like to submit a bug report, please visit:
#   http://bugreport.java.com/bugreport/crash.jsp
#

---------------  T H R E A D  ---------------

Current thread (0x00007faf5383e800):  JavaThread "C2 CompilerThread1" daemon [_thread_in_native, id=14083, stack(0x000070000a200000,0x000070000a300000)]

siginfo: si_signo: 11 (SIGSEGV), si_code: 1 (SEGV_MAPERR), si_addr: 0x0000000000000000

Registers:
RAX=0x00007faf55c1f8e0, RBX=0x00007faf5a13a970, RCX=0x00007faf5a13a880, RDX=0x0000000000000002
RSP=0x000070000a2fc6b0, RBP=0x000070000a2fc6d0, RSI=0x0000000000000006, RDI=0x000000000000010c
R8 =0x00007faf5398a210, R9 =0xffffffff00000000, R10=0x000000010d4361b8, R11=0x00000000000006a0
R12=0x000000010d4361e0, R13=0xffffffffffffffff, R14=0x0000000000000006, R15=0x0000000000000000
RIP=0x000000010ceb2d82, EFLAGS=0x0000000000010283, ERR=0x0000000000000006
  TRAPNO=0x000000000000000e

Top of Stack: (sp=0x000070000a2fc6b0)
0x000070000a2fc6b0:   00007faf5a13a970 00007faf5631ad80
0x000070000a2fc6c0:   0000000000000006 000000010d4e7450
0x000070000a2fc6d0:   000070000a2fc700 000000010cd62175
0x000070000a2fc6e0:   000070000a2fc9d8 000070000a2fc9d8
0x000070000a2fc6f0:   000000000000010f 000000000000007d
0x000070000a2fc700:   000070000a2fc7d0 000000010cfcf968
0x000070000a2fc710:   00007faf5511fb30 00000000000003f7
0x000070000a2fc720:   ffffffffffffffff 000000000cd622ce
0x000070000a2fc730:   0000000000000000 0000000000000000
0x000070000a2fc740:   000000010a2fc7d0 00007faf0000007e
0x000070000a2fc750:   000000000a2fca58 00007faf5398c280
0x000070000a2fc760:   000000010d4d8c00 00007faf534224e0
0x000070000a2fc770:   00007faf00000020 00007faf5398ef30
0x000070000a2fc780:   00007faf534224e0 00007faf5605e400
0x000070000a2fc790:   00007faf5605e450 00007faf560663e8
0x000070000a2fc7a0:   00000000001b9870 000070000a2fd5a0
0x000070000a2fc7b0:   000070000a2fc998 000070000a2ff040
0x000070000a2fc7c0:   000070000a2fca58 000070000a2fc9d8
0x000070000a2fc7d0:   000070000a2fcae0 000000010cd61422
0x000070000a2fc7e0:   000070000a2fc810 000000010cc68d97
0x000070000a2fc7f0:   00007faf56fb7770 00007faf56fb7770
0x000070000a2fc800:   0000000000000006 0000000000000029
0x000070000a2fc810:   000070000a2fc910 000000010cfb4084
0x000070000a2fc820:   0000000000000100 00007faf59875dc0
0x000070000a2fc830:   000000070a2fd6d0 0000000000000002
0x000070000a2fc840:   00007faf56c9beb8 0000000000000004
0x000070000a2fc850:   00007faf59875ff8 0000000000000000
0x000070000a2fc860:   0000000000000000 0000000000000000
0x000070000a2fc870:   0000000000000000 0000000000000000
0x000070000a2fc880:   000070000a2fc998 000070000a2fd6d0
0x000070000a2fc890:   00007faf56c9bea8 0000000040000000
0x000070000a2fc8a0:   0000000000000000 0000000000000000 

Instructions: (pc=0x000000010ceb2d82)
0x000000010ceb2d62:   58 00 49 63 3c 24 e8 55 80 31 00 48 8b 80 d0 03
0x000000010ceb2d72:   00 00 48 8b 80 88 00 00 00 48 8b 80 f0 07 00 00
0x000000010ceb2d82:   49 89 07 49 63 3c 24 e8 34 80 31 00 48 8b 80 d0
0x000000010ceb2d92:   03 00 00 48 8b 80 88 00 00 00 4c 89 b8 f0 07 00 

Register to memory mapping:

RAX=0x00007faf55c1f8e0 is an unknown value
RBX=0x00007faf5a13a970 is an unknown value
RCX=0x00007faf5a13a880 is an unknown value
RDX=0x0000000000000002 is an unknown value
RSP=0x000070000a2fc6b0 is pointing into the stack for thread: 0x00007faf5383e800
RBP=0x000070000a2fc6d0 is pointing into the stack for thread: 0x00007faf5383e800
RSI=0x0000000000000006 is an unknown value
RDI=0x000000000000010c is an unknown value
R8 =0x00007faf5398a210 is an unknown value
R9 =0xffffffff00000000 is an unknown value
R10=0x000000010d4361b8: _ZL8tc_mutex+0x18 in /Library/Java/JavaVirtualMachines/jdk1.8.0_112.jdk/Contents/Home/jre/lib/server/libjvm.dylib at 0x000000010cc00000
R11=0x00000000000006a0 is an unknown value
R12=0x000000010d4361e0: _ZN18ThreadLocalStorage13_thread_indexE+0 in /Library/Java/JavaVirtualMachines/jdk1.8.0_112.jdk/Contents/Home/jre/lib/server/libjvm.dylib at 0x000000010cc00000
R13=0xffffffffffffffff is an unknown value
R14=0x0000000000000006 is an unknown value
R15=0x0000000000000000 is an unknown value


Stack: [0x000070000a200000,0x000070000a300000],  sp=0x000070000a2fc6b0,  free space=1009k
Native frames: (J=compiled Java code, j=interpreted, Vv=VM code, C=native code)
V  [libjvm.dylib+0x2b2d82]  IndexSet::free_block(unsigned int)+0x3e
V  [libjvm.dylib+0x162175]  IndexSet::clear()+0x41
V  [libjvm.dylib+0x3cf968]  PhaseLive::compute(unsigned int)+0x572
V  [libjvm.dylib+0x161422]  PhaseChaitin::Register_Allocate()+0x2d6
V  [libjvm.dylib+0x1af1fe]  Compile::Code_Gen()+0x14e
V  [libjvm.dylib+0x1b3399]  Compile::Compile(ciEnv*, C2Compiler*, ciMethod*, int, bool, bool, bool)+0x98d
V  [libjvm.dylib+0x150a2e]  C2Compiler::compile_method(ciEnv*, ciMethod*, int)+0xb2
V  [libjvm.dylib+0x1b6a2c]  CompileBroker::invoke_compiler_on_method(CompileTask*)+0x5b2
V  [libjvm.dylib+0x1b8f73]  CompileBroker::compiler_thread_loop()+0x291
V  [libjvm.dylib+0x56b033]  JavaThread::thread_main_inner()+0x9b
V  [libjvm.dylib+0x56c720]  JavaThread::run()+0x1c2
V  [libjvm.dylib+0x48a7ae]  java_start(Thread*)+0xf6
C  [libsystem_pthread.dylib+0x6109]  _pthread_start+0x94
C  [libsystem_pthread.dylib+0x1b8b]  thread_start+0xf
C  0x0000000000000000


Current CompileTask:
C2:   5309 3532       4       org.apache.maven.model.inheritance.DefaultInheritanceAssembler$InheritanceModelMerger::mergePluginContainer_Plugins (430 bytes)


---------------  P R O C E S S  ---------------

Java Threads: ( => current thread )
  0x00007faf59b6b800 JavaThread "process reaper" daemon [_thread_blocked, id=21763, stack(0x000070000a70f000,0x000070000a737000)]
  0x00007faf56842000 JavaThread "Service Thread" daemon [_thread_blocked, id=16131, stack(0x000070000a509000,0x000070000a609000)]
  0x00007faf5383f000 JavaThread "C1 CompilerThread3" daemon [_thread_blocked, id=16387, stack(0x000070000a406000,0x000070000a506000)]
  0x00007faf56045000 JavaThread "C2 CompilerThread2" daemon [_thread_in_native, id=14595, stack(0x000070000a303000,0x000070000a403000)]
=>0x00007faf5383e800 JavaThread "C2 CompilerThread1" daemon [_thread_in_native, id=14083, stack(0x000070000a200000,0x000070000a300000)]
  0x00007faf5681f000 JavaThread "C2 CompilerThread0" daemon [_thread_in_native, id=16643, stack(0x000070000a0fd000,0x000070000a1fd000)]
  0x00007faf56044800 JavaThread "Signal Dispatcher" daemon [_thread_blocked, id=16899, stack(0x0000700009ffa000,0x000070000a0fa000)]
  0x00007faf5383b000 JavaThread "Finalizer" daemon [_thread_blocked, id=12291, stack(0x0000700009df1000,0x0000700009ef1000)]
  0x00007faf53838000 JavaThread "Reference Handler" daemon [_thread_blocked, id=19715, stack(0x0000700009cee000,0x0000700009dee000)]
  0x00007faf56808800 JavaThread "main" [_thread_in_native, id=3843, stack(0x00007000092d0000,0x00007000093d0000)]

Other Threads:
  0x00007faf53833800 VMThread [stack: 0x0000700009beb000,0x0000700009ceb000] [id=20227]
  0x00007faf53850000 WatcherThread [stack: 0x000070000a60c000,0x000070000a70c000] [id=15363]

VM state:not at safepoint (normal execution)

VM Mutex/Monitor currently owned by a thread: None

Heap:
 PSYoungGen      total 76288K, used 63949K [0x000000076ab00000, 0x0000000770000000, 0x00000007c0000000)
  eden space 65536K, 97% used [0x000000076ab00000,0x000000076e973488,0x000000076eb00000)
  from space 10752K, 0% used [0x000000076f580000,0x000000076f580000,0x0000000770000000)
  to   space 10752K, 0% used [0x000000076eb00000,0x000000076eb00000,0x000000076f580000)
 ParOldGen       total 119808K, used 13166K [0x00000006c0000000, 0x00000006c7500000, 0x000000076ab00000)
  object space 119808K, 10% used [0x00000006c0000000,0x00000006c0cdb928,0x00000006c7500000)
 Metaspace       used 23381K, capacity 24056K, committed 24320K, reserved 1071104K
  class space    used 2781K, capacity 3008K, committed 3072K, reserved 1048576K

Card table byte_map: [0x000000010dfee000,0x000000010e7ef000] byte_map_base: 0x000000010a9ee000

Marking Bits: (ParMarkBitMap*) 0x000000010d4f0d30
 Begin Bits: [0x000000010ed45000, 0x0000000112d45000)
 End Bits:   [0x0000000112d45000, 0x0000000116d45000)

Polling page: 0x000000010bbf5000

CodeCache: size=245760Kb used=14514Kb max_used=14514Kb free=231245Kb
 bounds [0x0000000118c80000, 0x0000000119ac0000, 0x0000000127c80000]
 total_blobs=4402 nmethods=4013 adapters=302
 compilation: enabled

Compilation events (10 events):
Event: 5.288 Thread 0x00007faf5383f000 nmethod 4041 0x0000000119aa6090 code [0x0000000119aa6220, 0x0000000119aa6498]
Event: 5.288 Thread 0x00007faf5383f000 4042       2       com.sun.tools.javac.jvm.ClassReader::defineClass (46 bytes)
Event: 5.288 Thread 0x00007faf5383f000 nmethod 4042 0x0000000119aa65d0 code [0x0000000119aa6780, 0x0000000119aa6bc8]
Event: 5.288 Thread 0x00007faf5383f000 4043       2       com.sun.tools.javac.code.Symbol$PackageSymbol::flags (16 bytes)
Event: 5.288 Thread 0x00007faf5383f000 nmethod 4043 0x0000000119aa6f10 code [0x0000000119aa7080, 0x0000000119aa7248]
Event: 5.289 Thread 0x00007faf5383f000 4044       2       com.sun.tools.javac.file.Locations$ClassPathLocationHandler::getLocation (9 bytes)
Event: 5.289 Thread 0x00007faf5383f000 nmethod 4044 0x0000000119aa7310 code [0x0000000119aa74a0, 0x0000000119aa7778]
Event: 5.289 Thread 0x00007faf5383f000 4045       2       com.sun.tools.javac.file.Locations$ClassPathLocationHandler::lazy (13 bytes)
Event: 5.289 Thread 0x00007faf5383f000 nmethod 4045 0x0000000119aa7990 code [0x0000000119aa7b20, 0x0000000119aa7df8]
Event: 5.289 Thread 0x00007faf5383f000 4049       2       com.sun.tools.javac.jvm.ClassReader::includeClassFile (294 bytes)

GC Heap History (10 events):
Event: 1.100 GC heap before
{Heap before GC invocations=1 (full 0):
 PSYoungGen      total 76288K, used 65536K [0x000000076ab00000, 0x0000000770000000, 0x00000007c0000000)
  eden space 65536K, 100% used [0x000000076ab00000,0x000000076eb00000,0x000000076eb00000)
  from space 10752K, 0% used [0x000000076f580000,0x000000076f580000,0x0000000770000000)
  to   space 10752K, 0% used [0x000000076eb00000,0x000000076eb00000,0x000000076f580000)
 ParOldGen       total 175104K, used 0K [0x00000006c0000000, 0x00000006cab00000, 0x000000076ab00000)
  object space 175104K, 0% used [0x00000006c0000000,0x00000006c0000000,0x00000006cab00000)
 Metaspace       used 12325K, capacity 12500K, committed 12800K, reserved 1060864K
  class space    used 1579K, capacity 1670K, committed 1792K, reserved 1048576K
Event: 1.110 GC heap after
Heap after GC invocations=1 (full 0):
 PSYoungGen      total 76288K, used 10742K [0x000000076ab00000, 0x0000000770000000, 0x00000007c0000000)
  eden space 65536K, 0% used [0x000000076ab00000,0x000000076ab00000,0x000000076eb00000)
  from space 10752K, 99% used [0x000000076eb00000,0x000000076f57d890,0x000000076f580000)
  to   space 10752K, 0% used [0x000000076f580000,0x000000076f580000,0x0000000770000000)
 ParOldGen       total 175104K, used 217K [0x00000006c0000000, 0x00000006cab00000, 0x000000076ab00000)
  object space 175104K, 0% used [0x00000006c0000000,0x00000006c0036570,0x00000006cab00000)
 Metaspace       used 12325K, capacity 12500K, committed 12800K, reserved 1060864K
  class space    used 1579K, capacity 1670K, committed 1792K, reserved 1048576K
}
Event: 2.649 GC heap before
{Heap before GC invocations=2 (full 0):
 PSYoungGen      total 76288K, used 76278K [0x000000076ab00000, 0x0000000770000000, 0x00000007c0000000)
  eden space 65536K, 100% used [0x000000076ab00000,0x000000076eb00000,0x000000076eb00000)
  from space 10752K, 99% used [0x000000076eb00000,0x000000076f57d890,0x000000076f580000)
  to   space 10752K, 0% used [0x000000076f580000,0x000000076f580000,0x0000000770000000)
 ParOldGen       total 175104K, used 217K [0x00000006c0000000, 0x00000006cab00000, 0x000000076ab00000)
  object space 175104K, 0% used [0x00000006c0000000,0x00000006c0036570,0x00000006cab00000)
 Metaspace       used 17273K, capacity 17786K, committed 17920K, reserved 1064960K
  class space    used 2112K, capacity 2268K, committed 2304K, reserved 1048576K
Event: 2.658 GC heap after
Heap after GC invocations=2 (full 0):
 PSYoungGen      total 76288K, used 9587K [0x000000076ab00000, 0x0000000770000000, 0x00000007c0000000)
  eden space 65536K, 0% used [0x000000076ab00000,0x000000076ab00000,0x000000076eb00000)
  from space 10752K, 89% used [0x000000076f580000,0x000000076fedcd90,0x0000000770000000)
  to   space 10752K, 0% used [0x000000076eb00000,0x000000076eb00000,0x000000076f580000)
 ParOldGen       total 175104K, used 233K [0x00000006c0000000, 0x00000006cab00000, 0x000000076ab00000)
  object space 175104K, 0% used [0x00000006c0000000,0x00000006c003a570,0x00000006cab00000)
 Metaspace       used 17273K, capacity 17786K, committed 17920K, reserved 1064960K
  class space    used 2112K, capacity 2268K, committed 2304K, reserved 1048576K
}
Event: 3.673 GC heap before
{Heap before GC invocations=3 (full 0):
 PSYoungGen      total 76288K, used 75123K [0x000000076ab00000, 0x0000000770000000, 0x00000007c0000000)
  eden space 65536K, 100% used [0x000000076ab00000,0x000000076eb00000,0x000000076eb00000)
  from space 10752K, 89% used [0x000000076f580000,0x000000076fedcd90,0x0000000770000000)
  to   space 10752K, 0% used [0x000000076eb00000,0x000000076eb00000,0x000000076f580000)
 ParOldGen       total 175104K, used 233K [0x00000006c0000000, 0x00000006cab00000, 0x000000076ab00000)
  object space 175104K, 0% used [0x00000006c0000000,0x00000006c003a570,0x00000006cab00000)
 Metaspace       used 18058K, capacity 18552K, committed 18816K, reserved 1064960K
  class space    used 2152K, capacity 2344K, committed 2432K, reserved 1048576K
Event: 3.682 GC heap after
Heap after GC invocations=3 (full 0):
 PSYoungGen      total 76288K, used 10639K [0x000000076ab00000, 0x0000000770000000, 0x00000007c0000000)
  eden space 65536K, 0% used [0x000000076ab00000,0x000000076ab00000,0x000000076eb00000)
  from space 10752K, 98% used [0x000000076eb00000,0x000000076f563d08,0x000000076f580000)
  to   space 10752K, 0% used [0x000000076f580000,0x000000076f580000,0x0000000770000000)
 ParOldGen       total 175104K, used 241K [0x00000006c0000000, 0x00000006cab00000, 0x000000076ab00000)
  object space 175104K, 0% used [0x00000006c0000000,0x00000006c003c570,0x00000006cab00000)
 Metaspace       used 18058K, capacity 18552K, committed 18816K, reserved 1064960K
  class space    used 2152K, capacity 2344K, committed 2432K, reserved 1048576K
}
Event: 4.467 GC heap before
{Heap before GC invocations=4 (full 0):
 PSYoungGen      total 76288K, used 62460K [0x000000076ab00000, 0x0000000770000000, 0x00000007c0000000)
  eden space 65536K, 79% used [0x000000076ab00000,0x000000076dd9b648,0x000000076eb00000)
  from space 10752K, 98% used [0x000000076eb00000,0x000000076f563d08,0x000000076f580000)
  to   space 10752K, 0% used [0x000000076f580000,0x000000076f580000,0x0000000770000000)
 ParOldGen       total 175104K, used 241K [0x00000006c0000000, 0x00000006cab00000, 0x000000076ab00000)
  object space 175104K, 0% used [0x00000006c0000000,0x00000006c003c570,0x00000006cab00000)
 Metaspace       used 20540K, capacity 21176K, committed 21296K, reserved 1069056K
  class space    used 2457K, capacity 2688K, committed 2688K, reserved 1048576K
Event: 4.480 GC heap after
Heap after GC invocations=4 (full 0):
 PSYoungGen      total 76288K, used 10726K [0x000000076ab00000, 0x0000000770000000, 0x00000007c0000000)
  eden space 65536K, 0% used [0x000000076ab00000,0x000000076ab00000,0x000000076eb00000)
  from space 10752K, 99% used [0x000000076f580000,0x000000076fff9a80,0x0000000770000000)
  to   space 10752K, 0% used [0x000000076eb00000,0x000000076eb00000,0x000000076f580000)
 ParOldGen       total 175104K, used 2765K [0x00000006c0000000, 0x00000006cab00000, 0x000000076ab00000)
  object space 175104K, 1% used [0x00000006c0000000,0x00000006c02b34f0,0x00000006cab00000)
 Metaspace       used 20540K, capacity 21176K, committed 21296K, reserved 1069056K
  class space    used 2457K, capacity 2688K, committed 2688K, reserved 1048576K
}
Event: 4.480 GC heap before
{Heap before GC invocations=5 (full 1):
 PSYoungGen      total 76288K, used 10726K [0x000000076ab00000, 0x0000000770000000, 0x00000007c0000000)
  eden space 65536K, 0% used [0x000000076ab00000,0x000000076ab00000,0x000000076eb00000)
  from space 10752K, 99% used [0x000000076f580000,0x000000076fff9a80,0x0000000770000000)
  to   space 10752K, 0% used [0x000000076eb00000,0x000000076eb00000,0x000000076f580000)
 ParOldGen       total 175104K, used 2765K [0x00000006c0000000, 0x00000006cab00000, 0x000000076ab00000)
  object space 175104K, 1% used [0x00000006c0000000,0x00000006c02b34f0,0x00000006cab00000)
 Metaspace       used 20540K, capacity 21176K, committed 21296K, reserved 1069056K
  class space    used 2457K, capacity 2688K, committed 2688K, reserved 1048576K
Event: 4.537 GC heap after
Heap after GC invocations=5 (full 1):
 PSYoungGen      total 76288K, used 0K [0x000000076ab00000, 0x0000000770000000, 0x00000007c0000000)
  eden space 65536K, 0% used [0x000000076ab00000,0x000000076ab00000,0x000000076eb00000)
  from space 10752K, 0% used [0x000000076f580000,0x000000076f580000,0x0000000770000000)
  to   space 10752K, 0% used [0x000000076eb00000,0x000000076eb00000,0x000000076f580000)
 ParOldGen       total 119808K, used 13166K [0x00000006c0000000, 0x00000006c7500000, 0x000000076ab00000)
  object space 119808K, 10% used [0x00000006c0000000,0x00000006c0cdb928,0x00000006c7500000)
 Metaspace       used 20540K, capacity 21176K, committed 21296K, reserved 1069056K
  class space    used 2457K, capacity 2688K, committed 2688K, reserved 1048576K
}

Deoptimization events (10 events):
Event: 3.731 Thread 0x00007faf56808800 Uncommon trap: reason=unstable_if action=reinterpret pc=0x0000000119398b10 method=java.util.HashMap.getNode(ILjava/lang/Object;)Ljava/util/HashMap$Node; @ 53
Event: 3.732 Thread 0x00007faf56808800 Uncommon trap: reason=unstable_if action=reinterpret pc=0x0000000118fe14ac method=java.util.HashMap.getNode(ILjava/lang/Object;)Ljava/util/HashMap$Node; @ 53
Event: 4.032 Thread 0x00007faf56808800 Uncommon trap: reason=bimorphic action=maybe_recompile pc=0x00000001191be390 method=java.util.regex.Pattern$CharProperty.match(Ljava/util/regex/Matcher;ILjava/lang/CharSequence;)Z @ 37
Event: 4.390 Thread 0x00007faf56808800 Uncommon trap: reason=predicate action=maybe_recompile pc=0x00000001194f1ee8 method=sun.misc.Resource.getBytes()[B @ 53
Event: 4.684 Thread 0x00007faf56808800 Uncommon trap: reason=unstable_if action=reinterpret pc=0x0000000119445088 method=java.util.jar.Manifest$FastInputStream.readLine([BII)I @ 87
Event: 4.787 Thread 0x00007faf56808800 Uncommon trap: reason=unstable_if action=reinterpret pc=0x0000000118e5601c method=java.util.HashMap.putVal(ILjava/lang/Object;Ljava/lang/Object;ZZ)Ljava/lang/Object; @ 193
Event: 4.789 Thread 0x00007faf56808800 Uncommon trap: reason=unstable_if action=reinterpret pc=0x0000000118e49e68 method=java.util.HashMap.putVal(ILjava/lang/Object;Ljava/lang/Object;ZZ)Ljava/lang/Object; @ 193
Event: 4.822 Thread 0x00007faf56808800 Uncommon trap: reason=unstable_if action=reinterpret pc=0x00000001195ee430 method=java.nio.charset.CharsetDecoder.decode(Ljava/nio/ByteBuffer;Ljava/nio/CharBuffer;Z)Ljava/nio/charset/CoderResult; @ 1
Event: 4.928 Thread 0x00007faf56808800 Uncommon trap: reason=unstable_if action=reinterpret pc=0x0000000118e51650 method=sun.misc.MetaIndex.mayContain(Ljava/lang/String;)Z @ 38
Event: 4.934 Thread 0x00007faf56808800 Uncommon trap: reason=unstable_if action=reinterpret pc=0x00000001198730d4 method=java.util.jar.Attributes$Name.isDigit(C)Z @ 3

Internal exceptions (10 events):
Event: 2.388 Thread 0x00007faf56808800 Exception <a 'java/lang/NoSuchFieldError': method resolution failed> (0x000000076e3c09a0) thrown at [/Users/java_re/workspace/8-2-build-macosx-x86_64/jdk8u112/7935/hotspot/src/share/vm/prims/methodHandles.cpp, line 1146]
Event: 2.674 Thread 0x00007faf56808800 Exception <a 'java/lang/NullPointerException'> (0x000000076abbbdb8) thrown at [/Users/java_re/workspace/8-2-build-macosx-x86_64/jdk8u112/7935/hotspot/src/share/vm/interpreter/linkResolver.cpp, line 1178]
Event: 2.674 Thread 0x00007faf56808800 Exception <a 'java/lang/NullPointerException'> (0x000000076abbc1b8) thrown at [/Users/java_re/workspace/8-2-build-macosx-x86_64/jdk8u112/7935/hotspot/src/share/vm/interpreter/linkResolver.cpp, line 1178]
Event: 2.674 Thread 0x00007faf56808800 Exception <a 'java/lang/NullPointerException'> (0x000000076abbc5b8) thrown at [/Users/java_re/workspace/8-2-build-macosx-x86_64/jdk8u112/7935/hotspot/src/share/vm/interpreter/linkResolver.cpp, line 1178]
Event: 2.674 Thread 0x00007faf56808800 Exception <a 'java/lang/NullPointerException'> (0x000000076abbe638) thrown at [/Users/java_re/workspace/8-2-build-macosx-x86_64/jdk8u112/7935/hotspot/src/share/vm/interpreter/linkResolver.cpp, line 1178]
Event: 2.674 Thread 0x00007faf56808800 Exception <a 'java/lang/NullPointerException'> (0x000000076abbea38) thrown at [/Users/java_re/workspace/8-2-build-macosx-x86_64/jdk8u112/7935/hotspot/src/share/vm/interpreter/linkResolver.cpp, line 1178]
Event: 2.674 Thread 0x00007faf56808800 Exception <a 'java/lang/NullPointerException'> (0x000000076abbee38) thrown at [/Users/java_re/workspace/8-2-build-macosx-x86_64/jdk8u112/7935/hotspot/src/share/vm/interpreter/linkResolver.cpp, line 1178]
Event: 4.389 Thread 0x00007faf56808800 Exception <a 'java/lang/ClassNotFoundException': com/sun/tools/javac/api/JavacTool> (0x000000076d86e2d8) thrown at [/Users/java_re/workspace/8-2-build-macosx-x86_64/jdk8u112/7935/hotspot/src/share/vm/classfile/systemDictionary.cpp, line 210]
Event: 5.028 Thread 0x00007faf56808800 Exception <a 'java/io/FileNotFoundException'> (0x000000076d43bf08) thrown at [/Users/java_re/workspace/8-2-build-macosx-x86_64/jdk8u112/7935/hotspot/src/share/vm/prims/jni.cpp, line 709]
Event: 5.038 Thread 0x00007faf56808800 Exception <a 'java/io/FileNotFoundException'> (0x000000076d471cb0) thrown at [/Users/java_re/workspace/8-2-build-macosx-x86_64/jdk8u112/7935/hotspot/src/share/vm/prims/jni.cpp, line 709]

Events (10 events):
Event: 5.286 loading class com/sun/tools/javac/jvm/ClassReader$AnnotationCompleter
Event: 5.286 loading class com/sun/tools/javac/jvm/ClassReader$AnnotationCompleter done
Event: 5.286 loading class com/sun/tools/javac/jvm/ClassReader$AnnotationDeproxy
Event: 5.286 loading class com/sun/tools/javac/jvm/ClassReader$AnnotationDeproxy done
Event: 5.286 loading class com/sun/tools/javac/jvm/ClassReader$ProxyVisitor
Event: 5.286 loading class com/sun/tools/javac/jvm/ClassReader$ProxyVisitor done
Event: 5.287 loading class com/sun/tools/javac/comp/Check$7
Event: 5.287 loading class com/sun/tools/javac/comp/Check$7 done
Event: 5.287 loading class com/sun/tools/javac/util/MandatoryWarningHandler$DeferredDiagnosticKind
Event: 5.287 loading class com/sun/tools/javac/util/MandatoryWarningHandler$DeferredDiagnosticKind done


Dynamic libraries:
0x000000000c543000 	/System/Library/Frameworks/Cocoa.framework/Versions/A/Cocoa
0x000000000c543000 	/System/Library/Frameworks/Security.framework/Versions/A/Security
0x000000000c543000 	/System/Library/Frameworks/ApplicationServices.framework/Versions/A/ApplicationServices
0x000000000c543000 	/usr/lib/libz.1.dylib
0x000000000c543000 	/usr/lib/libSystem.B.dylib
0x000000000c543000 	/usr/lib/libobjc.A.dylib
0x000000000c543000 	/System/Library/Frameworks/CoreFoundation.framework/Versions/A/CoreFoundation
0x000000000c543000 	/System/Library/Frameworks/Foundation.framework/Versions/C/Foundation
0x000000000c543000 	/System/Library/Frameworks/AppKit.framework/Versions/C/AppKit
0x000000000c543000 	/System/Library/Frameworks/CoreData.framework/Versions/A/CoreData
0x000000000c543000 	/System/Library/PrivateFrameworks/UIFoundation.framework/Versions/A/UIFoundation
0x000000000c543000 	/System/Library/PrivateFrameworks/RemoteViewServices.framework/Versions/A/RemoteViewServices
0x000000000c543000 	/System/Library/PrivateFrameworks/XCTTargetBootstrap.framework/Versions/A/XCTTargetBootstrap
0x000000000c543000 	/System/Library/Frameworks/CoreDisplay.framework/Versions/A/CoreDisplay
0x000000000c543000 	/System/Library/Frameworks/Metal.framework/Versions/A/Metal
0x000000000c543000 	/System/Library/PrivateFrameworks/DesktopServicesPriv.framework/Versions/A/DesktopServicesPriv
0x000000000c543000 	/usr/lib/liblangid.dylib
0x000000000c543000 	/System/Library/PrivateFrameworks/CoreSVG.framework/Versions/A/CoreSVG
0x000000000c543000 	/System/Library/PrivateFrameworks/SkyLight.framework/Versions/A/SkyLight
0x000000000c543000 	/System/Library/Frameworks/CoreGraphics.framework/Versions/A/CoreGraphics
0x000000000c543000 	/System/Library/Frameworks/Accelerate.framework/Versions/A/Accelerate
0x000000000c543000 	/usr/lib/libxml2.2.dylib
0x000000000c543000 	/System/Library/PrivateFrameworks/IconServices.framework/Versions/A/IconServices
0x000000000c543000 	/System/Library/Frameworks/IOSurface.framework/Versions/A/IOSurface
0x000000000c543000 	/usr/lib/libDiagnosticMessagesClient.dylib
0x000000000c543000 	/System/Library/PrivateFrameworks/DFRFoundation.framework/Versions/A/DFRFoundation
0x000000000c543000 	/usr/lib/libicucore.A.dylib
0x000000000c543000 	/System/Library/Frameworks/AudioToolbox.framework/Versions/A/AudioToolbox
0x000000000c543000 	/System/Library/Frameworks/AudioUnit.framework/Versions/A/AudioUnit
0x000000000c543000 	/usr/lib/libauto.dylib
0x000000000c543000 	/System/Library/PrivateFrameworks/DataDetectorsCore.framework/Versions/A/DataDetectorsCore
0x000000000c543000 	/System/Library/Frameworks/Carbon.framework/Versions/A/Frameworks/HIToolbox.framework/Versions/A/HIToolbox
0x000000000c543000 	/System/Library/Frameworks/QuartzCore.framework/Versions/A/QuartzCore
0x000000000c543000 	/System/Library/Frameworks/Carbon.framework/Versions/A/Frameworks/SpeechRecognition.framework/Versions/A/SpeechRecognition
0x000000000c543000 	/System/Library/PrivateFrameworks/CoreUI.framework/Versions/A/CoreUI
0x000000000c543000 	/System/Library/Frameworks/CoreAudio.framework/Versions/A/CoreAudio
0x000000000c543000 	/System/Library/Frameworks/DiskArbitration.framework/Versions/A/DiskArbitration
0x000000000c543000 	/System/Library/PrivateFrameworks/MultitouchSupport.framework/Versions/A/MultitouchSupport
0x000000000c543000 	/usr/lib/libenergytrace.dylib
0x000000000c543000 	/System/Library/Frameworks/IOKit.framework/Versions/A/IOKit
0x000000000c543000 	/System/Library/Frameworks/CoreServices.framework/Versions/A/CoreServices
0x000000000c543000 	/System/Library/PrivateFrameworks/PerformanceAnalysis.framework/Versions/A/PerformanceAnalysis
0x000000000c543000 	/System/Library/Frameworks/OpenGL.framework/Versions/A/OpenGL
0x000000000c543000 	/System/Library/Frameworks/ColorSync.framework/Versions/A/ColorSync
0x000000000c543000 	/System/Library/Frameworks/CoreImage.framework/Versions/A/CoreImage
0x000000000c543000 	/System/Library/Frameworks/CoreText.framework/Versions/A/CoreText
0x000000000c543000 	/System/Library/Frameworks/ImageIO.framework/Versions/A/ImageIO
0x000000000c543000 	/usr/lib/libc++.1.dylib
0x000000000c543000 	/usr/lib/libcompression.dylib
0x000000000c543000 	/usr/lib/libMobileGestalt.dylib
0x000000000c543000 	/System/Library/PrivateFrameworks/TextureIO.framework/Versions/A/TextureIO
0x000000000c543000 	/usr/lib/libate.dylib
0x000000000c543000 	/System/Library/PrivateFrameworks/InternationalSupport.framework/Versions/A/InternationalSupport
0x000000000c543000 	/usr/lib/system/libcache.dylib
0x000000000c543000 	/usr/lib/system/libcommonCrypto.dylib
0x000000000c543000 	/usr/lib/system/libcompiler_rt.dylib
0x000000000c543000 	/usr/lib/system/libcopyfile.dylib
0x000000000c543000 	/usr/lib/system/libcorecrypto.dylib
0x000000000c543000 	/usr/lib/system/libdispatch.dylib
0x000000000c543000 	/usr/lib/system/libdyld.dylib
0x000000000c543000 	/usr/lib/system/libkeymgr.dylib
0x000000000c543000 	/usr/lib/system/liblaunch.dylib
0x000000000c543000 	/usr/lib/system/libmacho.dylib
0x000000000c543000 	/usr/lib/system/libquarantine.dylib
0x000000000c543000 	/usr/lib/system/libremovefile.dylib
0x000000000c543000 	/usr/lib/system/libsystem_asl.dylib
0x000000000c543000 	/usr/lib/system/libsystem_blocks.dylib
0x000000000c543000 	/usr/lib/system/libsystem_c.dylib
0x000000000c543000 	/usr/lib/system/libsystem_configuration.dylib
0x000000000c543000 	/usr/lib/system/libsystem_coreservices.dylib
0x000000000c543000 	/usr/lib/system/libsystem_darwin.dylib
0x000000000c543000 	/usr/lib/system/libsystem_dnssd.dylib
0x000000000c543000 	/usr/lib/system/libsystem_featureflags.dylib
0x000000000c543000 	/usr/lib/system/libsystem_info.dylib
0x000000000c543000 	/usr/lib/system/libsystem_m.dylib
0x000000000c543000 	/usr/lib/system/libsystem_malloc.dylib
0x000000000c543000 	/usr/lib/system/libsystem_networkextension.dylib
0x000000000c543000 	/usr/lib/system/libsystem_notify.dylib
0x000000000c543000 	/usr/lib/system/libsystem_sandbox.dylib
0x000000000c543000 	/usr/lib/system/libsystem_secinit.dylib
0x000000000c543000 	/usr/lib/system/libsystem_kernel.dylib
0x000000000c543000 	/usr/lib/system/libsystem_platform.dylib
0x000000000c543000 	/usr/lib/system/libsystem_pthread.dylib
0x000000000c543000 	/usr/lib/system/libsystem_symptoms.dylib
0x000000000c543000 	/usr/lib/system/libsystem_trace.dylib
0x000000000c543000 	/usr/lib/system/libunwind.dylib
0x000000000c543000 	/usr/lib/system/libxpc.dylib
0x000000000c543000 	/usr/lib/libc++abi.dylib
0x000000000c543000 	/usr/lib/liblzma.5.dylib
0x000000000c543000 	/usr/lib/libfakelink.dylib
0x000000000c543000 	/usr/lib/libarchive.2.dylib
0x000000000c543000 	/System/Library/Frameworks/SystemConfiguration.framework/Versions/A/SystemConfiguration
0x000000000c543000 	/usr/lib/libCRFSuite.dylib
0x000000000c543000 	/System/Library/Frameworks/CFNetwork.framework/Versions/A/CFNetwork
0x000000000c543000 	/usr/lib/libbsm.0.dylib
0x000000000c543000 	/usr/lib/system/libkxld.dylib
0x000000000c543000 	/System/Library/PrivateFrameworks/AppleFSCompression.framework/Versions/A/AppleFSCompression
0x000000000c543000 	/usr/lib/libcoretls.dylib
0x000000000c543000 	/usr/lib/libcoretls_cfhelpers.dylib
0x000000000c543000 	/usr/lib/libpam.2.dylib
0x000000000c543000 	/usr/lib/libsqlite3.dylib
0x000000000c543000 	/usr/lib/libxar.1.dylib
0x000000000c543000 	/usr/lib/libbz2.1.0.dylib
0x000000000c543000 	/usr/lib/libiconv.2.dylib
0x000000000c543000 	/usr/lib/libcharset.1.dylib
0x000000000c543000 	/usr/lib/libnetwork.dylib
0x000000000c543000 	/usr/lib/libpcap.A.dylib
0x000000000c543000 	/usr/lib/libapple_nghttp2.dylib
0x000000000c543000 	/System/Library/Frameworks/CoreServices.framework/Versions/A/Frameworks/FSEvents.framework/Versions/A/FSEvents
0x000000000c543000 	/System/Library/Frameworks/CoreServices.framework/Versions/A/Frameworks/CarbonCore.framework/Versions/A/CarbonCore
0x000000000c543000 	/System/Library/Frameworks/CoreServices.framework/Versions/A/Frameworks/Metadata.framework/Versions/A/Metadata
0x000000000c543000 	/System/Library/Frameworks/CoreServices.framework/Versions/A/Frameworks/OSServices.framework/Versions/A/OSServices
0x000000000c543000 	/System/Library/Frameworks/CoreServices.framework/Versions/A/Frameworks/SearchKit.framework/Versions/A/SearchKit
0x000000000c543000 	/System/Library/Frameworks/CoreServices.framework/Versions/A/Frameworks/AE.framework/Versions/A/AE
0x000000000c543000 	/System/Library/Frameworks/CoreServices.framework/Versions/A/Frameworks/LaunchServices.framework/Versions/A/LaunchServices
0x000000000c543000 	/System/Library/Frameworks/CoreServices.framework/Versions/A/Frameworks/DictionaryServices.framework/Versions/A/DictionaryServices
0x000000000c543000 	/System/Library/Frameworks/CoreServices.framework/Versions/A/Frameworks/SharedFileList.framework/Versions/A/SharedFileList
0x000000000c543000 	/System/Library/Frameworks/NetFS.framework/Versions/A/NetFS
0x000000000c543000 	/System/Library/PrivateFrameworks/NetAuth.framework/Versions/A/NetAuth
0x000000000c543000 	/System/Library/PrivateFrameworks/login.framework/Versions/A/Frameworks/loginsupport.framework/Versions/A/loginsupport
0x000000000c543000 	/System/Library/PrivateFrameworks/TCC.framework/Versions/A/TCC
0x000000000c543000 	/System/Library/PrivateFrameworks/CoreNLP.framework/Versions/A/CoreNLP
0x000000000c543000 	/System/Library/PrivateFrameworks/MetadataUtilities.framework/Versions/A/MetadataUtilities
0x000000000c543000 	/usr/lib/libmecabra.dylib
0x000000000c543000 	/usr/lib/libmecab.dylib
0x000000000c543000 	/usr/lib/libgermantok.dylib
0x000000000c543000 	/usr/lib/libThaiTokenizer.dylib
0x000000000c543000 	/usr/lib/libChineseTokenizer.dylib
0x000000000c543000 	/System/Library/Frameworks/Accelerate.framework/Versions/A/Frameworks/vImage.framework/Versions/A/vImage
0x000000000c543000 	/System/Library/Frameworks/Accelerate.framework/Versions/A/Frameworks/vecLib.framework/Versions/A/vecLib
0x000000000c543000 	/System/Library/Frameworks/Accelerate.framework/Versions/A/Frameworks/vecLib.framework/Versions/A/libvMisc.dylib
0x000000000c543000 	/System/Library/Frameworks/Accelerate.framework/Versions/A/Frameworks/vecLib.framework/Versions/A/libvDSP.dylib
0x000000000c543000 	/System/Library/Frameworks/Accelerate.framework/Versions/A/Frameworks/vecLib.framework/Versions/A/libBLAS.dylib
0x000000000c543000 	/System/Library/Frameworks/Accelerate.framework/Versions/A/Frameworks/vecLib.framework/Versions/A/libLAPACK.dylib
0x000000000c543000 	/System/Library/Frameworks/Accelerate.framework/Versions/A/Frameworks/vecLib.framework/Versions/A/libLinearAlgebra.dylib
0x000000000c543000 	/System/Library/Frameworks/Accelerate.framework/Versions/A/Frameworks/vecLib.framework/Versions/A/libSparseBLAS.dylib
0x000000000c543000 	/System/Library/Frameworks/Accelerate.framework/Versions/A/Frameworks/vecLib.framework/Versions/A/libQuadrature.dylib
0x000000000c543000 	/System/Library/Frameworks/Accelerate.framework/Versions/A/Frameworks/vecLib.framework/Versions/A/libBNNS.dylib
0x000000000c543000 	/System/Library/Frameworks/Accelerate.framework/Versions/A/Frameworks/vecLib.framework/Versions/A/libSparse.dylib
0x000000000c543000 	/System/Library/PrivateFrameworks/LanguageModeling.framework/Versions/A/LanguageModeling
0x000000000c543000 	/System/Library/PrivateFrameworks/CoreEmoji.framework/Versions/A/CoreEmoji
0x000000000c543000 	/System/Library/PrivateFrameworks/LinguisticData.framework/Versions/A/LinguisticData
0x000000000c543000 	/System/Library/PrivateFrameworks/Lexicon.framework/Versions/A/Lexicon
0x000000000c543000 	/usr/lib/libcmph.dylib
0x000000000c543000 	/System/Library/Frameworks/OpenDirectory.framework/Versions/A/Frameworks/CFOpenDirectory.framework/Versions/A/CFOpenDirectory
0x000000000c543000 	/System/Library/Frameworks/OpenDirectory.framework/Versions/A/OpenDirectory
0x000000000c543000 	/System/Library/PrivateFrameworks/APFS.framework/Versions/A/APFS
0x000000000c543000 	/System/Library/Frameworks/SecurityFoundation.framework/Versions/A/SecurityFoundation
0x000000000c543000 	/usr/lib/libutil.dylib
0x000000000c543000 	/System/Library/PrivateFrameworks/CoreServicesStore.framework/Versions/A/CoreServicesStore
0x000000000c543000 	/System/Library/Frameworks/ServiceManagement.framework/Versions/A/ServiceManagement
0x000000000c543000 	/System/Library/PrivateFrameworks/BackgroundTaskManagement.framework/Versions/A/BackgroundTaskManagement
0x000000000c543000 	/usr/lib/libxslt.1.dylib
0x000000000c543000 	/System/Library/PrivateFrameworks/AppleSystemInfo.framework/Versions/A/AppleSystemInfo
0x000000000c543000 	/System/Library/Frameworks/ImageIO.framework/Versions/A/Resources/libJPEG.dylib
0x000000000c543000 	/System/Library/Frameworks/ImageIO.framework/Versions/A/Resources/libTIFF.dylib
0x000000000c543000 	/System/Library/Frameworks/ImageIO.framework/Versions/A/Resources/libPng.dylib
0x000000000c543000 	/System/Library/Frameworks/ImageIO.framework/Versions/A/Resources/libGIF.dylib
0x000000000c543000 	/System/Library/Frameworks/ImageIO.framework/Versions/A/Resources/libJP2.dylib
0x000000000c543000 	/System/Library/Frameworks/ImageIO.framework/Versions/A/Resources/libRadiance.dylib
0x000000000c543000 	/usr/lib/libexpat.1.dylib
0x000000000c543000 	/System/Library/PrivateFrameworks/AppleJPEG.framework/Versions/A/AppleJPEG
0x000000000c543000 	/System/Library/PrivateFrameworks/FontServices.framework/libFontParser.dylib
0x000000000c543000 	/System/Library/PrivateFrameworks/WatchdogClient.framework/Versions/A/WatchdogClient
0x000000000c543000 	/System/Library/PrivateFrameworks/IOAccelerator.framework/Versions/A/IOAccelerator
0x000000000c543000 	/System/Library/Frameworks/MetalPerformanceShaders.framework/Versions/A/MetalPerformanceShaders
0x000000000c543000 	/System/Library/PrivateFrameworks/GPUWrangler.framework/Versions/A/GPUWrangler
0x000000000c543000 	/System/Library/PrivateFrameworks/IOPresentment.framework/Versions/A/IOPresentment
0x000000000c543000 	/System/Library/PrivateFrameworks/DSExternalDisplay.framework/Versions/A/DSExternalDisplay
0x000000000c543000 	/System/Library/Frameworks/OpenGL.framework/Versions/A/Libraries/libCoreFSCache.dylib
0x000000000c543000 	/System/Library/Frameworks/MetalPerformanceShaders.framework/Frameworks/MPSCore.framework/Versions/A/MPSCore
0x000000000c543000 	/System/Library/Frameworks/MetalPerformanceShaders.framework/Frameworks/MPSImage.framework/Versions/A/MPSImage
0x000000000c543000 	/System/Library/Frameworks/MetalPerformanceShaders.framework/Frameworks/MPSNeuralNetwork.framework/Versions/A/MPSNeuralNetwork
0x000000000c543000 	/System/Library/Frameworks/MetalPerformanceShaders.framework/Frameworks/MPSMatrix.framework/Versions/A/MPSMatrix
0x000000000c543000 	/System/Library/Frameworks/MetalPerformanceShaders.framework/Frameworks/MPSRayIntersector.framework/Versions/A/MPSRayIntersector
0x000000000c543000 	/System/Library/Frameworks/MetalPerformanceShaders.framework/Frameworks/MPSNDArray.framework/Versions/A/MPSNDArray
0x000000000c543000 	/System/Library/PrivateFrameworks/MetalTools.framework/Versions/A/MetalTools
0x000000000c543000 	/System/Library/PrivateFrameworks/AggregateDictionary.framework/Versions/A/AggregateDictionary
0x000000000c543000 	/System/Library/PrivateFrameworks/CoreAnalytics.framework/Versions/A/CoreAnalytics
0x000000000c543000 	/System/Library/PrivateFrameworks/AppleSauce.framework/Versions/A/AppleSauce
0x000000000c543000 	/usr/lib/libIOReport.dylib
0x000000000c543000 	/System/Library/Frameworks/CoreVideo.framework/Versions/A/CoreVideo
0x000000000c543000 	/System/Library/PrivateFrameworks/GraphVisualizer.framework/Versions/A/GraphVisualizer
0x000000000c543000 	/System/Library/PrivateFrameworks/FaceCore.framework/Versions/A/FaceCore
0x000000000c543000 	/System/Library/Frameworks/OpenCL.framework/Versions/A/OpenCL
0x000000000c543000 	/usr/lib/libFosl_dynamic.dylib
0x000000000c543000 	/System/Library/PrivateFrameworks/OTSVG.framework/Versions/A/OTSVG
0x000000000c543000 	/System/Library/Frameworks/ApplicationServices.framework/Versions/A/Frameworks/ATS.framework/Versions/A/Resources/libFontRegistry.dylib
0x000000000c543000 	/System/Library/PrivateFrameworks/FontServices.framework/libhvf.dylib
0x000000000c543000 	/System/Library/Frameworks/OpenGL.framework/Versions/A/Libraries/libGFXShared.dylib
0x000000000c543000 	/System/Library/Frameworks/OpenGL.framework/Versions/A/Libraries/libGLU.dylib
0x000000000c543000 	/System/Library/Frameworks/OpenGL.framework/Versions/A/Libraries/libGL.dylib
0x000000000c543000 	/System/Library/Frameworks/OpenGL.framework/Versions/A/Libraries/libGLImage.dylib
0x000000000c543000 	/System/Library/Frameworks/OpenGL.framework/Versions/A/Libraries/libCVMSPluginSupport.dylib
0x000000000c543000 	/System/Library/Frameworks/OpenGL.framework/Versions/A/Libraries/libCoreVMClient.dylib
0x000000000c543000 	/usr/lib/libncurses.5.4.dylib
0x000000000c543000 	/System/Library/Frameworks/ApplicationServices.framework/Versions/A/Frameworks/ATS.framework/Versions/A/ATS
0x000000000c543000 	/System/Library/Frameworks/ApplicationServices.framework/Versions/A/Frameworks/ColorSyncLegacy.framework/Versions/A/ColorSyncLegacy
0x000000000c543000 	/System/Library/Frameworks/ApplicationServices.framework/Versions/A/Frameworks/HIServices.framework/Versions/A/HIServices
0x000000000c543000 	/System/Library/Frameworks/ApplicationServices.framework/Versions/A/Frameworks/LangAnalysis.framework/Versions/A/LangAnalysis
0x000000000c543000 	/System/Library/Frameworks/ApplicationServices.framework/Versions/A/Frameworks/PrintCore.framework/Versions/A/PrintCore
0x000000000c543000 	/System/Library/Frameworks/ApplicationServices.framework/Versions/A/Frameworks/QD.framework/Versions/A/QD
0x000000000c543000 	/System/Library/Frameworks/ApplicationServices.framework/Versions/A/Frameworks/SpeechSynthesis.framework/Versions/A/SpeechSynthesis
0x000000000c543000 	/System/Library/Frameworks/ApplicationServices.framework/Versions/A/Frameworks/ATSUI.framework/Versions/A/ATSUI
0x000000000c543000 	/usr/lib/libcups.2.dylib
0x000000000c543000 	/System/Library/Frameworks/Kerberos.framework/Versions/A/Kerberos
0x000000000c543000 	/System/Library/Frameworks/GSS.framework/Versions/A/GSS
0x000000000c543000 	/usr/lib/libresolv.9.dylib
0x000000000c543000 	/System/Library/PrivateFrameworks/Heimdal.framework/Versions/A/Heimdal
0x000000000c543000 	/System/Library/Frameworks/Kerberos.framework/Versions/A/Libraries/libHeimdalProxy.dylib
0x000000000c543000 	/usr/lib/libheimdal-asn1.dylib
0x000000000c543000 	/System/Library/PrivateFrameworks/CommonAuth.framework/Versions/A/CommonAuth
0x000000000c543000 	/System/Library/PrivateFrameworks/AssertionServices.framework/Versions/A/AssertionServices
0x000000000c543000 	/System/Library/PrivateFrameworks/AudioToolboxCore.framework/Versions/A/AudioToolboxCore
0x000000000c543000 	/System/Library/PrivateFrameworks/caulk.framework/Versions/A/caulk
0x000000000c543000 	/System/Library/PrivateFrameworks/BaseBoard.framework/Versions/A/BaseBoard
0x000000000c543000 	/System/Library/PrivateFrameworks/RunningBoardServices.framework/Versions/A/RunningBoardServices
0x000000000c543000 	/System/Library/PrivateFrameworks/PersistentConnection.framework/Versions/A/PersistentConnection
0x000000000c543000 	/System/Library/PrivateFrameworks/ProtocolBuffer.framework/Versions/A/ProtocolBuffer
0x000000000c543000 	/System/Library/PrivateFrameworks/CommonUtilities.framework/Versions/A/CommonUtilities
0x000000000c543000 	/System/Library/PrivateFrameworks/Bom.framework/Versions/A/Bom
0x000000000c543000 	/usr/lib/libAudioToolboxUtility.dylib
0x000000000c543000 	/System/Library/PrivateFrameworks/Backup.framework/Versions/A/Backup
0x000000000c543000 	/System/Library/PrivateFrameworks/CrashReporterSupport.framework/Versions/A/CrashReporterSupport
0x000000000c543000 	/System/Library/PrivateFrameworks/Sharing.framework/Versions/A/Sharing
0x000000000c543000 	/System/Library/PrivateFrameworks/Apple80211.framework/Versions/A/Apple80211
0x000000000c543000 	/System/Library/PrivateFrameworks/AuthKit.framework/Versions/A/AuthKit
0x000000000c543000 	/System/Library/PrivateFrameworks/CoreUtils.framework/Versions/A/CoreUtils
0x000000000c543000 	/System/Library/Frameworks/CoreWLAN.framework/Versions/A/CoreWLAN
0x000000000c543000 	/System/Library/Frameworks/IOBluetooth.framework/Versions/A/IOBluetooth
0x000000000c543000 	/System/Library/PrivateFrameworks/MobileKeyBag.framework/Versions/A/MobileKeyBag
0x000000000c543000 	/System/Library/PrivateFrameworks/CorePhoneNumbers.framework/Versions/A/CorePhoneNumbers
0x000000000c543000 	/System/Library/PrivateFrameworks/AppleIDAuthSupport.framework/Versions/A/AppleIDAuthSupport
0x000000000c543000 	/System/Library/Frameworks/Network.framework/Versions/A/Network
0x000000000c543000 	/System/Library/PrivateFrameworks/KeychainCircle.framework/Versions/A/KeychainCircle
0x000000000c543000 	/System/Library/Frameworks/CoreBluetooth.framework/Versions/A/CoreBluetooth
0x000000000c543000 	/System/Library/PrivateFrameworks/SpeechRecognitionCore.framework/Versions/A/SpeechRecognitionCore
0x000000010cc00000 	/Library/Java/JavaVirtualMachines/jdk1.8.0_112.jdk/Contents/Home/jre/lib/server/libjvm.dylib
0x000000000c543000 	/usr/lib/libstdc++.6.dylib
0x000000010dba2000 	/Library/Java/JavaVirtualMachines/jdk1.8.0_112.jdk/Contents/Home/jre/lib/libverify.dylib
0x000000010dbb0000 	/Library/Java/JavaVirtualMachines/jdk1.8.0_112.jdk/Contents/Home/jre/lib/libjava.dylib
0x000000010dc25000 	/Library/Java/JavaVirtualMachines/jdk1.8.0_112.jdk/Contents/Home/jre/lib/libzip.dylib
0x000000000c543000 	/System/Library/Frameworks/JavaVM.framework/Versions/A/Frameworks/JavaRuntimeSupport.framework/Versions/A/JavaRuntimeSupport
0x000000000c543000 	/System/Library/Frameworks/JavaVM.framework/Versions/A/Frameworks/JavaNativeFoundation.framework/Versions/A/JavaNativeFoundation
0x000000000c543000 	/System/Library/Frameworks/JavaVM.framework/Versions/A/JavaVM
0x000000000c543000 	/System/Library/Frameworks/Carbon.framework/Versions/A/Carbon
0x000000000c543000 	/System/Library/PrivateFrameworks/CoreSymbolication.framework/Versions/A/CoreSymbolication
0x000000000c543000 	/System/Library/PrivateFrameworks/JavaLaunching.framework/Versions/A/JavaLaunching
0x000000000c543000 	/System/Library/Frameworks/Carbon.framework/Versions/A/Frameworks/CommonPanels.framework/Versions/A/CommonPanels
0x000000000c543000 	/System/Library/Frameworks/Carbon.framework/Versions/A/Frameworks/Help.framework/Versions/A/Help
0x000000000c543000 	/System/Library/Frameworks/Carbon.framework/Versions/A/Frameworks/ImageCapture.framework/Versions/A/ImageCapture
0x000000000c543000 	/System/Library/Frameworks/Carbon.framework/Versions/A/Frameworks/OpenScripting.framework/Versions/A/OpenScripting
0x000000000c543000 	/System/Library/Frameworks/Carbon.framework/Versions/A/Frameworks/Ink.framework/Versions/A/Ink
0x000000000c543000 	/System/Library/Frameworks/Carbon.framework/Versions/A/Frameworks/Print.framework/Versions/A/Print
0x000000000c543000 	/System/Library/Frameworks/Carbon.framework/Versions/A/Frameworks/SecurityHI.framework/Versions/A/SecurityHI
0x000000000c543000 	/System/Library/PrivateFrameworks/DebugSymbols.framework/Versions/A/DebugSymbols
0x000000011866f000 	/Library/Java/JavaVirtualMachines/jdk1.8.0_112.jdk/Contents/Home/jre/lib/libnet.dylib
0x0000000118686000 	/Library/Java/JavaVirtualMachines/jdk1.8.0_112.jdk/Contents/Home/jre/lib/libnio.dylib

VM Arguments:
jvm_args: -Dclassworlds.conf=/Users/kansoa/Development/maven/bin/m2.conf -Dmaven.home=/Users/kansoa/Development/maven -Dmaven.multiModuleProjectDirectory=/Users/kansoa/Development/projects/cscf/infofauna_2020/midat_rivieres/jeci-shell-new-user-permissions/midat 
java_command: org.codehaus.plexus.classworlds.launcher.Launcher -P dev clean install -Dmaven.test.skip=true
java_class_path (initial): /Users/kansoa/Development/maven/boot/plexus-classworlds-2.5.2.jar
Launcher Type: SUN_STANDARD

Environment Variables:
JAVA_HOME=/Library/Java/JavaVirtualMachines/jdk1.8.0_112.jdk/Contents/Home
PATH=/Users/kansoa/Library/Android/sdk/platform-tools:/Users/kansoa/.nvm/versions/node/v8.1.2/bin:/usr/local/bin:/usr/bin:/bin:/usr/sbin:/sbin:/usr/local/munki:/Library/Apple/usr/bin:/Users/kansoa/Development/maven/bin:/Users/kansoa/Development/gradle/bin
SHELL=/bin/zsh

Signal Handlers:
SIGSEGV: [libjvm.dylib+0x5b11a5], sa_mask[0]=11111111011111110111111111111111, sa_flags=SA_ONSTACK|SA_RESTART|SA_SIGINFO
SIGBUS: [libjvm.dylib+0x5b11a5], sa_mask[0]=11111111011111110111111111111111, sa_flags=SA_RESTART|SA_SIGINFO
SIGFPE: [libjvm.dylib+0x487dc0], sa_mask[0]=11111111011111110111111111111111, sa_flags=SA_RESTART|SA_SIGINFO
SIGPIPE: [libjvm.dylib+0x487dc0], sa_mask[0]=11111111011111110111111111111111, sa_flags=SA_RESTART|SA_SIGINFO
SIGXFSZ: [libjvm.dylib+0x487dc0], sa_mask[0]=11111111011111110111111111111111, sa_flags=SA_RESTART|SA_SIGINFO
SIGILL: [libjvm.dylib+0x487dc0], sa_mask[0]=11111111011111110111111111111111, sa_flags=SA_RESTART|SA_SIGINFO
SIGUSR1: SIG_DFL, sa_mask[0]=00000000000000000000000000000000, sa_flags=SA_RESTART
SIGUSR2: [libjvm.dylib+0x4878de], sa_mask[0]=00000000000000000000000000000000, sa_flags=SA_RESTART|SA_SIGINFO
SIGHUP: [libjvm.dylib+0x485eb5], sa_mask[0]=11111111011111110111111111111111, sa_flags=SA_RESTART|SA_SIGINFO
SIGINT: [libjvm.dylib+0x485eb5], sa_mask[0]=11111111011111110111111111111111, sa_flags=SA_RESTART|SA_SIGINFO
SIGTERM: [libjvm.dylib+0x485eb5], sa_mask[0]=11111111011111110111111111111111, sa_flags=SA_RESTART|SA_SIGINFO
SIGQUIT: [libjvm.dylib+0x485eb5], sa_mask[0]=11111111011111110111111111111111, sa_flags=SA_RESTART|SA_SIGINFO


---------------  S Y S T E M  ---------------

OS:Bsduname:Darwin 19.6.0 Darwin Kernel Version 19.6.0: Sun Jul  5 00:43:10 PDT 2020; root:xnu-6153.141.1~9/RELEASE_X86_64 x86_64
rlimit: STACK 8192k, CORE 0k, NPROC 2784, NOFILE 10240, AS infinity
load average:6.10 4.24 4.18

CPU:total 8 (4 cores per cpu, 2 threads per core) family 6 model 94 stepping 3, cmov, cx8, fxsr, mmx, sse, sse2, sse3, ssse3, sse4.1, sse4.2, popcnt, avx, avx2, aes, clmul, erms, rtm, 3dnowpref, lzcnt, ht, tsc, tscinvbit, bmi1, bmi2, adx

Memory: 4k page, physical 16777216k(659144k free)

/proc/meminfo:


vm_info: Java HotSpot(TM) 64-Bit Server VM (25.112-b16) for bsd-amd64 JRE (1.8.0_112-b16), built on Sep 30 2016 22:41:41 by "java_re" with gcc 4.2.1 (Based on Apple Inc. build 5658) (LLVM build 2336.11.00)

time: Mon Sep  7 11:26:39 2020
elapsed time: 5 seconds (0d 0h 0m 5s)

