#
# A fatal error has been detected by the Java Runtime Environment:
#
#  SIGSEGV (0xb) at pc=0x000000010b9dc228, pid=17670, tid=0x0000000000003d03
#
# JRE version: Java(TM) SE Runtime Environment (8.0_112-b16) (build 1.8.0_112-b16)
# Java VM: Java HotSpot(TM) 64-Bit Server VM (25.112-b16 mixed mode bsd-amd64 compressed oops)
# Problematic frame:
# V  [libjvm.dylib+0x3dc228]
#
# Failed to write core dump. Core dumps have been disabled. To enable core dumping, try "ulimit -c unlimited" before starting Java again
#
# If you would like to submit a bug report, please visit:
#   http://bugreport.java.com/bugreport/crash.jsp
#

---------------  T H R E A D  ---------------

Current thread (0x00007f8435865000):  JavaThread "C2 CompilerThread1" daemon [_thread_in_native, id=15619, stack(0x00007000042ef000,0x00007000043ef000)]

siginfo: si_signo: 11 (SIGSEGV), si_code: 1 (SEGV_MAPERR), si_addr: 0x00007f8488ca6c00

Registers:
RAX=0x0000000000000000, RBX=0x00007000043e7e60, RCX=0x00007f8488ca6c00, RDX=0x00007f843b800210
RSP=0x00007000043e7b40, RBP=0x00007000043e7b90, RSI=0x0000000000000000, RDI=0x00007f8443800010
R8 =0x0000000000000000, R9 =0x0000000000000003, R10=0x0000000000000003, R11=0x00000000065fae80
R12=0x0000000000000000, R13=0x00007f8438f05a60, R14=0x00007000043e7f40, R15=0x00007f843a0954e8
RIP=0x000000010b9dc228, EFLAGS=0x0000000000010293, ERR=0x0000000000000004
  TRAPNO=0x000000000000000e

Top of Stack: (sp=0x00007000043e7b40)
0x00007000043e7b40:   00007000043e8918 00007000043e7e40
0x00007000043e7b50:   00007000043e88f8 00007000043e7e20
0x00007000043e7b60:   359dabf800000a24 00007000043e7f40
0x00007000043e7b70:   0000000000000001 0000000000000000
0x00007000043e7b80:   00007f8438f05ad0 0000000000000004
0x00007000043e7b90:   00007000043e7ed0 000000010b9e2492
0x00007000043e7ba0:   00007f843506a710 00007fff6e699c75
0x00007000043e7bb0:   0000700000000000 00007f8434d21280
0x00007000043e7bc0:   0000000100000000 0000000000009000
0x00007000043e7bd0:   0000000003000001 0000000000000100
0x00007000043e7be0:   00007000043e7c70 00007fff6e719f43
0x00007000043e7bf0:   0000000000000000 0000000000000000
0x00007000043e7c00:   0000000000000003 0000000000000007
0x00007000043e7c10:   0000000000000000 000000010a49e380
0x00007000043e7c20:   0000000000000040 000000010a4a8a00
0x00007000043e7c30:   000000010a4a9e00 0000000000000040
0x00007000043e7c40:   00007000043e7ce0 00007fff6e7102d8
0x00007000043e7c50:   f6a2c00070001002 000000000000ffff
0x00007000043e7c60:   0000000000009000 0000000000001400
0x00007000043e7c70:   00007000043e7ce0 00007fff6e71a58a
0x00007000043e7c80:   00007000043e7cb0 0000000000009000
0x00007000043e7c90:   000000003506a710 0000000000000000
0x00007000043e7ca0:   0000000000000000 0000000000000000
0x00007000043e7cb0:   00007f84361f2b50 0000000000008010
0x00007000043e7cc0:   0000000000008010 0000000000000000
0x00007000043e7cd0:   0000000000000000 000000010a49d000
0x00007000043e7ce0:   00007000043e7d10 00007fff6e71016f
0x00007000043e7cf0:   0000000000008010 0000000000000000
0x00007000043e7d00:   00007fff94cb4000 0000000000008010
0x00007000043e7d10:   00007000043e7d40 00007fff6e70ed7a
0x00007000043e7d20:   0000000000000000 00007000043e7db0
0x00007000043e7d30:   000000000000000c 0000000000008010 

Instructions: (pc=0x000000010b9dc228)
0x000000010b9dc208:   48 8b 7d c0 4c 89 ee e8 c6 cb c8 ff 41 ff c4 44
0x000000010b9dc218:   3b 65 d4 0f 83 ca 00 00 00 44 89 e0 49 8b 4f 10
0x000000010b9dc228:   4c 8b 2c c1 41 8b 45 28 41 39 46 28 76 0b 49 8b
0x000000010b9dc238:   4e 30 48 83 3c c1 00 75 07 49 83 7d 10 00 75 c0 

Register to memory mapping:

RAX=0x0000000000000000 is an unknown value
RBX=0x00007000043e7e60 is pointing into the stack for thread: 0x00007f8435865000
RCX=0x00007f8488ca6c00 is an unknown value
RDX=0x00007f843b800210 is an unknown value
RSP=0x00007000043e7b40 is pointing into the stack for thread: 0x00007f8435865000
RBP=0x00007000043e7b90 is pointing into the stack for thread: 0x00007f8435865000
RSI=0x0000000000000000 is an unknown value
RDI=0x00007f8443800010 is an unknown value
R8 =0x0000000000000000 is an unknown value
R9 =0x0000000000000003 is an unknown value
R10=0x0000000000000003 is an unknown value
R11=0x00000000065fae80 is an unknown value
R12=0x0000000000000000 is an unknown value
R13=0x00007f8438f05a60 is an unknown value
R14=0x00007000043e7f40 is pointing into the stack for thread: 0x00007f8435865000
R15=0x00007f843a0954e8 is an unknown value


Stack: [0x00007000042ef000,0x00007000043ef000],  sp=0x00007000043e7b40,  free space=994k
Native frames: (J=compiled Java code, j=interpreted, Vv=VM code, C=native code)
V  [libjvm.dylib+0x3dc228]
V  [libjvm.dylib+0x3e2492]
V  [libjvm.dylib+0x1b040b]
V  [libjvm.dylib+0x1b32f8]
V  [libjvm.dylib+0x150a2e]
V  [libjvm.dylib+0x1b6a2c]
V  [libjvm.dylib+0x1b8f73]
V  [libjvm.dylib+0x56b033]
V  [libjvm.dylib+0x56c720]
V  [libjvm.dylib+0x48a7ae]
C  [libsystem_pthread.dylib+0x6109]  _pthread_start+0x94
C  [libsystem_pthread.dylib+0x1b8b]  thread_start+0xf
C  0x0000000000000000


Current CompileTask:
C2:    509  492   !   4       sun.nio.cs.StreamDecoder::read (196 bytes)


---------------  P R O C E S S  ---------------

Java Threads: ( => current thread )
  0x00007f8436011000 JavaThread "Service Thread" daemon [_thread_blocked, id=17155, stack(0x00007000045f8000,0x00007000046f8000)]
  0x00007f843600e800 JavaThread "C1 CompilerThread3" daemon [_thread_blocked, id=17667, stack(0x00007000044f5000,0x00007000045f5000)]
  0x00007f843600b800 JavaThread "C2 CompilerThread2" daemon [_thread_in_native, id=16131, stack(0x00007000043f2000,0x00007000044f2000)]
=>0x00007f8435865000 JavaThread "C2 CompilerThread1" daemon [_thread_in_native, id=15619, stack(0x00007000042ef000,0x00007000043ef000)]
  0x00007f8435863000 JavaThread "C2 CompilerThread0" daemon [_thread_in_native, id=18435, stack(0x00007000041ec000,0x00007000042ec000)]
  0x00007f8435862000 JavaThread "Signal Dispatcher" daemon [_thread_blocked, id=15363, stack(0x00007000040e9000,0x00007000041e9000)]
  0x00007f8435837000 JavaThread "Finalizer" daemon [_thread_blocked, id=20227, stack(0x0000700003ee0000,0x0000700003fe0000)]
  0x00007f8435834800 JavaThread "Reference Handler" daemon [_thread_blocked, id=12803, stack(0x0000700003ddd000,0x0000700003edd000)]
  0x00007f8437009000 JavaThread "main" [_thread_in_vm, id=3843, stack(0x00007000033bf000,0x00007000034bf000)]

Other Threads:
  0x00007f843582f800 VMThread [stack: 0x0000700003cda000,0x0000700003dda000] [id=20995]
  0x00007f8436012000 WatcherThread [stack: 0x00007000046fb000,0x00007000047fb000] [id=16899]

VM state:not at safepoint (normal execution)

VM Mutex/Monitor currently owned by a thread: None

Heap:
 PSYoungGen      total 76288K, used 31479K [0x000000076ab00000, 0x0000000770000000, 0x00000007c0000000)
  eden space 65536K, 48% used [0x000000076ab00000,0x000000076c9bdd50,0x000000076eb00000)
  from space 10752K, 0% used [0x000000076f580000,0x000000076f580000,0x0000000770000000)
  to   space 10752K, 0% used [0x000000076eb00000,0x000000076eb00000,0x000000076f580000)
 ParOldGen       total 175104K, used 0K [0x00000006c0000000, 0x00000006cab00000, 0x000000076ab00000)
  object space 175104K, 0% used [0x00000006c0000000,0x00000006c0000000,0x00000006cab00000)
 Metaspace       used 7911K, capacity 7996K, committed 8320K, reserved 1056768K
  class space    used 991K, capacity 1048K, committed 1152K, reserved 1048576K

Card table byte_map: [0x000000010c962000,0x000000010d163000] byte_map_base: 0x0000000109362000

Marking Bits: (ParMarkBitMap*) 0x000000010bef0d30
 Begin Bits: [0x000000011f389000, 0x0000000123389000)
 End Bits:   [0x0000000123389000, 0x0000000127389000)

Polling page: 0x000000010a4f3000

CodeCache: size=245760Kb used=2776Kb max_used=2789Kb free=242983Kb
 bounds [0x0000000110389000, 0x0000000110649000, 0x000000011f389000]
 total_blobs=908 nmethods=622 adapters=200
 compilation: enabled

Compilation events (10 events):
Event: 0.492 Thread 0x00007f843600e800  584       3       java.lang.Class::checkMemberAccess (49 bytes)
Event: 0.493 Thread 0x00007f843600e800 nmethod 584 0x000000011061eb50 code [0x000000011061ed00, 0x000000011061f2f8]
Event: 0.493 Thread 0x00007f843600e800  586       3       com.google.inject.TypeLiteral::resolveType (309 bytes)
Event: 0.494 Thread 0x00007f843600e800 nmethod 586 0x0000000110624250 code [0x0000000110624580, 0x0000000110625fa8]
Event: 0.494 Thread 0x00007f843600e800  587  s    3       java.lang.reflect.Field::declaredAnnotations (59 bytes)
Event: 0.495 Thread 0x00007f843600e800 nmethod 587 0x0000000110626810 code [0x00000001106269c0, 0x00000001106270e8]
Event: 0.495 Thread 0x00007f843600e800  590       3       java.lang.reflect.Method::<init> (68 bytes)
Event: 0.495 Thread 0x00007f843600e800 nmethod 590 0x00000001106177d0 code [0x0000000110617940, 0x0000000110617cb0]
Event: 0.495 Thread 0x00007f843600e800  589       3       com.google.inject.spi.InjectionPoint::isEligibleForInjection (31 bytes)
Event: 0.495 Thread 0x00007f8435863000 nmethod 494 0x0000000110627350 code [0x00000001106277a0, 0x000000011062acb8]

GC Heap History (0 events):
No events

Deoptimization events (2 events):
Event: 0.373 Thread 0x00007f8437009000 Uncommon trap: reason=range_check action=make_not_entrant pc=0x00000001105b6208 method=sun.reflect.generics.parser.SignatureParser.current()C @ 34
Event: 0.380 Thread 0x00007f8437009000 Uncommon trap: reason=unstable_if action=reinterpret pc=0x000000011051fd4c method=org.codehaus.plexus.util.xml.pull.MXParser.more()C @ 8

Internal exceptions (10 events):
Event: 0.373 Thread 0x00007f8437009000 Exception <a 'java/lang/ArrayIndexOutOfBoundsException'> (0x000000076bc56e38) thrown at [/Users/java_re/workspace/8-2-build-macosx-x86_64/jdk8u112/7935/hotspot/src/share/vm/runtime/sharedRuntime.cpp, line 605]
Event: 0.373 Thread 0x00007f8437009000 Exception <a 'java/lang/ArrayIndexOutOfBoundsException'> (0x000000076bc58b88) thrown at [/Users/java_re/workspace/8-2-build-macosx-x86_64/jdk8u112/7935/hotspot/src/share/vm/runtime/sharedRuntime.cpp, line 605]
Event: 0.373 Thread 0x00007f8437009000 Exception <a 'java/lang/ArrayIndexOutOfBoundsException'> (0x000000076bc5a0e0) thrown at [/Users/java_re/workspace/8-2-build-macosx-x86_64/jdk8u112/7935/hotspot/src/share/vm/runtime/sharedRuntime.cpp, line 605]
Event: 0.373 Thread 0x00007f8437009000 Exception <a 'java/lang/ArrayIndexOutOfBoundsException'> (0x000000076bc5c190) thrown at [/Users/java_re/workspace/8-2-build-macosx-x86_64/jdk8u112/7935/hotspot/src/share/vm/runtime/sharedRuntime.cpp, line 605]
Event: 0.373 Thread 0x00007f8437009000 Exception <a 'java/lang/ArrayIndexOutOfBoundsException'> (0x000000076bc5d9c0) thrown at [/Users/java_re/workspace/8-2-build-macosx-x86_64/jdk8u112/7935/hotspot/src/share/vm/runtime/sharedRuntime.cpp, line 605]
Event: 0.373 Thread 0x00007f8437009000 Exception <a 'java/lang/ArrayIndexOutOfBoundsException'> (0x000000076bc5f298) thrown at [/Users/java_re/workspace/8-2-build-macosx-x86_64/jdk8u112/7935/hotspot/src/share/vm/runtime/sharedRuntime.cpp, line 605]
Event: 0.373 Thread 0x00007f8437009000 Exception <a 'java/lang/ArrayIndexOutOfBoundsException'> (0x000000076bc609a0) thrown at [/Users/java_re/workspace/8-2-build-macosx-x86_64/jdk8u112/7935/hotspot/src/share/vm/runtime/sharedRuntime.cpp, line 605]
Event: 0.373 Thread 0x00007f8437009000 Exception <a 'java/lang/ArrayIndexOutOfBoundsException': 79> (0x000000076bc61fa8) thrown at [/Users/java_re/workspace/8-2-build-macosx-x86_64/jdk8u112/7935/hotspot/src/share/vm/interpreter/interpreterRuntime.cpp, line 366]
Event: 0.482 Thread 0x00007f8437009000 Exception <a 'java/lang/ArrayIndexOutOfBoundsException': 73> (0x000000076c836220) thrown at [/Users/java_re/workspace/8-2-build-macosx-x86_64/jdk8u112/7935/hotspot/src/share/vm/interpreter/interpreterRuntime.cpp, line 366]
Event: 0.482 Thread 0x00007f8437009000 Exception <a 'java/lang/ArrayIndexOutOfBoundsException'> (0x000000076c837bc8) thrown at [/Users/java_re/workspace/8-2-build-macosx-x86_64/jdk8u112/7935/hotspot/src/share/vm/runtime/sharedRuntime.cpp, line 605]

Events (10 events):
Event: 0.490 loading class org/eclipse/sisu/Description
Event: 0.490 loading class org/eclipse/sisu/Description done
Event: 0.490 loading class org/eclipse/sisu/Hidden
Event: 0.490 loading class org/eclipse/sisu/Hidden done
Event: 0.491 loading class org/eclipse/sisu/Priority
Event: 0.491 loading class org/eclipse/sisu/Priority done
Event: 0.491 loading class org/eclipse/sisu/inject/DescriptionSource
Event: 0.491 loading class org/eclipse/sisu/inject/DescriptionSource done
Event: 0.491 loading class org/eclipse/sisu/inject/AnnotatedSource
Event: 0.491 loading class org/eclipse/sisu/inject/AnnotatedSource done


Dynamic libraries:
0x000000000739f000 	/System/Library/Frameworks/Cocoa.framework/Versions/A/Cocoa
0x000000000739f000 	/System/Library/Frameworks/Security.framework/Versions/A/Security
0x000000000739f000 	/System/Library/Frameworks/ApplicationServices.framework/Versions/A/ApplicationServices
0x000000000739f000 	/usr/lib/libz.1.dylib
0x000000000739f000 	/usr/lib/libSystem.B.dylib
0x000000000739f000 	/usr/lib/libobjc.A.dylib
0x000000000739f000 	/System/Library/Frameworks/CoreFoundation.framework/Versions/A/CoreFoundation
0x000000000739f000 	/System/Library/Frameworks/Foundation.framework/Versions/C/Foundation
0x000000000739f000 	/System/Library/Frameworks/AppKit.framework/Versions/C/AppKit
0x000000000739f000 	/System/Library/Frameworks/CoreData.framework/Versions/A/CoreData
0x000000000739f000 	/System/Library/PrivateFrameworks/UIFoundation.framework/Versions/A/UIFoundation
0x000000000739f000 	/System/Library/PrivateFrameworks/RemoteViewServices.framework/Versions/A/RemoteViewServices
0x000000000739f000 	/System/Library/PrivateFrameworks/XCTTargetBootstrap.framework/Versions/A/XCTTargetBootstrap
0x000000000739f000 	/System/Library/Frameworks/CoreDisplay.framework/Versions/A/CoreDisplay
0x000000000739f000 	/System/Library/Frameworks/Metal.framework/Versions/A/Metal
0x000000000739f000 	/System/Library/PrivateFrameworks/DesktopServicesPriv.framework/Versions/A/DesktopServicesPriv
0x000000000739f000 	/usr/lib/liblangid.dylib
0x000000000739f000 	/System/Library/PrivateFrameworks/CoreSVG.framework/Versions/A/CoreSVG
0x000000000739f000 	/System/Library/PrivateFrameworks/SkyLight.framework/Versions/A/SkyLight
0x000000000739f000 	/System/Library/Frameworks/CoreGraphics.framework/Versions/A/CoreGraphics
0x000000000739f000 	/System/Library/Frameworks/Accelerate.framework/Versions/A/Accelerate
0x000000000739f000 	/usr/lib/libxml2.2.dylib
0x000000000739f000 	/System/Library/PrivateFrameworks/IconServices.framework/Versions/A/IconServices
0x000000000739f000 	/System/Library/Frameworks/IOSurface.framework/Versions/A/IOSurface
0x000000000739f000 	/usr/lib/libDiagnosticMessagesClient.dylib
0x000000000739f000 	/System/Library/PrivateFrameworks/DFRFoundation.framework/Versions/A/DFRFoundation
0x000000000739f000 	/usr/lib/libicucore.A.dylib
0x000000000739f000 	/System/Library/Frameworks/AudioToolbox.framework/Versions/A/AudioToolbox
0x000000000739f000 	/System/Library/Frameworks/AudioUnit.framework/Versions/A/AudioUnit
0x000000000739f000 	/usr/lib/libauto.dylib
0x000000000739f000 	/System/Library/PrivateFrameworks/DataDetectorsCore.framework/Versions/A/DataDetectorsCore
0x000000000739f000 	/System/Library/Frameworks/Carbon.framework/Versions/A/Frameworks/HIToolbox.framework/Versions/A/HIToolbox
0x000000000739f000 	/System/Library/Frameworks/QuartzCore.framework/Versions/A/QuartzCore
0x000000000739f000 	/System/Library/Frameworks/Carbon.framework/Versions/A/Frameworks/SpeechRecognition.framework/Versions/A/SpeechRecognition
0x000000000739f000 	/System/Library/PrivateFrameworks/CoreUI.framework/Versions/A/CoreUI
0x000000000739f000 	/System/Library/Frameworks/CoreAudio.framework/Versions/A/CoreAudio
0x000000000739f000 	/System/Library/Frameworks/DiskArbitration.framework/Versions/A/DiskArbitration
0x000000000739f000 	/System/Library/PrivateFrameworks/MultitouchSupport.framework/Versions/A/MultitouchSupport
0x000000000739f000 	/usr/lib/libenergytrace.dylib
0x000000000739f000 	/System/Library/Frameworks/IOKit.framework/Versions/A/IOKit
0x000000000739f000 	/System/Library/Frameworks/CoreServices.framework/Versions/A/CoreServices
0x000000000739f000 	/System/Library/PrivateFrameworks/PerformanceAnalysis.framework/Versions/A/PerformanceAnalysis
0x000000000739f000 	/System/Library/Frameworks/OpenGL.framework/Versions/A/OpenGL
0x000000000739f000 	/System/Library/Frameworks/ColorSync.framework/Versions/A/ColorSync
0x000000000739f000 	/System/Library/Frameworks/CoreImage.framework/Versions/A/CoreImage
0x000000000739f000 	/System/Library/Frameworks/CoreText.framework/Versions/A/CoreText
0x000000000739f000 	/System/Library/Frameworks/ImageIO.framework/Versions/A/ImageIO
0x000000000739f000 	/usr/lib/libc++.1.dylib
0x000000000739f000 	/usr/lib/libcompression.dylib
0x000000000739f000 	/usr/lib/libMobileGestalt.dylib
0x000000000739f000 	/System/Library/PrivateFrameworks/TextureIO.framework/Versions/A/TextureIO
0x000000000739f000 	/usr/lib/libate.dylib
0x000000000739f000 	/System/Library/PrivateFrameworks/InternationalSupport.framework/Versions/A/InternationalSupport
0x000000000739f000 	/usr/lib/system/libcache.dylib
0x000000000739f000 	/usr/lib/system/libcommonCrypto.dylib
0x000000000739f000 	/usr/lib/system/libcompiler_rt.dylib
0x000000000739f000 	/usr/lib/system/libcopyfile.dylib
0x000000000739f000 	/usr/lib/system/libcorecrypto.dylib
0x000000000739f000 	/usr/lib/system/libdispatch.dylib
0x000000000739f000 	/usr/lib/system/libdyld.dylib
0x000000000739f000 	/usr/lib/system/libkeymgr.dylib
0x000000000739f000 	/usr/lib/system/liblaunch.dylib
0x000000000739f000 	/usr/lib/system/libmacho.dylib
0x000000000739f000 	/usr/lib/system/libquarantine.dylib
0x000000000739f000 	/usr/lib/system/libremovefile.dylib
0x000000000739f000 	/usr/lib/system/libsystem_asl.dylib
0x000000000739f000 	/usr/lib/system/libsystem_blocks.dylib
0x000000000739f000 	/usr/lib/system/libsystem_c.dylib
0x000000000739f000 	/usr/lib/system/libsystem_configuration.dylib
0x000000000739f000 	/usr/lib/system/libsystem_coreservices.dylib
0x000000000739f000 	/usr/lib/system/libsystem_darwin.dylib
0x000000000739f000 	/usr/lib/system/libsystem_dnssd.dylib
0x000000000739f000 	/usr/lib/system/libsystem_featureflags.dylib
0x000000000739f000 	/usr/lib/system/libsystem_info.dylib
0x000000000739f000 	/usr/lib/system/libsystem_m.dylib
0x000000000739f000 	/usr/lib/system/libsystem_malloc.dylib
0x000000000739f000 	/usr/lib/system/libsystem_networkextension.dylib
0x000000000739f000 	/usr/lib/system/libsystem_notify.dylib
0x000000000739f000 	/usr/lib/system/libsystem_sandbox.dylib
0x000000000739f000 	/usr/lib/system/libsystem_secinit.dylib
0x000000000739f000 	/usr/lib/system/libsystem_kernel.dylib
0x000000000739f000 	/usr/lib/system/libsystem_platform.dylib
0x000000000739f000 	/usr/lib/system/libsystem_pthread.dylib
0x000000000739f000 	/usr/lib/system/libsystem_symptoms.dylib
0x000000000739f000 	/usr/lib/system/libsystem_trace.dylib
0x000000000739f000 	/usr/lib/system/libunwind.dylib
0x000000000739f000 	/usr/lib/system/libxpc.dylib
0x000000000739f000 	/usr/lib/libc++abi.dylib
0x000000000739f000 	/usr/lib/liblzma.5.dylib
0x000000000739f000 	/usr/lib/libfakelink.dylib
0x000000000739f000 	/usr/lib/libarchive.2.dylib
0x000000000739f000 	/System/Library/Frameworks/SystemConfiguration.framework/Versions/A/SystemConfiguration
0x000000000739f000 	/usr/lib/libCRFSuite.dylib
0x000000000739f000 	/System/Library/Frameworks/CFNetwork.framework/Versions/A/CFNetwork
0x000000000739f000 	/usr/lib/libbsm.0.dylib
0x000000000739f000 	/usr/lib/system/libkxld.dylib
0x000000000739f000 	/System/Library/PrivateFrameworks/AppleFSCompression.framework/Versions/A/AppleFSCompression
0x000000000739f000 	/usr/lib/libcoretls.dylib
0x000000000739f000 	/usr/lib/libcoretls_cfhelpers.dylib
0x000000000739f000 	/usr/lib/libpam.2.dylib
0x000000000739f000 	/usr/lib/libsqlite3.dylib
0x000000000739f000 	/usr/lib/libxar.1.dylib
0x000000000739f000 	/usr/lib/libbz2.1.0.dylib
0x000000000739f000 	/usr/lib/libiconv.2.dylib
0x000000000739f000 	/usr/lib/libcharset.1.dylib
0x000000000739f000 	/usr/lib/libnetwork.dylib
0x000000000739f000 	/usr/lib/libpcap.A.dylib
0x000000000739f000 	/usr/lib/libapple_nghttp2.dylib
0x000000000739f000 	/System/Library/Frameworks/CoreServices.framework/Versions/A/Frameworks/FSEvents.framework/Versions/A/FSEvents
0x000000000739f000 	/System/Library/Frameworks/CoreServices.framework/Versions/A/Frameworks/CarbonCore.framework/Versions/A/CarbonCore
0x000000000739f000 	/System/Library/Frameworks/CoreServices.framework/Versions/A/Frameworks/Metadata.framework/Versions/A/Metadata
0x000000000739f000 	/System/Library/Frameworks/CoreServices.framework/Versions/A/Frameworks/OSServices.framework/Versions/A/OSServices
0x000000000739f000 	/System/Library/Frameworks/CoreServices.framework/Versions/A/Frameworks/SearchKit.framework/Versions/A/SearchKit
0x000000000739f000 	/System/Library/Frameworks/CoreServices.framework/Versions/A/Frameworks/AE.framework/Versions/A/AE
0x000000000739f000 	/System/Library/Frameworks/CoreServices.framework/Versions/A/Frameworks/LaunchServices.framework/Versions/A/LaunchServices
0x000000000739f000 	/System/Library/Frameworks/CoreServices.framework/Versions/A/Frameworks/DictionaryServices.framework/Versions/A/DictionaryServices
0x000000000739f000 	/System/Library/Frameworks/CoreServices.framework/Versions/A/Frameworks/SharedFileList.framework/Versions/A/SharedFileList
0x000000000739f000 	/System/Library/Frameworks/NetFS.framework/Versions/A/NetFS
0x000000000739f000 	/System/Library/PrivateFrameworks/NetAuth.framework/Versions/A/NetAuth
0x000000000739f000 	/System/Library/PrivateFrameworks/login.framework/Versions/A/Frameworks/loginsupport.framework/Versions/A/loginsupport
0x000000000739f000 	/System/Library/PrivateFrameworks/TCC.framework/Versions/A/TCC
0x000000000739f000 	/System/Library/PrivateFrameworks/CoreNLP.framework/Versions/A/CoreNLP
0x000000000739f000 	/System/Library/PrivateFrameworks/MetadataUtilities.framework/Versions/A/MetadataUtilities
0x000000000739f000 	/usr/lib/libmecabra.dylib
0x000000000739f000 	/usr/lib/libmecab.dylib
0x000000000739f000 	/usr/lib/libgermantok.dylib
0x000000000739f000 	/usr/lib/libThaiTokenizer.dylib
0x000000000739f000 	/usr/lib/libChineseTokenizer.dylib
0x000000000739f000 	/System/Library/Frameworks/Accelerate.framework/Versions/A/Frameworks/vImage.framework/Versions/A/vImage
0x000000000739f000 	/System/Library/Frameworks/Accelerate.framework/Versions/A/Frameworks/vecLib.framework/Versions/A/vecLib
0x000000000739f000 	/System/Library/Frameworks/Accelerate.framework/Versions/A/Frameworks/vecLib.framework/Versions/A/libvMisc.dylib
0x000000000739f000 	/System/Library/Frameworks/Accelerate.framework/Versions/A/Frameworks/vecLib.framework/Versions/A/libvDSP.dylib
0x000000000739f000 	/System/Library/Frameworks/Accelerate.framework/Versions/A/Frameworks/vecLib.framework/Versions/A/libBLAS.dylib
0x000000000739f000 	/System/Library/Frameworks/Accelerate.framework/Versions/A/Frameworks/vecLib.framework/Versions/A/libLAPACK.dylib
0x000000000739f000 	/System/Library/Frameworks/Accelerate.framework/Versions/A/Frameworks/vecLib.framework/Versions/A/libLinearAlgebra.dylib
0x000000000739f000 	/System/Library/Frameworks/Accelerate.framework/Versions/A/Frameworks/vecLib.framework/Versions/A/libSparseBLAS.dylib
0x000000000739f000 	/System/Library/Frameworks/Accelerate.framework/Versions/A/Frameworks/vecLib.framework/Versions/A/libQuadrature.dylib
0x000000000739f000 	/System/Library/Frameworks/Accelerate.framework/Versions/A/Frameworks/vecLib.framework/Versions/A/libBNNS.dylib
0x000000000739f000 	/System/Library/Frameworks/Accelerate.framework/Versions/A/Frameworks/vecLib.framework/Versions/A/libSparse.dylib
0x000000000739f000 	/System/Library/PrivateFrameworks/LanguageModeling.framework/Versions/A/LanguageModeling
0x000000000739f000 	/System/Library/PrivateFrameworks/CoreEmoji.framework/Versions/A/CoreEmoji
0x000000000739f000 	/System/Library/PrivateFrameworks/LinguisticData.framework/Versions/A/LinguisticData
0x000000000739f000 	/System/Library/PrivateFrameworks/Lexicon.framework/Versions/A/Lexicon
0x000000000739f000 	/usr/lib/libcmph.dylib
0x000000000739f000 	/System/Library/Frameworks/OpenDirectory.framework/Versions/A/Frameworks/CFOpenDirectory.framework/Versions/A/CFOpenDirectory
0x000000000739f000 	/System/Library/Frameworks/OpenDirectory.framework/Versions/A/OpenDirectory
0x000000000739f000 	/System/Library/PrivateFrameworks/APFS.framework/Versions/A/APFS
0x000000000739f000 	/System/Library/Frameworks/SecurityFoundation.framework/Versions/A/SecurityFoundation
0x000000000739f000 	/usr/lib/libutil.dylib
0x000000000739f000 	/System/Library/PrivateFrameworks/CoreServicesStore.framework/Versions/A/CoreServicesStore
0x000000000739f000 	/System/Library/Frameworks/ServiceManagement.framework/Versions/A/ServiceManagement
0x000000000739f000 	/System/Library/PrivateFrameworks/BackgroundTaskManagement.framework/Versions/A/BackgroundTaskManagement
0x000000000739f000 	/usr/lib/libxslt.1.dylib
0x000000000739f000 	/System/Library/PrivateFrameworks/AppleSystemInfo.framework/Versions/A/AppleSystemInfo
0x000000000739f000 	/System/Library/Frameworks/ImageIO.framework/Versions/A/Resources/libJPEG.dylib
0x000000000739f000 	/System/Library/Frameworks/ImageIO.framework/Versions/A/Resources/libTIFF.dylib
0x000000000739f000 	/System/Library/Frameworks/ImageIO.framework/Versions/A/Resources/libPng.dylib
0x000000000739f000 	/System/Library/Frameworks/ImageIO.framework/Versions/A/Resources/libGIF.dylib
0x000000000739f000 	/System/Library/Frameworks/ImageIO.framework/Versions/A/Resources/libJP2.dylib
0x000000000739f000 	/System/Library/Frameworks/ImageIO.framework/Versions/A/Resources/libRadiance.dylib
0x000000000739f000 	/usr/lib/libexpat.1.dylib
0x000000000739f000 	/System/Library/PrivateFrameworks/AppleJPEG.framework/Versions/A/AppleJPEG
0x000000000739f000 	/System/Library/PrivateFrameworks/FontServices.framework/libFontParser.dylib
0x000000000739f000 	/System/Library/PrivateFrameworks/WatchdogClient.framework/Versions/A/WatchdogClient
0x000000000739f000 	/System/Library/PrivateFrameworks/IOAccelerator.framework/Versions/A/IOAccelerator
0x000000000739f000 	/System/Library/Frameworks/MetalPerformanceShaders.framework/Versions/A/MetalPerformanceShaders
0x000000000739f000 	/System/Library/PrivateFrameworks/GPUWrangler.framework/Versions/A/GPUWrangler
0x000000000739f000 	/System/Library/PrivateFrameworks/IOPresentment.framework/Versions/A/IOPresentment
0x000000000739f000 	/System/Library/PrivateFrameworks/DSExternalDisplay.framework/Versions/A/DSExternalDisplay
0x000000000739f000 	/System/Library/Frameworks/OpenGL.framework/Versions/A/Libraries/libCoreFSCache.dylib
0x000000000739f000 	/System/Library/Frameworks/MetalPerformanceShaders.framework/Frameworks/MPSCore.framework/Versions/A/MPSCore
0x000000000739f000 	/System/Library/Frameworks/MetalPerformanceShaders.framework/Frameworks/MPSImage.framework/Versions/A/MPSImage
0x000000000739f000 	/System/Library/Frameworks/MetalPerformanceShaders.framework/Frameworks/MPSNeuralNetwork.framework/Versions/A/MPSNeuralNetwork
0x000000000739f000 	/System/Library/Frameworks/MetalPerformanceShaders.framework/Frameworks/MPSMatrix.framework/Versions/A/MPSMatrix
0x000000000739f000 	/System/Library/Frameworks/MetalPerformanceShaders.framework/Frameworks/MPSRayIntersector.framework/Versions/A/MPSRayIntersector
0x000000000739f000 	/System/Library/Frameworks/MetalPerformanceShaders.framework/Frameworks/MPSNDArray.framework/Versions/A/MPSNDArray
0x000000000739f000 	/System/Library/PrivateFrameworks/MetalTools.framework/Versions/A/MetalTools
0x000000000739f000 	/System/Library/PrivateFrameworks/AggregateDictionary.framework/Versions/A/AggregateDictionary
0x000000000739f000 	/System/Library/PrivateFrameworks/CoreAnalytics.framework/Versions/A/CoreAnalytics
0x000000000739f000 	/System/Library/PrivateFrameworks/AppleSauce.framework/Versions/A/AppleSauce
0x000000000739f000 	/usr/lib/libIOReport.dylib
0x000000000739f000 	/System/Library/Frameworks/CoreVideo.framework/Versions/A/CoreVideo
0x000000000739f000 	/System/Library/PrivateFrameworks/GraphVisualizer.framework/Versions/A/GraphVisualizer
0x000000000739f000 	/System/Library/PrivateFrameworks/FaceCore.framework/Versions/A/FaceCore
0x000000000739f000 	/System/Library/Frameworks/OpenCL.framework/Versions/A/OpenCL
0x000000000739f000 	/usr/lib/libFosl_dynamic.dylib
0x000000000739f000 	/System/Library/PrivateFrameworks/OTSVG.framework/Versions/A/OTSVG
0x000000000739f000 	/System/Library/Frameworks/ApplicationServices.framework/Versions/A/Frameworks/ATS.framework/Versions/A/Resources/libFontRegistry.dylib
0x000000000739f000 	/System/Library/PrivateFrameworks/FontServices.framework/libhvf.dylib
0x000000000739f000 	/System/Library/Frameworks/OpenGL.framework/Versions/A/Libraries/libGFXShared.dylib
0x000000000739f000 	/System/Library/Frameworks/OpenGL.framework/Versions/A/Libraries/libGLU.dylib
0x000000000739f000 	/System/Library/Frameworks/OpenGL.framework/Versions/A/Libraries/libGL.dylib
0x000000000739f000 	/System/Library/Frameworks/OpenGL.framework/Versions/A/Libraries/libGLImage.dylib
0x000000000739f000 	/System/Library/Frameworks/OpenGL.framework/Versions/A/Libraries/libCVMSPluginSupport.dylib
0x000000000739f000 	/System/Library/Frameworks/OpenGL.framework/Versions/A/Libraries/libCoreVMClient.dylib
0x000000000739f000 	/usr/lib/libncurses.5.4.dylib
0x000000000739f000 	/System/Library/Frameworks/ApplicationServices.framework/Versions/A/Frameworks/ATS.framework/Versions/A/ATS
0x000000000739f000 	/System/Library/Frameworks/ApplicationServices.framework/Versions/A/Frameworks/ColorSyncLegacy.framework/Versions/A/ColorSyncLegacy
0x000000000739f000 	/System/Library/Frameworks/ApplicationServices.framework/Versions/A/Frameworks/HIServices.framework/Versions/A/HIServices
0x000000000739f000 	/System/Library/Frameworks/ApplicationServices.framework/Versions/A/Frameworks/LangAnalysis.framework/Versions/A/LangAnalysis
0x000000000739f000 	/System/Library/Frameworks/ApplicationServices.framework/Versions/A/Frameworks/PrintCore.framework/Versions/A/PrintCore
0x000000000739f000 	/System/Library/Frameworks/ApplicationServices.framework/Versions/A/Frameworks/QD.framework/Versions/A/QD
0x000000000739f000 	/System/Library/Frameworks/ApplicationServices.framework/Versions/A/Frameworks/SpeechSynthesis.framework/Versions/A/SpeechSynthesis
0x000000000739f000 	/System/Library/Frameworks/ApplicationServices.framework/Versions/A/Frameworks/ATSUI.framework/Versions/A/ATSUI
0x000000000739f000 	/usr/lib/libcups.2.dylib
0x000000000739f000 	/System/Library/Frameworks/Kerberos.framework/Versions/A/Kerberos
0x000000000739f000 	/System/Library/Frameworks/GSS.framework/Versions/A/GSS
0x000000000739f000 	/usr/lib/libresolv.9.dylib
0x000000000739f000 	/System/Library/PrivateFrameworks/Heimdal.framework/Versions/A/Heimdal
0x000000000739f000 	/System/Library/Frameworks/Kerberos.framework/Versions/A/Libraries/libHeimdalProxy.dylib
0x000000000739f000 	/usr/lib/libheimdal-asn1.dylib
0x000000000739f000 	/System/Library/PrivateFrameworks/CommonAuth.framework/Versions/A/CommonAuth
0x000000000739f000 	/System/Library/PrivateFrameworks/AssertionServices.framework/Versions/A/AssertionServices
0x000000000739f000 	/System/Library/PrivateFrameworks/AudioToolboxCore.framework/Versions/A/AudioToolboxCore
0x000000000739f000 	/System/Library/PrivateFrameworks/caulk.framework/Versions/A/caulk
0x000000000739f000 	/System/Library/PrivateFrameworks/BaseBoard.framework/Versions/A/BaseBoard
0x000000000739f000 	/System/Library/PrivateFrameworks/RunningBoardServices.framework/Versions/A/RunningBoardServices
0x000000000739f000 	/System/Library/PrivateFrameworks/PersistentConnection.framework/Versions/A/PersistentConnection
0x000000000739f000 	/System/Library/PrivateFrameworks/ProtocolBuffer.framework/Versions/A/ProtocolBuffer
0x000000000739f000 	/System/Library/PrivateFrameworks/CommonUtilities.framework/Versions/A/CommonUtilities
0x000000000739f000 	/System/Library/PrivateFrameworks/Bom.framework/Versions/A/Bom
0x000000000739f000 	/usr/lib/libAudioToolboxUtility.dylib
0x000000000739f000 	/System/Library/PrivateFrameworks/Backup.framework/Versions/A/Backup
0x000000000739f000 	/System/Library/PrivateFrameworks/CrashReporterSupport.framework/Versions/A/CrashReporterSupport
0x000000000739f000 	/System/Library/PrivateFrameworks/Sharing.framework/Versions/A/Sharing
0x000000000739f000 	/System/Library/PrivateFrameworks/Apple80211.framework/Versions/A/Apple80211
0x000000000739f000 	/System/Library/PrivateFrameworks/AuthKit.framework/Versions/A/AuthKit
0x000000000739f000 	/System/Library/PrivateFrameworks/CoreUtils.framework/Versions/A/CoreUtils
0x000000000739f000 	/System/Library/Frameworks/CoreWLAN.framework/Versions/A/CoreWLAN
0x000000000739f000 	/System/Library/Frameworks/IOBluetooth.framework/Versions/A/IOBluetooth
0x000000000739f000 	/System/Library/PrivateFrameworks/MobileKeyBag.framework/Versions/A/MobileKeyBag
0x000000000739f000 	/System/Library/PrivateFrameworks/CorePhoneNumbers.framework/Versions/A/CorePhoneNumbers
0x000000000739f000 	/System/Library/PrivateFrameworks/AppleIDAuthSupport.framework/Versions/A/AppleIDAuthSupport
0x000000000739f000 	/System/Library/Frameworks/Network.framework/Versions/A/Network
0x000000000739f000 	/System/Library/PrivateFrameworks/KeychainCircle.framework/Versions/A/KeychainCircle
0x000000000739f000 	/System/Library/Frameworks/CoreBluetooth.framework/Versions/A/CoreBluetooth
0x000000000739f000 	/System/Library/PrivateFrameworks/SpeechRecognitionCore.framework/Versions/A/SpeechRecognitionCore
0x000000010b600000 	/Library/Java/JavaVirtualMachines/jdk1.8.0_112.jdk/Contents/Home/jre/lib/server/libjvm.dylib
0x000000000739f000 	/usr/lib/libstdc++.6.dylib
0x000000010a4b0000 	/Library/Java/JavaVirtualMachines/jdk1.8.0_112.jdk/Contents/Home/jre/lib/libverify.dylib
0x000000010a4be000 	/Library/Java/JavaVirtualMachines/jdk1.8.0_112.jdk/Contents/Home/jre/lib/libjava.dylib
0x000000010a53d000 	/Library/Java/JavaVirtualMachines/jdk1.8.0_112.jdk/Contents/Home/jre/lib/libzip.dylib
0x000000000739f000 	/System/Library/Frameworks/JavaVM.framework/Versions/A/Frameworks/JavaRuntimeSupport.framework/Versions/A/JavaRuntimeSupport
0x000000000739f000 	/System/Library/Frameworks/JavaVM.framework/Versions/A/Frameworks/JavaNativeFoundation.framework/Versions/A/JavaNativeFoundation
0x000000000739f000 	/System/Library/Frameworks/JavaVM.framework/Versions/A/JavaVM
0x000000000739f000 	/System/Library/Frameworks/Carbon.framework/Versions/A/Carbon
0x000000000739f000 	/System/Library/PrivateFrameworks/CoreSymbolication.framework/Versions/A/CoreSymbolication
0x000000000739f000 	/System/Library/PrivateFrameworks/JavaLaunching.framework/Versions/A/JavaLaunching
0x000000000739f000 	/System/Library/Frameworks/Carbon.framework/Versions/A/Frameworks/CommonPanels.framework/Versions/A/CommonPanels
0x000000000739f000 	/System/Library/Frameworks/Carbon.framework/Versions/A/Frameworks/Help.framework/Versions/A/Help
0x000000000739f000 	/System/Library/Frameworks/Carbon.framework/Versions/A/Frameworks/ImageCapture.framework/Versions/A/ImageCapture
0x000000000739f000 	/System/Library/Frameworks/Carbon.framework/Versions/A/Frameworks/OpenScripting.framework/Versions/A/OpenScripting
0x000000000739f000 	/System/Library/Frameworks/Carbon.framework/Versions/A/Frameworks/Ink.framework/Versions/A/Ink
0x000000000739f000 	/System/Library/Frameworks/Carbon.framework/Versions/A/Frameworks/Print.framework/Versions/A/Print
0x000000000739f000 	/System/Library/Frameworks/Carbon.framework/Versions/A/Frameworks/SecurityHI.framework/Versions/A/SecurityHI
0x000000000739f000 	/System/Library/PrivateFrameworks/DebugSymbols.framework/Versions/A/DebugSymbols

VM Arguments:
jvm_args: -Dclassworlds.conf=/Users/kansoa/Development/maven/bin/m2.conf -Dmaven.home=/Users/kansoa/Development/maven -Dmaven.multiModuleProjectDirectory=/Users/kansoa/Development/projects/cscf/infofauna_2020/midat_rivieres/jeci-shell-new-user-permissions/midat 
java_command: org.codehaus.plexus.classworlds.launcher.Launcher -P dev clean install -Dmaven.test.skip=true
java_class_path (initial): /Users/kansoa/Development/maven/boot/plexus-classworlds-2.5.2.jar
Launcher Type: SUN_STANDARD

Environment Variables:
JAVA_HOME=/Library/Java/JavaVirtualMachines/jdk1.8.0_112.jdk/Contents/Home
PATH=/Users/kansoa/Library/Android/sdk/platform-tools:/Users/kansoa/.nvm/versions/node/v8.1.2/bin:/usr/local/bin:/usr/bin:/bin:/usr/sbin:/sbin:/usr/local/munki:/Library/Apple/usr/bin:/Users/kansoa/Development/maven/bin:/Users/kansoa/Development/gradle/bin
SHELL=/bin/zsh

Signal Handlers:
SIGSEGV: [libjvm.dylib+0x5b11a5], sa_mask[0]=11111111011111110111111111111111, sa_flags=SA_ONSTACK|SA_RESTART|SA_SIGINFO
SIGBUS: [libjvm.dylib+0x5b11a5], sa_mask[0]=11111111011111110111111111111111, sa_flags=SA_RESTART|SA_SIGINFO
SIGFPE: [libjvm.dylib+0x487dc0], sa_mask[0]=11111111011111110111111111111111, sa_flags=SA_RESTART|SA_SIGINFO
SIGPIPE: [libjvm.dylib+0x487dc0], sa_mask[0]=11111111011111110111111111111111, sa_flags=SA_RESTART|SA_SIGINFO
SIGXFSZ: [libjvm.dylib+0x487dc0], sa_mask[0]=11111111011111110111111111111111, sa_flags=SA_RESTART|SA_SIGINFO
SIGILL: [libjvm.dylib+0x487dc0], sa_mask[0]=11111111011111110111111111111111, sa_flags=SA_RESTART|SA_SIGINFO
SIGUSR1: SIG_DFL, sa_mask[0]=00000000000000000000000000000000, sa_flags=SA_RESTART
SIGUSR2: [libjvm.dylib+0x4878de], sa_mask[0]=00000000000000000000000000000000, sa_flags=SA_RESTART|SA_SIGINFO
SIGHUP: [libjvm.dylib+0x485eb5], sa_mask[0]=11111111011111110111111111111111, sa_flags=SA_RESTART|SA_SIGINFO
SIGINT: [libjvm.dylib+0x485eb5], sa_mask[0]=11111111011111110111111111111111, sa_flags=SA_RESTART|SA_SIGINFO
SIGTERM: [libjvm.dylib+0x485eb5], sa_mask[0]=11111111011111110111111111111111, sa_flags=SA_RESTART|SA_SIGINFO
SIGQUIT: [libjvm.dylib+0x485eb5], sa_mask[0]=11111111011111110111111111111111, sa_flags=SA_RESTART|SA_SIGINFO


---------------  S Y S T E M  ---------------

OS:Bsduname:Darwin 19.6.0 Darwin Kernel Version 19.6.0: Sun Jul  5 00:43:10 PDT 2020; root:xnu-6153.141.1~9/RELEASE_X86_64 x86_64
rlimit: STACK 8192k, CORE 0k, NPROC 2784, NOFILE 10240, AS infinity
load average:3.42 3.15 3.23

CPU:total 8 (4 cores per cpu, 2 threads per core) family 6 model 94 stepping 3, cmov, cx8, fxsr, mmx, sse, sse2, sse3, ssse3, sse4.1, sse4.2, popcnt, avx, avx2, aes, clmul, erms, rtm, 3dnowpref, lzcnt, ht, tsc, tscinvbit, bmi1, bmi2, adx

Memory: 4k page, physical 16777216k(1298104k free)

/proc/meminfo:


vm_info: Java HotSpot(TM) 64-Bit Server VM (25.112-b16) for bsd-amd64 JRE (1.8.0_112-b16), built on Sep 30 2016 22:41:41 by "java_re" with gcc 4.2.1 (Based on Apple Inc. build 5658) (LLVM build 2336.11.00)

time: Tue Aug 25 13:44:37 2020
elapsed time: 0 seconds (0d 0h 0m 0s)

