#
# A fatal error has been detected by the Java Runtime Environment:
#
#  SIGSEGV (0xb) at pc=0x0000000000000000, pid=17154, tid=0x0000000000001b07
#
# JRE version: Java(TM) SE Runtime Environment (8.0_112-b16) (build 1.8.0_112-b16)
# Java VM: Java HotSpot(TM) 64-Bit Server VM (25.112-b16 mixed mode bsd-amd64 compressed oops)
# Problematic frame:
# C  0x0000000000000000
#
# Failed to write core dump. Core dumps have been disabled. To enable core dumping, try "ulimit -c unlimited" before starting Java again
#
# If you would like to submit a bug report, please visit:
#   http://bugreport.java.com/bugreport/crash.jsp
#

---------------  T H R E A D  ---------------

Current thread (0x00007fef8400d000):  GCTaskThread [stack: 0x000070000a13e000,0x000070000a23e000] [id=6919]

siginfo: si_signo: 11 (SIGSEGV), si_code: 1 (SEGV_MAPERR), si_addr: 0x0000000000000000

Registers:
RAX=0x0000000000000000, RBX=0x0000000000000019, RCX=0x0000000000000003, RDX=0x0000000000000001
RSP=0x000070000a23dc98, RBP=0x000070000a23dd00, RSI=0x0000000770e543d8, RDI=0x00000007c0001208
R8 =0x00000001027190f0, R9 =0x0000000774cf0ff8, R10=0x0000000774cf8ff8, R11=0x0000000003ea20b8
R12=0x000000010270ee26, R13=0x0000000774cf6485, R14=0x00007fef86044e00, R15=0x00007fef86044e98
RIP=0x0000000000000000, EFLAGS=0x0000000000010246, ERR=0x0000000000000014
  TRAPNO=0x000000000000000e

Top of Stack: (sp=0x000070000a23dc98)
0x000070000a23dc98:   00000001022ef67d 00007fef83c17328
0x000070000a23dca8:   0000000770e543d8 0000000774cf0ff8
0x000070000a23dcb8:   0000000000001000 00007fef83c17368
0x000070000a23dcc8:   0000000000000016 0000000000000025
0x000070000a23dcd8:   0000000774cf6485 000000010270ee26
0x000070000a23dce8:   0000000774cf6485 0000000774cf6484
0x000070000a23dcf8:   00007fef86044e98 000070000a23dd20
0x000070000a23dd08:   00000001022efb93 00007fef86044e00
0x000070000a23dd18:   00007fef86044e60 000070000a23dd80
0x000070000a23dd28:   00000001022eebb3 00000006c12b25d4
0x000070000a23dd38:   00000007c001c0e8 0000000774cf6485
0x000070000a23dd48:   00000007c001c0e8 00007fef86044e00
0x000070000a23dd58:   00000006c12b2608 0000000111dd3593
0x000070000a23dd68:   00000006c12b2600 0000000111dd3601
0x000070000a23dd78:   0000000000000240 000070000a23de40
0x000070000a23dd88:   0000000101f7f5fc 0000010183c16430
0x000070000a23dd98:   0000000000000400 fffffffeee22a039
0x000070000a23dda8:   0000000000000180 0000000111dd5fc5
0x000070000a23ddb8:   000000010e7ca180 0000000111dd5fc6
0x000070000a23ddc8:   0000000003609400 fffffffeee22c9ff
0x000070000a23ddd8:   000000000360bfc6 0000000111dd3600
0x000070000a23dde8:   0000000111dd3581 00000006c17f8b50
0x000070000a23ddf8:   00000006c12c0020 00007fef83c134e0
0x000070000a23de08:   00007fef86044e00 00007fef83c13270
0x000070000a23de18:   00007fef83c1d570 0000000000000000
0x000070000a23de28:   000000010243c493 00007fef86044e00
0x000070000a23de38:   0000000000000001 000070000a23de70
0x000070000a23de48:   00000001022f26e7 0000000000000008
0x000070000a23de58:   00007fef83c16430 00007fef8400d000
0x000070000a23de68:   00007fef83c1d570 000070000a23df50
0x000070000a23de78:   000000010209e7d3 000070000a23deb0
0x000070000a23de88:   00007fef83c16710 00007fef83c16740 

Instructions: (pc=0x0000000000000000)
0xffffffffffffffe0:   

Register to memory mapping:

RAX=0x0000000000000000 is an unknown value
RBX=0x0000000000000019 is an unknown value
RCX=0x0000000000000003 is an unknown value
RDX=0x0000000000000001 is an unknown value
RSP=0x000070000a23dc98 is an unknown value
RBP=0x000070000a23dd00 is an unknown value
RSI=0x0000000770e543d8 is an oop

[error occurred during error reporting (printing register info), id 0xb]

Stack: [0x000070000a13e000,0x000070000a23e000],  sp=0x000070000a23dc98,  free space=1023k

---------------  P R O C E S S  ---------------

Java Threads: ( => current thread )
  0x00007fef8b242000 JavaThread "Thread-68" [_thread_blocked, id=36099, stack(0x000070000b8ba000,0x000070000b9ba000)]
  0x00007fef8a23c800 JavaThread "Thread-67" [_thread_blocked, id=74595, stack(0x000070000b528000,0x000070000b628000)]
  0x00007fef85321800 JavaThread "AWT-Shutdown" [_thread_blocked, id=57395, stack(0x000070000b9bd000,0x000070000babd000)]
  0x00007fef843a9000 JavaThread "AWT-AppKit" daemon [_thread_blocked, id=775, stack(0x00007ffeef1dc000,0x00007ffeef9dc000)]
  0x00007fef8551c800 JavaThread "process reaper" daemon [_thread_in_native, id=21763, stack(0x000070000b47a000,0x000070000b4a2000)]
  0x00007fef8405d000 JavaThread "Service Thread" daemon [_thread_blocked, id=16131, stack(0x000070000b274000,0x000070000b374000)]
  0x00007fef8404a800 JavaThread "C1 CompilerThread3" daemon [_thread_blocked, id=15107, stack(0x000070000b171000,0x000070000b271000)]
  0x00007fef84049800 JavaThread "C2 CompilerThread2" daemon [_thread_blocked, id=16643, stack(0x000070000b06e000,0x000070000b16e000)]
  0x00007fef88009000 JavaThread "C2 CompilerThread1" daemon [_thread_blocked, id=16899, stack(0x000070000af6b000,0x000070000b06b000)]
  0x00007fef86050000 JavaThread "C2 CompilerThread0" daemon [_thread_in_native, id=17411, stack(0x000070000ae68000,0x000070000af68000)]
  0x00007fef8604f000 JavaThread "Signal Dispatcher" daemon [_thread_blocked, id=14339, stack(0x000070000ad65000,0x000070000ae65000)]
  0x00007fef8604d800 JavaThread "Finalizer" daemon [_thread_blocked, id=20227, stack(0x000070000ab5c000,0x000070000ac5c000)]
  0x00007fef8604a800 JavaThread "Reference Handler" daemon [_thread_blocked, id=12547, stack(0x000070000aa59000,0x000070000ab59000)]
  0x00007fef84008800 JavaThread "main" [_thread_blocked, id=3843, stack(0x000070000a03b000,0x000070000a13b000)]

Other Threads:
  0x00007fef86046000 VMThread [stack: 0x000070000a956000,0x000070000aa56000] [id=20483]
  0x00007fef8405e000 WatcherThread [stack: 0x000070000b377000,0x000070000b477000] [id=15875]

=>0x00007fef8400d000 (exited) GCTaskThread [stack: 0x000070000a13e000,0x000070000a23e000] [id=6919]

VM state:at safepoint (normal execution)

VM Mutex/Monitor currently owned by a thread:  ([mutex/lock_event])
[0x00007fef83d081b0] Threads_lock - owner thread: 0x00007fef86046000
[0x00007fef83d086b0] Heap_lock - owner thread: 0x00007fef8a23c800

Heap:
 PSYoungGen      total 108544K, used 108525K [0x000000076ab00000, 0x0000000775380000, 0x00000007c0000000)
  eden space 90624K, 100% used [0x000000076ab00000,0x0000000770380000,0x0000000770380000)
  from space 17920K, 99% used [0x0000000770380000,0x00000007714fb570,0x0000000771500000)
  to   space 23040K, 96% used [0x0000000773d00000,0x00000007752a89b8,0x0000000775380000)
 ParOldGen       total 120320K, used 24554K [0x00000006c0000000, 0x00000006c7580000, 0x000000076ab00000)
  object space 120320K, 20% used [0x00000006c0000000,0x00000006c17fab50,0x00000006c7580000)
 Metaspace       used 29868K, capacity 30702K, committed 30976K, reserved 1077248K
  class space    used 3504K, capacity 3796K, committed 3840K, reserved 1048576K

Card table byte_map: [0x0000000111dca000,0x00000001125cb000] byte_map_base: 0x000000010e7ca000

Marking Bits: (ParMarkBitMap*) 0x0000000102718d30
 Begin Bits: [0x00000001125cb000, 0x00000001165cb000)
 End Bits:   [0x00000001165cb000, 0x000000011a5cb000)

Polling page: 0x0000000100296000

CodeCache: size=245760Kb used=21508Kb max_used=22060Kb free=224251Kb
 bounds [0x0000000102dca000, 0x000000010437a000, 0x0000000111dca000]
 total_blobs=6022 nmethods=5598 adapters=336
 compilation: enabled

Compilation events (10 events):
Event: 21.983 Thread 0x00007fef8404a800 6714       3       org.codehaus.plexus.util.Os::isOs (572 bytes)
Event: 21.986 Thread 0x00007fef8404a800 nmethod 6714 0x00000001037907d0 code [0x0000000103790de0, 0x0000000103794e48]
Event: 22.018 Thread 0x00007fef84049800 6715   !   4       java.lang.StringCoding::encode (120 bytes)
Event: 22.031 Thread 0x00007fef8404a800 6716       1       java.util.concurrent.atomic.AtomicInteger::get (5 bytes)
Event: 22.031 Thread 0x00007fef8404a800 nmethod 6716 0x0000000103dd2490 code [0x0000000103dd25e0, 0x0000000103dd26f0]
Event: 22.044 Thread 0x00007fef84049800 nmethod 6715 0x0000000103b13a10 code [0x0000000103b13c40, 0x0000000103b149c0]
Event: 22.053 Thread 0x00007fef8404a800 6717       3       java.lang.ThreadLocal$ThreadLocalMap::access$100 (7 bytes)
Event: 22.053 Thread 0x00007fef8404a800 nmethod 6717 0x0000000103c4c390 code [0x0000000103c4c500, 0x0000000103c4c668]
Event: 22.083 Thread 0x00007fef8404a800 6718       3       java.io.FilterOutputStream::<init> (10 bytes)
Event: 22.084 Thread 0x00007fef8404a800 nmethod 6718 0x000000010303c190 code [0x000000010303c300, 0x000000010303c530]

GC Heap History (10 events):
Event: 3.991 GC heap after
Heap after GC invocations=4 (full 0):
 PSYoungGen      total 76288K, used 10726K [0x000000076ab00000, 0x0000000770000000, 0x00000007c0000000)
  eden space 65536K, 0% used [0x000000076ab00000,0x000000076ab00000,0x000000076eb00000)
  from space 10752K, 99% used [0x000000076f580000,0x000000076fff9858,0x0000000770000000)
  to   space 10752K, 0% used [0x000000076eb00000,0x000000076eb00000,0x000000076f580000)
 ParOldGen       total 175104K, used 2690K [0x00000006c0000000, 0x00000006cab00000, 0x000000076ab00000)
  object space 175104K, 1% used [0x00000006c0000000,0x00000006c02a0b38,0x00000006cab00000)
 Metaspace       used 20510K, capacity 21172K, committed 21296K, reserved 1069056K
  class space    used 2458K, capacity 2688K, committed 2688K, reserved 1048576K
}
Event: 3.991 GC heap before
{Heap before GC invocations=5 (full 1):
 PSYoungGen      total 76288K, used 10726K [0x000000076ab00000, 0x0000000770000000, 0x00000007c0000000)
  eden space 65536K, 0% used [0x000000076ab00000,0x000000076ab00000,0x000000076eb00000)
  from space 10752K, 99% used [0x000000076f580000,0x000000076fff9858,0x0000000770000000)
  to   space 10752K, 0% used [0x000000076eb00000,0x000000076eb00000,0x000000076f580000)
 ParOldGen       total 175104K, used 2690K [0x00000006c0000000, 0x00000006cab00000, 0x000000076ab00000)
  object space 175104K, 1% used [0x00000006c0000000,0x00000006c02a0b38,0x00000006cab00000)
 Metaspace       used 20510K, capacity 21172K, committed 21296K, reserved 1069056K
  class space    used 2458K, capacity 2688K, committed 2688K, reserved 1048576K
Event: 4.042 GC heap after
Heap after GC invocations=5 (full 1):
 PSYoungGen      total 76288K, used 0K [0x000000076ab00000, 0x0000000770000000, 0x00000007c0000000)
  eden space 65536K, 0% used [0x000000076ab00000,0x000000076ab00000,0x000000076eb00000)
  from space 10752K, 0% used [0x000000076f580000,0x000000076f580000,0x0000000770000000)
  to   space 10752K, 0% used [0x000000076eb00000,0x000000076eb00000,0x000000076f580000)
 ParOldGen       total 120320K, used 13101K [0x00000006c0000000, 0x00000006c7580000, 0x000000076ab00000)
  object space 120320K, 10% used [0x00000006c0000000,0x00000006c0ccb4f8,0x00000006c7580000)
 Metaspace       used 20510K, capacity 21172K, committed 21296K, reserved 1069056K
  class space    used 2458K, capacity 2688K, committed 2688K, reserved 1048576K
}
Event: 4.596 GC heap before
{Heap before GC invocations=6 (full 1):
 PSYoungGen      total 76288K, used 65536K [0x000000076ab00000, 0x0000000770000000, 0x00000007c0000000)
  eden space 65536K, 100% used [0x000000076ab00000,0x000000076eb00000,0x000000076eb00000)
  from space 10752K, 0% used [0x000000076f580000,0x000000076f580000,0x0000000770000000)
  to   space 10752K, 0% used [0x000000076eb00000,0x000000076eb00000,0x000000076f580000)
 ParOldGen       total 120320K, used 13101K [0x00000006c0000000, 0x00000006c7580000, 0x000000076ab00000)
  object space 120320K, 10% used [0x00000006c0000000,0x00000006c0ccb4f8,0x00000006c7580000)
 Metaspace       used 23341K, capacity 23988K, committed 24064K, reserved 1071104K
  class space    used 2778K, capacity 3008K, committed 3072K, reserved 1048576K
Event: 4.604 GC heap after
Heap after GC invocations=6 (full 1):
 PSYoungGen      total 76288K, used 10738K [0x000000076ab00000, 0x0000000772680000, 0x00000007c0000000)
  eden space 65536K, 0% used [0x000000076ab00000,0x000000076ab00000,0x000000076eb00000)
  from space 10752K, 99% used [0x000000076eb00000,0x000000076f57c930,0x000000076f580000)
  to   space 15872K, 0% used [0x0000000771700000,0x0000000771700000,0x0000000772680000)
 ParOldGen       total 120320K, used 17625K [0x00000006c0000000, 0x00000006c7580000, 0x000000076ab00000)
  object space 120320K, 14% used [0x00000006c0000000,0x00000006c1136648,0x00000006c7580000)
 Metaspace       used 23341K, capacity 23988K, committed 24064K, reserved 1071104K
  class space    used 2778K, capacity 3008K, committed 3072K, reserved 1048576K
}
Event: 12.222 GC heap before
{Heap before GC invocations=7 (full 1):
 PSYoungGen      total 76288K, used 76274K [0x000000076ab00000, 0x0000000772680000, 0x00000007c0000000)
  eden space 65536K, 100% used [0x000000076ab00000,0x000000076eb00000,0x000000076eb00000)
  from space 10752K, 99% used [0x000000076eb00000,0x000000076f57c930,0x000000076f580000)
  to   space 15872K, 0% used [0x0000000771700000,0x0000000771700000,0x0000000772680000)
 ParOldGen       total 120320K, used 17625K [0x00000006c0000000, 0x00000006c7580000, 0x000000076ab00000)
  object space 120320K, 14% used [0x00000006c0000000,0x00000006c1136648,0x00000006c7580000)
 Metaspace       used 25595K, capacity 26292K, committed 26496K, reserved 1073152K
  class space    used 2946K, capacity 3200K, committed 3200K, reserved 1048576K
Event: 12.231 GC heap after
Heap after GC invocations=7 (full 1):
 PSYoungGen      total 106496K, used 15858K [0x000000076ab00000, 0x0000000772680000, 0x00000007c0000000)
  eden space 90624K, 0% used [0x000000076ab00000,0x000000076ab00000,0x0000000770380000)
  from space 15872K, 99% used [0x0000000771700000,0x000000077267c9a0,0x0000000772680000)
  to   space 17920K, 0% used [0x0000000770380000,0x0000000770380000,0x0000000771500000)
 ParOldGen       total 120320K, used 17927K [0x00000006c0000000, 0x00000006c7580000, 0x000000076ab00000)
  object space 120320K, 14% used [0x00000006c0000000,0x00000006c1181d68,0x00000006c7580000)
 Metaspace       used 25595K, capacity 26292K, committed 26496K, reserved 1073152K
  class space    used 2946K, capacity 3200K, committed 3200K, reserved 1048576K
}
Event: 13.765 GC heap before
{Heap before GC invocations=8 (full 1):
 PSYoungGen      total 106496K, used 106482K [0x000000076ab00000, 0x0000000772680000, 0x00000007c0000000)
  eden space 90624K, 100% used [0x000000076ab00000,0x0000000770380000,0x0000000770380000)
  from space 15872K, 99% used [0x0000000771700000,0x000000077267c9a0,0x0000000772680000)
  to   space 17920K, 0% used [0x0000000770380000,0x0000000770380000,0x0000000771500000)
 ParOldGen       total 120320K, used 17927K [0x00000006c0000000, 0x00000006c7580000, 0x000000076ab00000)
  object space 120320K, 14% used [0x00000006c0000000,0x00000006c1181d68,0x00000006c7580000)
 Metaspace       used 27241K, capacity 28024K, committed 28288K, reserved 1075200K
  class space    used 3153K, capacity 3421K, committed 3456K, reserved 1048576K
Event: 13.780 GC heap after
Heap after GC invocations=8 (full 1):
 PSYoungGen      total 108544K, used 17901K [0x000000076ab00000, 0x0000000775380000, 0x00000007c0000000)
  eden space 90624K, 0% used [0x000000076ab00000,0x000000076ab00000,0x0000000770380000)
  from space 17920K, 99% used [0x0000000770380000,0x00000007714fb570,0x0000000771500000)
  to   space 23040K, 0% used [0x0000000773d00000,0x0000000773d00000,0x0000000775380000)
 ParOldGen       total 120320K, used 24546K [0x00000006c0000000, 0x00000006c7580000, 0x000000076ab00000)
  object space 120320K, 20% used [0x00000006c0000000,0x00000006c17f8b50,0x00000006c7580000)
 Metaspace       used 27241K, capacity 28024K, committed 28288K, reserved 1075200K
  class space    used 3153K, capacity 3421K, committed 3456K, reserved 1048576K
}
Event: 22.123 GC heap before
{Heap before GC invocations=9 (full 1):
 PSYoungGen      total 108544K, used 108525K [0x000000076ab00000, 0x0000000775380000, 0x00000007c0000000)
  eden space 90624K, 100% used [0x000000076ab00000,0x0000000770380000,0x0000000770380000)
  from space 17920K, 99% used [0x0000000770380000,0x00000007714fb570,0x0000000771500000)
  to   space 23040K, 0% used [0x0000000773d00000,0x0000000773d00000,0x0000000775380000)
 ParOldGen       total 120320K, used 24546K [0x00000006c0000000, 0x00000006c7580000, 0x000000076ab00000)
  object space 120320K, 20% used [0x00000006c0000000,0x00000006c17f8b50,0x00000006c7580000)
 Metaspace       used 29868K, capacity 30702K, committed 30976K, reserved 1077248K
  class space    used 3504K, capacity 3796K, committed 3840K, reserved 1048576K

Deoptimization events (10 events):
Event: 20.699 Thread 0x00007fef84008800 Uncommon trap: reason=class_check action=maybe_recompile pc=0x00000001034c45fc method=java.util.Hashtable.addEntry(ILjava/lang/Object;Ljava/lang/Object;I)V @ 38
Event: 20.755 Thread 0x00007fef84008800 Uncommon trap: reason=class_check action=maybe_recompile pc=0x00000001032e93b0 method=java.util.zip.InflaterInputStream.read([BII)I @ 100
Event: 20.803 Thread 0x00007fef84008800 Uncommon trap: reason=class_check action=maybe_recompile pc=0x00000001032e93b0 method=java.util.zip.InflaterInputStream.read([BII)I @ 100
Event: 20.803 Thread 0x00007fef84008800 Uncommon trap: reason=class_check action=maybe_recompile pc=0x00000001032e93b0 method=java.util.zip.InflaterInputStream.read([BII)I @ 100
Event: 20.803 Thread 0x00007fef84008800 Uncommon trap: reason=class_check action=maybe_recompile pc=0x00000001032e93b0 method=java.util.zip.InflaterInputStream.read([BII)I @ 100
Event: 21.203 Thread 0x00007fef84008800 Uncommon trap: reason=bimorphic action=maybe_recompile pc=0x00000001033ae008 method=java.util.Hashtable.get(Ljava/lang/Object;)Ljava/lang/Object; @ 6
Event: 21.204 Thread 0x00007fef84b45000 Uncommon trap: reason=null_check action=make_not_entrant pc=0x0000000103099bb8 method=java.lang.StringCoding.deref(Ljava/lang/ThreadLocal;)Ljava/lang/Object; @ 4
Event: 21.247 Thread 0x00007fef84008800 Uncommon trap: reason=bimorphic action=maybe_recompile pc=0x00000001033ae008 method=java.util.Hashtable.get(Ljava/lang/Object;)Ljava/lang/Object; @ 6
Event: 21.288 Thread 0x00007fef84008800 Uncommon trap: reason=bimorphic action=maybe_recompile pc=0x00000001033ae008 method=java.util.Hashtable.get(Ljava/lang/Object;)Ljava/lang/Object; @ 6
Event: 21.340 Thread 0x00007fef84008800 Uncommon trap: reason=bimorphic action=maybe_recompile pc=0x00000001033ae008 method=java.util.Hashtable.get(Ljava/lang/Object;)Ljava/lang/Object; @ 6

Internal exceptions (10 events):
Event: 4.473 Thread 0x00007fef84008800 Exception <a 'java/io/FileNotFoundException'> (0x000000076d3746f8) thrown at [/Users/java_re/workspace/8-2-build-macosx-x86_64/jdk8u112/7935/hotspot/src/share/vm/prims/jni.cpp, line 709]
Event: 4.475 Thread 0x00007fef84008800 Exception <a 'java/io/FileNotFoundException'> (0x000000076d3aa588) thrown at [/Users/java_re/workspace/8-2-build-macosx-x86_64/jdk8u112/7935/hotspot/src/share/vm/prims/jni.cpp, line 709]
Event: 13.747 Thread 0x00007fef84008800 Exception <a 'java/io/FileNotFoundException'> (0x00000007700c4020) thrown at [/Users/java_re/workspace/8-2-build-macosx-x86_64/jdk8u112/7935/hotspot/src/share/vm/prims/jni.cpp, line 709]
Event: 13.747 Thread 0x00007fef84008800 Exception <a 'java/io/FileNotFoundException'> (0x00000007700c5bd0) thrown at [/Users/java_re/workspace/8-2-build-macosx-x86_64/jdk8u112/7935/hotspot/src/share/vm/prims/jni.cpp, line 709]
Event: 19.437 Thread 0x00007fef84008800 Implicit null exception at 0x00000001042b2f1b to 0x00000001042b3156
Event: 19.843 Thread 0x00007fef84008800 Exception <a 'java/io/FileNotFoundException'> (0x000000076d3aee48) thrown at [/Users/java_re/workspace/8-2-build-macosx-x86_64/jdk8u112/7935/hotspot/src/share/vm/prims/jni.cpp, line 709]
Event: 19.843 Thread 0x00007fef84008800 Exception <a 'java/io/FileNotFoundException'> (0x000000076d3afd50) thrown at [/Users/java_re/workspace/8-2-build-macosx-x86_64/jdk8u112/7935/hotspot/src/share/vm/prims/jni.cpp, line 709]
Event: 19.854 Thread 0x00007fef84008800 Implicit null exception at 0x000000010318c198 to 0x000000010318c226
Event: 20.679 Thread 0x00007fef84008800 Implicit null exception at 0x00000001030c29f3 to 0x00000001030c2dd9
Event: 21.204 Thread 0x00007fef84b45000 Implicit null exception at 0x000000010309908c to 0x0000000103099ba9

Events (10 events):
Event: 22.053 Executing VM operation: RevokeBias done
Event: 22.083 Thread 0x00007fef8c9f2800 Thread added: 0x00007fef8c9f2800
Event: 22.084 Thread 0x00007fef84b45000 Thread added: 0x00007fef84b45000
Event: 22.106 Thread 0x00007fef8c9f2800 Thread exited: 0x00007fef8c9f2800
Event: 22.106 Thread 0x00007fef84b45000 Thread exited: 0x00007fef84b45000
Event: 22.106 Executing VM operation: RevokeBias
Event: 22.106 Executing VM operation: RevokeBias done
Event: 22.123 Thread 0x00007fef8a23c800 Thread added: 0x00007fef8a23c800
Event: 22.123 Thread 0x00007fef8b242000 Thread added: 0x00007fef8b242000
Event: 22.123 Executing VM operation: ParallelGCFailedAllocation


Dynamic libraries:
0x000000000739f000 	/System/Library/Frameworks/Cocoa.framework/Versions/A/Cocoa
0x000000000739f000 	/System/Library/Frameworks/Security.framework/Versions/A/Security
0x000000000739f000 	/System/Library/Frameworks/ApplicationServices.framework/Versions/A/ApplicationServices
0x000000000739f000 	/usr/lib/libz.1.dylib
0x000000000739f000 	/usr/lib/libSystem.B.dylib
0x000000000739f000 	/usr/lib/libobjc.A.dylib
0x000000000739f000 	/System/Library/Frameworks/CoreFoundation.framework/Versions/A/CoreFoundation
0x000000000739f000 	/System/Library/Frameworks/Foundation.framework/Versions/C/Foundation
0x000000000739f000 	/System/Library/Frameworks/AppKit.framework/Versions/C/AppKit
0x000000000739f000 	/System/Library/Frameworks/CoreData.framework/Versions/A/CoreData
0x000000000739f000 	/System/Library/PrivateFrameworks/UIFoundation.framework/Versions/A/UIFoundation
0x000000000739f000 	/System/Library/PrivateFrameworks/RemoteViewServices.framework/Versions/A/RemoteViewServices
0x000000000739f000 	/System/Library/PrivateFrameworks/XCTTargetBootstrap.framework/Versions/A/XCTTargetBootstrap
0x000000000739f000 	/System/Library/Frameworks/CoreDisplay.framework/Versions/A/CoreDisplay
0x000000000739f000 	/System/Library/Frameworks/Metal.framework/Versions/A/Metal
0x000000000739f000 	/System/Library/PrivateFrameworks/DesktopServicesPriv.framework/Versions/A/DesktopServicesPriv
0x000000000739f000 	/usr/lib/liblangid.dylib
0x000000000739f000 	/System/Library/PrivateFrameworks/CoreSVG.framework/Versions/A/CoreSVG
0x000000000739f000 	/System/Library/PrivateFrameworks/SkyLight.framework/Versions/A/SkyLight
0x000000000739f000 	/System/Library/Frameworks/CoreGraphics.framework/Versions/A/CoreGraphics
0x000000000739f000 	/System/Library/Frameworks/Accelerate.framework/Versions/A/Accelerate
0x000000000739f000 	/usr/lib/libxml2.2.dylib
0x000000000739f000 	/System/Library/PrivateFrameworks/IconServices.framework/Versions/A/IconServices
0x000000000739f000 	/System/Library/Frameworks/IOSurface.framework/Versions/A/IOSurface
0x000000000739f000 	/usr/lib/libDiagnosticMessagesClient.dylib
0x000000000739f000 	/System/Library/PrivateFrameworks/DFRFoundation.framework/Versions/A/DFRFoundation
0x000000000739f000 	/usr/lib/libicucore.A.dylib
0x000000000739f000 	/System/Library/Frameworks/AudioToolbox.framework/Versions/A/AudioToolbox
0x000000000739f000 	/System/Library/Frameworks/AudioUnit.framework/Versions/A/AudioUnit
0x000000000739f000 	/usr/lib/libauto.dylib
0x000000000739f000 	/System/Library/PrivateFrameworks/DataDetectorsCore.framework/Versions/A/DataDetectorsCore
0x000000000739f000 	/System/Library/Frameworks/Carbon.framework/Versions/A/Frameworks/HIToolbox.framework/Versions/A/HIToolbox
0x000000000739f000 	/System/Library/Frameworks/QuartzCore.framework/Versions/A/QuartzCore
0x000000000739f000 	/System/Library/Frameworks/Carbon.framework/Versions/A/Frameworks/SpeechRecognition.framework/Versions/A/SpeechRecognition
0x000000000739f000 	/System/Library/PrivateFrameworks/CoreUI.framework/Versions/A/CoreUI
0x000000000739f000 	/System/Library/Frameworks/CoreAudio.framework/Versions/A/CoreAudio
0x000000000739f000 	/System/Library/Frameworks/DiskArbitration.framework/Versions/A/DiskArbitration
0x000000000739f000 	/System/Library/PrivateFrameworks/MultitouchSupport.framework/Versions/A/MultitouchSupport
0x000000000739f000 	/usr/lib/libenergytrace.dylib
0x000000000739f000 	/System/Library/Frameworks/IOKit.framework/Versions/A/IOKit
0x000000000739f000 	/System/Library/Frameworks/CoreServices.framework/Versions/A/CoreServices
0x000000000739f000 	/System/Library/PrivateFrameworks/PerformanceAnalysis.framework/Versions/A/PerformanceAnalysis
0x000000000739f000 	/System/Library/Frameworks/OpenGL.framework/Versions/A/OpenGL
0x000000000739f000 	/System/Library/Frameworks/ColorSync.framework/Versions/A/ColorSync
0x000000000739f000 	/System/Library/Frameworks/CoreImage.framework/Versions/A/CoreImage
0x000000000739f000 	/System/Library/Frameworks/CoreText.framework/Versions/A/CoreText
0x000000000739f000 	/System/Library/Frameworks/ImageIO.framework/Versions/A/ImageIO
0x000000000739f000 	/usr/lib/libc++.1.dylib
0x000000000739f000 	/usr/lib/libcompression.dylib
0x000000000739f000 	/usr/lib/libMobileGestalt.dylib
0x000000000739f000 	/System/Library/PrivateFrameworks/TextureIO.framework/Versions/A/TextureIO
0x000000000739f000 	/usr/lib/libate.dylib
0x000000000739f000 	/System/Library/PrivateFrameworks/InternationalSupport.framework/Versions/A/InternationalSupport
0x000000000739f000 	/usr/lib/system/libcache.dylib
0x000000000739f000 	/usr/lib/system/libcommonCrypto.dylib
0x000000000739f000 	/usr/lib/system/libcompiler_rt.dylib
0x000000000739f000 	/usr/lib/system/libcopyfile.dylib
0x000000000739f000 	/usr/lib/system/libcorecrypto.dylib
0x000000000739f000 	/usr/lib/system/libdispatch.dylib
0x000000000739f000 	/usr/lib/system/libdyld.dylib
0x000000000739f000 	/usr/lib/system/libkeymgr.dylib
0x000000000739f000 	/usr/lib/system/liblaunch.dylib
0x000000000739f000 	/usr/lib/system/libmacho.dylib
0x000000000739f000 	/usr/lib/system/libquarantine.dylib
0x000000000739f000 	/usr/lib/system/libremovefile.dylib
0x000000000739f000 	/usr/lib/system/libsystem_asl.dylib
0x000000000739f000 	/usr/lib/system/libsystem_blocks.dylib
0x000000000739f000 	/usr/lib/system/libsystem_c.dylib
0x000000000739f000 	/usr/lib/system/libsystem_configuration.dylib
0x000000000739f000 	/usr/lib/system/libsystem_coreservices.dylib
0x000000000739f000 	/usr/lib/system/libsystem_darwin.dylib
0x000000000739f000 	/usr/lib/system/libsystem_dnssd.dylib
0x000000000739f000 	/usr/lib/system/libsystem_featureflags.dylib
0x000000000739f000 	/usr/lib/system/libsystem_info.dylib
0x000000000739f000 	/usr/lib/system/libsystem_m.dylib
0x000000000739f000 	/usr/lib/system/libsystem_malloc.dylib
0x000000000739f000 	/usr/lib/system/libsystem_networkextension.dylib
0x000000000739f000 	/usr/lib/system/libsystem_notify.dylib
0x000000000739f000 	/usr/lib/system/libsystem_sandbox.dylib
0x000000000739f000 	/usr/lib/system/libsystem_secinit.dylib
0x000000000739f000 	/usr/lib/system/libsystem_kernel.dylib
0x000000000739f000 	/usr/lib/system/libsystem_platform.dylib
0x000000000739f000 	/usr/lib/system/libsystem_pthread.dylib
0x000000000739f000 	/usr/lib/system/libsystem_symptoms.dylib
0x000000000739f000 	/usr/lib/system/libsystem_trace.dylib
0x000000000739f000 	/usr/lib/system/libunwind.dylib
0x000000000739f000 	/usr/lib/system/libxpc.dylib
0x000000000739f000 	/usr/lib/libc++abi.dylib
0x000000000739f000 	/usr/lib/liblzma.5.dylib
0x000000000739f000 	/usr/lib/libfakelink.dylib
0x000000000739f000 	/usr/lib/libarchive.2.dylib
0x000000000739f000 	/System/Library/Frameworks/SystemConfiguration.framework/Versions/A/SystemConfiguration
0x000000000739f000 	/usr/lib/libCRFSuite.dylib
0x000000000739f000 	/System/Library/Frameworks/CFNetwork.framework/Versions/A/CFNetwork
0x000000000739f000 	/usr/lib/libbsm.0.dylib
0x000000000739f000 	/usr/lib/system/libkxld.dylib
0x000000000739f000 	/System/Library/PrivateFrameworks/AppleFSCompression.framework/Versions/A/AppleFSCompression
0x000000000739f000 	/usr/lib/libcoretls.dylib
0x000000000739f000 	/usr/lib/libcoretls_cfhelpers.dylib
0x000000000739f000 	/usr/lib/libpam.2.dylib
0x000000000739f000 	/usr/lib/libsqlite3.dylib
0x000000000739f000 	/usr/lib/libxar.1.dylib
0x000000000739f000 	/usr/lib/libbz2.1.0.dylib
0x000000000739f000 	/usr/lib/libiconv.2.dylib
0x000000000739f000 	/usr/lib/libcharset.1.dylib
0x000000000739f000 	/usr/lib/libnetwork.dylib
0x000000000739f000 	/usr/lib/libpcap.A.dylib
0x000000000739f000 	/usr/lib/libapple_nghttp2.dylib
0x000000000739f000 	/System/Library/Frameworks/CoreServices.framework/Versions/A/Frameworks/FSEvents.framework/Versions/A/FSEvents
0x000000000739f000 	/System/Library/Frameworks/CoreServices.framework/Versions/A/Frameworks/CarbonCore.framework/Versions/A/CarbonCore
0x000000000739f000 	/System/Library/Frameworks/CoreServices.framework/Versions/A/Frameworks/Metadata.framework/Versions/A/Metadata
0x000000000739f000 	/System/Library/Frameworks/CoreServices.framework/Versions/A/Frameworks/OSServices.framework/Versions/A/OSServices
0x000000000739f000 	/System/Library/Frameworks/CoreServices.framework/Versions/A/Frameworks/SearchKit.framework/Versions/A/SearchKit
0x000000000739f000 	/System/Library/Frameworks/CoreServices.framework/Versions/A/Frameworks/AE.framework/Versions/A/AE
0x000000000739f000 	/System/Library/Frameworks/CoreServices.framework/Versions/A/Frameworks/LaunchServices.framework/Versions/A/LaunchServices
0x000000000739f000 	/System/Library/Frameworks/CoreServices.framework/Versions/A/Frameworks/DictionaryServices.framework/Versions/A/DictionaryServices
0x000000000739f000 	/System/Library/Frameworks/CoreServices.framework/Versions/A/Frameworks/SharedFileList.framework/Versions/A/SharedFileList
0x000000000739f000 	/System/Library/Frameworks/NetFS.framework/Versions/A/NetFS
0x000000000739f000 	/System/Library/PrivateFrameworks/NetAuth.framework/Versions/A/NetAuth
0x000000000739f000 	/System/Library/PrivateFrameworks/login.framework/Versions/A/Frameworks/loginsupport.framework/Versions/A/loginsupport
0x000000000739f000 	/System/Library/PrivateFrameworks/TCC.framework/Versions/A/TCC
0x000000000739f000 	/System/Library/PrivateFrameworks/CoreNLP.framework/Versions/A/CoreNLP
0x000000000739f000 	/System/Library/PrivateFrameworks/MetadataUtilities.framework/Versions/A/MetadataUtilities
0x000000000739f000 	/usr/lib/libmecabra.dylib
0x000000000739f000 	/usr/lib/libmecab.dylib
0x000000000739f000 	/usr/lib/libgermantok.dylib
0x000000000739f000 	/usr/lib/libThaiTokenizer.dylib
0x000000000739f000 	/usr/lib/libChineseTokenizer.dylib
0x000000000739f000 	/System/Library/Frameworks/Accelerate.framework/Versions/A/Frameworks/vImage.framework/Versions/A/vImage
0x000000000739f000 	/System/Library/Frameworks/Accelerate.framework/Versions/A/Frameworks/vecLib.framework/Versions/A/vecLib
0x000000000739f000 	/System/Library/Frameworks/Accelerate.framework/Versions/A/Frameworks/vecLib.framework/Versions/A/libvMisc.dylib
0x000000000739f000 	/System/Library/Frameworks/Accelerate.framework/Versions/A/Frameworks/vecLib.framework/Versions/A/libvDSP.dylib
0x000000000739f000 	/System/Library/Frameworks/Accelerate.framework/Versions/A/Frameworks/vecLib.framework/Versions/A/libBLAS.dylib
0x000000000739f000 	/System/Library/Frameworks/Accelerate.framework/Versions/A/Frameworks/vecLib.framework/Versions/A/libLAPACK.dylib
0x000000000739f000 	/System/Library/Frameworks/Accelerate.framework/Versions/A/Frameworks/vecLib.framework/Versions/A/libLinearAlgebra.dylib
0x000000000739f000 	/System/Library/Frameworks/Accelerate.framework/Versions/A/Frameworks/vecLib.framework/Versions/A/libSparseBLAS.dylib
0x000000000739f000 	/System/Library/Frameworks/Accelerate.framework/Versions/A/Frameworks/vecLib.framework/Versions/A/libQuadrature.dylib
0x000000000739f000 	/System/Library/Frameworks/Accelerate.framework/Versions/A/Frameworks/vecLib.framework/Versions/A/libBNNS.dylib
0x000000000739f000 	/System/Library/Frameworks/Accelerate.framework/Versions/A/Frameworks/vecLib.framework/Versions/A/libSparse.dylib
0x000000000739f000 	/System/Library/PrivateFrameworks/LanguageModeling.framework/Versions/A/LanguageModeling
0x000000000739f000 	/System/Library/PrivateFrameworks/CoreEmoji.framework/Versions/A/CoreEmoji
0x000000000739f000 	/System/Library/PrivateFrameworks/LinguisticData.framework/Versions/A/LinguisticData
0x000000000739f000 	/System/Library/PrivateFrameworks/Lexicon.framework/Versions/A/Lexicon
0x000000000739f000 	/usr/lib/libcmph.dylib
0x000000000739f000 	/System/Library/Frameworks/OpenDirectory.framework/Versions/A/Frameworks/CFOpenDirectory.framework/Versions/A/CFOpenDirectory
0x000000000739f000 	/System/Library/Frameworks/OpenDirectory.framework/Versions/A/OpenDirectory
0x000000000739f000 	/System/Library/PrivateFrameworks/APFS.framework/Versions/A/APFS
0x000000000739f000 	/System/Library/Frameworks/SecurityFoundation.framework/Versions/A/SecurityFoundation
0x000000000739f000 	/usr/lib/libutil.dylib
0x000000000739f000 	/System/Library/PrivateFrameworks/CoreServicesStore.framework/Versions/A/CoreServicesStore
0x000000000739f000 	/System/Library/Frameworks/ServiceManagement.framework/Versions/A/ServiceManagement
0x000000000739f000 	/System/Library/PrivateFrameworks/BackgroundTaskManagement.framework/Versions/A/BackgroundTaskManagement
0x000000000739f000 	/usr/lib/libxslt.1.dylib
0x000000000739f000 	/System/Library/PrivateFrameworks/AppleSystemInfo.framework/Versions/A/AppleSystemInfo
0x000000000739f000 	/System/Library/Frameworks/ImageIO.framework/Versions/A/Resources/libJPEG.dylib
0x000000000739f000 	/System/Library/Frameworks/ImageIO.framework/Versions/A/Resources/libTIFF.dylib
0x000000000739f000 	/System/Library/Frameworks/ImageIO.framework/Versions/A/Resources/libPng.dylib
0x000000000739f000 	/System/Library/Frameworks/ImageIO.framework/Versions/A/Resources/libGIF.dylib
0x000000000739f000 	/System/Library/Frameworks/ImageIO.framework/Versions/A/Resources/libJP2.dylib
0x000000000739f000 	/System/Library/Frameworks/ImageIO.framework/Versions/A/Resources/libRadiance.dylib
0x000000000739f000 	/usr/lib/libexpat.1.dylib
0x000000000739f000 	/System/Library/PrivateFrameworks/AppleJPEG.framework/Versions/A/AppleJPEG
0x000000000739f000 	/System/Library/PrivateFrameworks/FontServices.framework/libFontParser.dylib
0x000000000739f000 	/System/Library/PrivateFrameworks/WatchdogClient.framework/Versions/A/WatchdogClient
0x000000000739f000 	/System/Library/PrivateFrameworks/IOAccelerator.framework/Versions/A/IOAccelerator
0x000000000739f000 	/System/Library/Frameworks/MetalPerformanceShaders.framework/Versions/A/MetalPerformanceShaders
0x000000000739f000 	/System/Library/PrivateFrameworks/GPUWrangler.framework/Versions/A/GPUWrangler
0x000000000739f000 	/System/Library/PrivateFrameworks/IOPresentment.framework/Versions/A/IOPresentment
0x000000000739f000 	/System/Library/PrivateFrameworks/DSExternalDisplay.framework/Versions/A/DSExternalDisplay
0x000000000739f000 	/System/Library/Frameworks/OpenGL.framework/Versions/A/Libraries/libCoreFSCache.dylib
0x000000000739f000 	/System/Library/Frameworks/MetalPerformanceShaders.framework/Frameworks/MPSCore.framework/Versions/A/MPSCore
0x000000000739f000 	/System/Library/Frameworks/MetalPerformanceShaders.framework/Frameworks/MPSImage.framework/Versions/A/MPSImage
0x000000000739f000 	/System/Library/Frameworks/MetalPerformanceShaders.framework/Frameworks/MPSNeuralNetwork.framework/Versions/A/MPSNeuralNetwork
0x000000000739f000 	/System/Library/Frameworks/MetalPerformanceShaders.framework/Frameworks/MPSMatrix.framework/Versions/A/MPSMatrix
0x000000000739f000 	/System/Library/Frameworks/MetalPerformanceShaders.framework/Frameworks/MPSRayIntersector.framework/Versions/A/MPSRayIntersector
0x000000000739f000 	/System/Library/Frameworks/MetalPerformanceShaders.framework/Frameworks/MPSNDArray.framework/Versions/A/MPSNDArray
0x000000000739f000 	/System/Library/PrivateFrameworks/MetalTools.framework/Versions/A/MetalTools
0x000000000739f000 	/System/Library/PrivateFrameworks/AggregateDictionary.framework/Versions/A/AggregateDictionary
0x000000000739f000 	/System/Library/PrivateFrameworks/CoreAnalytics.framework/Versions/A/CoreAnalytics
0x000000000739f000 	/System/Library/PrivateFrameworks/AppleSauce.framework/Versions/A/AppleSauce
0x000000000739f000 	/usr/lib/libIOReport.dylib
0x000000000739f000 	/System/Library/Frameworks/CoreVideo.framework/Versions/A/CoreVideo
0x000000000739f000 	/System/Library/PrivateFrameworks/GraphVisualizer.framework/Versions/A/GraphVisualizer
0x000000000739f000 	/System/Library/PrivateFrameworks/FaceCore.framework/Versions/A/FaceCore
0x000000000739f000 	/System/Library/Frameworks/OpenCL.framework/Versions/A/OpenCL
0x000000000739f000 	/usr/lib/libFosl_dynamic.dylib
0x000000000739f000 	/System/Library/PrivateFrameworks/OTSVG.framework/Versions/A/OTSVG
0x000000000739f000 	/System/Library/Frameworks/ApplicationServices.framework/Versions/A/Frameworks/ATS.framework/Versions/A/Resources/libFontRegistry.dylib
0x000000000739f000 	/System/Library/PrivateFrameworks/FontServices.framework/libhvf.dylib
0x000000000739f000 	/System/Library/Frameworks/OpenGL.framework/Versions/A/Libraries/libGFXShared.dylib
0x000000000739f000 	/System/Library/Frameworks/OpenGL.framework/Versions/A/Libraries/libGLU.dylib
0x000000000739f000 	/System/Library/Frameworks/OpenGL.framework/Versions/A/Libraries/libGL.dylib
0x000000000739f000 	/System/Library/Frameworks/OpenGL.framework/Versions/A/Libraries/libGLImage.dylib
0x000000000739f000 	/System/Library/Frameworks/OpenGL.framework/Versions/A/Libraries/libCVMSPluginSupport.dylib
0x000000000739f000 	/System/Library/Frameworks/OpenGL.framework/Versions/A/Libraries/libCoreVMClient.dylib
0x000000000739f000 	/usr/lib/libncurses.5.4.dylib
0x000000000739f000 	/System/Library/Frameworks/ApplicationServices.framework/Versions/A/Frameworks/ATS.framework/Versions/A/ATS
0x000000000739f000 	/System/Library/Frameworks/ApplicationServices.framework/Versions/A/Frameworks/ColorSyncLegacy.framework/Versions/A/ColorSyncLegacy
0x000000000739f000 	/System/Library/Frameworks/ApplicationServices.framework/Versions/A/Frameworks/HIServices.framework/Versions/A/HIServices
0x000000000739f000 	/System/Library/Frameworks/ApplicationServices.framework/Versions/A/Frameworks/LangAnalysis.framework/Versions/A/LangAnalysis
0x000000000739f000 	/System/Library/Frameworks/ApplicationServices.framework/Versions/A/Frameworks/PrintCore.framework/Versions/A/PrintCore
0x000000000739f000 	/System/Library/Frameworks/ApplicationServices.framework/Versions/A/Frameworks/QD.framework/Versions/A/QD
0x000000000739f000 	/System/Library/Frameworks/ApplicationServices.framework/Versions/A/Frameworks/SpeechSynthesis.framework/Versions/A/SpeechSynthesis
0x000000000739f000 	/System/Library/Frameworks/ApplicationServices.framework/Versions/A/Frameworks/ATSUI.framework/Versions/A/ATSUI
0x000000000739f000 	/usr/lib/libcups.2.dylib
0x000000000739f000 	/System/Library/Frameworks/Kerberos.framework/Versions/A/Kerberos
0x000000000739f000 	/System/Library/Frameworks/GSS.framework/Versions/A/GSS
0x000000000739f000 	/usr/lib/libresolv.9.dylib
0x000000000739f000 	/System/Library/PrivateFrameworks/Heimdal.framework/Versions/A/Heimdal
0x000000000739f000 	/System/Library/Frameworks/Kerberos.framework/Versions/A/Libraries/libHeimdalProxy.dylib
0x000000000739f000 	/usr/lib/libheimdal-asn1.dylib
0x000000000739f000 	/System/Library/PrivateFrameworks/CommonAuth.framework/Versions/A/CommonAuth
0x000000000739f000 	/System/Library/PrivateFrameworks/AssertionServices.framework/Versions/A/AssertionServices
0x000000000739f000 	/System/Library/PrivateFrameworks/AudioToolboxCore.framework/Versions/A/AudioToolboxCore
0x000000000739f000 	/System/Library/PrivateFrameworks/caulk.framework/Versions/A/caulk
0x000000000739f000 	/System/Library/PrivateFrameworks/BaseBoard.framework/Versions/A/BaseBoard
0x000000000739f000 	/System/Library/PrivateFrameworks/RunningBoardServices.framework/Versions/A/RunningBoardServices
0x000000000739f000 	/System/Library/PrivateFrameworks/PersistentConnection.framework/Versions/A/PersistentConnection
0x000000000739f000 	/System/Library/PrivateFrameworks/ProtocolBuffer.framework/Versions/A/ProtocolBuffer
0x000000000739f000 	/System/Library/PrivateFrameworks/CommonUtilities.framework/Versions/A/CommonUtilities
0x000000000739f000 	/System/Library/PrivateFrameworks/Bom.framework/Versions/A/Bom
0x000000000739f000 	/usr/lib/libAudioToolboxUtility.dylib
0x000000000739f000 	/System/Library/PrivateFrameworks/Backup.framework/Versions/A/Backup
0x000000000739f000 	/System/Library/PrivateFrameworks/CrashReporterSupport.framework/Versions/A/CrashReporterSupport
0x000000000739f000 	/System/Library/PrivateFrameworks/Sharing.framework/Versions/A/Sharing
0x000000000739f000 	/System/Library/PrivateFrameworks/Apple80211.framework/Versions/A/Apple80211
0x000000000739f000 	/System/Library/PrivateFrameworks/AuthKit.framework/Versions/A/AuthKit
0x000000000739f000 	/System/Library/PrivateFrameworks/CoreUtils.framework/Versions/A/CoreUtils
0x000000000739f000 	/System/Library/Frameworks/CoreWLAN.framework/Versions/A/CoreWLAN
0x000000000739f000 	/System/Library/Frameworks/IOBluetooth.framework/Versions/A/IOBluetooth
0x000000000739f000 	/System/Library/PrivateFrameworks/MobileKeyBag.framework/Versions/A/MobileKeyBag
0x000000000739f000 	/System/Library/PrivateFrameworks/CorePhoneNumbers.framework/Versions/A/CorePhoneNumbers
0x000000000739f000 	/System/Library/PrivateFrameworks/AppleIDAuthSupport.framework/Versions/A/AppleIDAuthSupport
0x000000000739f000 	/System/Library/Frameworks/Network.framework/Versions/A/Network
0x000000000739f000 	/System/Library/PrivateFrameworks/KeychainCircle.framework/Versions/A/KeychainCircle
0x000000000739f000 	/System/Library/Frameworks/CoreBluetooth.framework/Versions/A/CoreBluetooth
0x000000000739f000 	/System/Library/PrivateFrameworks/SpeechRecognitionCore.framework/Versions/A/SpeechRecognitionCore
0x0000000101e28000 	/Library/Java/JavaVirtualMachines/jdk1.8.0_112.jdk/Contents/Home/jre/lib/server/libjvm.dylib
0x000000000739f000 	/usr/lib/libstdc++.6.dylib
0x0000000100253000 	/Library/Java/JavaVirtualMachines/jdk1.8.0_112.jdk/Contents/Home/jre/lib/libverify.dylib
0x0000000100261000 	/Library/Java/JavaVirtualMachines/jdk1.8.0_112.jdk/Contents/Home/jre/lib/libjava.dylib
0x00000001002e0000 	/Library/Java/JavaVirtualMachines/jdk1.8.0_112.jdk/Contents/Home/jre/lib/libzip.dylib
0x000000000739f000 	/System/Library/Frameworks/JavaVM.framework/Versions/A/Frameworks/JavaRuntimeSupport.framework/Versions/A/JavaRuntimeSupport
0x000000000739f000 	/System/Library/Frameworks/JavaVM.framework/Versions/A/Frameworks/JavaNativeFoundation.framework/Versions/A/JavaNativeFoundation
0x000000000739f000 	/System/Library/Frameworks/JavaVM.framework/Versions/A/JavaVM
0x000000000739f000 	/System/Library/Frameworks/Carbon.framework/Versions/A/Carbon
0x000000000739f000 	/System/Library/PrivateFrameworks/CoreSymbolication.framework/Versions/A/CoreSymbolication
0x000000000739f000 	/System/Library/PrivateFrameworks/JavaLaunching.framework/Versions/A/JavaLaunching
0x000000000739f000 	/System/Library/Frameworks/Carbon.framework/Versions/A/Frameworks/CommonPanels.framework/Versions/A/CommonPanels
0x000000000739f000 	/System/Library/Frameworks/Carbon.framework/Versions/A/Frameworks/Help.framework/Versions/A/Help
0x000000000739f000 	/System/Library/Frameworks/Carbon.framework/Versions/A/Frameworks/ImageCapture.framework/Versions/A/ImageCapture
0x000000000739f000 	/System/Library/Frameworks/Carbon.framework/Versions/A/Frameworks/OpenScripting.framework/Versions/A/OpenScripting
0x000000000739f000 	/System/Library/Frameworks/Carbon.framework/Versions/A/Frameworks/Ink.framework/Versions/A/Ink
0x000000000739f000 	/System/Library/Frameworks/Carbon.framework/Versions/A/Frameworks/Print.framework/Versions/A/Print
0x000000000739f000 	/System/Library/Frameworks/Carbon.framework/Versions/A/Frameworks/SecurityHI.framework/Versions/A/SecurityHI
0x000000000739f000 	/System/Library/PrivateFrameworks/DebugSymbols.framework/Versions/A/DebugSymbols
0x000000011d936000 	/Library/Java/JavaVirtualMachines/jdk1.8.0_112.jdk/Contents/Home/jre/lib/libnet.dylib
0x000000011d94d000 	/Library/Java/JavaVirtualMachines/jdk1.8.0_112.jdk/Contents/Home/jre/lib/libnio.dylib
0x000000011e0d4000 	/Library/Java/JavaVirtualMachines/jdk1.8.0_112.jdk/Contents/Home/jre/lib/libawt.dylib
0x000000011e17c000 	/Library/Java/JavaVirtualMachines/jdk1.8.0_112.jdk/Contents/Home/jre/lib/libmlib_image.dylib
0x000000011e8a2000 	/Library/Java/JavaVirtualMachines/jdk1.8.0_112.jdk/Contents/Home/jre/lib/libawt_lwawt.dylib
0x000000011e248000 	/Library/Java/JavaVirtualMachines/jdk1.8.0_112.jdk/Contents/Home/jre/lib/libosxapp.dylib
0x000000000739f000 	/System/Library/Frameworks/ExceptionHandling.framework/Versions/A/ExceptionHandling
0x000000000739f000 	/System/Library/PrivateFrameworks/CoreServicesInternal.framework/Versions/A/CoreServicesInternal
0x000000000739f000 	/System/Library/Frameworks/FileProvider.framework/Versions/A/FileProvider
0x000000000739f000 	/System/Library/Frameworks/Accounts.framework/Versions/A/Accounts
0x000000000739f000 	/System/Library/PrivateFrameworks/GenerationalStorage.framework/Versions/A/GenerationalStorage
0x000000000739f000 	/System/Library/PrivateFrameworks/SymptomDiagnosticReporter.framework/Versions/A/SymptomDiagnosticReporter
0x000000000739f000 	/System/Library/PrivateFrameworks/AppContainer.framework/Versions/A/AppContainer
0x000000000739f000 	/usr/lib/libsandbox.1.dylib
0x000000000739f000 	/System/Library/PrivateFrameworks/UserManagement.framework/Versions/A/UserManagement
0x000000000739f000 	/System/Library/PrivateFrameworks/ChunkingLibrary.framework/Versions/A/ChunkingLibrary
0x000000000739f000 	/System/Library/PrivateFrameworks/AppSandbox.framework/Versions/A/AppSandbox
0x000000000739f000 	/System/Library/PrivateFrameworks/SecCodeWrapper.framework/Versions/A/SecCodeWrapper
0x000000000739f000 	/usr/lib/libMatch.1.dylib
0x000000000739f000 	/System/Library/CoreServices/RawCamera.bundle/Contents/MacOS/RawCamera
0x000000000739f000 	/System/Library/PrivateFrameworks/MobileAsset.framework/Versions/A/MobileAsset
0x000000000739f000 	/System/Library/PrivateFrameworks/StreamingZip.framework/Versions/A/StreamingZip
0x000000000739f000 	/System/Library/Frameworks/MediaToolbox.framework/Versions/A/MediaToolbox
0x000000000739f000 	/System/Library/PrivateFrameworks/CoreAVCHD.framework/Versions/A/CoreAVCHD
0x000000000739f000 	/System/Library/Frameworks/MediaAccessibility.framework/Versions/A/MediaAccessibility
0x000000000739f000 	/System/Library/PrivateFrameworks/Mangrove.framework/Versions/A/Mangrove
0x000000000739f000 	/System/Library/Frameworks/CoreMedia.framework/Versions/A/CoreMedia
0x000000000739f000 	/System/Library/PrivateFrameworks/MediaExperience.framework/Versions/A/MediaExperience
0x000000000739f000 	/System/Library/Frameworks/VideoToolbox.framework/Versions/A/VideoToolbox
0x000000000739f000 	/System/Library/PrivateFrameworks/CoreAUC.framework/Versions/A/CoreAUC
0x000000000739f000 	/usr/lib/libspindump.dylib
0x000000000739f000 	/System/Library/PrivateFrameworks/AudioResourceArbitration.framework/Versions/A/AudioResourceArbitration
0x000000000739f000 	/System/Library/PrivateFrameworks/AppleVA.framework/Versions/A/AppleVA
0x000000000739f000 	/System/Library/Frameworks/Accelerate.framework/Versions/A/Frameworks/vImage.framework/Versions/A/Libraries/libCGInterfaces.dylib
0x000000011fd75000 	/usr/lib/libobjc-trampolines.dylib
0x000000000739f000 	/System/Library/PrivateFrameworks/FontServices.framework/libTrueTypeScaler.dylib
0x000000000739f000 	/System/Library/Extensions/AppleIntelSKLGraphicsMTLDriver.bundle/Contents/MacOS/AppleIntelSKLGraphicsMTLDriver
0x000000000739f000 	/System/Library/Extensions/AMDMTLBronzeDriver.bundle/Contents/MacOS/AMDMTLBronzeDriver
0x000000000739f000 	/System/Library/PrivateFrameworks/IOAccelMemoryInfo.framework/Versions/A/IOAccelMemoryInfo
0x000000000739f000 	/System/Library/PrivateFrameworks/GPUCompiler.framework/Versions/3902/Libraries/libmetal_timestamp.dylib
0x000000000739f000 	/System/Library/PrivateFrameworks/FamilyControls.framework/Versions/A/FamilyControls
0x000000000739f000 	/System/Library/PrivateFrameworks/CommerceKit.framework/Versions/A/Frameworks/CommerceCore.framework/Versions/A/CommerceCore
0x000000000739f000 	/System/Library/PrivateFrameworks/SystemAdministration.framework/Versions/A/SystemAdministration
0x000000000739f000 	/System/Library/PrivateFrameworks/DiskManagement.framework/Versions/A/DiskManagement
0x000000000739f000 	/System/Library/Frameworks/DirectoryService.framework/Versions/A/DirectoryService
0x000000000739f000 	/System/Library/PrivateFrameworks/DiskImages.framework/Versions/A/DiskImages
0x000000000739f000 	/System/Library/PrivateFrameworks/LoginUIKit.framework/Versions/A/Frameworks/LoginUICore.framework/Versions/A/LoginUICore
0x000000000739f000 	/usr/lib/libCoreStorage.dylib
0x000000000739f000 	/usr/lib/libcsfde.dylib
0x000000000739f000 	/usr/lib/libodfde.dylib
0x000000000739f000 	/System/Library/PrivateFrameworks/MediaKit.framework/Versions/A/MediaKit
0x000000000739f000 	/System/Library/Frameworks/DiscRecording.framework/Versions/A/DiscRecording
0x000000000739f000 	/System/Library/PrivateFrameworks/EFILogin.framework/Versions/A/EFILogin
0x000000000739f000 	/System/Library/PrivateFrameworks/ProtectedCloudStorage.framework/Versions/A/ProtectedCloudStorage
0x000000000739f000 	/usr/lib/libcurl.4.dylib
0x000000000739f000 	/usr/lib/libcrypto.44.dylib
0x000000000739f000 	/usr/lib/libssl.46.dylib
0x000000000739f000 	/System/Library/Frameworks/LDAP.framework/Versions/A/LDAP
0x000000000739f000 	/System/Library/PrivateFrameworks/TrustEvaluationAgent.framework/Versions/A/TrustEvaluationAgent
0x000000000739f000 	/usr/lib/libsasl2.2.dylib
0x000000000739f000 	/System/Library/PrivateFrameworks/CoreDaemon.framework/Versions/B/CoreDaemon
0x000000000739f000 	/System/Library/PrivateFrameworks/AppleSRP.framework/Versions/A/AppleSRP
0x000000000739f000 	/System/Library/PrivateFrameworks/ViewBridge.framework/Versions/A/ViewBridge
0x000000000739f000 	/System/Library/PrivateFrameworks/login.framework/Versions/A/login

VM Arguments:
jvm_args: -Dclassworlds.conf=/Users/kansoa/Development/maven/bin/m2.conf -Dmaven.home=/Users/kansoa/Development/maven -Dmaven.multiModuleProjectDirectory=/Users/kansoa/Development/projects/cscf/infofauna_2020/midat_rivieres/jeci-shell-new-user-permissions/midat 
java_command: org.codehaus.plexus.classworlds.launcher.Launcher -P dev clean install -Dmaven.test.skip=true
java_class_path (initial): /Users/kansoa/Development/maven/boot/plexus-classworlds-2.5.2.jar
Launcher Type: SUN_STANDARD

Environment Variables:
JAVA_HOME=/Library/Java/JavaVirtualMachines/jdk1.8.0_112.jdk/Contents/Home
PATH=/Users/kansoa/Library/Android/sdk/platform-tools:/Users/kansoa/.nvm/versions/node/v8.1.2/bin:/usr/local/bin:/usr/bin:/bin:/usr/sbin:/sbin:/usr/local/munki:/Library/Apple/usr/bin:/Users/kansoa/Development/maven/bin:/Users/kansoa/Development/gradle/bin
SHELL=/bin/zsh

Signal Handlers:
SIGSEGV: [libjvm.dylib+0x5b11a5], sa_mask[0]=11111111011111110111111111111111, sa_flags=SA_ONSTACK|SA_RESTART|SA_SIGINFO
SIGBUS: [libjvm.dylib+0x5b11a5], sa_mask[0]=11111111011111110111111111111111, sa_flags=SA_RESTART|SA_SIGINFO
SIGFPE: [libjvm.dylib+0x487dc0], sa_mask[0]=11111111011111110111111111111111, sa_flags=SA_RESTART|SA_SIGINFO
SIGPIPE: [libjvm.dylib+0x487dc0], sa_mask[0]=11111111011111110111111111111111, sa_flags=SA_RESTART|SA_SIGINFO
SIGXFSZ: [libjvm.dylib+0x487dc0], sa_mask[0]=11111111011111110111111111111111, sa_flags=SA_RESTART|SA_SIGINFO
SIGILL: [libjvm.dylib+0x487dc0], sa_mask[0]=11111111011111110111111111111111, sa_flags=SA_RESTART|SA_SIGINFO
SIGUSR1: SIG_DFL, sa_mask[0]=00000000000000000000000000000000, sa_flags=SA_RESTART
SIGUSR2: [libjvm.dylib+0x4878de], sa_mask[0]=00000000000000000000000000000000, sa_flags=SA_RESTART|SA_SIGINFO
SIGHUP: [libjvm.dylib+0x485eb5], sa_mask[0]=11111111011111110111111111111111, sa_flags=SA_RESTART|SA_SIGINFO
SIGINT: [libjvm.dylib+0x485eb5], sa_mask[0]=11111111011111110111111111111111, sa_flags=SA_RESTART|SA_SIGINFO
SIGTERM: [libjvm.dylib+0x485eb5], sa_mask[0]=11111111011111110111111111111111, sa_flags=SA_RESTART|SA_SIGINFO
SIGQUIT: [libjvm.dylib+0x485eb5], sa_mask[0]=11111111011111110111111111111111, sa_flags=SA_RESTART|SA_SIGINFO


---------------  S Y S T E M  ---------------

OS:Bsduname:Darwin 19.6.0 Darwin Kernel Version 19.6.0: Sun Jul  5 00:43:10 PDT 2020; root:xnu-6153.141.1~9/RELEASE_X86_64 x86_64
rlimit: STACK 8192k, CORE 0k, NPROC 2784, NOFILE 10240, AS infinity
load average:3.59 3.28 3.32

CPU:total 8 (4 cores per cpu, 2 threads per core) family 6 model 94 stepping 3, cmov, cx8, fxsr, mmx, sse, sse2, sse3, ssse3, sse4.1, sse4.2, popcnt, avx, avx2, aes, clmul, erms, rtm, 3dnowpref, lzcnt, ht, tsc, tscinvbit, bmi1, bmi2, adx

Memory: 4k page, physical 16777216k(1405980k free)

/proc/meminfo:


vm_info: Java HotSpot(TM) 64-Bit Server VM (25.112-b16) for bsd-amd64 JRE (1.8.0_112-b16), built on Sep 30 2016 22:41:41 by "java_re" with gcc 4.2.1 (Based on Apple Inc. build 5658) (LLVM build 2336.11.00)

time: Tue Aug 25 13:36:45 2020
elapsed time: 22 seconds (0d 0h 0m 22s)

