#
# A fatal error has been detected by the Java Runtime Environment:
#
#  SIGSEGV (0xb) at pc=0x000000010ff54845, pid=66291, tid=0x0000000000004303
#
# JRE version: Java(TM) SE Runtime Environment (8.0_112-b16) (build 1.8.0_112-b16)
# Java VM: Java HotSpot(TM) 64-Bit Server VM (25.112-b16 mixed mode bsd-amd64 compressed oops)
# Problematic frame:
# V  [libjvm.dylib+0x154845]  JVMState::debug_start() const+0xf
#
# Failed to write core dump. Core dumps have been disabled. To enable core dumping, try "ulimit -c unlimited" before starting Java again
#
# If you would like to submit a bug report, please visit:
#   http://bugreport.java.com/bugreport/crash.jsp
#

---------------  T H R E A D  ---------------

Current thread (0x00007faaa286f000):  JavaThread "C2 CompilerThread0" daemon [_thread_in_native, id=17155, stack(0x0000700004b81000,0x0000700004c81000)]

siginfo: si_signo: 11 (SIGSEGV), si_code: 1 (SEGV_MAPERR), si_addr: 0x0000000000000000

Registers:
RAX=0x00000000000001fe, RBX=0x00007faaa28670b0, RCX=0x0000000000000001, RDX=0x0000000000000000
RSP=0x0000700004c79d60, RBP=0x0000700004c79d60, RSI=0x0000000000000000, RDI=0x0000000000000000
R8 =0x0000000000000010, R9 =0x000000011063d2f0, R10=0x00007faaa6a46390, R11=0x00000000000000c0
R12=0x00007faaa8bb0168, R13=0x00007faaa8bb0168, R14=0x00007faaa2a83c60, R15=0x00007faaa8957430
RIP=0x000000010ff54845, EFLAGS=0x0000000000010202, ERR=0x0000000000000004
  TRAPNO=0x000000000000000e

Top of Stack: (sp=0x0000700004c79d60)
0x0000700004c79d60:   0000700004c79e40 00000001101ed177
0x0000700004c79d70:   0000700004c79e58 0000700004c79e58
0x0000700004c79d80:   0000000000000000 00000022101f12c7
0x0000700004c79d90:   00007faaa8bb0120 00007faaa89cad90
0x0000700004c79da0:   0000000000000000 00007faaa2a838f0
0x0000700004c79db0:   00007faaa89cba18 00007faaa8cb6100
0x0000700004c79dc0:   00007faaa2a83c60 00007faaa301e040
0x0000700004c79dd0:   0000000204c79e40 0000000000000000
0x0000700004c79de0:   0000700004c7c908 0000000000000010
0x0000700004c79df0:   00007faaa2a83c60 00000100000000c8
0x0000700004c79e00:   0000000000000000 00007faa0000000f
0x0000700004c79e10:   00007faaa701fe20 00007faaa89cad90
0x0000700004c79e20:   0000700004c79e58 0000700004c80040
0x0000700004c79e30:   0000700004c7c908 00007faaa6a45228
0x0000700004c79e40:   0000700004c79ea0 00000001101edb5a
0x0000700004c79e50:   0000700004c79e60 0000020000000094
0x0000700004c79e60:   0000000000000000 00007faa0000000f
0x0000700004c79e70:   00007faaa2ba16d0 0000700004c7c908
0x0000700004c79e80:   0000700004c7de01 0000700004c80040
0x0000700004c79e90:   0000000000000001 0000000000000000
0x0000700004c79ea0:   0000700004c79ed0 00000001101edd34
0x0000700004c79eb0:   0000700004c80040 0000700004c7ded8
0x0000700004c79ec0:   0000700004c7ded8 0000700004c7c908
0x0000700004c79ed0:   0000700004c7f400 000000010ffb00b4
0x0000700004c79ee0:   000000000000000f 0000700004c80040
0x0000700004c79ef0:   0000700004c7ded8 00007faaa809acf0
0x0000700004c79f00:   0000000000000000 0000000000000000
0x0000700004c79f10:   0000000000000000 0000000000000000
0x0000700004c79f20:   00007faaa809ade0 0000000000000000
0x0000700004c79f30:   0000000000000000 0000000000000001
0x0000700004c79f40:   000000011061e250 000000000000000e
0x0000700004c79f50:   0000700004c80040 00007faaa243c7d0 

Instructions: (pc=0x000000010ff54845)
0x000000010ff54825:   47 28 75 dd 48 8b 36 48 8b 3f 48 39 f7 74 c3 eb
0x000000010ff54835:   d4 55 48 89 e5 8b 47 08 ff c8 85 c0 7e 07 ff c8
0x000000010ff54845:   48 8b 3f 75 f9 8b 47 0c 5d c3 90 55 48 89 e5 8b
0x000000010ff54855:   47 1c 5d c3 90 55 48 89 e5 48 85 ff 74 1b 31 c0 

Register to memory mapping:

RAX=0x00000000000001fe is an unknown value
RBX=0x00007faaa28670b0 is an unknown value
RCX=0x0000000000000001 is an unknown value
RDX=0x0000000000000000 is an unknown value
RSP=0x0000700004c79d60 is pointing into the stack for thread: 0x00007faaa286f000
RBP=0x0000700004c79d60 is pointing into the stack for thread: 0x00007faaa286f000
RSI=0x0000000000000000 is an unknown value
RDI=0x0000000000000000 is an unknown value
R8 =0x0000000000000010 is an unknown value
R9 =0x000000011063d2f0: _ZN4Type10_type_infoE+0 in /Library/Java/JavaVirtualMachines/jdk1.8.0_112.jdk/Contents/Home/jre/lib/server/libjvm.dylib at 0x000000010fe00000
R10=0x00007faaa6a46390 is an unknown value
R11=0x00000000000000c0 is an unknown value
R12=0x00007faaa8bb0168 is an unknown value
R13=0x00007faaa8bb0168 is an unknown value
R14=0x00007faaa2a83c60 is an unknown value
R15=0x00007faaa8957430 is an unknown value


Stack: [0x0000700004b81000,0x0000700004c81000],  sp=0x0000700004c79d60,  free space=995k
Native frames: (J=compiled Java code, j=interpreted, Vv=VM code, C=native code)
V  [libjvm.dylib+0x154845]  JVMState::debug_start() const+0xf
V  [libjvm.dylib+0x3ed177]  PhaseMacroExpand::scalar_replacement(AllocateNode*, GrowableArray<SafePointNode*>&)+0x5e1
V  [libjvm.dylib+0x3edb5a]  PhaseMacroExpand::eliminate_allocate_node(AllocateNode*)+0xf0
V  [libjvm.dylib+0x3edd34]  PhaseMacroExpand::eliminate_macro_nodes()+0x122
V  [libjvm.dylib+0x1b00b4]  Compile::Optimize()+0x4c8
V  [libjvm.dylib+0x1b32f8]  Compile::Compile(ciEnv*, C2Compiler*, ciMethod*, int, bool, bool, bool)+0x8ec
V  [libjvm.dylib+0x150a2e]  C2Compiler::compile_method(ciEnv*, ciMethod*, int)+0xb2
V  [libjvm.dylib+0x1b6a2c]  CompileBroker::invoke_compiler_on_method(CompileTask*)+0x5b2
V  [libjvm.dylib+0x1b8f73]  CompileBroker::compiler_thread_loop()+0x291
V  [libjvm.dylib+0x56b033]  JavaThread::thread_main_inner()+0x9b
V  [libjvm.dylib+0x56c720]  JavaThread::run()+0x1c2
V  [libjvm.dylib+0x48a7ae]  java_start(Thread*)+0xf6
C  [libsystem_pthread.dylib+0x6109]  _pthread_start+0x94
C  [libsystem_pthread.dylib+0x1b8b]  thread_start+0xf
C  0x0000000000000000


Current CompileTask:
C2:   2775 2921   !   4       org.codehaus.plexus.interpolation.StringSearchInterpolator::interpolate (655 bytes)


---------------  P R O C E S S  ---------------

Java Threads: ( => current thread )
  0x00007faaaa03b800 JavaThread "process reaper" daemon [_thread_blocked, id=21763, stack(0x0000700005193000,0x00007000051bb000)]
  0x00007faaa304c800 JavaThread "Service Thread" daemon [_thread_blocked, id=15619, stack(0x0000700004f8d000,0x000070000508d000)]
  0x00007faaa481e800 JavaThread "C1 CompilerThread3" daemon [_thread_in_native, id=16131, stack(0x0000700004e8a000,0x0000700004f8a000)]
  0x00007faaa3032000 JavaThread "C2 CompilerThread2" daemon [_thread_in_native, id=16643, stack(0x0000700004d87000,0x0000700004e87000)]
  0x00007faaa3031000 JavaThread "C2 CompilerThread1" daemon [_thread_in_native, id=14339, stack(0x0000700004c84000,0x0000700004d84000)]
=>0x00007faaa286f000 JavaThread "C2 CompilerThread0" daemon [_thread_in_native, id=17155, stack(0x0000700004b81000,0x0000700004c81000)]
  0x00007faaa286e800 JavaThread "Signal Dispatcher" daemon [_thread_blocked, id=17411, stack(0x0000700004a7e000,0x0000700004b7e000)]
  0x00007faaa2850800 JavaThread "Finalizer" daemon [_thread_blocked, id=19715, stack(0x0000700004875000,0x0000700004975000)]
  0x00007faaa284e000 JavaThread "Reference Handler" daemon [_thread_blocked, id=12291, stack(0x0000700004772000,0x0000700004872000)]
  0x00007faaa280f000 JavaThread "main" [_thread_in_native, id=3587, stack(0x0000700003d54000,0x0000700003e54000)]

Other Threads:
  0x00007faaa2849000 VMThread [stack: 0x000070000466f000,0x000070000476f000] [id=11779]
  0x00007faaa2853800 WatcherThread [stack: 0x0000700005090000,0x0000700005190000] [id=15363]

VM state:not at safepoint (normal execution)

VM Mutex/Monitor currently owned by a thread: None

Heap:
 PSYoungGen      total 76288K, used 34559K [0x000000076ab00000, 0x0000000770000000, 0x00000007c0000000)
  eden space 65536K, 37% used [0x000000076ab00000,0x000000076c3071a0,0x000000076eb00000)
  from space 10752K, 92% used [0x000000076f580000,0x000000076ff38b98,0x0000000770000000)
  to   space 10752K, 0% used [0x000000076eb00000,0x000000076eb00000,0x000000076f580000)
 ParOldGen       total 175104K, used 351K [0x00000006c0000000, 0x00000006cab00000, 0x000000076ab00000)
  object space 175104K, 0% used [0x00000006c0000000,0x00000006c0057d20,0x00000006cab00000)
 Metaspace       used 17781K, capacity 18272K, committed 18560K, reserved 1064960K
  class space    used 2149K, capacity 2340K, committed 2432K, reserved 1048576K

Card table byte_map: [0x0000000111162000,0x0000000111963000] byte_map_base: 0x000000010db62000

Marking Bits: (ParMarkBitMap*) 0x00000001106f0d30
 Begin Bits: [0x0000000111eb9000, 0x0000000115eb9000)
 End Bits:   [0x0000000115eb9000, 0x0000000119eb9000)

Polling page: 0x000000010ed8b000

CodeCache: size=245760Kb used=9960Kb max_used=9960Kb free=235799Kb
 bounds [0x000000011d5df000, 0x000000011dfaf000, 0x000000012c5df000]
 total_blobs=3311 nmethods=2960 adapters=264
 compilation: enabled

Compilation events (10 events):
Event: 2.739 Thread 0x00007faaa3031000 nmethod 2942 0x000000011df702d0 code [0x000000011df70440, 0x000000011df708f8]
Event: 2.739 Thread 0x00007faaa3031000 2943       4       com.google.inject.internal.InternalContext$DependencyStack::<init> (5 bytes)
Event: 2.739 Thread 0x00007faaa3031000 nmethod 2943 0x000000011df8c010 code [0x000000011df8c160, 0x000000011df8c278]
Event: 2.739 Thread 0x00007faaa481e800 2947       3       org.apache.maven.model.building.ModelData::<init> (32 bytes)
Event: 2.740 Thread 0x00007faaa481e800 nmethod 2947 0x000000011df8ea50 code [0x000000011df8ebe0, 0x000000011df8ef50]
Event: 2.748 Thread 0x00007faaa481e800 2948       3       org.codehaus.plexus.util.xml.pull.MXParser::nextImpl (1202 bytes)
Event: 2.751 Thread 0x00007faaa481e800 nmethod 2948 0x000000011df8f0d0 code [0x000000011df8f680, 0x000000011df92cc8]
Event: 2.751 Thread 0x00007faaa481e800 2949       3       org.apache.maven.ReactorReader::findArtifact (77 bytes)
Event: 2.752 Thread 0x00007faaa481e800 nmethod 2949 0x000000011df8dd50 code [0x000000011df8df40, 0x000000011df8e7a8]
Event: 2.756 Thread 0x00007faaa481e800 2950       3       sun.reflect.NativeMethodAccessorImpl::invoke (104 bytes)

GC Heap History (4 events):
Event: 1.062 GC heap before
{Heap before GC invocations=1 (full 0):
 PSYoungGen      total 76288K, used 65536K [0x000000076ab00000, 0x0000000770000000, 0x00000007c0000000)
  eden space 65536K, 100% used [0x000000076ab00000,0x000000076eb00000,0x000000076eb00000)
  from space 10752K, 0% used [0x000000076f580000,0x000000076f580000,0x0000000770000000)
  to   space 10752K, 0% used [0x000000076eb00000,0x000000076eb00000,0x000000076f580000)
 ParOldGen       total 175104K, used 0K [0x00000006c0000000, 0x00000006cab00000, 0x000000076ab00000)
  object space 175104K, 0% used [0x00000006c0000000,0x00000006c0000000,0x00000006cab00000)
 Metaspace       used 12558K, capacity 12692K, committed 13056K, reserved 1060864K
  class space    used 1600K, capacity 1670K, committed 1792K, reserved 1048576K
Event: 1.072 GC heap after
Heap after GC invocations=1 (full 0):
 PSYoungGen      total 76288K, used 10736K [0x000000076ab00000, 0x0000000770000000, 0x00000007c0000000)
  eden space 65536K, 0% used [0x000000076ab00000,0x000000076ab00000,0x000000076eb00000)
  from space 10752K, 99% used [0x000000076eb00000,0x000000076f57c030,0x000000076f580000)
  to   space 10752K, 0% used [0x000000076f580000,0x000000076f580000,0x0000000770000000)
 ParOldGen       total 175104K, used 335K [0x00000006c0000000, 0x00000006cab00000, 0x000000076ab00000)
  object space 175104K, 0% used [0x00000006c0000000,0x00000006c0053d20,0x00000006cab00000)
 Metaspace       used 12558K, capacity 12692K, committed 13056K, reserved 1060864K
  class space    used 1600K, capacity 1670K, committed 1792K, reserved 1048576K
}
Event: 2.471 GC heap before
{Heap before GC invocations=2 (full 0):
 PSYoungGen      total 76288K, used 76272K [0x000000076ab00000, 0x0000000770000000, 0x00000007c0000000)
  eden space 65536K, 100% used [0x000000076ab00000,0x000000076eb00000,0x000000076eb00000)
  from space 10752K, 99% used [0x000000076eb00000,0x000000076f57c030,0x000000076f580000)
  to   space 10752K, 0% used [0x000000076f580000,0x000000076f580000,0x0000000770000000)
 ParOldGen       total 175104K, used 335K [0x00000006c0000000, 0x00000006cab00000, 0x000000076ab00000)
  object space 175104K, 0% used [0x00000006c0000000,0x00000006c0053d20,0x00000006cab00000)
 Metaspace       used 17506K, capacity 18012K, committed 18176K, reserved 1064960K
  class space    used 2135K, capacity 2302K, committed 2304K, reserved 1048576K
Event: 2.484 GC heap after
Heap after GC invocations=2 (full 0):
 PSYoungGen      total 76288K, used 9954K [0x000000076ab00000, 0x0000000770000000, 0x00000007c0000000)
  eden space 65536K, 0% used [0x000000076ab00000,0x000000076ab00000,0x000000076eb00000)
  from space 10752K, 92% used [0x000000076f580000,0x000000076ff38b98,0x0000000770000000)
  to   space 10752K, 0% used [0x000000076eb00000,0x000000076eb00000,0x000000076f580000)
 ParOldGen       total 175104K, used 351K [0x00000006c0000000, 0x00000006cab00000, 0x000000076ab00000)
  object space 175104K, 0% used [0x00000006c0000000,0x00000006c0057d20,0x00000006cab00000)
 Metaspace       used 17506K, capacity 18012K, committed 18176K, reserved 1064960K
  class space    used 2135K, capacity 2302K, committed 2304K, reserved 1048576K
}

Deoptimization events (10 events):
Event: 2.166 Thread 0x00007faaa280f000 Uncommon trap: reason=class_check action=maybe_recompile pc=0x000000011dbdec30 method=java.util.regex.Pattern$7.isSatisfiedBy(I)Z @ 16
Event: 2.192 Thread 0x00007faaa280f000 Uncommon trap: reason=bimorphic action=maybe_recompile pc=0x000000011db1e28c method=java.util.concurrent.ConcurrentHashMap.get(Ljava/lang/Object;)Ljava/lang/Object; @ 149
Event: 2.192 Thread 0x00007faaa280f000 Uncommon trap: reason=bimorphic action=maybe_recompile pc=0x000000011db1e28c method=java.util.concurrent.ConcurrentHashMap.get(Ljava/lang/Object;)Ljava/lang/Object; @ 149
Event: 2.240 Thread 0x00007faaa2e80000 Uncommon trap: reason=speculate_class_check action=maybe_recompile pc=0x000000011ddd2bf4 method=java.nio.charset.CharsetDecoder.decode(Ljava/nio/ByteBuffer;Ljava/nio/CharBuffer;Z)Ljava/nio/charset/CoderResult; @ 57
Event: 2.240 Thread 0x00007faaa2e8b000 Uncommon trap: reason=speculate_class_check action=maybe_recompile pc=0x000000011ddd2bf4 method=java.nio.charset.CharsetDecoder.decode(Ljava/nio/ByteBuffer;Ljava/nio/CharBuffer;Z)Ljava/nio/charset/CoderResult; @ 57
Event: 2.388 Thread 0x00007faaa280f000 Uncommon trap: reason=unstable_if action=reinterpret pc=0x000000011dbefcdc method=java.util.LinkedHashMap.afterNodeInsertion(Z)V @ 18
Event: 2.419 Thread 0x00007faaa280f000 Uncommon trap: reason=unstable_if action=reinterpret pc=0x000000011ddf1724 method=org.eclipse.sisu.plexus.RealmFilteredBeans$FilteredItr.hasNext()Z @ 44
Event: 2.434 Thread 0x00007faaa280f000 Uncommon trap: reason=bimorphic action=maybe_recompile pc=0x000000011db31b50 method=java.util.regex.Pattern$CharProperty.match(Ljava/util/regex/Matcher;ILjava/lang/CharSequence;)Z @ 37
Event: 2.541 Thread 0x00007faaa280f000 Uncommon trap: reason=unstable_if action=reinterpret pc=0x000000011de4e0f8 method=java.util.HashMap$HashIterator.<init>(Ljava/util/HashMap;)V @ 45
Event: 2.748 Thread 0x00007faaa280f000 Uncommon trap: reason=unstable_if action=reinterpret pc=0x000000011dced0f4 method=org.codehaus.plexus.util.xml.pull.MXParser.nextImpl()I @ 280

Internal exceptions (10 events):
Event: 1.307 Thread 0x00007faaa280f000 Implicit null exception at 0x000000011d7f642f to 0x000000011d7f6499
Event: 1.370 Thread 0x00007faaa280f000 Implicit null exception at 0x000000011dbae88e to 0x000000011dbaf2cd
Event: 2.210 Thread 0x00007faaa280f000 Exception <a 'java/lang/NoSuchFieldError': method resolution failed> (0x000000076e1dccd0) thrown at [/Users/java_re/workspace/8-2-build-macosx-x86_64/jdk8u112/7935/hotspot/src/share/vm/prims/methodHandles.cpp, line 1146]
Event: 2.211 Thread 0x00007faaa280f000 Exception <a 'java/lang/NoSuchFieldError': method resolution failed> (0x000000076e1ea390) thrown at [/Users/java_re/workspace/8-2-build-macosx-x86_64/jdk8u112/7935/hotspot/src/share/vm/prims/methodHandles.cpp, line 1146]
Event: 2.442 Thread 0x00007faaa280f000 Exception <a 'java/lang/NullPointerException'> (0x000000076e9ca8f8) thrown at [/Users/java_re/workspace/8-2-build-macosx-x86_64/jdk8u112/7935/hotspot/src/share/vm/interpreter/linkResolver.cpp, line 1178]
Event: 2.442 Thread 0x00007faaa280f000 Exception <a 'java/lang/NullPointerException'> (0x000000076e9cacf8) thrown at [/Users/java_re/workspace/8-2-build-macosx-x86_64/jdk8u112/7935/hotspot/src/share/vm/interpreter/linkResolver.cpp, line 1178]
Event: 2.442 Thread 0x00007faaa280f000 Exception <a 'java/lang/NullPointerException'> (0x000000076e9cb0f8) thrown at [/Users/java_re/workspace/8-2-build-macosx-x86_64/jdk8u112/7935/hotspot/src/share/vm/interpreter/linkResolver.cpp, line 1178]
Event: 2.442 Thread 0x00007faaa280f000 Exception <a 'java/lang/NullPointerException'> (0x000000076e9cd178) thrown at [/Users/java_re/workspace/8-2-build-macosx-x86_64/jdk8u112/7935/hotspot/src/share/vm/interpreter/linkResolver.cpp, line 1178]
Event: 2.442 Thread 0x00007faaa280f000 Exception <a 'java/lang/NullPointerException'> (0x000000076e9cd578) thrown at [/Users/java_re/workspace/8-2-build-macosx-x86_64/jdk8u112/7935/hotspot/src/share/vm/interpreter/linkResolver.cpp, line 1178]
Event: 2.442 Thread 0x00007faaa280f000 Exception <a 'java/lang/NullPointerException'> (0x000000076e9cd978) thrown at [/Users/java_re/workspace/8-2-build-macosx-x86_64/jdk8u112/7935/hotspot/src/share/vm/interpreter/linkResolver.cpp, line 1178]

Events (10 events):
Event: 2.611 loading class org/eclipse/aether/repository/AuthenticationDigest done
Event: 2.612 loading class org/eclipse/aether/resolution/ResolutionErrorPolicyRequest
Event: 2.612 loading class org/eclipse/aether/resolution/ResolutionErrorPolicyRequest done
Event: 2.675 Thread 0x00007faaa280f000 DEOPT PACKING pc=0x000000011db8b60a sp=0x0000700003e4fdc0
Event: 2.675 Thread 0x00007faaa280f000 DEOPT UNPACKING pc=0x000000011d626633 sp=0x0000700003e4fb48 mode 0
Event: 2.733 loading class com/google/inject/internal/InternalContext$1
Event: 2.733 loading class com/google/inject/internal/InternalContext$1 done
Event: 2.748 Thread 0x00007faaa280f000 Uncommon trap: trap_request=0xffffff65 fr.pc=0x000000011dced0f4
Event: 2.748 Thread 0x00007faaa280f000 DEOPT PACKING pc=0x000000011dced0f4 sp=0x0000700003e4fee0
Event: 2.748 Thread 0x00007faaa280f000 DEOPT UNPACKING pc=0x000000011d5e4229 sp=0x0000700003e4fe68 mode 2


Dynamic libraries:
0x000000000c543000 	/System/Library/Frameworks/Cocoa.framework/Versions/A/Cocoa
0x000000000c543000 	/System/Library/Frameworks/Security.framework/Versions/A/Security
0x000000000c543000 	/System/Library/Frameworks/ApplicationServices.framework/Versions/A/ApplicationServices
0x000000000c543000 	/usr/lib/libz.1.dylib
0x000000000c543000 	/usr/lib/libSystem.B.dylib
0x000000000c543000 	/usr/lib/libobjc.A.dylib
0x000000000c543000 	/System/Library/Frameworks/CoreFoundation.framework/Versions/A/CoreFoundation
0x000000000c543000 	/System/Library/Frameworks/Foundation.framework/Versions/C/Foundation
0x000000000c543000 	/System/Library/Frameworks/AppKit.framework/Versions/C/AppKit
0x000000000c543000 	/System/Library/Frameworks/CoreData.framework/Versions/A/CoreData
0x000000000c543000 	/System/Library/PrivateFrameworks/UIFoundation.framework/Versions/A/UIFoundation
0x000000000c543000 	/System/Library/PrivateFrameworks/RemoteViewServices.framework/Versions/A/RemoteViewServices
0x000000000c543000 	/System/Library/PrivateFrameworks/XCTTargetBootstrap.framework/Versions/A/XCTTargetBootstrap
0x000000000c543000 	/System/Library/Frameworks/CoreDisplay.framework/Versions/A/CoreDisplay
0x000000000c543000 	/System/Library/Frameworks/Metal.framework/Versions/A/Metal
0x000000000c543000 	/System/Library/PrivateFrameworks/DesktopServicesPriv.framework/Versions/A/DesktopServicesPriv
0x000000000c543000 	/usr/lib/liblangid.dylib
0x000000000c543000 	/System/Library/PrivateFrameworks/CoreSVG.framework/Versions/A/CoreSVG
0x000000000c543000 	/System/Library/PrivateFrameworks/SkyLight.framework/Versions/A/SkyLight
0x000000000c543000 	/System/Library/Frameworks/CoreGraphics.framework/Versions/A/CoreGraphics
0x000000000c543000 	/System/Library/Frameworks/Accelerate.framework/Versions/A/Accelerate
0x000000000c543000 	/usr/lib/libxml2.2.dylib
0x000000000c543000 	/System/Library/PrivateFrameworks/IconServices.framework/Versions/A/IconServices
0x000000000c543000 	/System/Library/Frameworks/IOSurface.framework/Versions/A/IOSurface
0x000000000c543000 	/usr/lib/libDiagnosticMessagesClient.dylib
0x000000000c543000 	/System/Library/PrivateFrameworks/DFRFoundation.framework/Versions/A/DFRFoundation
0x000000000c543000 	/usr/lib/libicucore.A.dylib
0x000000000c543000 	/System/Library/Frameworks/AudioToolbox.framework/Versions/A/AudioToolbox
0x000000000c543000 	/System/Library/Frameworks/AudioUnit.framework/Versions/A/AudioUnit
0x000000000c543000 	/usr/lib/libauto.dylib
0x000000000c543000 	/System/Library/PrivateFrameworks/DataDetectorsCore.framework/Versions/A/DataDetectorsCore
0x000000000c543000 	/System/Library/Frameworks/Carbon.framework/Versions/A/Frameworks/HIToolbox.framework/Versions/A/HIToolbox
0x000000000c543000 	/System/Library/Frameworks/QuartzCore.framework/Versions/A/QuartzCore
0x000000000c543000 	/System/Library/Frameworks/Carbon.framework/Versions/A/Frameworks/SpeechRecognition.framework/Versions/A/SpeechRecognition
0x000000000c543000 	/System/Library/PrivateFrameworks/CoreUI.framework/Versions/A/CoreUI
0x000000000c543000 	/System/Library/Frameworks/CoreAudio.framework/Versions/A/CoreAudio
0x000000000c543000 	/System/Library/Frameworks/DiskArbitration.framework/Versions/A/DiskArbitration
0x000000000c543000 	/System/Library/PrivateFrameworks/MultitouchSupport.framework/Versions/A/MultitouchSupport
0x000000000c543000 	/usr/lib/libenergytrace.dylib
0x000000000c543000 	/System/Library/Frameworks/IOKit.framework/Versions/A/IOKit
0x000000000c543000 	/System/Library/Frameworks/CoreServices.framework/Versions/A/CoreServices
0x000000000c543000 	/System/Library/PrivateFrameworks/PerformanceAnalysis.framework/Versions/A/PerformanceAnalysis
0x000000000c543000 	/System/Library/Frameworks/OpenGL.framework/Versions/A/OpenGL
0x000000000c543000 	/System/Library/Frameworks/ColorSync.framework/Versions/A/ColorSync
0x000000000c543000 	/System/Library/Frameworks/CoreImage.framework/Versions/A/CoreImage
0x000000000c543000 	/System/Library/Frameworks/CoreText.framework/Versions/A/CoreText
0x000000000c543000 	/System/Library/Frameworks/ImageIO.framework/Versions/A/ImageIO
0x000000000c543000 	/usr/lib/libc++.1.dylib
0x000000000c543000 	/usr/lib/libcompression.dylib
0x000000000c543000 	/usr/lib/libMobileGestalt.dylib
0x000000000c543000 	/System/Library/PrivateFrameworks/TextureIO.framework/Versions/A/TextureIO
0x000000000c543000 	/usr/lib/libate.dylib
0x000000000c543000 	/System/Library/PrivateFrameworks/InternationalSupport.framework/Versions/A/InternationalSupport
0x000000000c543000 	/usr/lib/system/libcache.dylib
0x000000000c543000 	/usr/lib/system/libcommonCrypto.dylib
0x000000000c543000 	/usr/lib/system/libcompiler_rt.dylib
0x000000000c543000 	/usr/lib/system/libcopyfile.dylib
0x000000000c543000 	/usr/lib/system/libcorecrypto.dylib
0x000000000c543000 	/usr/lib/system/libdispatch.dylib
0x000000000c543000 	/usr/lib/system/libdyld.dylib
0x000000000c543000 	/usr/lib/system/libkeymgr.dylib
0x000000000c543000 	/usr/lib/system/liblaunch.dylib
0x000000000c543000 	/usr/lib/system/libmacho.dylib
0x000000000c543000 	/usr/lib/system/libquarantine.dylib
0x000000000c543000 	/usr/lib/system/libremovefile.dylib
0x000000000c543000 	/usr/lib/system/libsystem_asl.dylib
0x000000000c543000 	/usr/lib/system/libsystem_blocks.dylib
0x000000000c543000 	/usr/lib/system/libsystem_c.dylib
0x000000000c543000 	/usr/lib/system/libsystem_configuration.dylib
0x000000000c543000 	/usr/lib/system/libsystem_coreservices.dylib
0x000000000c543000 	/usr/lib/system/libsystem_darwin.dylib
0x000000000c543000 	/usr/lib/system/libsystem_dnssd.dylib
0x000000000c543000 	/usr/lib/system/libsystem_featureflags.dylib
0x000000000c543000 	/usr/lib/system/libsystem_info.dylib
0x000000000c543000 	/usr/lib/system/libsystem_m.dylib
0x000000000c543000 	/usr/lib/system/libsystem_malloc.dylib
0x000000000c543000 	/usr/lib/system/libsystem_networkextension.dylib
0x000000000c543000 	/usr/lib/system/libsystem_notify.dylib
0x000000000c543000 	/usr/lib/system/libsystem_sandbox.dylib
0x000000000c543000 	/usr/lib/system/libsystem_secinit.dylib
0x000000000c543000 	/usr/lib/system/libsystem_kernel.dylib
0x000000000c543000 	/usr/lib/system/libsystem_platform.dylib
0x000000000c543000 	/usr/lib/system/libsystem_pthread.dylib
0x000000000c543000 	/usr/lib/system/libsystem_symptoms.dylib
0x000000000c543000 	/usr/lib/system/libsystem_trace.dylib
0x000000000c543000 	/usr/lib/system/libunwind.dylib
0x000000000c543000 	/usr/lib/system/libxpc.dylib
0x000000000c543000 	/usr/lib/libc++abi.dylib
0x000000000c543000 	/usr/lib/liblzma.5.dylib
0x000000000c543000 	/usr/lib/libfakelink.dylib
0x000000000c543000 	/usr/lib/libarchive.2.dylib
0x000000000c543000 	/System/Library/Frameworks/SystemConfiguration.framework/Versions/A/SystemConfiguration
0x000000000c543000 	/usr/lib/libCRFSuite.dylib
0x000000000c543000 	/System/Library/Frameworks/CFNetwork.framework/Versions/A/CFNetwork
0x000000000c543000 	/usr/lib/libbsm.0.dylib
0x000000000c543000 	/usr/lib/system/libkxld.dylib
0x000000000c543000 	/System/Library/PrivateFrameworks/AppleFSCompression.framework/Versions/A/AppleFSCompression
0x000000000c543000 	/usr/lib/libcoretls.dylib
0x000000000c543000 	/usr/lib/libcoretls_cfhelpers.dylib
0x000000000c543000 	/usr/lib/libpam.2.dylib
0x000000000c543000 	/usr/lib/libsqlite3.dylib
0x000000000c543000 	/usr/lib/libxar.1.dylib
0x000000000c543000 	/usr/lib/libbz2.1.0.dylib
0x000000000c543000 	/usr/lib/libiconv.2.dylib
0x000000000c543000 	/usr/lib/libcharset.1.dylib
0x000000000c543000 	/usr/lib/libnetwork.dylib
0x000000000c543000 	/usr/lib/libpcap.A.dylib
0x000000000c543000 	/usr/lib/libapple_nghttp2.dylib
0x000000000c543000 	/System/Library/Frameworks/CoreServices.framework/Versions/A/Frameworks/FSEvents.framework/Versions/A/FSEvents
0x000000000c543000 	/System/Library/Frameworks/CoreServices.framework/Versions/A/Frameworks/CarbonCore.framework/Versions/A/CarbonCore
0x000000000c543000 	/System/Library/Frameworks/CoreServices.framework/Versions/A/Frameworks/Metadata.framework/Versions/A/Metadata
0x000000000c543000 	/System/Library/Frameworks/CoreServices.framework/Versions/A/Frameworks/OSServices.framework/Versions/A/OSServices
0x000000000c543000 	/System/Library/Frameworks/CoreServices.framework/Versions/A/Frameworks/SearchKit.framework/Versions/A/SearchKit
0x000000000c543000 	/System/Library/Frameworks/CoreServices.framework/Versions/A/Frameworks/AE.framework/Versions/A/AE
0x000000000c543000 	/System/Library/Frameworks/CoreServices.framework/Versions/A/Frameworks/LaunchServices.framework/Versions/A/LaunchServices
0x000000000c543000 	/System/Library/Frameworks/CoreServices.framework/Versions/A/Frameworks/DictionaryServices.framework/Versions/A/DictionaryServices
0x000000000c543000 	/System/Library/Frameworks/CoreServices.framework/Versions/A/Frameworks/SharedFileList.framework/Versions/A/SharedFileList
0x000000000c543000 	/System/Library/Frameworks/NetFS.framework/Versions/A/NetFS
0x000000000c543000 	/System/Library/PrivateFrameworks/NetAuth.framework/Versions/A/NetAuth
0x000000000c543000 	/System/Library/PrivateFrameworks/login.framework/Versions/A/Frameworks/loginsupport.framework/Versions/A/loginsupport
0x000000000c543000 	/System/Library/PrivateFrameworks/TCC.framework/Versions/A/TCC
0x000000000c543000 	/System/Library/PrivateFrameworks/CoreNLP.framework/Versions/A/CoreNLP
0x000000000c543000 	/System/Library/PrivateFrameworks/MetadataUtilities.framework/Versions/A/MetadataUtilities
0x000000000c543000 	/usr/lib/libmecabra.dylib
0x000000000c543000 	/usr/lib/libmecab.dylib
0x000000000c543000 	/usr/lib/libgermantok.dylib
0x000000000c543000 	/usr/lib/libThaiTokenizer.dylib
0x000000000c543000 	/usr/lib/libChineseTokenizer.dylib
0x000000000c543000 	/System/Library/Frameworks/Accelerate.framework/Versions/A/Frameworks/vImage.framework/Versions/A/vImage
0x000000000c543000 	/System/Library/Frameworks/Accelerate.framework/Versions/A/Frameworks/vecLib.framework/Versions/A/vecLib
0x000000000c543000 	/System/Library/Frameworks/Accelerate.framework/Versions/A/Frameworks/vecLib.framework/Versions/A/libvMisc.dylib
0x000000000c543000 	/System/Library/Frameworks/Accelerate.framework/Versions/A/Frameworks/vecLib.framework/Versions/A/libvDSP.dylib
0x000000000c543000 	/System/Library/Frameworks/Accelerate.framework/Versions/A/Frameworks/vecLib.framework/Versions/A/libBLAS.dylib
0x000000000c543000 	/System/Library/Frameworks/Accelerate.framework/Versions/A/Frameworks/vecLib.framework/Versions/A/libLAPACK.dylib
0x000000000c543000 	/System/Library/Frameworks/Accelerate.framework/Versions/A/Frameworks/vecLib.framework/Versions/A/libLinearAlgebra.dylib
0x000000000c543000 	/System/Library/Frameworks/Accelerate.framework/Versions/A/Frameworks/vecLib.framework/Versions/A/libSparseBLAS.dylib
0x000000000c543000 	/System/Library/Frameworks/Accelerate.framework/Versions/A/Frameworks/vecLib.framework/Versions/A/libQuadrature.dylib
0x000000000c543000 	/System/Library/Frameworks/Accelerate.framework/Versions/A/Frameworks/vecLib.framework/Versions/A/libBNNS.dylib
0x000000000c543000 	/System/Library/Frameworks/Accelerate.framework/Versions/A/Frameworks/vecLib.framework/Versions/A/libSparse.dylib
0x000000000c543000 	/System/Library/PrivateFrameworks/LanguageModeling.framework/Versions/A/LanguageModeling
0x000000000c543000 	/System/Library/PrivateFrameworks/CoreEmoji.framework/Versions/A/CoreEmoji
0x000000000c543000 	/System/Library/PrivateFrameworks/LinguisticData.framework/Versions/A/LinguisticData
0x000000000c543000 	/System/Library/PrivateFrameworks/Lexicon.framework/Versions/A/Lexicon
0x000000000c543000 	/usr/lib/libcmph.dylib
0x000000000c543000 	/System/Library/Frameworks/OpenDirectory.framework/Versions/A/Frameworks/CFOpenDirectory.framework/Versions/A/CFOpenDirectory
0x000000000c543000 	/System/Library/Frameworks/OpenDirectory.framework/Versions/A/OpenDirectory
0x000000000c543000 	/System/Library/PrivateFrameworks/APFS.framework/Versions/A/APFS
0x000000000c543000 	/System/Library/Frameworks/SecurityFoundation.framework/Versions/A/SecurityFoundation
0x000000000c543000 	/usr/lib/libutil.dylib
0x000000000c543000 	/System/Library/PrivateFrameworks/CoreServicesStore.framework/Versions/A/CoreServicesStore
0x000000000c543000 	/System/Library/Frameworks/ServiceManagement.framework/Versions/A/ServiceManagement
0x000000000c543000 	/System/Library/PrivateFrameworks/BackgroundTaskManagement.framework/Versions/A/BackgroundTaskManagement
0x000000000c543000 	/usr/lib/libxslt.1.dylib
0x000000000c543000 	/System/Library/PrivateFrameworks/AppleSystemInfo.framework/Versions/A/AppleSystemInfo
0x000000000c543000 	/System/Library/Frameworks/ImageIO.framework/Versions/A/Resources/libJPEG.dylib
0x000000000c543000 	/System/Library/Frameworks/ImageIO.framework/Versions/A/Resources/libTIFF.dylib
0x000000000c543000 	/System/Library/Frameworks/ImageIO.framework/Versions/A/Resources/libPng.dylib
0x000000000c543000 	/System/Library/Frameworks/ImageIO.framework/Versions/A/Resources/libGIF.dylib
0x000000000c543000 	/System/Library/Frameworks/ImageIO.framework/Versions/A/Resources/libJP2.dylib
0x000000000c543000 	/System/Library/Frameworks/ImageIO.framework/Versions/A/Resources/libRadiance.dylib
0x000000000c543000 	/usr/lib/libexpat.1.dylib
0x000000000c543000 	/System/Library/PrivateFrameworks/AppleJPEG.framework/Versions/A/AppleJPEG
0x000000000c543000 	/System/Library/PrivateFrameworks/FontServices.framework/libFontParser.dylib
0x000000000c543000 	/System/Library/PrivateFrameworks/WatchdogClient.framework/Versions/A/WatchdogClient
0x000000000c543000 	/System/Library/PrivateFrameworks/IOAccelerator.framework/Versions/A/IOAccelerator
0x000000000c543000 	/System/Library/Frameworks/MetalPerformanceShaders.framework/Versions/A/MetalPerformanceShaders
0x000000000c543000 	/System/Library/PrivateFrameworks/GPUWrangler.framework/Versions/A/GPUWrangler
0x000000000c543000 	/System/Library/PrivateFrameworks/IOPresentment.framework/Versions/A/IOPresentment
0x000000000c543000 	/System/Library/PrivateFrameworks/DSExternalDisplay.framework/Versions/A/DSExternalDisplay
0x000000000c543000 	/System/Library/Frameworks/OpenGL.framework/Versions/A/Libraries/libCoreFSCache.dylib
0x000000000c543000 	/System/Library/Frameworks/MetalPerformanceShaders.framework/Frameworks/MPSCore.framework/Versions/A/MPSCore
0x000000000c543000 	/System/Library/Frameworks/MetalPerformanceShaders.framework/Frameworks/MPSImage.framework/Versions/A/MPSImage
0x000000000c543000 	/System/Library/Frameworks/MetalPerformanceShaders.framework/Frameworks/MPSNeuralNetwork.framework/Versions/A/MPSNeuralNetwork
0x000000000c543000 	/System/Library/Frameworks/MetalPerformanceShaders.framework/Frameworks/MPSMatrix.framework/Versions/A/MPSMatrix
0x000000000c543000 	/System/Library/Frameworks/MetalPerformanceShaders.framework/Frameworks/MPSRayIntersector.framework/Versions/A/MPSRayIntersector
0x000000000c543000 	/System/Library/Frameworks/MetalPerformanceShaders.framework/Frameworks/MPSNDArray.framework/Versions/A/MPSNDArray
0x000000000c543000 	/System/Library/PrivateFrameworks/MetalTools.framework/Versions/A/MetalTools
0x000000000c543000 	/System/Library/PrivateFrameworks/AggregateDictionary.framework/Versions/A/AggregateDictionary
0x000000000c543000 	/System/Library/PrivateFrameworks/CoreAnalytics.framework/Versions/A/CoreAnalytics
0x000000000c543000 	/System/Library/PrivateFrameworks/AppleSauce.framework/Versions/A/AppleSauce
0x000000000c543000 	/usr/lib/libIOReport.dylib
0x000000000c543000 	/System/Library/Frameworks/CoreVideo.framework/Versions/A/CoreVideo
0x000000000c543000 	/System/Library/PrivateFrameworks/GraphVisualizer.framework/Versions/A/GraphVisualizer
0x000000000c543000 	/System/Library/PrivateFrameworks/FaceCore.framework/Versions/A/FaceCore
0x000000000c543000 	/System/Library/Frameworks/OpenCL.framework/Versions/A/OpenCL
0x000000000c543000 	/usr/lib/libFosl_dynamic.dylib
0x000000000c543000 	/System/Library/PrivateFrameworks/OTSVG.framework/Versions/A/OTSVG
0x000000000c543000 	/System/Library/Frameworks/ApplicationServices.framework/Versions/A/Frameworks/ATS.framework/Versions/A/Resources/libFontRegistry.dylib
0x000000000c543000 	/System/Library/PrivateFrameworks/FontServices.framework/libhvf.dylib
0x000000000c543000 	/System/Library/Frameworks/OpenGL.framework/Versions/A/Libraries/libGFXShared.dylib
0x000000000c543000 	/System/Library/Frameworks/OpenGL.framework/Versions/A/Libraries/libGLU.dylib
0x000000000c543000 	/System/Library/Frameworks/OpenGL.framework/Versions/A/Libraries/libGL.dylib
0x000000000c543000 	/System/Library/Frameworks/OpenGL.framework/Versions/A/Libraries/libGLImage.dylib
0x000000000c543000 	/System/Library/Frameworks/OpenGL.framework/Versions/A/Libraries/libCVMSPluginSupport.dylib
0x000000000c543000 	/System/Library/Frameworks/OpenGL.framework/Versions/A/Libraries/libCoreVMClient.dylib
0x000000000c543000 	/usr/lib/libncurses.5.4.dylib
0x000000000c543000 	/System/Library/Frameworks/ApplicationServices.framework/Versions/A/Frameworks/ATS.framework/Versions/A/ATS
0x000000000c543000 	/System/Library/Frameworks/ApplicationServices.framework/Versions/A/Frameworks/ColorSyncLegacy.framework/Versions/A/ColorSyncLegacy
0x000000000c543000 	/System/Library/Frameworks/ApplicationServices.framework/Versions/A/Frameworks/HIServices.framework/Versions/A/HIServices
0x000000000c543000 	/System/Library/Frameworks/ApplicationServices.framework/Versions/A/Frameworks/LangAnalysis.framework/Versions/A/LangAnalysis
0x000000000c543000 	/System/Library/Frameworks/ApplicationServices.framework/Versions/A/Frameworks/PrintCore.framework/Versions/A/PrintCore
0x000000000c543000 	/System/Library/Frameworks/ApplicationServices.framework/Versions/A/Frameworks/QD.framework/Versions/A/QD
0x000000000c543000 	/System/Library/Frameworks/ApplicationServices.framework/Versions/A/Frameworks/SpeechSynthesis.framework/Versions/A/SpeechSynthesis
0x000000000c543000 	/System/Library/Frameworks/ApplicationServices.framework/Versions/A/Frameworks/ATSUI.framework/Versions/A/ATSUI
0x000000000c543000 	/usr/lib/libcups.2.dylib
0x000000000c543000 	/System/Library/Frameworks/Kerberos.framework/Versions/A/Kerberos
0x000000000c543000 	/System/Library/Frameworks/GSS.framework/Versions/A/GSS
0x000000000c543000 	/usr/lib/libresolv.9.dylib
0x000000000c543000 	/System/Library/PrivateFrameworks/Heimdal.framework/Versions/A/Heimdal
0x000000000c543000 	/System/Library/Frameworks/Kerberos.framework/Versions/A/Libraries/libHeimdalProxy.dylib
0x000000000c543000 	/usr/lib/libheimdal-asn1.dylib
0x000000000c543000 	/System/Library/PrivateFrameworks/CommonAuth.framework/Versions/A/CommonAuth
0x000000000c543000 	/System/Library/PrivateFrameworks/AssertionServices.framework/Versions/A/AssertionServices
0x000000000c543000 	/System/Library/PrivateFrameworks/AudioToolboxCore.framework/Versions/A/AudioToolboxCore
0x000000000c543000 	/System/Library/PrivateFrameworks/caulk.framework/Versions/A/caulk
0x000000000c543000 	/System/Library/PrivateFrameworks/BaseBoard.framework/Versions/A/BaseBoard
0x000000000c543000 	/System/Library/PrivateFrameworks/RunningBoardServices.framework/Versions/A/RunningBoardServices
0x000000000c543000 	/System/Library/PrivateFrameworks/PersistentConnection.framework/Versions/A/PersistentConnection
0x000000000c543000 	/System/Library/PrivateFrameworks/ProtocolBuffer.framework/Versions/A/ProtocolBuffer
0x000000000c543000 	/System/Library/PrivateFrameworks/CommonUtilities.framework/Versions/A/CommonUtilities
0x000000000c543000 	/System/Library/PrivateFrameworks/Bom.framework/Versions/A/Bom
0x000000000c543000 	/usr/lib/libAudioToolboxUtility.dylib
0x000000000c543000 	/System/Library/PrivateFrameworks/Backup.framework/Versions/A/Backup
0x000000000c543000 	/System/Library/PrivateFrameworks/CrashReporterSupport.framework/Versions/A/CrashReporterSupport
0x000000000c543000 	/System/Library/PrivateFrameworks/Sharing.framework/Versions/A/Sharing
0x000000000c543000 	/System/Library/PrivateFrameworks/Apple80211.framework/Versions/A/Apple80211
0x000000000c543000 	/System/Library/PrivateFrameworks/AuthKit.framework/Versions/A/AuthKit
0x000000000c543000 	/System/Library/PrivateFrameworks/CoreUtils.framework/Versions/A/CoreUtils
0x000000000c543000 	/System/Library/Frameworks/CoreWLAN.framework/Versions/A/CoreWLAN
0x000000000c543000 	/System/Library/Frameworks/IOBluetooth.framework/Versions/A/IOBluetooth
0x000000000c543000 	/System/Library/PrivateFrameworks/MobileKeyBag.framework/Versions/A/MobileKeyBag
0x000000000c543000 	/System/Library/PrivateFrameworks/CorePhoneNumbers.framework/Versions/A/CorePhoneNumbers
0x000000000c543000 	/System/Library/PrivateFrameworks/AppleIDAuthSupport.framework/Versions/A/AppleIDAuthSupport
0x000000000c543000 	/System/Library/Frameworks/Network.framework/Versions/A/Network
0x000000000c543000 	/System/Library/PrivateFrameworks/KeychainCircle.framework/Versions/A/KeychainCircle
0x000000000c543000 	/System/Library/Frameworks/CoreBluetooth.framework/Versions/A/CoreBluetooth
0x000000000c543000 	/System/Library/PrivateFrameworks/SpeechRecognitionCore.framework/Versions/A/SpeechRecognitionCore
0x000000010fe00000 	/Library/Java/JavaVirtualMachines/jdk1.8.0_112.jdk/Contents/Home/jre/lib/server/libjvm.dylib
0x000000000c543000 	/usr/lib/libstdc++.6.dylib
0x000000010ed48000 	/Library/Java/JavaVirtualMachines/jdk1.8.0_112.jdk/Contents/Home/jre/lib/libverify.dylib
0x000000010ed56000 	/Library/Java/JavaVirtualMachines/jdk1.8.0_112.jdk/Contents/Home/jre/lib/libjava.dylib
0x000000010edd5000 	/Library/Java/JavaVirtualMachines/jdk1.8.0_112.jdk/Contents/Home/jre/lib/libzip.dylib
0x000000000c543000 	/System/Library/Frameworks/JavaVM.framework/Versions/A/Frameworks/JavaRuntimeSupport.framework/Versions/A/JavaRuntimeSupport
0x000000000c543000 	/System/Library/Frameworks/JavaVM.framework/Versions/A/Frameworks/JavaNativeFoundation.framework/Versions/A/JavaNativeFoundation
0x000000000c543000 	/System/Library/Frameworks/JavaVM.framework/Versions/A/JavaVM
0x000000000c543000 	/System/Library/Frameworks/Carbon.framework/Versions/A/Carbon
0x000000000c543000 	/System/Library/PrivateFrameworks/CoreSymbolication.framework/Versions/A/CoreSymbolication
0x000000000c543000 	/System/Library/PrivateFrameworks/JavaLaunching.framework/Versions/A/JavaLaunching
0x000000000c543000 	/System/Library/Frameworks/Carbon.framework/Versions/A/Frameworks/CommonPanels.framework/Versions/A/CommonPanels
0x000000000c543000 	/System/Library/Frameworks/Carbon.framework/Versions/A/Frameworks/Help.framework/Versions/A/Help
0x000000000c543000 	/System/Library/Frameworks/Carbon.framework/Versions/A/Frameworks/ImageCapture.framework/Versions/A/ImageCapture
0x000000000c543000 	/System/Library/Frameworks/Carbon.framework/Versions/A/Frameworks/OpenScripting.framework/Versions/A/OpenScripting
0x000000000c543000 	/System/Library/Frameworks/Carbon.framework/Versions/A/Frameworks/Ink.framework/Versions/A/Ink
0x000000000c543000 	/System/Library/Frameworks/Carbon.framework/Versions/A/Frameworks/Print.framework/Versions/A/Print
0x000000000c543000 	/System/Library/Frameworks/Carbon.framework/Versions/A/Frameworks/SecurityHI.framework/Versions/A/SecurityHI
0x000000000c543000 	/System/Library/PrivateFrameworks/DebugSymbols.framework/Versions/A/DebugSymbols
0x000000011d326000 	/Library/Java/JavaVirtualMachines/jdk1.8.0_112.jdk/Contents/Home/jre/lib/libnet.dylib
0x000000011d33d000 	/Library/Java/JavaVirtualMachines/jdk1.8.0_112.jdk/Contents/Home/jre/lib/libnio.dylib

VM Arguments:
jvm_args: -Dclassworlds.conf=/Users/kansoa/Development/maven/bin/m2.conf -Dmaven.home=/Users/kansoa/Development/maven -Dmaven.multiModuleProjectDirectory=/Users/kansoa/Development/projects/cscf/infofauna_2020/midat_rivieres/jeci-shell-new-user-permissions/midat 
java_command: org.codehaus.plexus.classworlds.launcher.Launcher -P dev clean install -Dmaven.test.skip=true
java_class_path (initial): /Users/kansoa/Development/maven/boot/plexus-classworlds-2.5.2.jar
Launcher Type: SUN_STANDARD

Environment Variables:
JAVA_HOME=/Library/Java/JavaVirtualMachines/jdk1.8.0_112.jdk/Contents/Home
PATH=/Users/kansoa/Library/Android/sdk/platform-tools:/Users/kansoa/.nvm/versions/node/v8.1.2/bin:/usr/local/bin:/usr/bin:/bin:/usr/sbin:/sbin:/usr/local/munki:/Library/Apple/usr/bin:/Users/kansoa/Development/maven/bin:/Users/kansoa/Development/gradle/bin
SHELL=/bin/zsh

Signal Handlers:
SIGSEGV: [libjvm.dylib+0x5b11a5], sa_mask[0]=11111111011111110111111111111111, sa_flags=SA_ONSTACK|SA_RESTART|SA_SIGINFO
SIGBUS: [libjvm.dylib+0x5b11a5], sa_mask[0]=11111111011111110111111111111111, sa_flags=SA_RESTART|SA_SIGINFO
SIGFPE: [libjvm.dylib+0x487dc0], sa_mask[0]=11111111011111110111111111111111, sa_flags=SA_RESTART|SA_SIGINFO
SIGPIPE: [libjvm.dylib+0x487dc0], sa_mask[0]=11111111011111110111111111111111, sa_flags=SA_RESTART|SA_SIGINFO
SIGXFSZ: [libjvm.dylib+0x487dc0], sa_mask[0]=11111111011111110111111111111111, sa_flags=SA_RESTART|SA_SIGINFO
SIGILL: [libjvm.dylib+0x487dc0], sa_mask[0]=11111111011111110111111111111111, sa_flags=SA_RESTART|SA_SIGINFO
SIGUSR1: SIG_DFL, sa_mask[0]=00000000000000000000000000000000, sa_flags=SA_RESTART
SIGUSR2: [libjvm.dylib+0x4878de], sa_mask[0]=00000000000000000000000000000000, sa_flags=SA_RESTART|SA_SIGINFO
SIGHUP: [libjvm.dylib+0x485eb5], sa_mask[0]=11111111011111110111111111111111, sa_flags=SA_RESTART|SA_SIGINFO
SIGINT: [libjvm.dylib+0x485eb5], sa_mask[0]=11111111011111110111111111111111, sa_flags=SA_RESTART|SA_SIGINFO
SIGTERM: [libjvm.dylib+0x485eb5], sa_mask[0]=11111111011111110111111111111111, sa_flags=SA_RESTART|SA_SIGINFO
SIGQUIT: [libjvm.dylib+0x485eb5], sa_mask[0]=11111111011111110111111111111111, sa_flags=SA_RESTART|SA_SIGINFO


---------------  S Y S T E M  ---------------

OS:Bsduname:Darwin 19.6.0 Darwin Kernel Version 19.6.0: Sun Jul  5 00:43:10 PDT 2020; root:xnu-6153.141.1~9/RELEASE_X86_64 x86_64
rlimit: STACK 8192k, CORE 0k, NPROC 2784, NOFILE 10240, AS infinity
load average:3.40 2.22 2.33

CPU:total 8 (4 cores per cpu, 2 threads per core) family 6 model 94 stepping 3, cmov, cx8, fxsr, mmx, sse, sse2, sse3, ssse3, sse4.1, sse4.2, popcnt, avx, avx2, aes, clmul, erms, rtm, 3dnowpref, lzcnt, ht, tsc, tscinvbit, bmi1, bmi2, adx

Memory: 4k page, physical 16777216k(901748k free)

/proc/meminfo:


vm_info: Java HotSpot(TM) 64-Bit Server VM (25.112-b16) for bsd-amd64 JRE (1.8.0_112-b16), built on Sep 30 2016 22:41:41 by "java_re" with gcc 4.2.1 (Based on Apple Inc. build 5658) (LLVM build 2336.11.00)

time: Tue Sep  8 11:45:14 2020
elapsed time: 2 seconds (0d 0h 0m 2s)

