#
# A fatal error has been detected by the Java Runtime Environment:
#
#  SIGSEGV (0xb) at pc=0x000000010b160ba4, pid=53087, tid=0x0000000000003a03
#
# JRE version: Java(TM) SE Runtime Environment (8.0_112-b16) (build 1.8.0_112-b16)
# Java VM: Java HotSpot(TM) 64-Bit Server VM (25.112-b16 mixed mode bsd-amd64 compressed oops)
# Problematic frame:
# V  [libjvm.dylib+0x160ba4]
#
# Failed to write core dump. Core dumps have been disabled. To enable core dumping, try "ulimit -c unlimited" before starting Java again
#
# If you would like to submit a bug report, please visit:
#   http://bugreport.java.com/bugreport/crash.jsp
#

---------------  T H R E A D  ---------------

Current thread (0x00007fb1f5010000):  JavaThread "C2 CompilerThread2" daemon [_thread_in_native, id=14851, stack(0x0000700009888000,0x0000700009988000)]

siginfo: si_signo: 11 (SIGSEGV), si_code: 1 (SEGV_MAPERR), si_addr: 0x0000000000000028

Registers:
RAX=0x0000000000000000, RBX=0x0000000000000b41, RCX=0x00007fb1fc844cb8, RDX=0x0000700009984998
RSP=0x0000700009984750, RBP=0x00007000099847d0, RSI=0x0000000000000002, RDI=0x00007fb1fc844d60
R8 =0x000000000000001a, R9 =0x000000000000054f, R10=0x000000000000000e, R11=0x0000000000000000
R12=0x0000000000000002, R13=0x00007fb1f98371d8, R14=0x00007fb1f9800010, R15=0x00007fb1f9800010
RIP=0x000000010b160ba4, EFLAGS=0x0000000000010202, ERR=0x0000000000000004
  TRAPNO=0x000000000000000e

Top of Stack: (sp=0x0000700009984750)
0x0000700009984750:   0000700009984a58 00000000000001c3
0x0000700009984760:   0000001809984790 0000000000000000
0x0000700009984770:   00007fb1ffffffff 00007fb1fb2cb200
0x0000700009984780:   0100000000000b91 00007fb1f3e34920
0x0000700009984790:   00007fb100000001 00007000099855a0
0x00007000099847a0:   00007fb1fc844d60 00007000099855a0
0x00007000099847b0:   00007000099847f0 0000700009987040
0x00007000099847c0:   0000700009985688 000000010b8e7450
0x00007000099847d0:   0000700009984ae0 000000010b161730
0x00007000099847e0:   0000700009984810 000000010b068d97
0x00007000099847f0:   00007fb1fc22ffc0 00007fb1fc22ffc0
0x0000700009984800:   0000000000000005 0000000000000029
0x0000700009984810:   0000700009984910 000000010b3b4084
0x0000700009984820:   0000000000000080 00007fb1fc1251c0
0x0000700009984830:   00000006099856d0 0000000000000002
0x0000700009984840:   00007fb1fc0b0dd0 0000000000000003
0x0000700009984850:   00007fb1fc125378 0000000000000000
0x0000700009984860:   0000000000000000 0000000000000000
0x0000700009984870:   0000000000000000 0000000000000000
0x0000700009984880:   0000700009984998 00007fb1fc87f600
0x0000700009984890:   0000000000000008 00007fb1f2d0cd30
0x00007000099848a0:   00007000099848e0 000000010b0a4ca9
0x00007000099848b0:   000000010b8c99e0 00007fb10000000d
0x00007000099848c0:   0000700009987040 00007000099855a0
0x00007000099848d0:   00007fb100000000 00007000099848e0
0x00007000099848e0:   000000010b8e7450 000000010b8e7450
0x00007000099848f0:   000000010b8e7450 000000010b8e7450
0x0000700009984900:   000000010b8e7450 000000010b8e7450
0x0000700009984910:   000000010b8e7450 000000010b8e7450
0x0000700009984920:   000000010b8e7450 000000010b8e7450
0x0000700009984930:   000000010b8e7450 0000000000007fd8
0x0000700009984940:   0000700009984990 000000010b0a4aa4 

Instructions: (pc=0x000000010b160ba4)
0x000000010b160b84:   e0 01 4c 8b 72 20 85 c0 74 39 48 6b cb 68 41 80
0x000000010b160b94:   4c 0e 67 10 48 8b 4d d0 48 8b 49 08 48 8b 04 c1
0x000000010b160ba4:   48 63 40 28 48 8b 4d c8 48 8b 51 70 48 8b 89 28
0x000000010b160bb4:   01 00 00 8b 04 81 48 6b c0 68 48 8b 4a 20 80 4c 

Register to memory mapping:

RAX=0x0000000000000000 is an unknown value
RBX=0x0000000000000b41 is an unknown value
RCX=0x00007fb1fc844cb8 is an unknown value
RDX=0x0000700009984998 is pointing into the stack for thread: 0x00007fb1f5010000
RSP=0x0000700009984750 is pointing into the stack for thread: 0x00007fb1f5010000
RBP=0x00007000099847d0 is pointing into the stack for thread: 0x00007fb1f5010000
RSI=0x0000000000000002 is an unknown value
RDI=0x00007fb1fc844d60 is an unknown value
R8 =0x000000000000001a is an unknown value
R9 =0x000000000000054f is an unknown value
R10=0x000000000000000e is an unknown value
R11=0x0000000000000000 is an unknown value
R12=0x0000000000000002 is an unknown value
R13=0x00007fb1f98371d8 is an unknown value
R14=0x00007fb1f9800010 is an unknown value
R15=0x00007fb1f9800010 is an unknown value


Stack: [0x0000700009888000,0x0000700009988000],  sp=0x0000700009984750,  free space=1009k
Native frames: (J=compiled Java code, j=interpreted, Vv=VM code, C=native code)
V  [libjvm.dylib+0x160ba4]
V  [libjvm.dylib+0x161730]
V  [libjvm.dylib+0x1af1fe]
V  [libjvm.dylib+0x1b3399]
V  [libjvm.dylib+0x150a2e]
V  [libjvm.dylib+0x1b6a2c]
V  [libjvm.dylib+0x1b8f73]
V  [libjvm.dylib+0x56b033]
V  [libjvm.dylib+0x56c720]
V  [libjvm.dylib+0x48a7ae]
C  [libsystem_pthread.dylib+0x6109]  _pthread_start+0x94
C  [libsystem_pthread.dylib+0x1b8b]  thread_start+0xf
C  0x0000000000000000


Current CompileTask:
C2:  14162 5907  s    4       sun.misc.URLClassPath::getNextLoader (88 bytes)


---------------  P R O C E S S  ---------------

Java Threads: ( => current thread )
  0x00007fb1f3260800 JavaThread "process reaper" daemon [_thread_blocked, id=21763, stack(0x0000700009c94000,0x0000700009cbc000)]
  0x00007fb1f501a800 JavaThread "Service Thread" daemon [_thread_blocked, id=15875, stack(0x0000700009a8e000,0x0000700009b8e000)]
  0x00007fb1f900c800 JavaThread "C1 CompilerThread3" daemon [_thread_blocked, id=16387, stack(0x000070000998b000,0x0000700009a8b000)]
=>0x00007fb1f5010000 JavaThread "C2 CompilerThread2" daemon [_thread_in_native, id=14851, stack(0x0000700009888000,0x0000700009988000)]
  0x00007fb1f382e000 JavaThread "C2 CompilerThread1" daemon [_thread_in_native, id=14595, stack(0x0000700009785000,0x0000700009885000)]
  0x00007fb1f3826000 JavaThread "C2 CompilerThread0" daemon [_thread_in_native, id=17155, stack(0x0000700009682000,0x0000700009782000)]
  0x00007fb1f5816000 JavaThread "Signal Dispatcher" daemon [_thread_blocked, id=13827, stack(0x000070000957f000,0x000070000967f000)]
  0x00007fb1f3823800 JavaThread "Finalizer" daemon [_thread_blocked, id=19459, stack(0x0000700009376000,0x0000700009476000)]
  0x00007fb1f3821000 JavaThread "Reference Handler" daemon [_thread_blocked, id=19715, stack(0x0000700009273000,0x0000700009373000)]
  0x00007fb1f4809000 JavaThread "main" [_thread_in_vm, id=3075, stack(0x0000700008855000,0x0000700008955000)]

Other Threads:
  0x00007fb1f381e000 VMThread [stack: 0x0000700009170000,0x0000700009270000] [id=11779]
  0x00007fb1f502b800 WatcherThread [stack: 0x0000700009b91000,0x0000700009c91000] [id=15363]

VM state:not at safepoint (normal execution)

VM Mutex/Monitor currently owned by a thread: None

Heap:
 PSYoungGen      total 107520K, used 38948K [0x000000076ab00000, 0x0000000772880000, 0x00000007c0000000)
  eden space 90624K, 24% used [0x000000076ab00000,0x000000076c0bf3c0,0x0000000770380000)
  from space 16896K, 98% used [0x0000000771800000,0x0000000772849d60,0x0000000772880000)
  to   space 18432K, 0% used [0x0000000770480000,0x0000000770480000,0x0000000771680000)
 ParOldGen       total 117760K, used 18843K [0x00000006c0000000, 0x00000006c7300000, 0x000000076ab00000)
  object space 117760K, 16% used [0x00000006c0000000,0x00000006c1266fa0,0x00000006c7300000)
 Metaspace       used 25991K, capacity 26694K, committed 26880K, reserved 1073152K
  class space    used 2986K, capacity 3241K, committed 3328K, reserved 1048576K

Card table byte_map: [0x000000011ba98000,0x000000011c299000] byte_map_base: 0x0000000118498000

Marking Bits: (ParMarkBitMap*) 0x000000010b8f0d30
 Begin Bits: [0x000000011c299000, 0x0000000120299000)
 End Bits:   [0x0000000120299000, 0x0000000124299000)

Polling page: 0x0000000109f28000

CodeCache: size=245760Kb used=19491Kb max_used=19491Kb free=226268Kb
 bounds [0x000000010ca98000, 0x000000010ddb8000, 0x000000011ba98000]
 total_blobs=5785 nmethods=5388 adapters=309
 compilation: enabled

Compilation events (10 events):
Event: 14.136 Thread 0x00007fb1f900c800 5942       3       org.apache.maven.model.merge.ModelMerger::mergeBuild_TestOutputDirectory (43 bytes)
Event: 14.137 Thread 0x00007fb1f900c800 nmethod 5942 0x000000010ddb04d0 code [0x000000010ddb06c0, 0x000000010ddb10d8]
Event: 14.137 Thread 0x00007fb1f900c800 5944       3       org.apache.maven.model.merge.MavenModelMerger::mergeModel_Profiles (1 bytes)
Event: 14.137 Thread 0x00007fb1f900c800 nmethod 5944 0x000000010dda4110 code [0x000000010dda4260, 0x000000010dda43b0]
Event: 14.137 Thread 0x00007fb1f900c800 5946       1       java.util.Collections$EmptyMap::hashCode (2 bytes)
Event: 14.137 Thread 0x00007fb1f900c800 nmethod 5946 0x000000010dda3e50 code [0x000000010dda3fa0, 0x000000010dda40b0]
Event: 14.141 Thread 0x00007fb1f900c800 5949       3       org.eclipse.aether.util.filter.ScopeDependencyFilter::accept (82 bytes)
Event: 14.141 Thread 0x00007fb1f900c800 nmethod 5949 0x000000010ddb1590 code [0x000000010ddb1760, 0x000000010ddb1e98]
Event: 14.141 Thread 0x00007fb1f900c800 5947   !   3       sun.reflect.GeneratedMethodAccessor4::invoke (61 bytes)
Event: 14.142 Thread 0x00007fb1f900c800 nmethod 5947 0x000000010ddb2110 code [0x000000010ddb22e0, 0x000000010ddb2968]

GC Heap History (10 events):
Event: 4.099 GC heap before
{Heap before GC invocations=3 (full 0):
 PSYoungGen      total 76288K, used 75251K [0x000000076ab00000, 0x0000000770000000, 0x00000007c0000000)
  eden space 65536K, 100% used [0x000000076ab00000,0x000000076eb00000,0x000000076eb00000)
  from space 10752K, 90% used [0x000000076f580000,0x000000076fefcd90,0x0000000770000000)
  to   space 10752K, 0% used [0x000000076eb00000,0x000000076eb00000,0x000000076f580000)
 ParOldGen       total 175104K, used 213K [0x00000006c0000000, 0x00000006cab00000, 0x000000076ab00000)
  object space 175104K, 0% used [0x00000006c0000000,0x00000006c00355d8,0x00000006cab00000)
 Metaspace       used 18036K, capacity 18552K, committed 18816K, reserved 1064960K
  class space    used 2152K, capacity 2344K, committed 2432K, reserved 1048576K
Event: 4.107 GC heap after
Heap after GC invocations=3 (full 0):
 PSYoungGen      total 76288K, used 10751K [0x000000076ab00000, 0x0000000770000000, 0x00000007c0000000)
  eden space 65536K, 0% used [0x000000076ab00000,0x000000076ab00000,0x000000076eb00000)
  from space 10752K, 99% used [0x000000076eb00000,0x000000076f57fd18,0x000000076f580000)
  to   space 10752K, 0% used [0x000000076f580000,0x000000076f580000,0x0000000770000000)
 ParOldGen       total 175104K, used 221K [0x00000006c0000000, 0x00000006cab00000, 0x000000076ab00000)
  object space 175104K, 0% used [0x00000006c0000000,0x00000006c00375d8,0x00000006cab00000)
 Metaspace       used 18036K, capacity 18552K, committed 18816K, reserved 1064960K
  class space    used 2152K, capacity 2344K, committed 2432K, reserved 1048576K
}
Event: 4.825 GC heap before
{Heap before GC invocations=4 (full 0):
 PSYoungGen      total 76288K, used 61767K [0x000000076ab00000, 0x0000000770000000, 0x00000007c0000000)
  eden space 65536K, 77% used [0x000000076ab00000,0x000000076dcd2128,0x000000076eb00000)
  from space 10752K, 99% used [0x000000076eb00000,0x000000076f57fd18,0x000000076f580000)
  to   space 10752K, 0% used [0x000000076f580000,0x000000076f580000,0x0000000770000000)
 ParOldGen       total 175104K, used 221K [0x00000006c0000000, 0x00000006cab00000, 0x000000076ab00000)
  object space 175104K, 0% used [0x00000006c0000000,0x00000006c00375d8,0x00000006cab00000)
 Metaspace       used 20530K, capacity 21176K, committed 21296K, reserved 1069056K
  class space    used 2457K, capacity 2688K, committed 2688K, reserved 1048576K
Event: 4.836 GC heap after
Heap after GC invocations=4 (full 0):
 PSYoungGen      total 76288K, used 10726K [0x000000076ab00000, 0x0000000770000000, 0x00000007c0000000)
  eden space 65536K, 0% used [0x000000076ab00000,0x000000076ab00000,0x000000076eb00000)
  from space 10752K, 99% used [0x000000076f580000,0x000000076fff9a80,0x0000000770000000)
  to   space 10752K, 0% used [0x000000076eb00000,0x000000076eb00000,0x000000076f580000)
 ParOldGen       total 175104K, used 2789K [0x00000006c0000000, 0x00000006cab00000, 0x000000076ab00000)
  object space 175104K, 1% used [0x00000006c0000000,0x00000006c02b9750,0x00000006cab00000)
 Metaspace       used 20530K, capacity 21176K, committed 21296K, reserved 1069056K
  class space    used 2457K, capacity 2688K, committed 2688K, reserved 1048576K
}
Event: 4.836 GC heap before
{Heap before GC invocations=5 (full 1):
 PSYoungGen      total 76288K, used 10726K [0x000000076ab00000, 0x0000000770000000, 0x00000007c0000000)
  eden space 65536K, 0% used [0x000000076ab00000,0x000000076ab00000,0x000000076eb00000)
  from space 10752K, 99% used [0x000000076f580000,0x000000076fff9a80,0x0000000770000000)
  to   space 10752K, 0% used [0x000000076eb00000,0x000000076eb00000,0x000000076f580000)
 ParOldGen       total 175104K, used 2789K [0x00000006c0000000, 0x00000006cab00000, 0x000000076ab00000)
  object space 175104K, 1% used [0x00000006c0000000,0x00000006c02b9750,0x00000006cab00000)
 Metaspace       used 20530K, capacity 21176K, committed 21296K, reserved 1069056K
  class space    used 2457K, capacity 2688K, committed 2688K, reserved 1048576K
Event: 4.892 GC heap after
Heap after GC invocations=5 (full 1):
 PSYoungGen      total 76288K, used 0K [0x000000076ab00000, 0x0000000770000000, 0x00000007c0000000)
  eden space 65536K, 0% used [0x000000076ab00000,0x000000076ab00000,0x000000076eb00000)
  from space 10752K, 0% used [0x000000076f580000,0x000000076f580000,0x0000000770000000)
  to   space 10752K, 0% used [0x000000076eb00000,0x000000076eb00000,0x000000076f580000)
 ParOldGen       total 117760K, used 13164K [0x00000006c0000000, 0x00000006c7300000, 0x000000076ab00000)
  object space 117760K, 11% used [0x00000006c0000000,0x00000006c0cdb2f8,0x00000006c7300000)
 Metaspace       used 20530K, capacity 21176K, committed 21296K, reserved 1069056K
  class space    used 2457K, capacity 2688K, committed 2688K, reserved 1048576K
}
Event: 5.916 GC heap before
{Heap before GC invocations=6 (full 1):
 PSYoungGen      total 76288K, used 65536K [0x000000076ab00000, 0x0000000770000000, 0x00000007c0000000)
  eden space 65536K, 100% used [0x000000076ab00000,0x000000076eb00000,0x000000076eb00000)
  from space 10752K, 0% used [0x000000076f580000,0x000000076f580000,0x0000000770000000)
  to   space 10752K, 0% used [0x000000076eb00000,0x000000076eb00000,0x000000076f580000)
 ParOldGen       total 117760K, used 13164K [0x00000006c0000000, 0x00000006c7300000, 0x000000076ab00000)
  object space 117760K, 11% used [0x00000006c0000000,0x00000006c0cdb2f8,0x00000006c7300000)
 Metaspace       used 23408K, capacity 24056K, committed 24320K, reserved 1071104K
  class space    used 2781K, capacity 3008K, committed 3072K, reserved 1048576K
Event: 5.926 GC heap after
Heap after GC invocations=6 (full 1):
 PSYoungGen      total 76288K, used 10729K [0x000000076ab00000, 0x0000000772880000, 0x00000007c0000000)
  eden space 65536K, 0% used [0x000000076ab00000,0x000000076ab00000,0x000000076eb00000)
  from space 10752K, 99% used [0x000000076eb00000,0x000000076f57a5d0,0x000000076f580000)
  to   space 16896K, 0% used [0x0000000771800000,0x0000000771800000,0x0000000772880000)
 ParOldGen       total 117760K, used 18835K [0x00000006c0000000, 0x00000006c7300000, 0x000000076ab00000)
  object space 117760K, 15% used [0x00000006c0000000,0x00000006c1264fa0,0x00000006c7300000)
 Metaspace       used 23408K, capacity 24056K, committed 24320K, reserved 1071104K
  class space    used 2781K, capacity 3008K, committed 3072K, reserved 1048576K
}
Event: 13.868 GC heap before
{Heap before GC invocations=7 (full 1):
 PSYoungGen      total 76288K, used 76265K [0x000000076ab00000, 0x0000000772880000, 0x00000007c0000000)
  eden space 65536K, 100% used [0x000000076ab00000,0x000000076eb00000,0x000000076eb00000)
  from space 10752K, 99% used [0x000000076eb00000,0x000000076f57a5d0,0x000000076f580000)
  to   space 16896K, 0% used [0x0000000771800000,0x0000000771800000,0x0000000772880000)
 ParOldGen       total 117760K, used 18835K [0x00000006c0000000, 0x00000006c7300000, 0x000000076ab00000)
  object space 117760K, 15% used [0x00000006c0000000,0x00000006c1264fa0,0x00000006c7300000)
 Metaspace       used 25584K, capacity 26296K, committed 26496K, reserved 1073152K
  class space    used 2946K, capacity 3200K, committed 3200K, reserved 1048576K
Event: 13.878 GC heap after
Heap after GC invocations=7 (full 1):
 PSYoungGen      total 107520K, used 16679K [0x000000076ab00000, 0x0000000772880000, 0x00000007c0000000)
  eden space 90624K, 0% used [0x000000076ab00000,0x000000076ab00000,0x0000000770380000)
  from space 16896K, 98% used [0x0000000771800000,0x0000000772849d60,0x0000000772880000)
  to   space 18432K, 0% used [0x0000000770480000,0x0000000770480000,0x0000000771680000)
 ParOldGen       total 117760K, used 18843K [0x00000006c0000000, 0x00000006c7300000, 0x000000076ab00000)
  object space 117760K, 16% used [0x00000006c0000000,0x00000006c1266fa0,0x00000006c7300000)
 Metaspace       used 25584K, capacity 26296K, committed 26496K, reserved 1073152K
  class space    used 2946K, capacity 3200K, committed 3200K, reserved 1048576K
}

Deoptimization events (10 events):
Event: 13.922 Thread 0x00007fb1f4809000 Uncommon trap: reason=predicate action=maybe_recompile pc=0x000000010dc20480 method=com.sun.tools.javac.comp.Resolve$AbstractMethodCheck.argumentsAcceptable(Lcom/sun/tools/javac/comp/Env;Lcom/sun/tools/javac/comp/DeferredAttr$DeferredAttrContext;Lcom/sun/
Event: 13.935 Thread 0x00007fb1f4809000 Uncommon trap: reason=bimorphic action=maybe_recompile pc=0x000000010d981e38 method=com.sun.tools.javac.code.Types$26.visitClassType(Lcom/sun/tools/javac/code/Type$ClassType;Ljava/lang/Void;)Ljava/lang/Integer; @ 2
Event: 13.935 Thread 0x00007fb1f4809000 Uncommon trap: reason=bimorphic action=maybe_recompile pc=0x000000010d981e38 method=com.sun.tools.javac.code.Types$26.visitClassType(Lcom/sun/tools/javac/code/Type$ClassType;Ljava/lang/Void;)Ljava/lang/Integer; @ 2
Event: 13.935 Thread 0x00007fb1f4809000 Uncommon trap: reason=class_check action=maybe_recompile pc=0x000000010daf5c44 method=com.sun.tools.javac.code.Types.isSubtypeUncheckedInternal(Lcom/sun/tools/javac/code/Type;Lcom/sun/tools/javac/code/Type;Lcom/sun/tools/javac/util/Warner;)Z @ 131
Event: 13.935 Thread 0x00007fb1f4809000 Uncommon trap: reason=bimorphic action=maybe_recompile pc=0x000000010db315f0 method=com.sun.tools.javac.code.Type$ClassType.isRaw()Z @ 28
Event: 13.936 Thread 0x00007fb1f4809000 Uncommon trap: reason=bimorphic action=maybe_recompile pc=0x000000010dc0d868 method=com.sun.tools.javac.comp.Resolve.selectBest(Lcom/sun/tools/javac/comp/Env;Lcom/sun/tools/javac/code/Type;Lcom/sun/tools/javac/util/List;Lcom/sun/tools/javac/util/List;Lcom
Event: 13.936 Thread 0x00007fb1f4809000 Uncommon trap: reason=class_check action=maybe_recompile pc=0x000000010dc0d880 method=com.sun.tools.javac.comp.Resolve.selectBest(Lcom/sun/tools/javac/comp/Env;Lcom/sun/tools/javac/code/Type;Lcom/sun/tools/javac/util/List;Lcom/sun/tools/javac/util/List;Lc
Event: 13.936 Thread 0x00007fb1f4809000 Uncommon trap: reason=class_check action=maybe_recompile pc=0x000000010dc0d880 method=com.sun.tools.javac.comp.Resolve.selectBest(Lcom/sun/tools/javac/comp/Env;Lcom/sun/tools/javac/code/Type;Lcom/sun/tools/javac/util/List;Lcom/sun/tools/javac/util/List;Lc
Event: 13.936 Thread 0x00007fb1f4809000 Uncommon trap: reason=class_check action=maybe_recompile pc=0x000000010dc0d880 method=com.sun.tools.javac.comp.Resolve.selectBest(Lcom/sun/tools/javac/comp/Env;Lcom/sun/tools/javac/code/Type;Lcom/sun/tools/javac/util/List;Lcom/sun/tools/javac/util/List;Lc
Event: 14.090 Thread 0x00007fb1f4809000 Uncommon trap: reason=unstable_if action=reinterpret pc=0x000000010d9325f0 method=java.util.regex.Pattern$Start.match(Ljava/util/regex/Matcher;ILjava/lang/CharSequence;)Z @ 34

Internal exceptions (10 events):
Event: 3.219 Thread 0x00007fb1f4809000 Implicit null exception at 0x000000010d3218c1 to 0x000000010d322b51
Event: 3.224 Thread 0x00007fb1f4809000 Exception <a 'java/lang/NullPointerException'> (0x000000076eafaf48) thrown at [/Users/java_re/workspace/8-2-build-macosx-x86_64/jdk8u112/7935/hotspot/src/share/vm/interpreter/linkResolver.cpp, line 1178]
Event: 3.224 Thread 0x00007fb1f4809000 Exception <a 'java/lang/NullPointerException'> (0x000000076eafb348) thrown at [/Users/java_re/workspace/8-2-build-macosx-x86_64/jdk8u112/7935/hotspot/src/share/vm/interpreter/linkResolver.cpp, line 1178]
Event: 3.224 Thread 0x00007fb1f4809000 Exception <a 'java/lang/NullPointerException'> (0x000000076eafb748) thrown at [/Users/java_re/workspace/8-2-build-macosx-x86_64/jdk8u112/7935/hotspot/src/share/vm/interpreter/linkResolver.cpp, line 1178]
Event: 3.224 Thread 0x00007fb1f4809000 Exception <a 'java/lang/NullPointerException'> (0x000000076eafd7c8) thrown at [/Users/java_re/workspace/8-2-build-macosx-x86_64/jdk8u112/7935/hotspot/src/share/vm/interpreter/linkResolver.cpp, line 1178]
Event: 3.225 Thread 0x00007fb1f4809000 Exception <a 'java/lang/NullPointerException'> (0x000000076eafdbc8) thrown at [/Users/java_re/workspace/8-2-build-macosx-x86_64/jdk8u112/7935/hotspot/src/share/vm/interpreter/linkResolver.cpp, line 1178]
Event: 3.225 Thread 0x00007fb1f4809000 Exception <a 'java/lang/NullPointerException'> (0x000000076eafdfc8) thrown at [/Users/java_re/workspace/8-2-build-macosx-x86_64/jdk8u112/7935/hotspot/src/share/vm/interpreter/linkResolver.cpp, line 1178]
Event: 4.749 Thread 0x00007fb1f4809000 Exception <a 'java/lang/ClassNotFoundException': com/sun/tools/javac/api/JavacTool> (0x000000076d6bd1f8) thrown at [/Users/java_re/workspace/8-2-build-macosx-x86_64/jdk8u112/7935/hotspot/src/share/vm/classfile/systemDictionary.cpp, line 210]
Event: 5.324 Thread 0x00007fb1f4809000 Exception <a 'java/io/FileNotFoundException'> (0x000000076d440a60) thrown at [/Users/java_re/workspace/8-2-build-macosx-x86_64/jdk8u112/7935/hotspot/src/share/vm/prims/jni.cpp, line 709]
Event: 5.327 Thread 0x00007fb1f4809000 Exception <a 'java/io/FileNotFoundException'> (0x000000076d476808) thrown at [/Users/java_re/workspace/8-2-build-macosx-x86_64/jdk8u112/7935/hotspot/src/share/vm/prims/jni.cpp, line 709]

Events (10 events):
Event: 14.102 loading class org/apache/maven/plugin/logging/Log
Event: 14.102 loading class org/apache/maven/plugin/logging/Log done
Event: 14.102 loading class org/apache/maven/plugin/logging/Log
Event: 14.102 loading class org/apache/maven/plugin/logging/Log done
Event: 14.139 loading class java/util/stream/IntStream
Event: 14.139 loading class java/util/stream/BaseStream
Event: 14.139 loading class java/util/stream/BaseStream done
Event: 14.139 loading class java/util/stream/IntStream done
Event: 14.140 Thread 0x00007fb1f4809000 DEOPT PACKING pc=0x000000010d6149fe sp=0x0000700008953040
Event: 14.140 Thread 0x00007fb1f4809000 DEOPT UNPACKING pc=0x000000010cadf633 sp=0x0000700008952d80 mode 0


Dynamic libraries:
0x000000000c543000 	/System/Library/Frameworks/Cocoa.framework/Versions/A/Cocoa
0x000000000c543000 	/System/Library/Frameworks/Security.framework/Versions/A/Security
0x000000000c543000 	/System/Library/Frameworks/ApplicationServices.framework/Versions/A/ApplicationServices
0x000000000c543000 	/usr/lib/libz.1.dylib
0x000000000c543000 	/usr/lib/libSystem.B.dylib
0x000000000c543000 	/usr/lib/libobjc.A.dylib
0x000000000c543000 	/System/Library/Frameworks/CoreFoundation.framework/Versions/A/CoreFoundation
0x000000000c543000 	/System/Library/Frameworks/Foundation.framework/Versions/C/Foundation
0x000000000c543000 	/System/Library/Frameworks/AppKit.framework/Versions/C/AppKit
0x000000000c543000 	/System/Library/Frameworks/CoreData.framework/Versions/A/CoreData
0x000000000c543000 	/System/Library/PrivateFrameworks/UIFoundation.framework/Versions/A/UIFoundation
0x000000000c543000 	/System/Library/PrivateFrameworks/RemoteViewServices.framework/Versions/A/RemoteViewServices
0x000000000c543000 	/System/Library/PrivateFrameworks/XCTTargetBootstrap.framework/Versions/A/XCTTargetBootstrap
0x000000000c543000 	/System/Library/Frameworks/CoreDisplay.framework/Versions/A/CoreDisplay
0x000000000c543000 	/System/Library/Frameworks/Metal.framework/Versions/A/Metal
0x000000000c543000 	/System/Library/PrivateFrameworks/DesktopServicesPriv.framework/Versions/A/DesktopServicesPriv
0x000000000c543000 	/usr/lib/liblangid.dylib
0x000000000c543000 	/System/Library/PrivateFrameworks/CoreSVG.framework/Versions/A/CoreSVG
0x000000000c543000 	/System/Library/PrivateFrameworks/SkyLight.framework/Versions/A/SkyLight
0x000000000c543000 	/System/Library/Frameworks/CoreGraphics.framework/Versions/A/CoreGraphics
0x000000000c543000 	/System/Library/Frameworks/Accelerate.framework/Versions/A/Accelerate
0x000000000c543000 	/usr/lib/libxml2.2.dylib
0x000000000c543000 	/System/Library/PrivateFrameworks/IconServices.framework/Versions/A/IconServices
0x000000000c543000 	/System/Library/Frameworks/IOSurface.framework/Versions/A/IOSurface
0x000000000c543000 	/usr/lib/libDiagnosticMessagesClient.dylib
0x000000000c543000 	/System/Library/PrivateFrameworks/DFRFoundation.framework/Versions/A/DFRFoundation
0x000000000c543000 	/usr/lib/libicucore.A.dylib
0x000000000c543000 	/System/Library/Frameworks/AudioToolbox.framework/Versions/A/AudioToolbox
0x000000000c543000 	/System/Library/Frameworks/AudioUnit.framework/Versions/A/AudioUnit
0x000000000c543000 	/usr/lib/libauto.dylib
0x000000000c543000 	/System/Library/PrivateFrameworks/DataDetectorsCore.framework/Versions/A/DataDetectorsCore
0x000000000c543000 	/System/Library/Frameworks/Carbon.framework/Versions/A/Frameworks/HIToolbox.framework/Versions/A/HIToolbox
0x000000000c543000 	/System/Library/Frameworks/QuartzCore.framework/Versions/A/QuartzCore
0x000000000c543000 	/System/Library/Frameworks/Carbon.framework/Versions/A/Frameworks/SpeechRecognition.framework/Versions/A/SpeechRecognition
0x000000000c543000 	/System/Library/PrivateFrameworks/CoreUI.framework/Versions/A/CoreUI
0x000000000c543000 	/System/Library/Frameworks/CoreAudio.framework/Versions/A/CoreAudio
0x000000000c543000 	/System/Library/Frameworks/DiskArbitration.framework/Versions/A/DiskArbitration
0x000000000c543000 	/System/Library/PrivateFrameworks/MultitouchSupport.framework/Versions/A/MultitouchSupport
0x000000000c543000 	/usr/lib/libenergytrace.dylib
0x000000000c543000 	/System/Library/Frameworks/IOKit.framework/Versions/A/IOKit
0x000000000c543000 	/System/Library/Frameworks/CoreServices.framework/Versions/A/CoreServices
0x000000000c543000 	/System/Library/PrivateFrameworks/PerformanceAnalysis.framework/Versions/A/PerformanceAnalysis
0x000000000c543000 	/System/Library/Frameworks/OpenGL.framework/Versions/A/OpenGL
0x000000000c543000 	/System/Library/Frameworks/ColorSync.framework/Versions/A/ColorSync
0x000000000c543000 	/System/Library/Frameworks/CoreImage.framework/Versions/A/CoreImage
0x000000000c543000 	/System/Library/Frameworks/CoreText.framework/Versions/A/CoreText
0x000000000c543000 	/System/Library/Frameworks/ImageIO.framework/Versions/A/ImageIO
0x000000000c543000 	/usr/lib/libc++.1.dylib
0x000000000c543000 	/usr/lib/libcompression.dylib
0x000000000c543000 	/usr/lib/libMobileGestalt.dylib
0x000000000c543000 	/System/Library/PrivateFrameworks/TextureIO.framework/Versions/A/TextureIO
0x000000000c543000 	/usr/lib/libate.dylib
0x000000000c543000 	/System/Library/PrivateFrameworks/InternationalSupport.framework/Versions/A/InternationalSupport
0x000000000c543000 	/usr/lib/system/libcache.dylib
0x000000000c543000 	/usr/lib/system/libcommonCrypto.dylib
0x000000000c543000 	/usr/lib/system/libcompiler_rt.dylib
0x000000000c543000 	/usr/lib/system/libcopyfile.dylib
0x000000000c543000 	/usr/lib/system/libcorecrypto.dylib
0x000000000c543000 	/usr/lib/system/libdispatch.dylib
0x000000000c543000 	/usr/lib/system/libdyld.dylib
0x000000000c543000 	/usr/lib/system/libkeymgr.dylib
0x000000000c543000 	/usr/lib/system/liblaunch.dylib
0x000000000c543000 	/usr/lib/system/libmacho.dylib
0x000000000c543000 	/usr/lib/system/libquarantine.dylib
0x000000000c543000 	/usr/lib/system/libremovefile.dylib
0x000000000c543000 	/usr/lib/system/libsystem_asl.dylib
0x000000000c543000 	/usr/lib/system/libsystem_blocks.dylib
0x000000000c543000 	/usr/lib/system/libsystem_c.dylib
0x000000000c543000 	/usr/lib/system/libsystem_configuration.dylib
0x000000000c543000 	/usr/lib/system/libsystem_coreservices.dylib
0x000000000c543000 	/usr/lib/system/libsystem_darwin.dylib
0x000000000c543000 	/usr/lib/system/libsystem_dnssd.dylib
0x000000000c543000 	/usr/lib/system/libsystem_featureflags.dylib
0x000000000c543000 	/usr/lib/system/libsystem_info.dylib
0x000000000c543000 	/usr/lib/system/libsystem_m.dylib
0x000000000c543000 	/usr/lib/system/libsystem_malloc.dylib
0x000000000c543000 	/usr/lib/system/libsystem_networkextension.dylib
0x000000000c543000 	/usr/lib/system/libsystem_notify.dylib
0x000000000c543000 	/usr/lib/system/libsystem_sandbox.dylib
0x000000000c543000 	/usr/lib/system/libsystem_secinit.dylib
0x000000000c543000 	/usr/lib/system/libsystem_kernel.dylib
0x000000000c543000 	/usr/lib/system/libsystem_platform.dylib
0x000000000c543000 	/usr/lib/system/libsystem_pthread.dylib
0x000000000c543000 	/usr/lib/system/libsystem_symptoms.dylib
0x000000000c543000 	/usr/lib/system/libsystem_trace.dylib
0x000000000c543000 	/usr/lib/system/libunwind.dylib
0x000000000c543000 	/usr/lib/system/libxpc.dylib
0x000000000c543000 	/usr/lib/libc++abi.dylib
0x000000000c543000 	/usr/lib/liblzma.5.dylib
0x000000000c543000 	/usr/lib/libfakelink.dylib
0x000000000c543000 	/usr/lib/libarchive.2.dylib
0x000000000c543000 	/System/Library/Frameworks/SystemConfiguration.framework/Versions/A/SystemConfiguration
0x000000000c543000 	/usr/lib/libCRFSuite.dylib
0x000000000c543000 	/System/Library/Frameworks/CFNetwork.framework/Versions/A/CFNetwork
0x000000000c543000 	/usr/lib/libbsm.0.dylib
0x000000000c543000 	/usr/lib/system/libkxld.dylib
0x000000000c543000 	/System/Library/PrivateFrameworks/AppleFSCompression.framework/Versions/A/AppleFSCompression
0x000000000c543000 	/usr/lib/libcoretls.dylib
0x000000000c543000 	/usr/lib/libcoretls_cfhelpers.dylib
0x000000000c543000 	/usr/lib/libpam.2.dylib
0x000000000c543000 	/usr/lib/libsqlite3.dylib
0x000000000c543000 	/usr/lib/libxar.1.dylib
0x000000000c543000 	/usr/lib/libbz2.1.0.dylib
0x000000000c543000 	/usr/lib/libiconv.2.dylib
0x000000000c543000 	/usr/lib/libcharset.1.dylib
0x000000000c543000 	/usr/lib/libnetwork.dylib
0x000000000c543000 	/usr/lib/libpcap.A.dylib
0x000000000c543000 	/usr/lib/libapple_nghttp2.dylib
0x000000000c543000 	/System/Library/Frameworks/CoreServices.framework/Versions/A/Frameworks/FSEvents.framework/Versions/A/FSEvents
0x000000000c543000 	/System/Library/Frameworks/CoreServices.framework/Versions/A/Frameworks/CarbonCore.framework/Versions/A/CarbonCore
0x000000000c543000 	/System/Library/Frameworks/CoreServices.framework/Versions/A/Frameworks/Metadata.framework/Versions/A/Metadata
0x000000000c543000 	/System/Library/Frameworks/CoreServices.framework/Versions/A/Frameworks/OSServices.framework/Versions/A/OSServices
0x000000000c543000 	/System/Library/Frameworks/CoreServices.framework/Versions/A/Frameworks/SearchKit.framework/Versions/A/SearchKit
0x000000000c543000 	/System/Library/Frameworks/CoreServices.framework/Versions/A/Frameworks/AE.framework/Versions/A/AE
0x000000000c543000 	/System/Library/Frameworks/CoreServices.framework/Versions/A/Frameworks/LaunchServices.framework/Versions/A/LaunchServices
0x000000000c543000 	/System/Library/Frameworks/CoreServices.framework/Versions/A/Frameworks/DictionaryServices.framework/Versions/A/DictionaryServices
0x000000000c543000 	/System/Library/Frameworks/CoreServices.framework/Versions/A/Frameworks/SharedFileList.framework/Versions/A/SharedFileList
0x000000000c543000 	/System/Library/Frameworks/NetFS.framework/Versions/A/NetFS
0x000000000c543000 	/System/Library/PrivateFrameworks/NetAuth.framework/Versions/A/NetAuth
0x000000000c543000 	/System/Library/PrivateFrameworks/login.framework/Versions/A/Frameworks/loginsupport.framework/Versions/A/loginsupport
0x000000000c543000 	/System/Library/PrivateFrameworks/TCC.framework/Versions/A/TCC
0x000000000c543000 	/System/Library/PrivateFrameworks/CoreNLP.framework/Versions/A/CoreNLP
0x000000000c543000 	/System/Library/PrivateFrameworks/MetadataUtilities.framework/Versions/A/MetadataUtilities
0x000000000c543000 	/usr/lib/libmecabra.dylib
0x000000000c543000 	/usr/lib/libmecab.dylib
0x000000000c543000 	/usr/lib/libgermantok.dylib
0x000000000c543000 	/usr/lib/libThaiTokenizer.dylib
0x000000000c543000 	/usr/lib/libChineseTokenizer.dylib
0x000000000c543000 	/System/Library/Frameworks/Accelerate.framework/Versions/A/Frameworks/vImage.framework/Versions/A/vImage
0x000000000c543000 	/System/Library/Frameworks/Accelerate.framework/Versions/A/Frameworks/vecLib.framework/Versions/A/vecLib
0x000000000c543000 	/System/Library/Frameworks/Accelerate.framework/Versions/A/Frameworks/vecLib.framework/Versions/A/libvMisc.dylib
0x000000000c543000 	/System/Library/Frameworks/Accelerate.framework/Versions/A/Frameworks/vecLib.framework/Versions/A/libvDSP.dylib
0x000000000c543000 	/System/Library/Frameworks/Accelerate.framework/Versions/A/Frameworks/vecLib.framework/Versions/A/libBLAS.dylib
0x000000000c543000 	/System/Library/Frameworks/Accelerate.framework/Versions/A/Frameworks/vecLib.framework/Versions/A/libLAPACK.dylib
0x000000000c543000 	/System/Library/Frameworks/Accelerate.framework/Versions/A/Frameworks/vecLib.framework/Versions/A/libLinearAlgebra.dylib
0x000000000c543000 	/System/Library/Frameworks/Accelerate.framework/Versions/A/Frameworks/vecLib.framework/Versions/A/libSparseBLAS.dylib
0x000000000c543000 	/System/Library/Frameworks/Accelerate.framework/Versions/A/Frameworks/vecLib.framework/Versions/A/libQuadrature.dylib
0x000000000c543000 	/System/Library/Frameworks/Accelerate.framework/Versions/A/Frameworks/vecLib.framework/Versions/A/libBNNS.dylib
0x000000000c543000 	/System/Library/Frameworks/Accelerate.framework/Versions/A/Frameworks/vecLib.framework/Versions/A/libSparse.dylib
0x000000000c543000 	/System/Library/PrivateFrameworks/LanguageModeling.framework/Versions/A/LanguageModeling
0x000000000c543000 	/System/Library/PrivateFrameworks/CoreEmoji.framework/Versions/A/CoreEmoji
0x000000000c543000 	/System/Library/PrivateFrameworks/LinguisticData.framework/Versions/A/LinguisticData
0x000000000c543000 	/System/Library/PrivateFrameworks/Lexicon.framework/Versions/A/Lexicon
0x000000000c543000 	/usr/lib/libcmph.dylib
0x000000000c543000 	/System/Library/Frameworks/OpenDirectory.framework/Versions/A/Frameworks/CFOpenDirectory.framework/Versions/A/CFOpenDirectory
0x000000000c543000 	/System/Library/Frameworks/OpenDirectory.framework/Versions/A/OpenDirectory
0x000000000c543000 	/System/Library/PrivateFrameworks/APFS.framework/Versions/A/APFS
0x000000000c543000 	/System/Library/Frameworks/SecurityFoundation.framework/Versions/A/SecurityFoundation
0x000000000c543000 	/usr/lib/libutil.dylib
0x000000000c543000 	/System/Library/PrivateFrameworks/CoreServicesStore.framework/Versions/A/CoreServicesStore
0x000000000c543000 	/System/Library/Frameworks/ServiceManagement.framework/Versions/A/ServiceManagement
0x000000000c543000 	/System/Library/PrivateFrameworks/BackgroundTaskManagement.framework/Versions/A/BackgroundTaskManagement
0x000000000c543000 	/usr/lib/libxslt.1.dylib
0x000000000c543000 	/System/Library/PrivateFrameworks/AppleSystemInfo.framework/Versions/A/AppleSystemInfo
0x000000000c543000 	/System/Library/Frameworks/ImageIO.framework/Versions/A/Resources/libJPEG.dylib
0x000000000c543000 	/System/Library/Frameworks/ImageIO.framework/Versions/A/Resources/libTIFF.dylib
0x000000000c543000 	/System/Library/Frameworks/ImageIO.framework/Versions/A/Resources/libPng.dylib
0x000000000c543000 	/System/Library/Frameworks/ImageIO.framework/Versions/A/Resources/libGIF.dylib
0x000000000c543000 	/System/Library/Frameworks/ImageIO.framework/Versions/A/Resources/libJP2.dylib
0x000000000c543000 	/System/Library/Frameworks/ImageIO.framework/Versions/A/Resources/libRadiance.dylib
0x000000000c543000 	/usr/lib/libexpat.1.dylib
0x000000000c543000 	/System/Library/PrivateFrameworks/AppleJPEG.framework/Versions/A/AppleJPEG
0x000000000c543000 	/System/Library/PrivateFrameworks/FontServices.framework/libFontParser.dylib
0x000000000c543000 	/System/Library/PrivateFrameworks/WatchdogClient.framework/Versions/A/WatchdogClient
0x000000000c543000 	/System/Library/PrivateFrameworks/IOAccelerator.framework/Versions/A/IOAccelerator
0x000000000c543000 	/System/Library/Frameworks/MetalPerformanceShaders.framework/Versions/A/MetalPerformanceShaders
0x000000000c543000 	/System/Library/PrivateFrameworks/GPUWrangler.framework/Versions/A/GPUWrangler
0x000000000c543000 	/System/Library/PrivateFrameworks/IOPresentment.framework/Versions/A/IOPresentment
0x000000000c543000 	/System/Library/PrivateFrameworks/DSExternalDisplay.framework/Versions/A/DSExternalDisplay
0x000000000c543000 	/System/Library/Frameworks/OpenGL.framework/Versions/A/Libraries/libCoreFSCache.dylib
0x000000000c543000 	/System/Library/Frameworks/MetalPerformanceShaders.framework/Frameworks/MPSCore.framework/Versions/A/MPSCore
0x000000000c543000 	/System/Library/Frameworks/MetalPerformanceShaders.framework/Frameworks/MPSImage.framework/Versions/A/MPSImage
0x000000000c543000 	/System/Library/Frameworks/MetalPerformanceShaders.framework/Frameworks/MPSNeuralNetwork.framework/Versions/A/MPSNeuralNetwork
0x000000000c543000 	/System/Library/Frameworks/MetalPerformanceShaders.framework/Frameworks/MPSMatrix.framework/Versions/A/MPSMatrix
0x000000000c543000 	/System/Library/Frameworks/MetalPerformanceShaders.framework/Frameworks/MPSRayIntersector.framework/Versions/A/MPSRayIntersector
0x000000000c543000 	/System/Library/Frameworks/MetalPerformanceShaders.framework/Frameworks/MPSNDArray.framework/Versions/A/MPSNDArray
0x000000000c543000 	/System/Library/PrivateFrameworks/MetalTools.framework/Versions/A/MetalTools
0x000000000c543000 	/System/Library/PrivateFrameworks/AggregateDictionary.framework/Versions/A/AggregateDictionary
0x000000000c543000 	/System/Library/PrivateFrameworks/CoreAnalytics.framework/Versions/A/CoreAnalytics
0x000000000c543000 	/System/Library/PrivateFrameworks/AppleSauce.framework/Versions/A/AppleSauce
0x000000000c543000 	/usr/lib/libIOReport.dylib
0x000000000c543000 	/System/Library/Frameworks/CoreVideo.framework/Versions/A/CoreVideo
0x000000000c543000 	/System/Library/PrivateFrameworks/GraphVisualizer.framework/Versions/A/GraphVisualizer
0x000000000c543000 	/System/Library/PrivateFrameworks/FaceCore.framework/Versions/A/FaceCore
0x000000000c543000 	/System/Library/Frameworks/OpenCL.framework/Versions/A/OpenCL
0x000000000c543000 	/usr/lib/libFosl_dynamic.dylib
0x000000000c543000 	/System/Library/PrivateFrameworks/OTSVG.framework/Versions/A/OTSVG
0x000000000c543000 	/System/Library/Frameworks/ApplicationServices.framework/Versions/A/Frameworks/ATS.framework/Versions/A/Resources/libFontRegistry.dylib
0x000000000c543000 	/System/Library/PrivateFrameworks/FontServices.framework/libhvf.dylib
0x000000000c543000 	/System/Library/Frameworks/OpenGL.framework/Versions/A/Libraries/libGFXShared.dylib
0x000000000c543000 	/System/Library/Frameworks/OpenGL.framework/Versions/A/Libraries/libGLU.dylib
0x000000000c543000 	/System/Library/Frameworks/OpenGL.framework/Versions/A/Libraries/libGL.dylib
0x000000000c543000 	/System/Library/Frameworks/OpenGL.framework/Versions/A/Libraries/libGLImage.dylib
0x000000000c543000 	/System/Library/Frameworks/OpenGL.framework/Versions/A/Libraries/libCVMSPluginSupport.dylib
0x000000000c543000 	/System/Library/Frameworks/OpenGL.framework/Versions/A/Libraries/libCoreVMClient.dylib
0x000000000c543000 	/usr/lib/libncurses.5.4.dylib
0x000000000c543000 	/System/Library/Frameworks/ApplicationServices.framework/Versions/A/Frameworks/ATS.framework/Versions/A/ATS
0x000000000c543000 	/System/Library/Frameworks/ApplicationServices.framework/Versions/A/Frameworks/ColorSyncLegacy.framework/Versions/A/ColorSyncLegacy
0x000000000c543000 	/System/Library/Frameworks/ApplicationServices.framework/Versions/A/Frameworks/HIServices.framework/Versions/A/HIServices
0x000000000c543000 	/System/Library/Frameworks/ApplicationServices.framework/Versions/A/Frameworks/LangAnalysis.framework/Versions/A/LangAnalysis
0x000000000c543000 	/System/Library/Frameworks/ApplicationServices.framework/Versions/A/Frameworks/PrintCore.framework/Versions/A/PrintCore
0x000000000c543000 	/System/Library/Frameworks/ApplicationServices.framework/Versions/A/Frameworks/QD.framework/Versions/A/QD
0x000000000c543000 	/System/Library/Frameworks/ApplicationServices.framework/Versions/A/Frameworks/SpeechSynthesis.framework/Versions/A/SpeechSynthesis
0x000000000c543000 	/System/Library/Frameworks/ApplicationServices.framework/Versions/A/Frameworks/ATSUI.framework/Versions/A/ATSUI
0x000000000c543000 	/usr/lib/libcups.2.dylib
0x000000000c543000 	/System/Library/Frameworks/Kerberos.framework/Versions/A/Kerberos
0x000000000c543000 	/System/Library/Frameworks/GSS.framework/Versions/A/GSS
0x000000000c543000 	/usr/lib/libresolv.9.dylib
0x000000000c543000 	/System/Library/PrivateFrameworks/Heimdal.framework/Versions/A/Heimdal
0x000000000c543000 	/System/Library/Frameworks/Kerberos.framework/Versions/A/Libraries/libHeimdalProxy.dylib
0x000000000c543000 	/usr/lib/libheimdal-asn1.dylib
0x000000000c543000 	/System/Library/PrivateFrameworks/CommonAuth.framework/Versions/A/CommonAuth
0x000000000c543000 	/System/Library/PrivateFrameworks/AssertionServices.framework/Versions/A/AssertionServices
0x000000000c543000 	/System/Library/PrivateFrameworks/AudioToolboxCore.framework/Versions/A/AudioToolboxCore
0x000000000c543000 	/System/Library/PrivateFrameworks/caulk.framework/Versions/A/caulk
0x000000000c543000 	/System/Library/PrivateFrameworks/BaseBoard.framework/Versions/A/BaseBoard
0x000000000c543000 	/System/Library/PrivateFrameworks/RunningBoardServices.framework/Versions/A/RunningBoardServices
0x000000000c543000 	/System/Library/PrivateFrameworks/PersistentConnection.framework/Versions/A/PersistentConnection
0x000000000c543000 	/System/Library/PrivateFrameworks/ProtocolBuffer.framework/Versions/A/ProtocolBuffer
0x000000000c543000 	/System/Library/PrivateFrameworks/CommonUtilities.framework/Versions/A/CommonUtilities
0x000000000c543000 	/System/Library/PrivateFrameworks/Bom.framework/Versions/A/Bom
0x000000000c543000 	/usr/lib/libAudioToolboxUtility.dylib
0x000000000c543000 	/System/Library/PrivateFrameworks/Backup.framework/Versions/A/Backup
0x000000000c543000 	/System/Library/PrivateFrameworks/CrashReporterSupport.framework/Versions/A/CrashReporterSupport
0x000000000c543000 	/System/Library/PrivateFrameworks/Sharing.framework/Versions/A/Sharing
0x000000000c543000 	/System/Library/PrivateFrameworks/Apple80211.framework/Versions/A/Apple80211
0x000000000c543000 	/System/Library/PrivateFrameworks/AuthKit.framework/Versions/A/AuthKit
0x000000000c543000 	/System/Library/PrivateFrameworks/CoreUtils.framework/Versions/A/CoreUtils
0x000000000c543000 	/System/Library/Frameworks/CoreWLAN.framework/Versions/A/CoreWLAN
0x000000000c543000 	/System/Library/Frameworks/IOBluetooth.framework/Versions/A/IOBluetooth
0x000000000c543000 	/System/Library/PrivateFrameworks/MobileKeyBag.framework/Versions/A/MobileKeyBag
0x000000000c543000 	/System/Library/PrivateFrameworks/CorePhoneNumbers.framework/Versions/A/CorePhoneNumbers
0x000000000c543000 	/System/Library/PrivateFrameworks/AppleIDAuthSupport.framework/Versions/A/AppleIDAuthSupport
0x000000000c543000 	/System/Library/Frameworks/Network.framework/Versions/A/Network
0x000000000c543000 	/System/Library/PrivateFrameworks/KeychainCircle.framework/Versions/A/KeychainCircle
0x000000000c543000 	/System/Library/Frameworks/CoreBluetooth.framework/Versions/A/CoreBluetooth
0x000000000c543000 	/System/Library/PrivateFrameworks/SpeechRecognitionCore.framework/Versions/A/SpeechRecognitionCore
0x000000010b000000 	/Library/Java/JavaVirtualMachines/jdk1.8.0_112.jdk/Contents/Home/jre/lib/server/libjvm.dylib
0x000000000c543000 	/usr/lib/libstdc++.6.dylib
0x0000000109ee5000 	/Library/Java/JavaVirtualMachines/jdk1.8.0_112.jdk/Contents/Home/jre/lib/libverify.dylib
0x0000000109ef3000 	/Library/Java/JavaVirtualMachines/jdk1.8.0_112.jdk/Contents/Home/jre/lib/libjava.dylib
0x0000000109f72000 	/Library/Java/JavaVirtualMachines/jdk1.8.0_112.jdk/Contents/Home/jre/lib/libzip.dylib
0x000000000c543000 	/System/Library/Frameworks/JavaVM.framework/Versions/A/Frameworks/JavaRuntimeSupport.framework/Versions/A/JavaRuntimeSupport
0x000000000c543000 	/System/Library/Frameworks/JavaVM.framework/Versions/A/Frameworks/JavaNativeFoundation.framework/Versions/A/JavaNativeFoundation
0x000000000c543000 	/System/Library/Frameworks/JavaVM.framework/Versions/A/JavaVM
0x000000000c543000 	/System/Library/Frameworks/Carbon.framework/Versions/A/Carbon
0x000000000c543000 	/System/Library/PrivateFrameworks/CoreSymbolication.framework/Versions/A/CoreSymbolication
0x000000000c543000 	/System/Library/PrivateFrameworks/JavaLaunching.framework/Versions/A/JavaLaunching
0x000000000c543000 	/System/Library/Frameworks/Carbon.framework/Versions/A/Frameworks/CommonPanels.framework/Versions/A/CommonPanels
0x000000000c543000 	/System/Library/Frameworks/Carbon.framework/Versions/A/Frameworks/Help.framework/Versions/A/Help
0x000000000c543000 	/System/Library/Frameworks/Carbon.framework/Versions/A/Frameworks/ImageCapture.framework/Versions/A/ImageCapture
0x000000000c543000 	/System/Library/Frameworks/Carbon.framework/Versions/A/Frameworks/OpenScripting.framework/Versions/A/OpenScripting
0x000000000c543000 	/System/Library/Frameworks/Carbon.framework/Versions/A/Frameworks/Ink.framework/Versions/A/Ink
0x000000000c543000 	/System/Library/Frameworks/Carbon.framework/Versions/A/Frameworks/Print.framework/Versions/A/Print
0x000000000c543000 	/System/Library/Frameworks/Carbon.framework/Versions/A/Frameworks/SecurityHI.framework/Versions/A/SecurityHI
0x000000000c543000 	/System/Library/PrivateFrameworks/DebugSymbols.framework/Versions/A/DebugSymbols
0x000000010c97a000 	/Library/Java/JavaVirtualMachines/jdk1.8.0_112.jdk/Contents/Home/jre/lib/libnet.dylib
0x00000001275e1000 	/Library/Java/JavaVirtualMachines/jdk1.8.0_112.jdk/Contents/Home/jre/lib/libnio.dylib

VM Arguments:
jvm_args: -Dclassworlds.conf=/Users/kansoa/Development/maven/bin/m2.conf -Dmaven.home=/Users/kansoa/Development/maven -Dmaven.multiModuleProjectDirectory=/Users/kansoa/Development/projects/cscf/infofauna_2020/midat_rivieres/jeci-shell-new-user-permissions/midat 
java_command: org.codehaus.plexus.classworlds.launcher.Launcher -P dev clean install -Dmaven.test.skip=true
java_class_path (initial): /Users/kansoa/Development/maven/boot/plexus-classworlds-2.5.2.jar
Launcher Type: SUN_STANDARD

Environment Variables:
JAVA_HOME=/Library/Java/JavaVirtualMachines/jdk1.8.0_112.jdk/Contents/Home
PATH=/Users/kansoa/Library/Android/sdk/platform-tools:/Users/kansoa/.nvm/versions/node/v8.1.2/bin:/usr/local/bin:/usr/bin:/bin:/usr/sbin:/sbin:/usr/local/munki:/Library/Apple/usr/bin:/Users/kansoa/Development/maven/bin:/Users/kansoa/Development/gradle/bin
SHELL=/bin/zsh

Signal Handlers:
SIGSEGV: [libjvm.dylib+0x5b11a5], sa_mask[0]=11111111011111110111111111111111, sa_flags=SA_ONSTACK|SA_RESTART|SA_SIGINFO
SIGBUS: [libjvm.dylib+0x5b11a5], sa_mask[0]=11111111011111110111111111111111, sa_flags=SA_RESTART|SA_SIGINFO
SIGFPE: [libjvm.dylib+0x487dc0], sa_mask[0]=11111111011111110111111111111111, sa_flags=SA_RESTART|SA_SIGINFO
SIGPIPE: [libjvm.dylib+0x487dc0], sa_mask[0]=11111111011111110111111111111111, sa_flags=SA_RESTART|SA_SIGINFO
SIGXFSZ: [libjvm.dylib+0x487dc0], sa_mask[0]=11111111011111110111111111111111, sa_flags=SA_RESTART|SA_SIGINFO
SIGILL: [libjvm.dylib+0x487dc0], sa_mask[0]=11111111011111110111111111111111, sa_flags=SA_RESTART|SA_SIGINFO
SIGUSR1: SIG_DFL, sa_mask[0]=00000000000000000000000000000000, sa_flags=SA_RESTART
SIGUSR2: [libjvm.dylib+0x4878de], sa_mask[0]=00000000000000000000000000000000, sa_flags=SA_RESTART|SA_SIGINFO
SIGHUP: [libjvm.dylib+0x485eb5], sa_mask[0]=11111111011111110111111111111111, sa_flags=SA_RESTART|SA_SIGINFO
SIGINT: [libjvm.dylib+0x485eb5], sa_mask[0]=11111111011111110111111111111111, sa_flags=SA_RESTART|SA_SIGINFO
SIGTERM: [libjvm.dylib+0x485eb5], sa_mask[0]=11111111011111110111111111111111, sa_flags=SA_RESTART|SA_SIGINFO
SIGQUIT: [libjvm.dylib+0x485eb5], sa_mask[0]=11111111011111110111111111111111, sa_flags=SA_RESTART|SA_SIGINFO


---------------  S Y S T E M  ---------------

OS:Bsduname:Darwin 19.6.0 Darwin Kernel Version 19.6.0: Sun Jul  5 00:43:10 PDT 2020; root:xnu-6153.141.1~9/RELEASE_X86_64 x86_64
rlimit: STACK 8192k, CORE 0k, NPROC 2784, NOFILE 10240, AS infinity
load average:4.71 4.14 4.15

CPU:total 8 (4 cores per cpu, 2 threads per core) family 6 model 94 stepping 3, cmov, cx8, fxsr, mmx, sse, sse2, sse3, ssse3, sse4.1, sse4.2, popcnt, avx, avx2, aes, clmul, erms, rtm, 3dnowpref, lzcnt, ht, tsc, tscinvbit, bmi1, bmi2, adx

Memory: 4k page, physical 16777216k(531984k free)

/proc/meminfo:


vm_info: Java HotSpot(TM) 64-Bit Server VM (25.112-b16) for bsd-amd64 JRE (1.8.0_112-b16), built on Sep 30 2016 22:41:41 by "java_re" with gcc 4.2.1 (Based on Apple Inc. build 5658) (LLVM build 2336.11.00)

time: Mon Sep  7 11:27:38 2020
elapsed time: 14 seconds (0d 0h 0m 14s)

